<?xml version="1.0" encoding="utf-8"?>
<test-run id="2" testcasecount="1" result="Passed" total="1" passed="1" failed="0" inconclusive="0" skipped="0" asserts="0" engine-version="3.5.0.0" clr-version="4.0.30319.42000" start-time="2026-09-24 07:35:13Z" end-time="2026-09-24 07:35:17Z" duration="3.9590015">
  <test-suite type="TestSuite" id="1795" name="Tumbang Preso" fullname="Tumbang Preso" runstate="Runnable" testcasecount="618" result="Passed" start-time="2026-09-24 07:35:13Z" end-time="2026-09-24 07:35:17Z" duration="3.959002" total="1" passed="1" failed="0" inconclusive="0" skipped="0" asserts="0">
    <properties>
      <property name="platform" value="PlayMode" />
    </properties>
    <test-suite type="Assembly" id="1789" name="TumbangPreso.PlayTests.dll" fullname="C:/Users/matth/Documents/GitHub/TumbangPreso-Unity-world-qualification-20260923/Library/ScriptAssemblies/TumbangPreso.PlayTests.dll" runstate="Runnable" testcasecount="618" result="Passed" start-time="2026-09-24 07:35:13Z" end-time="2026-09-24 07:35:17Z" duration="3.944121" total="1" passed="1" failed="0" inconclusive="0" skipped="0" asserts="0">
      <properties>
        <property name="_PID" value="17372" />
        <property name="_APPDOMAIN" value="Unity Child Domain" />
        <property name="platform" value="PlayMode" />
        <property name="EditorOnly" value="False" />
      </properties>
      <test-suite type="TestSuite" id="1790" name="TumbangPreso" fullname="TumbangPreso" runstate="Runnable" testcasecount="618" result="Passed" start-time="2026-09-24 07:35:13Z" end-time="2026-09-24 07:35:17Z" duration="3.938412" total="1" passed="1" failed="0" inconclusive="0" skipped="0" asserts="0">
        <properties />
        <test-suite type="TestSuite" id="1791" name="PlayTests" fullname="TumbangPreso.PlayTests" runstate="Runnable" testcasecount="618" result="Passed" start-time="2026-09-24 07:35:13Z" end-time="2026-09-24 07:35:17Z" duration="3.933045" total="1" passed="1" failed="0" inconclusive="0" skipped="0" asserts="0">
          <properties />
          <test-suite type="TestFixture" id="1290" name="MapGraphicsReviewProbe" fullname="TumbangPreso.PlayTests.MapGraphicsReviewProbe" classname="TumbangPreso.PlayTests.MapGraphicsReviewProbe" runstate="Runnable" testcasecount="48" result="Passed" start-time="2026-09-24 07:35:13Z" end-time="2026-09-24 07:35:17Z" duration="3.906290" total="1" passed="1" failed="0" inconclusive="0" skipped="0" asserts="0">
            <properties>
              <property name="Category" value="WallClock" />
            </properties>
            <test-case id="1328" name="EskinitaWestAuthoredSignReview" fullname="TumbangPreso.PlayTests.MapGraphicsReviewProbe.EskinitaWestAuthoredSignReview" methodname="EskinitaWestAuthoredSignReview" classname="TumbangPreso.PlayTests.MapGraphicsReviewProbe" runstate="Runnable" seed="764130821" result="Passed" start-time="2026-09-24 07:35:13Z" end-time="2026-09-24 07:35:17Z" duration="3.884919" asserts="0">
              <properties>
                <property name="_JOINTYPE" value="UnityCombinatorial" />
                <property name="Timeout" value="90000" />
                <property name="retryIteration" value="0" />
                <property name="repeatIteration" value="0" />
              </properties>
              <output><![CDATA[[Env] 'Unlit/Transparent' has no colour property this pass knows; that surface keeps the kit's own colour.
[Env] repainted 371 of 1113 renderers, 161 with a roof variant.
[NearFade] 1344 occluder nodes matched, 242 renderers moved onto TumbangPreso/NearFade.
[WorldLook] Eskinita: lifted 2 court ground slots over 2 material(s) by 1.6.
[Slice] round 1 begins, taya is seat 0
[Play] wrote Logs/eskinita-west-sign-v2/Eskinita-west-sign-front-before.png
[Play] wrote Logs/eskinita-west-sign-v2/Eskinita-west-sign-front-after.png
[Play] wrote Logs/eskinita-west-sign-v2/Eskinita-west-sign-neighborhood-before.png
[Play] wrote Logs/eskinita-west-sign-v2/Eskinita-west-sign-neighborhood-after.png
Saving results to: C:/Users/matth/AppData/LocalLow/BH Studios/Tumbang Preso\TestResults.xml
]]></output>
            </test-case>
          </test-suite>
        </test-suite>
      </test-suite>
    </test-suite>
  </test-suite>
</test-run>