<?xml version="1.0" encoding="utf-8"?>
<test-run id="2" testcasecount="1" result="Passed" total="1" passed="1" failed="0" inconclusive="0" skipped="0" asserts="0" engine-version="3.5.0.0" clr-version="4.0.30319.42000" start-time="2026-09-15 05:39:07Z" end-time="2026-09-15 05:39:16Z" duration="9.5685606">
  <test-suite type="TestSuite" id="1538" name="Tumbang Preso" fullname="Tumbang Preso" runstate="Runnable" testcasecount="410" result="Passed" start-time="2026-09-15 05:39:07Z" end-time="2026-09-15 05:39:16Z" duration="9.568561" total="1" passed="1" failed="0" inconclusive="0" skipped="0" asserts="0">
    <properties>
      <property name="platform" value="PlayMode" />
    </properties>
    <test-suite type="Assembly" id="1532" name="TumbangPreso.PlayTests.dll" fullname="C:/Users/matth/Documents/GitHub/TumbangPreso-Unity-ASTRAReworks/Library/ScriptAssemblies/TumbangPreso.PlayTests.dll" runstate="Runnable" testcasecount="410" result="Passed" start-time="2026-09-15 05:39:07Z" end-time="2026-09-15 05:39:16Z" duration="9.551783" total="1" passed="1" failed="0" inconclusive="0" skipped="0" asserts="0">
      <properties>
        <property name="_PID" value="4324" />
        <property name="_APPDOMAIN" value="Unity Child Domain" />
        <property name="platform" value="PlayMode" />
        <property name="EditorOnly" value="False" />
      </properties>
      <test-suite type="TestSuite" id="1533" name="TumbangPreso" fullname="TumbangPreso" runstate="Runnable" testcasecount="410" result="Passed" start-time="2026-09-15 05:39:07Z" end-time="2026-09-15 05:39:16Z" duration="9.543743" total="1" passed="1" failed="0" inconclusive="0" skipped="0" asserts="0">
        <properties />
        <test-suite type="TestSuite" id="1534" name="PlayTests" fullname="TumbangPreso.PlayTests" runstate="Runnable" testcasecount="410" result="Passed" start-time="2026-09-15 05:39:07Z" end-time="2026-09-15 05:39:16Z" duration="9.536110" total="1" passed="1" failed="0" inconclusive="0" skipped="0" asserts="0">
          <properties />
          <test-suite type="TestFixture" id="1389" name="RooftopSwimmingProbe" fullname="TumbangPreso.PlayTests.RooftopSwimmingProbe" classname="TumbangPreso.PlayTests.RooftopSwimmingProbe" runstate="Runnable" testcasecount="5" result="Passed" start-time="2026-09-15 05:39:07Z" end-time="2026-09-15 05:39:16Z" duration="9.516727" total="1" passed="1" failed="0" inconclusive="0" skipped="0" asserts="0">
            <properties>
              <property name="Category" value="WallClock" />
            </properties>
            <test-case id="1393" name="NemuBlockPalmsKeepAllSwimGripsAndSupportedRecovery" fullname="TumbangPreso.PlayTests.RooftopSwimmingProbe.NemuBlockPalmsKeepAllSwimGripsAndSupportedRecovery" methodname="NemuBlockPalmsKeepAllSwimGripsAndSupportedRecovery" classname="TumbangPreso.PlayTests.RooftopSwimmingProbe" runstate="Runnable" seed="390056373" result="Passed" start-time="2026-09-15 05:39:07Z" end-time="2026-09-15 05:39:16Z" duration="9.498990" asserts="0">
              <properties>
                <property name="_JOINTYPE" value="UnityCombinatorial" />
                <property name="Timeout" value="90000" />
                <property name="retryIteration" value="0" />
                <property name="repeatIteration" value="0" />
              </properties>
              <output><![CDATA[[Env] repainted 0 of 190 renderers, 0 with a roof variant.
[NearFade] 811 occluder nodes matched, 181 renderers moved onto TumbangPreso/NearFade.
[Slice] round 1 begins, taya is seat 0
[Play] wrote Logs/demo-nemu-recovery-swim/nemu-swimming-body.png
[Play] wrote Logs/demo-nemu-recovery-swim/nemu-swimming-owner.png
[Play] wrote Logs/demo-nemu-recovery-swim/nemu-tread-empty-body.png
[Play] wrote Logs/demo-nemu-recovery-swim/nemu-tread-empty-owner.png
[Play] wrote Logs/demo-nemu-recovery-swim/nemu-forward-empty-body.png
[Play] wrote Logs/demo-nemu-recovery-swim/nemu-forward-empty-owner.png
[Play] wrote Logs/demo-nemu-recovery-swim/nemu-tread-held-body.png
[Play] wrote Logs/demo-nemu-recovery-swim/nemu-tread-held-owner.png
[Play] wrote Logs/demo-nemu-recovery-swim/nemu-forward-held-body.png
[Play] wrote Logs/demo-nemu-recovery-swim/nemu-forward-held-owner.png
[Play] wrote Logs/demo-nemu-recovery-swim/nemu-recovery-brace.png
Saving results to: C:/Users/matth/AppData/LocalLow/BH Studios/Tumbang Preso\TestResults.xml
]]></output>
            </test-case>
          </test-suite>
        </test-suite>
      </test-suite>
    </test-suite>
  </test-suite>
</test-run>