<?xml version="1.0" encoding="utf-8"?>
<test-run id="2" testcasecount="1" result="Passed" total="1" passed="1" failed="0" inconclusive="0" skipped="0" asserts="0" engine-version="3.5.0.0" clr-version="4.0.30319.42000" start-time="2026-09-23 22:25:41Z" end-time="2026-09-23 22:25:45Z" duration="3.4511988">
  <test-suite type="TestSuite" id="1769" name="Tumbang Preso" fullname="Tumbang Preso" runstate="Runnable" testcasecount="593" result="Passed" start-time="2026-09-23 22:25:41Z" end-time="2026-09-23 22:25:45Z" duration="3.451199" total="1" passed="1" failed="0" inconclusive="0" skipped="0" asserts="0">
    <properties>
      <property name="platform" value="PlayMode" />
    </properties>
    <test-suite type="Assembly" id="1763" name="TumbangPreso.PlayTests.dll" fullname="C:/Users/matth/Documents/GitHub/TumbangPreso-Unity-world-qualification-20260923/Library/ScriptAssemblies/TumbangPreso.PlayTests.dll" runstate="Runnable" testcasecount="593" result="Passed" start-time="2026-09-23 22:25:41Z" end-time="2026-09-23 22:25:45Z" duration="3.437013" total="1" passed="1" failed="0" inconclusive="0" skipped="0" asserts="0">
      <properties>
        <property name="_PID" value="17824" />
        <property name="_APPDOMAIN" value="Unity Child Domain" />
        <property name="platform" value="PlayMode" />
        <property name="EditorOnly" value="False" />
      </properties>
      <test-suite type="TestSuite" id="1764" name="TumbangPreso" fullname="TumbangPreso" runstate="Runnable" testcasecount="593" result="Passed" start-time="2026-09-23 22:25:41Z" end-time="2026-09-23 22:25:45Z" duration="3.431588" total="1" passed="1" failed="0" inconclusive="0" skipped="0" asserts="0">
        <properties />
        <test-suite type="TestSuite" id="1765" name="PlayTests" fullname="TumbangPreso.PlayTests" runstate="Runnable" testcasecount="593" result="Passed" start-time="2026-09-23 22:25:41Z" end-time="2026-09-23 22:25:45Z" duration="3.426561" total="1" passed="1" failed="0" inconclusive="0" skipped="0" asserts="0">
          <properties />
          <test-suite type="TestFixture" id="1285" name="MapGraphicsReviewProbe" fullname="TumbangPreso.PlayTests.MapGraphicsReviewProbe" classname="TumbangPreso.PlayTests.MapGraphicsReviewProbe" runstate="Runnable" testcasecount="27" result="Passed" start-time="2026-09-23 22:25:41Z" end-time="2026-09-23 22:25:45Z" duration="3.404301" total="1" passed="1" failed="0" inconclusive="0" skipped="0" asserts="0">
            <properties>
              <property name="Category" value="WallClock" />
            </properties>
            <test-case id="1287" name="SaBubongApartmentSurfaceReview" fullname="TumbangPreso.PlayTests.MapGraphicsReviewProbe.SaBubongApartmentSurfaceReview" methodname="SaBubongApartmentSurfaceReview" classname="TumbangPreso.PlayTests.MapGraphicsReviewProbe" runstate="Runnable" seed="1501991963" result="Passed" start-time="2026-09-23 22:25:41Z" end-time="2026-09-23 22:25:45Z" duration="3.386451" asserts="0">
              <properties>
                <property name="_JOINTYPE" value="UnityCombinatorial" />
                <property name="Timeout" value="90000" />
                <property name="retryIteration" value="0" />
                <property name="repeatIteration" value="0" />
              </properties>
              <output><![CDATA[[Env] repainted 0 of 291 renderers, 0 with a roof variant.
[NearFade] 2295 occluder nodes matched, 27 renderers moved onto TumbangPreso/NearFade.
[Slice] round 1 begins, taya is seat 0
[Play] wrote Logs/refine2-sabubong-apartment-v1/SaBubong-apartment-detail-before.png
[Play] wrote Logs/refine2-sabubong-apartment-v1/SaBubong-apartment-detail-after.png
[Play] wrote Logs/refine2-sabubong-apartment-v1/SaBubong-apartment-court-before.png
[Play] wrote Logs/refine2-sabubong-apartment-v1/SaBubong-apartment-court-after.png
Saving results to: C:/Users/matth/AppData/LocalLow/BH Studios/Tumbang Preso\TestResults.xml
]]></output>
            </test-case>
          </test-suite>
        </test-suite>
      </test-suite>
    </test-suite>
  </test-suite>
</test-run>