<?xml version="1.0" encoding="utf-8"?>
<test-run id="2" testcasecount="1" result="Passed" total="1" passed="1" failed="0" inconclusive="0" skipped="0" asserts="0" engine-version="3.5.0.0" clr-version="4.0.30319.42000" start-time="2026-09-23 17:44:29Z" end-time="2026-09-23 17:44:34Z" duration="4.8816213">
  <test-suite type="TestSuite" id="1748" name="Tumbang Preso" fullname="Tumbang Preso" runstate="Runnable" testcasecount="572" result="Passed" start-time="2026-09-23 17:44:29Z" end-time="2026-09-23 17:44:34Z" duration="4.881621" total="1" passed="1" failed="0" inconclusive="0" skipped="0" asserts="0">
    <properties>
      <property name="platform" value="PlayMode" />
    </properties>
    <test-suite type="Assembly" id="1742" name="TumbangPreso.PlayTests.dll" fullname="C:/Users/matth/Documents/GitHub/TumbangPreso-Unity-world-qualification-20260923/Library/ScriptAssemblies/TumbangPreso.PlayTests.dll" runstate="Runnable" testcasecount="572" result="Passed" start-time="2026-09-23 17:44:29Z" end-time="2026-09-23 17:44:34Z" duration="4.867242" total="1" passed="1" failed="0" inconclusive="0" skipped="0" asserts="0">
      <properties>
        <property name="_PID" value="10204" />
        <property name="_APPDOMAIN" value="Unity Child Domain" />
        <property name="platform" value="PlayMode" />
        <property name="EditorOnly" value="False" />
      </properties>
      <test-suite type="TestSuite" id="1743" name="TumbangPreso" fullname="TumbangPreso" runstate="Runnable" testcasecount="572" result="Passed" start-time="2026-09-23 17:44:29Z" end-time="2026-09-23 17:44:34Z" duration="4.862110" total="1" passed="1" failed="0" inconclusive="0" skipped="0" asserts="0">
        <properties />
        <test-suite type="TestSuite" id="1744" name="PlayTests" fullname="TumbangPreso.PlayTests" runstate="Runnable" testcasecount="572" result="Passed" start-time="2026-09-23 17:44:29Z" end-time="2026-09-23 17:44:34Z" duration="4.857173" total="1" passed="1" failed="0" inconclusive="0" skipped="0" asserts="0">
          <properties />
          <test-suite type="TestFixture" id="1282" name="MapGraphicsReviewProbe" fullname="TumbangPreso.PlayTests.MapGraphicsReviewProbe" classname="TumbangPreso.PlayTests.MapGraphicsReviewProbe" runstate="Runnable" testcasecount="10" result="Passed" start-time="2026-09-23 17:44:29Z" end-time="2026-09-23 17:44:34Z" duration="4.835315" total="1" passed="1" failed="0" inconclusive="0" skipped="0" asserts="0">
            <properties>
              <property name="Category" value="WallClock" />
            </properties>
            <test-case id="1284" name="EskinitaPrimaryHomesMaterialReview" fullname="TumbangPreso.PlayTests.MapGraphicsReviewProbe.EskinitaPrimaryHomesMaterialReview" methodname="EskinitaPrimaryHomesMaterialReview" classname="TumbangPreso.PlayTests.MapGraphicsReviewProbe" runstate="Runnable" seed="1298683448" result="Passed" start-time="2026-09-23 17:44:29Z" end-time="2026-09-23 17:44:34Z" duration="4.817398" asserts="0">
              <properties>
                <property name="_JOINTYPE" value="UnityCombinatorial" />
                <property name="Timeout" value="90000" />
                <property name="retryIteration" value="0" />
                <property name="repeatIteration" value="0" />
              </properties>
              <output><![CDATA[[Env] 'Unlit/Transparent' has no colour property this pass knows; that surface keeps the kit's own colour.
[Env] repainted 371 of 1107 renderers, 161 with a roof variant.
[NearFade] 1337 occluder nodes matched, 236 renderers moved onto TumbangPreso/NearFade.
[WorldLook] Eskinita: lifted 2 court ground slots over 2 material(s) by 1.6.
[Slice] round 1 begins, taya is seat 0
[Play] wrote Logs/refine2-garden-v1/home-0_W.png
[Play] wrote Logs/refine2-garden-v1/home-1_W.png
[Play] wrote Logs/refine2-garden-v1/home-3_W.png
[Play] wrote Logs/refine2-garden-v1/home-4_W.png
[Play] wrote Logs/refine2-garden-v1/home-5_W.png
[Play] wrote Logs/refine2-garden-v1/home-1_E.png
[Play] wrote Logs/refine2-garden-v1/home-2_E.png
[Play] wrote Logs/refine2-garden-v1/home-3_E.png
[Play] wrote Logs/refine2-garden-v1/home-5_E.png
[Play] wrote Logs/refine2-garden-v1/home-6_E.png
Saving results to: C:/Users/matth/AppData/LocalLow/BH Studios/Tumbang Preso\TestResults.xml
]]></output>
            </test-case>
          </test-suite>
        </test-suite>
      </test-suite>
    </test-suite>
  </test-suite>
</test-run>