<?xml version="1.0" encoding="utf-8"?>
<test-run id="2" testcasecount="1" result="Passed" total="1" passed="1" failed="0" inconclusive="0" skipped="0" asserts="0" engine-version="3.5.0.0" clr-version="4.0.30319.42000" start-time="2026-09-23 20:22:10Z" end-time="2026-09-23 20:22:18Z" duration="7.2122289">
  <test-suite type="TestSuite" id="1760" name="Tumbang Preso" fullname="Tumbang Preso" runstate="Runnable" testcasecount="584" result="Passed" start-time="2026-09-23 20:22:10Z" end-time="2026-09-23 20:22:18Z" duration="7.212229" total="1" passed="1" failed="0" inconclusive="0" skipped="0" asserts="0">
    <properties>
      <property name="platform" value="PlayMode" />
    </properties>
    <test-suite type="Assembly" id="1754" name="TumbangPreso.PlayTests.dll" fullname="C:/Users/matth/Documents/GitHub/TumbangPreso-Unity-world-qualification-20260923/Library/ScriptAssemblies/TumbangPreso.PlayTests.dll" runstate="Runnable" testcasecount="584" result="Passed" start-time="2026-09-23 20:22:10Z" end-time="2026-09-23 20:22:18Z" duration="7.195151" total="1" passed="1" failed="0" inconclusive="0" skipped="0" asserts="0">
      <properties>
        <property name="_PID" value="6604" />
        <property name="_APPDOMAIN" value="Unity Child Domain" />
        <property name="platform" value="PlayMode" />
        <property name="EditorOnly" value="False" />
      </properties>
      <test-suite type="TestSuite" id="1755" name="TumbangPreso" fullname="TumbangPreso" runstate="Runnable" testcasecount="584" result="Passed" start-time="2026-09-23 20:22:10Z" end-time="2026-09-23 20:22:18Z" duration="7.188644" total="1" passed="1" failed="0" inconclusive="0" skipped="0" asserts="0">
        <properties />
        <test-suite type="TestSuite" id="1756" name="PlayTests" fullname="TumbangPreso.PlayTests" runstate="Runnable" testcasecount="584" result="Passed" start-time="2026-09-23 20:22:10Z" end-time="2026-09-23 20:22:18Z" duration="7.182509" total="1" passed="1" failed="0" inconclusive="0" skipped="0" asserts="0">
          <properties />
          <test-suite type="TestFixture" id="1285" name="MapGraphicsReviewProbe" fullname="TumbangPreso.PlayTests.MapGraphicsReviewProbe" classname="TumbangPreso.PlayTests.MapGraphicsReviewProbe" runstate="Runnable" testcasecount="18" result="Passed" start-time="2026-09-23 20:22:10Z" end-time="2026-09-23 20:22:18Z" duration="7.156383" total="1" passed="1" failed="0" inconclusive="0" skipped="0" asserts="0">
            <properties>
              <property name="Category" value="WallClock" />
            </properties>
            <test-case id="1287" name="IlalimStructureFinishReview" fullname="TumbangPreso.PlayTests.MapGraphicsReviewProbe.IlalimStructureFinishReview" methodname="IlalimStructureFinishReview" classname="TumbangPreso.PlayTests.MapGraphicsReviewProbe" runstate="Runnable" seed="1183969658" result="Passed" start-time="2026-09-23 20:22:10Z" end-time="2026-09-23 20:22:18Z" duration="7.137891" asserts="0">
              <properties>
                <property name="_JOINTYPE" value="UnityCombinatorial" />
                <property name="Timeout" value="90000" />
                <property name="retryIteration" value="0" />
                <property name="repeatIteration" value="0" />
              </properties>
              <output><![CDATA[[Env] repainted 325 of 2801 renderers, 0 with a roof variant.
[NearFade] 3293 occluder nodes matched, 1606 renderers moved onto TumbangPreso/NearFade.
[WorldLook] IlalimNgTulay: lifted 2 court ground slots over 2 material(s) by 1.6.
[Play] wrote Logs/refine2-ilalim-structure-v1/Ilalim-structure-preview-before.png
[Play] wrote Logs/refine2-ilalim-structure-v1/Ilalim-structure-preview-after.png
[Env] repainted 325 of 2801 renderers, 0 with a roof variant.
[NearFade] 3293 occluder nodes matched, 1606 renderers moved onto TumbangPreso/NearFade.
[WorldLook] IlalimNgTulay: lifted 2 court ground slots over 2 material(s) by 1.6.
[Slice] round 1 begins, taya is seat 0
[Play] wrote Logs/refine2-ilalim-structure-v1/Ilalim-structure-north-before.png
[Play] wrote Logs/refine2-ilalim-structure-v1/Ilalim-structure-north-after.png
[Play] wrote Logs/refine2-ilalim-structure-v1/Ilalim-structure-under-deck-before.png
[Play] wrote Logs/refine2-ilalim-structure-v1/Ilalim-structure-under-deck-after.png
Saving results to: C:/Users/matth/AppData/LocalLow/BH Studios/Tumbang Preso\TestResults.xml
]]></output>
            </test-case>
          </test-suite>
        </test-suite>
      </test-suite>
    </test-suite>
  </test-suite>
</test-run>