<?xml version="1.0" encoding="utf-8"?>
<TestRun id="fdb66388-8e40-4414-8717-e489b581e41e" name="matth@DESKTOP-E4OQK9L 2026-09-22 14:10:03" runUser="DESKTOP-E4OQK9L\matth" xmlns="http://microsoft.com/schemas/VisualStudio/TeamTest/2010">
  <Times creation="2026-09-22T14:10:03.3415289+08:00" queuing="2026-09-22T14:10:03.3415292+08:00" start="2026-09-22T14:10:02.5344441+08:00" finish="2026-09-22T14:10:03.4851676+08:00" />
  <TestSettings name="default" id="3ed3c113-74fe-4121-92c5-f43804d2b6f4">
    <Deployment runDeploymentRoot="matth_DESKTOP-E4OQK9L_2026-09-22_14_10_03" />
  </TestSettings>
  <Results>
    <UnitTestResult executionId="e9e1a700-596a-4f31-bc35-095ef4da862c" testId="511e2ef2-2b24-2a8c-722f-320de2ae3f39" testName="TumbangPreso.Core.Tests.SabotageTests.TheApproachAimsAtTheLaunchSideRatherThanAtTheVictimCentre" computerName="DESKTOP-E4OQK9L" duration="00:00:00.0002268" startTime="2026-09-22T14:10:03.3747169+08:00" endTime="2026-09-22T14:10:03.3747169+08:00" testType="13cdc9d9-ddb5-4fa4-a97d-d965ccfc6d4b" outcome="Passed" testListId="8c84fa94-04c1-424b-9868-57a2d4851a1d" relativeResultsDirectory="e9e1a700-596a-4f31-bc35-095ef4da862c" />
    <UnitTestResult executionId="13564ca2-292f-463c-885e-331e99fbfe91" testId="19e069b4-1df1-e52f-d707-6ccd557d6955" testName="TumbangPreso.Core.Tests.BalanceTests.Mash_IgnoresPressesInsideTheRateCap" computerName="DESKTOP-E4OQK9L" duration="00:00:00.0002241" startTime="2026-09-22T14:10:03.4169943+08:00" endTime="2026-09-22T14:10:03.4169944+08:00" testType="13cdc9d9-ddb5-4fa4-a97d-d965ccfc6d4b" outcome="Passed" testListId="8c84fa94-04c1-424b-9868-57a2d4851a1d" relativeResultsDirectory="13564ca2-292f-463c-885e-331e99fbfe91" />
    <UnitTestResult executionId="08b7f708-746e-42f9-b01e-8bad021d0ab4" testId="a6637125-226e-cc2c-d064-2b98da672c3d" testName="TumbangPreso.Core.Tests.ActionChainTests.MissAndBlockResetButConsumedFlightDoesNotAndLaterHitStillCounts" computerName="DESKTOP-E4OQK9L" duration="00:00:00.0002865" startTime="2026-09-22T14:10:03.4008895+08:00" endTime="2026-09-22T14:10:03.4008896+08:00" testType="13cdc9d9-ddb5-4fa4-a97d-d965ccfc6d4b" outcome="Passed" testListId="8c84fa94-04c1-424b-9868-57a2d4851a1d" relativeResultsDirectory="08b7f708-746e-42f9-b01e-8bad021d0ab4" />
    <UnitTestResult executionId="c08a58b5-17e0-4b03-b725-63b771219ec6" testId="3896d6e8-8cd6-b830-3d98-94c1d10a8283" testName="TumbangPreso.Core.Tests.MoveBudgetTests.TheSustainedRateComfortablyCoversTheFastestLegitimateMovement" computerName="DESKTOP-E4OQK9L" duration="00:00:00.0010862" startTime="2026-09-22T14:10:03.3923974+08:00" endTime="2026-09-22T14:10:03.3923974+08:00" testType="13cdc9d9-ddb5-4fa4-a97d-d965ccfc6d4b" outcome="Passed" testListId="8c84fa94-04c1-424b-9868-57a2d4851a1d" relativeResultsDirectory="c08a58b5-17e0-4b03-b725-63b771219ec6" />
    <UnitTestResult executionId="1305d671-9da5-4a9f-991a-75f3f28933a8" testId="ba741fa8-5002-526d-35f7-a1faeb64ef06" testName="TumbangPreso.Core.Tests.TelemetryTests.TheFunnelOnlyEverGoesForward" computerName="DESKTOP-E4OQK9L" duration="00:00:00.0001877" startTime="2026-09-22T14:10:03.3882593+08:00" endTime="2026-09-22T14:10:03.3882593+08:00" testType="13cdc9d9-ddb5-4fa4-a97d-d965ccfc6d4b" outcome="Passed" testListId="8c84fa94-04c1-424b-9868-57a2d4851a1d" relativeResultsDirectory="1305d671-9da5-4a9f-991a-75f3f28933a8" />
    <UnitTestResult executionId="c59b929b-1b35-48ec-a0c9-f985da1455f5" testId="315467a1-ce3e-8a17-e4fe-10f10da9be51" testName="TumbangPreso.Core.Tests.BannerTests.AClaimWearingATitleItsOwnXpDoesNotReachLosesIt" computerName="DESKTOP-E4OQK9L" duration="00:00:00.0004354" startTime="2026-09-22T14:10:03.4000421+08:00" endTime="2026-09-22T14:10:03.4000421+08:00" testType="13cdc9d9-ddb5-4fa4-a97d-d965ccfc6d4b" outcome="Passed" testListId="8c84fa94-04c1-424b-9868-57a2d4851a1d" relativeResultsDirectory="c59b929b-1b35-48ec-a0c9-f985da1455f5" />
    <UnitTestResult executionId="519c7091-64cd-4602-8734-0bc9f83f62ad" testId="9d85f39b-f350-328f-2116-eb27c12eb019" testName="TumbangPreso.Core.Tests.AccountRulesTests.AnUncheckedPeerKeepsTheNameItClaimed(check: NotAsked)" computerName="DESKTOP-E4OQK9L" duration="00:00:00.0002008" startTime="2026-09-22T14:10:03.4037357+08:00" endTime="2026-09-22T14:10:03.4037357+08:00" testType="13cdc9d9-ddb5-4fa4-a97d-d965ccfc6d4b" outcome="Passed" testListId="8c84fa94-04c1-424b-9868-57a2d4851a1d" relativeResultsDirectory="519c7091-64cd-4602-8734-0bc9f83f62ad" />
    <UnitTestResult executionId="d8b5e397-65eb-47f7-9bd6-cd737a409141" testId="b97c3cab-9592-9e9f-b2ce-c287866836f7" testName="TumbangPreso.Core.Tests.BalanceTests.StunMash_ClosesTheSlackInAKnownNumberOfPresses" computerName="DESKTOP-E4OQK9L" duration="00:00:00.0003885" startTime="2026-09-22T14:10:03.3941939+08:00" endTime="2026-09-22T14:10:03.3941939+08:00" testType="13cdc9d9-ddb5-4fa4-a97d-d965ccfc6d4b" outcome="Passed" testListId="8c84fa94-04c1-424b-9868-57a2d4851a1d" relativeResultsDirectory="d8b5e397-65eb-47f7-9bd6-cd737a409141" />
    <UnitTestResult executionId="824ec29a-32ac-46de-8092-b1287295f94d" testId="df429af4-380e-cb36-549e-e63fb77b780a" testName="TumbangPreso.Core.Tests.PlayerProfileTests.EveryComebackChanceIsCountedNotOnlyTheSuccessfulOnes" computerName="DESKTOP-E4OQK9L" duration="00:00:00.0120417" startTime="2026-09-22T14:10:03.3474598+08:00" endTime="2026-09-22T14:10:03.3474599+08:00" testType="13cdc9d9-ddb5-4fa4-a97d-d965ccfc6d4b" outcome="Passed" testListId="8c84fa94-04c1-424b-9868-57a2d4851a1d" relativeResultsDirectory="824ec29a-32ac-46de-8092-b1287295f94d" />
    <UnitTestResult executionId="f73ab56c-7c8a-4f0f-ac33-f4857f8acda7" testId="4bcd1f5c-cba4-4e8f-a173-45f345a0d596" testName="TumbangPreso.Core.Tests.BalanceTests.PassiveDefence_CeilingIsOneRoundOfUprightTime" computerName="DESKTOP-E4OQK9L" duration="00:00:00.0002925" startTime="2026-09-22T14:10:03.4153286+08:00" endTime="2026-09-22T14:10:03.4153286+08:00" testType="13cdc9d9-ddb5-4fa4-a97d-d965ccfc6d4b" outcome="Passed" testListId="8c84fa94-04c1-424b-9868-57a2d4851a1d" relativeResultsDirectory="f73ab56c-7c8a-4f0f-ac33-f4857f8acda7" />
    <UnitTestResult executionId="d064861a-67d7-4ce9-bb41-47d94b0f3ccc" testId="3e5b48a9-dca3-48d1-386e-7d705b2c7676" testName="TumbangPreso.Core.Tests.AccountRulesTests.InvalidDisplayNamesAreRefused(raw: &quot;name#1234&quot;)" computerName="DESKTOP-E4OQK9L" duration="00:00:00.0003604" startTime="2026-09-22T14:10:03.3966188+08:00" endTime="2026-09-22T14:10:03.3966188+08:00" testType="13cdc9d9-ddb5-4fa4-a97d-d965ccfc6d4b" outcome="Passed" testListId="8c84fa94-04c1-424b-9868-57a2d4851a1d" relativeResultsDirectory="d064861a-67d7-4ce9-bb41-47d94b0f3ccc" />
    <UnitTestResult executionId="250d1490-7dfc-41ee-8f2d-9515fae25831" testId="e30feb17-d5c4-30fc-7d08-85970b5355be" testName="TumbangPreso.Core.Tests.TelemetryTests.AnOrdinaryBucketNameIsAllowed(key: &quot;bots&quot;)" computerName="DESKTOP-E4OQK9L" duration="00:00:00.0000048" startTime="2026-09-22T14:10:03.3621639+08:00" endTime="2026-09-22T14:10:03.3621639+08:00" testType="13cdc9d9-ddb5-4fa4-a97d-d965ccfc6d4b" outcome="Passed" testListId="8c84fa94-04c1-424b-9868-57a2d4851a1d" relativeResultsDirectory="250d1490-7dfc-41ee-8f2d-9515fae25831" />
    <UnitTestResult executionId="7cd08ab2-6ce4-45c2-80d5-44acfa6d22e7" testId="fbfdb9ce-871d-a60d-070f-8a0cebdf2d4f" testName="TumbangPreso.Core.Tests.TagTargetWeightTests.AFreeTagOutranksTheWholeWidthOfTheArena" computerName="DESKTOP-E4OQK9L" duration="00:00:00.0001274" startTime="2026-09-22T14:10:03.3961594+08:00" endTime="2026-09-22T14:10:03.3961594+08:00" testType="13cdc9d9-ddb5-4fa4-a97d-d965ccfc6d4b" outcome="Passed" testListId="8c84fa94-04c1-424b-9868-57a2d4851a1d" relativeResultsDirectory="7cd08ab2-6ce4-45c2-80d5-44acfa6d22e7" />
    <UnitTestResult executionId="4560b1dc-5244-47d0-9312-dd1038329025" testId="bfd89e39-5f38-3437-8291-489979783438" testName="TumbangPreso.Core.Tests.BalanceTests.StunMash_NeverLengthensAStun" computerName="DESKTOP-E4OQK9L" duration="00:00:00.0005063" startTime="2026-09-22T14:10:03.3639547+08:00" endTime="2026-09-22T14:10:03.3639548+08:00" testType="13cdc9d9-ddb5-4fa4-a97d-d965ccfc6d4b" outcome="Passed" testListId="8c84fa94-04c1-424b-9868-57a2d4851a1d" relativeResultsDirectory="4560b1dc-5244-47d0-9312-dd1038329025" />
    <UnitTestResult executionId="62f99538-c06b-451f-9a5e-b71ee89e89af" testId="0101c536-994c-bdef-5b04-61702b9b8f2e" testName="TumbangPreso.Core.Tests.SocialTests.BlockingSomebodyRefusesTheirRequestOnTheSideThatReceivesIt" computerName="DESKTOP-E4OQK9L" duration="00:00:00.0002924" startTime="2026-09-22T14:10:03.4151576+08:00" endTime="2026-09-22T14:10:03.4151577+08:00" testType="13cdc9d9-ddb5-4fa4-a97d-d965ccfc6d4b" outcome="Passed" testListId="8c84fa94-04c1-424b-9868-57a2d4851a1d" relativeResultsDirectory="62f99538-c06b-451f-9a5e-b71ee89e89af" />
    <UnitTestResult executionId="a19a8ccd-501e-476b-bbb1-7c62239f6d18" testId="1ffeec99-68e6-e13b-7fee-33a295efe8b7" testName="TumbangPreso.Core.Tests.TelemetryTests.AnOrdinaryBucketNameIsAllowed(key: &quot;slipper&quot;)" computerName="DESKTOP-E4OQK9L" duration="00:00:00.0000054" startTime="2026-09-22T14:10:03.3622874+08:00" endTime="2026-09-22T14:10:03.3622874+08:00" testType="13cdc9d9-ddb5-4fa4-a97d-d965ccfc6d4b" outcome="Passed" testListId="8c84fa94-04c1-424b-9868-57a2d4851a1d" relativeResultsDirectory="a19a8ccd-501e-476b-bbb1-7c62239f6d18" />
    <UnitTestResult executionId="41dd7e06-368b-4441-aaf8-9afd608b8afa" testId="ca58aaee-889a-a64b-68ca-48e59744ff29" testName="TumbangPreso.Core.Tests.CustomGameTests.TheLastStandingAwardIsAKnockdownsWorthAndIsReadFromOnePlace" computerName="DESKTOP-E4OQK9L" duration="00:00:00.0000994" startTime="2026-09-22T14:10:03.3871888+08:00" endTime="2026-09-22T14:10:03.3871889+08:00" testType="13cdc9d9-ddb5-4fa4-a97d-d965ccfc6d4b" outcome="Passed" testListId="8c84fa94-04c1-424b-9868-57a2d4851a1d" relativeResultsDirectory="41dd7e06-368b-4441-aaf8-9afd608b8afa" />
    <UnitTestResult executionId="1e4fad48-2bf8-45d1-b75b-66f20da1f8fa" testId="93168967-3911-dc32-d10b-711ecd7459a6" testName="TumbangPreso.Core.Tests.SocialTests.AStaleJoinCodeIsNotOfferedAsJoinable" computerName="DESKTOP-E4OQK9L" duration="00:00:00.0180753" startTime="2026-09-22T14:10:03.4133361+08:00" endTime="2026-09-22T14:10:03.4133362+08:00" testType="13cdc9d9-ddb5-4fa4-a97d-d965ccfc6d4b" outcome="Passed" testListId="8c84fa94-04c1-424b-9868-57a2d4851a1d" relativeResultsDirectory="1e4fad48-2bf8-45d1-b75b-66f20da1f8fa" />
    <UnitTestResult executionId="fe45d3d6-6a9a-4171-90bd-d0b9c6fda2bc" testId="666a67c0-3a19-e94c-e5eb-29e67bc6a18d" testName="TumbangPreso.Core.Tests.MatchmakingTests.BothBandsHaveToContainTheOtherOrTheWideningOnlyAppliesToWhoeverWaitedLonger" computerName="DESKTOP-E4OQK9L" duration="00:00:00.0003674" startTime="2026-09-22T14:10:03.3503009+08:00" endTime="2026-09-22T14:10:03.3503010+08:00" testType="13cdc9d9-ddb5-4fa4-a97d-d965ccfc6d4b" outcome="Passed" testListId="8c84fa94-04c1-424b-9868-57a2d4851a1d" relativeResultsDirectory="fe45d3d6-6a9a-4171-90bd-d0b9c6fda2bc" />
    <UnitTestResult executionId="24501a9d-c815-4c8b-8e9e-4d996178c291" testId="44cffecc-7da9-d2ed-9314-93bdd9e16ae1" testName="TumbangPreso.Core.Tests.AccountRulesTests.TheDerivedTagMatchesTheServerScriptsCopyOfTheSameHash(playerId: &quot;guest-abc123&quot;, expected: &quot;9434&quot;)" computerName="DESKTOP-E4OQK9L" duration="00:00:00.0000041" startTime="2026-09-22T14:10:03.3941431+08:00" endTime="2026-09-22T14:10:03.3941432+08:00" testType="13cdc9d9-ddb5-4fa4-a97d-d965ccfc6d4b" outcome="Passed" testListId="8c84fa94-04c1-424b-9868-57a2d4851a1d" relativeResultsDirectory="24501a9d-c815-4c8b-8e9e-4d996178c291" />
    <UnitTestResult executionId="1aa9a2b4-ede1-4865-9502-492f2619c24d" testId="776bcb4a-9d38-c483-0848-7776555aea4c" testName="TumbangPreso.Core.Tests.CustomCharacterKitTests.ACustomCharacterCanBorrowAnyHerosKit" computerName="DESKTOP-E4OQK9L" duration="00:00:00.0001525" startTime="2026-09-22T14:10:03.3513814+08:00" endTime="2026-09-22T14:10:03.3513814+08:00" testType="13cdc9d9-ddb5-4fa4-a97d-d965ccfc6d4b" outcome="Passed" testListId="8c84fa94-04c1-424b-9868-57a2d4851a1d" relativeResultsDirectory="1aa9a2b4-ede1-4865-9502-492f2619c24d" />
    <UnitTestResult executionId="b6b0c167-c816-4053-9018-8543327183c9" testId="ab2712ed-efaf-a22e-8eee-f06c693a72ab" testName="TumbangPreso.Core.Tests.BalanceTests.EverySlotAppearsInTheDefaultRotation" computerName="DESKTOP-E4OQK9L" duration="00:00:00.0001884" startTime="2026-09-22T14:10:03.4139424+08:00" endTime="2026-09-22T14:10:03.4139425+08:00" testType="13cdc9d9-ddb5-4fa4-a97d-d965ccfc6d4b" outcome="Passed" testListId="8c84fa94-04c1-424b-9868-57a2d4851a1d" relativeResultsDirectory="b6b0c167-c816-4053-9018-8543327183c9" />
    <UnitTestResult executionId="9869c341-fe19-43c0-a417-2098a000f4fc" testId="7fa80025-e945-afbe-16ab-f163df305d82" testName="TumbangPreso.Core.Tests.BotFillTests.AResultThatDidNotCountSaysWhyAndAFullOneSaysNothing" computerName="DESKTOP-E4OQK9L" duration="00:00:00.0004399" startTime="2026-09-22T14:10:03.3631991+08:00" endTime="2026-09-22T14:10:03.3631991+08:00" testType="13cdc9d9-ddb5-4fa4-a97d-d965ccfc6d4b" outcome="Passed" testListId="8c84fa94-04c1-424b-9868-57a2d4851a1d" relativeResultsDirectory="9869c341-fe19-43c0-a417-2098a000f4fc" />
    <UnitTestResult executionId="7c78f76e-e940-4c50-a0a4-dc190cb255f4" testId="d4b2efd1-d85f-0a92-5404-a9e5ba98b026" testName="TumbangPreso.Core.Tests.CustomCharacterKitTests.AnythingThatIsNotAHeroResolvesToAPlayableKit(wanted: &quot;bayan&quot;)" computerName="DESKTOP-E4OQK9L" duration="00:00:00.0001390" startTime="2026-09-22T14:10:03.3505662+08:00" endTime="2026-09-22T14:10:03.3505662+08:00" testType="13cdc9d9-ddb5-4fa4-a97d-d965ccfc6d4b" outcome="Passed" testListId="8c84fa94-04c1-424b-9868-57a2d4851a1d" relativeResultsDirectory="7c78f76e-e940-4c50-a0a4-dc190cb255f4" />
    <UnitTestResult executionId="f7e5567a-15a9-4b87-ba88-9c5f9359752e" testId="ea668f23-c0e2-ae5a-c819-7c624c046faf" testName="TumbangPreso.Core.Tests.CustomCharacterKitTests.ThereIsExactlyOneKitFieldSoAMixtureCannotBeExpressed" computerName="DESKTOP-E4OQK9L" duration="00:00:00.0003965" startTime="2026-09-22T14:10:03.3523428+08:00" endTime="2026-09-22T14:10:03.3523429+08:00" testType="13cdc9d9-ddb5-4fa4-a97d-d965ccfc6d4b" outcome="Passed" testListId="8c84fa94-04c1-424b-9868-57a2d4851a1d" relativeResultsDirectory="f7e5567a-15a9-4b87-ba88-9c5f9359752e" />
    <UnitTestResult executionId="98170b44-7e3d-4e4d-a54e-b3838823eb01" testId="a860d55e-9d61-d925-3938-e9adce7e761e" testName="TumbangPreso.Core.Tests.HumanCadenceTuningTests.ALapseIsAboutOneDecisionLongAndNeverMore" computerName="DESKTOP-E4OQK9L" duration="00:00:00.0001323" startTime="2026-09-22T14:10:03.3863508+08:00" endTime="2026-09-22T14:10:03.3863508+08:00" testType="13cdc9d9-ddb5-4fa4-a97d-d965ccfc6d4b" outcome="Passed" testListId="8c84fa94-04c1-424b-9868-57a2d4851a1d" relativeResultsDirectory="98170b44-7e3d-4e4d-a54e-b3838823eb01" />
    <UnitTestResult executionId="10a69839-c741-4db8-8b3c-6da25f8ecbec" testId="bffa84ba-b5f6-ddcd-b984-00cb571048b8" testName="TumbangPreso.Core.Tests.BalanceTests.ClampAndInsideTest_AgreeOnTheBoundary" computerName="DESKTOP-E4OQK9L" duration="00:00:00.0001713" startTime="2026-09-22T14:10:03.3928441+08:00" endTime="2026-09-22T14:10:03.3928442+08:00" testType="13cdc9d9-ddb5-4fa4-a97d-d965ccfc6d4b" outcome="Passed" testListId="8c84fa94-04c1-424b-9868-57a2d4851a1d" relativeResultsDirectory="10a69839-c741-4db8-8b3c-6da25f8ecbec" />
    <UnitTestResult executionId="79a6f3ac-d297-49fc-a43d-57392acdd125" testId="9b0fd13d-bdfc-93ac-1aa7-9f980350d062" testName="TumbangPreso.Core.Tests.MatchRecordTests.ABotIsNeverMatchedByPlayerId" computerName="DESKTOP-E4OQK9L" duration="00:00:00.0008823" startTime="2026-09-22T14:10:03.3482033+08:00" endTime="2026-09-22T14:10:03.3482033+08:00" testType="13cdc9d9-ddb5-4fa4-a97d-d965ccfc6d4b" outcome="Passed" testListId="8c84fa94-04c1-424b-9868-57a2d4851a1d" relativeResultsDirectory="79a6f3ac-d297-49fc-a43d-57392acdd125" />
    <UnitTestResult executionId="738c3dcc-53a2-4309-8e7f-5b04d1b598f2" testId="690bd571-829d-30aa-2d7d-d800b43abf97" testName="TumbangPreso.Core.Tests.FrameRateTests.TheFrameRateEventIsKnownAndIsNotAFunnelStep" computerName="DESKTOP-E4OQK9L" duration="00:00:00.0005225" startTime="2026-09-22T14:10:03.3380289+08:00" endTime="2026-09-22T14:10:03.3380289+08:00" testType="13cdc9d9-ddb5-4fa4-a97d-d965ccfc6d4b" outcome="Passed" testListId="8c84fa94-04c1-424b-9868-57a2d4851a1d" relativeResultsDirectory="738c3dcc-53a2-4309-8e7f-5b04d1b598f2" />
    <UnitTestResult executionId="8e5b56a3-d56b-4239-9373-d517844a8b8f" testId="3ffe28fe-01be-723a-29ed-eb96ab723fef" testName="TumbangPreso.Core.Tests.RosterIntegrityTests.AnOutOfRangeWireIsClampedRatherThanTrusted" computerName="DESKTOP-E4OQK9L" duration="00:00:00.0001622" startTime="2026-09-22T14:10:03.3392922+08:00" endTime="2026-09-22T14:10:03.3392922+08:00" testType="13cdc9d9-ddb5-4fa4-a97d-d965ccfc6d4b" outcome="Passed" testListId="8c84fa94-04c1-424b-9868-57a2d4851a1d" relativeResultsDirectory="8e5b56a3-d56b-4239-9373-d517844a8b8f" />
    <UnitTestResult executionId="26411dcc-76fb-426a-aaed-3fbced4cf35a" testId="e5cd0342-2551-02e0-228b-558b84677954" testName="TumbangPreso.Core.Tests.FrameRateTests.AFrameOfNoLengthIsDroppedRatherThanCountedAsAnInfinitelyFastOne" computerName="DESKTOP-E4OQK9L" duration="00:00:00.0031917" startTime="2026-09-22T14:10:03.3494350+08:00" endTime="2026-09-22T14:10:03.3494351+08:00" testType="13cdc9d9-ddb5-4fa4-a97d-d965ccfc6d4b" outcome="Passed" testListId="8c84fa94-04c1-424b-9868-57a2d4851a1d" relativeResultsDirectory="26411dcc-76fb-426a-aaed-3fbced4cf35a" />
    <UnitTestResult executionId="bb0df869-fce5-47a7-aa26-200fd58d2533" testId="639ef0f4-6a3d-507b-fcc1-e9ebdb2cb1cf" testName="TumbangPreso.Core.Tests.MatchRecordTests.LeadingIntoTheFinalRoundAndWinningIsNotAClutch" computerName="DESKTOP-E4OQK9L" duration="00:00:00.0009576" startTime="2026-09-22T14:10:03.3313097+08:00" endTime="2026-09-22T14:10:03.3313098+08:00" testType="13cdc9d9-ddb5-4fa4-a97d-d965ccfc6d4b" outcome="Passed" testListId="8c84fa94-04c1-424b-9868-57a2d4851a1d" relativeResultsDirectory="bb0df869-fce5-47a7-aa26-200fd58d2533" />
    <UnitTestResult executionId="f32e26b3-4f6b-4096-b68f-4251f88564e5" testId="7fc74709-81b7-8439-bfc6-eabf1df8aea3" testName="TumbangPreso.Core.Tests.RatingTests.TheApexReportsFullProgressRatherThanAnInventedFraction" computerName="DESKTOP-E4OQK9L" duration="00:00:00.0008045" startTime="2026-09-22T14:10:03.3471768+08:00" endTime="2026-09-22T14:10:03.3471774+08:00" testType="13cdc9d9-ddb5-4fa4-a97d-d965ccfc6d4b" outcome="Passed" testListId="8c84fa94-04c1-424b-9868-57a2d4851a1d" relativeResultsDirectory="f32e26b3-4f6b-4096-b68f-4251f88564e5" />
    <UnitTestResult executionId="090f9e26-60dd-4d83-af4c-17ceb17ccd10" testId="60689014-9d8a-19ac-a52d-48cdbd16d809" testName="TumbangPreso.Core.Tests.BannerTests.TrackersAreCappedAtThreeAndUnknownOnesAreDropped" computerName="DESKTOP-E4OQK9L" duration="00:00:00.0005583" startTime="2026-09-22T14:10:03.4006871+08:00" endTime="2026-09-22T14:10:03.4006872+08:00" testType="13cdc9d9-ddb5-4fa4-a97d-d965ccfc6d4b" outcome="Passed" testListId="8c84fa94-04c1-424b-9868-57a2d4851a1d" relativeResultsDirectory="090f9e26-60dd-4d83-af4c-17ceb17ccd10" />
    <UnitTestResult executionId="57e12a80-d8a7-4c52-8206-e02fd910a7a5" testId="09a27522-b20b-07c7-2e4a-3f454000a671" testName="TumbangPreso.Core.Tests.IntegrityTests.AbandonsAreForgottenAfterAWeek" computerName="DESKTOP-E4OQK9L" duration="00:00:00.0000686" startTime="2026-09-22T14:10:03.3676146+08:00" endTime="2026-09-22T14:10:03.3676147+08:00" testType="13cdc9d9-ddb5-4fa4-a97d-d965ccfc6d4b" outcome="Passed" testListId="8c84fa94-04c1-424b-9868-57a2d4851a1d" relativeResultsDirectory="57e12a80-d8a7-4c52-8206-e02fd910a7a5" />
    <UnitTestResult executionId="79137351-1951-4a2f-a818-99126a7caad6" testId="3afe23b3-7026-8c28-da06-0804c5849346" testName="TumbangPreso.Core.Tests.HumanCadenceTuningTests.ACrossingIsStillMostlyRunning" computerName="DESKTOP-E4OQK9L" duration="00:00:00.0000727" startTime="2026-09-22T14:10:03.3856588+08:00" endTime="2026-09-22T14:10:03.3856589+08:00" testType="13cdc9d9-ddb5-4fa4-a97d-d965ccfc6d4b" outcome="Passed" testListId="8c84fa94-04c1-424b-9868-57a2d4851a1d" relativeResultsDirectory="79137351-1951-4a2f-a818-99126a7caad6" />
    <UnitTestResult executionId="b783bd69-bef3-4510-882c-5817afa8ed0f" testId="d77cd96e-994c-3070-d43f-dda8baa71fcd" testName="TumbangPreso.Core.Tests.AccountRulesTests.AGoodPasswordIsAccepted(value: &quot;Test-only1&quot;)" computerName="DESKTOP-E4OQK9L" duration="00:00:00.0001144" startTime="2026-09-22T14:10:03.3984716+08:00" endTime="2026-09-22T14:10:03.3984716+08:00" testType="13cdc9d9-ddb5-4fa4-a97d-d965ccfc6d4b" outcome="Passed" testListId="8c84fa94-04c1-424b-9868-57a2d4851a1d" relativeResultsDirectory="b783bd69-bef3-4510-882c-5817afa8ed0f" />
    <UnitTestResult executionId="68d0fb92-54d8-4723-8a7c-58b1a53075e4" testId="feee9f20-70ec-34d1-f343-5f0fab472bb9" testName="TumbangPreso.Core.Tests.CustomCharacterTests.EveryIndexIsClampedRatherThanTrusted" computerName="DESKTOP-E4OQK9L" duration="00:00:00.0011456" startTime="2026-09-22T14:10:03.3378952+08:00" endTime="2026-09-22T14:10:03.3378953+08:00" testType="13cdc9d9-ddb5-4fa4-a97d-d965ccfc6d4b" outcome="Passed" testListId="8c84fa94-04c1-424b-9868-57a2d4851a1d" relativeResultsDirectory="68d0fb92-54d8-4723-8a7c-58b1a53075e4" />
    <UnitTestResult executionId="94fc54be-c6a5-468b-9cd3-9e842b76f7f1" testId="57fd808b-731b-b58f-15f6-f6181f040ee9" testName="TumbangPreso.Core.Tests.FrameSpikeTests.AFrameWorseThanTheTopBucketIsStillReportedExactly" computerName="DESKTOP-E4OQK9L" duration="00:00:00.0001684" startTime="2026-09-22T14:10:03.3701307+08:00" endTime="2026-09-22T14:10:03.3701308+08:00" testType="13cdc9d9-ddb5-4fa4-a97d-d965ccfc6d4b" outcome="Passed" testListId="8c84fa94-04c1-424b-9868-57a2d4851a1d" relativeResultsDirectory="94fc54be-c6a5-468b-9cd3-9e842b76f7f1" />
    <UnitTestResult executionId="da20562e-940d-45f5-9eca-061cc6648298" testId="eddb4ee3-f6f4-e779-3bf4-14a0e8a83e08" testName="TumbangPreso.Core.Tests.AccountRulesTests.TheUpgradeOfferIsQueuedForAnAnonymousPlayerWhoJustScored" computerName="DESKTOP-E4OQK9L" duration="00:00:00.0000706" startTime="2026-09-22T14:10:03.4042440+08:00" endTime="2026-09-22T14:10:03.4042440+08:00" testType="13cdc9d9-ddb5-4fa4-a97d-d965ccfc6d4b" outcome="Passed" testListId="8c84fa94-04c1-424b-9868-57a2d4851a1d" relativeResultsDirectory="da20562e-940d-45f5-9eca-061cc6648298" />
    <UnitTestResult executionId="45343a40-8902-41d2-8fcd-aec9193c7bf4" testId="548e43cc-ee86-6489-6007-91b487adf3f3" testName="TumbangPreso.Core.Tests.TelemetryTests.AnOrdinaryBucketNameIsAllowed(key: &quot;cores&quot;)" computerName="DESKTOP-E4OQK9L" duration="00:00:00.0000047" startTime="2026-09-22T14:10:03.3631479+08:00" endTime="2026-09-22T14:10:03.3631480+08:00" testType="13cdc9d9-ddb5-4fa4-a97d-d965ccfc6d4b" outcome="Passed" testListId="8c84fa94-04c1-424b-9868-57a2d4851a1d" relativeResultsDirectory="45343a40-8902-41d2-8fcd-aec9193c7bf4" />
    <UnitTestResult executionId="a58e6f09-cf80-4b22-a0f1-0e05b2cd07d7" testId="1a77c24d-af89-dfa3-f279-76bfe79a67d7" testName="TumbangPreso.Core.Tests.CustomGameScoreTargetTests.ANegativeTargetIsTreatedAsOff" computerName="DESKTOP-E4OQK9L" duration="00:00:00.0000751" startTime="2026-09-22T14:10:03.3895180+08:00" endTime="2026-09-22T14:10:03.3895181+08:00" testType="13cdc9d9-ddb5-4fa4-a97d-d965ccfc6d4b" outcome="Passed" testListId="8c84fa94-04c1-424b-9868-57a2d4851a1d" relativeResultsDirectory="a58e6f09-cf80-4b22-a0f1-0e05b2cd07d7" />
    <UnitTestResult executionId="e314fe1e-f44b-464e-ae2c-2c862e07a825" testId="1ef836b8-ba47-1dee-f82c-ab3c725ca70c" testName="TumbangPreso.Core.Tests.AccountRulesTests.ArrivalKeepsAFullHandleIntact" computerName="DESKTOP-E4OQK9L" duration="00:00:00.0000897" startTime="2026-09-22T14:10:03.4120564+08:00" endTime="2026-09-22T14:10:03.4120564+08:00" testType="13cdc9d9-ddb5-4fa4-a97d-d965ccfc6d4b" outcome="Passed" testListId="8c84fa94-04c1-424b-9868-57a2d4851a1d" relativeResultsDirectory="e314fe1e-f44b-464e-ae2c-2c862e07a825" />
    <UnitTestResult executionId="5fbbab9c-95be-47c9-941f-3be0ebab148f" testId="1b2120fc-27da-7f39-6897-1c41f00cc5c2" testName="TumbangPreso.Core.Tests.TelemetryTests.AFunnelStepIsNewOnlyOnce" computerName="DESKTOP-E4OQK9L" duration="00:00:00.0001538" startTime="2026-09-22T14:10:03.3899840+08:00" endTime="2026-09-22T14:10:03.3899840+08:00" testType="13cdc9d9-ddb5-4fa4-a97d-d965ccfc6d4b" outcome="Passed" testListId="8c84fa94-04c1-424b-9868-57a2d4851a1d" relativeResultsDirectory="5fbbab9c-95be-47c9-941f-3be0ebab148f" />
    <UnitTestResult executionId="512bdcd4-58dd-4d50-afb6-6dbd9f65a5ec" testId="bde3a342-07d1-9959-e21c-bd15456f0dc6" testName="TumbangPreso.Core.Tests.BannerTests.AClaimSurvivesTheRoundTripFieldForField" computerName="DESKTOP-E4OQK9L" duration="00:00:00.0034424" startTime="2026-09-22T14:10:03.3887379+08:00" endTime="2026-09-22T14:10:03.3887379+08:00" testType="13cdc9d9-ddb5-4fa4-a97d-d965ccfc6d4b" outcome="Passed" testListId="8c84fa94-04c1-424b-9868-57a2d4851a1d" relativeResultsDirectory="512bdcd4-58dd-4d50-afb6-6dbd9f65a5ec" />
    <UnitTestResult executionId="689154d9-fd97-440c-b344-5538620eba1c" testId="eb2ae963-8d02-bb59-0aca-fa57cb496342" testName="TumbangPreso.Core.Tests.AccountRulesTests.ABadPasswordIsRefusedAndSaysWhy(value: &quot;&quot;, because: &quot;at least&quot;)" computerName="DESKTOP-E4OQK9L" duration="00:00:00.0000045" startTime="2026-09-22T14:10:03.3934654+08:00" endTime="2026-09-22T14:10:03.3934655+08:00" testType="13cdc9d9-ddb5-4fa4-a97d-d965ccfc6d4b" outcome="Passed" testListId="8c84fa94-04c1-424b-9868-57a2d4851a1d" relativeResultsDirectory="689154d9-fd97-440c-b344-5538620eba1c" />
    <UnitTestResult executionId="bd3c2b98-f495-4e99-ad2b-e58fa665f04b" testId="917bb378-ba4d-6ada-8992-da8061025c50" testName="TumbangPreso.Core.Tests.MatchInvariantTests.EveryCorruptedOrderingIsCaught(seed: 11)" computerName="DESKTOP-E4OQK9L" duration="00:00:00.0018714" startTime="2026-09-22T14:10:03.4237424+08:00" endTime="2026-09-22T14:10:03.4237425+08:00" testType="13cdc9d9-ddb5-4fa4-a97d-d965ccfc6d4b" outcome="Passed" testListId="8c84fa94-04c1-424b-9868-57a2d4851a1d" relativeResultsDirectory="bd3c2b98-f495-4e99-ad2b-e58fa665f04b" />
    <UnitTestResult executionId="4adca7d0-f30e-4563-9480-1cbd10780f59" testId="b65dc369-0c9a-8c9d-6897-bf026205316a" testName="TumbangPreso.Core.Tests.BalanceTests.Scoreboard_PenaltiesClampAtZero" computerName="DESKTOP-E4OQK9L" duration="00:00:00.0028096" startTime="2026-09-22T14:10:03.3879967+08:00" endTime="2026-09-22T14:10:03.3879967+08:00" testType="13cdc9d9-ddb5-4fa4-a97d-d965ccfc6d4b" outcome="Passed" testListId="8c84fa94-04c1-424b-9868-57a2d4851a1d" relativeResultsDirectory="4adca7d0-f30e-4563-9480-1cbd10780f59" />
    <UnitTestResult executionId="96de8cd3-bd5d-4e1d-8497-b84a15b71d16" testId="d18c84c1-e037-6681-7072-7079afdc40ab" testName="TumbangPreso.Core.Tests.SabotageTests.NoSabotageWhenTheVictimIsAWalkAway" computerName="DESKTOP-E4OQK9L" duration="00:00:00.0010835" startTime="2026-09-22T14:10:03.3788069+08:00" endTime="2026-09-22T14:10:03.3788070+08:00" testType="13cdc9d9-ddb5-4fa4-a97d-d965ccfc6d4b" outcome="Passed" testListId="8c84fa94-04c1-424b-9868-57a2d4851a1d" relativeResultsDirectory="96de8cd3-bd5d-4e1d-8497-b84a15b71d16" />
    <UnitTestResult executionId="479f26a4-9b5b-455d-931d-ab61ac64f7ce" testId="31d0ec0e-f7c7-0e25-a782-09b0368afaaf" testName="TumbangPreso.Core.Tests.FrameRateTests.TheBandEdgesSitWhereTheBotsFallOver(fps: 12, band: &quot;fps_under_30&quot;)" computerName="DESKTOP-E4OQK9L" duration="00:00:00.0000059" startTime="2026-09-22T14:10:03.3360511+08:00" endTime="2026-09-22T14:10:03.3360512+08:00" testType="13cdc9d9-ddb5-4fa4-a97d-d965ccfc6d4b" outcome="Passed" testListId="8c84fa94-04c1-424b-9868-57a2d4851a1d" relativeResultsDirectory="479f26a4-9b5b-455d-931d-ab61ac64f7ce" />
    <UnitTestResult executionId="128a79fe-f53c-4191-85c6-9727ab0b9ce4" testId="95ec8e1b-444f-31cb-99c4-ffde15076c8d" testName="TumbangPreso.Core.Tests.BannerTests.TheSameTrackerCannotFillEverySlot" computerName="DESKTOP-E4OQK9L" duration="00:00:00.0012178" startTime="2026-09-22T14:10:03.3985832+08:00" endTime="2026-09-22T14:10:03.3985832+08:00" testType="13cdc9d9-ddb5-4fa4-a97d-d965ccfc6d4b" outcome="Passed" testListId="8c84fa94-04c1-424b-9868-57a2d4851a1d" relativeResultsDirectory="128a79fe-f53c-4191-85c6-9727ab0b9ce4" />
    <UnitTestResult executionId="bdfff6eb-1d08-4255-acad-1421ca3fcb0e" testId="085ac590-1d39-448e-80b2-8e903bde6b61" testName="TumbangPreso.Core.Tests.BalanceTests.DefenderSlot_ClampsRoundToAtLeastOne" computerName="DESKTOP-E4OQK9L" duration="00:00:00.0001005" startTime="2026-09-22T14:10:03.4157189+08:00" endTime="2026-09-22T14:10:03.4157190+08:00" testType="13cdc9d9-ddb5-4fa4-a97d-d965ccfc6d4b" outcome="Passed" testListId="8c84fa94-04c1-424b-9868-57a2d4851a1d" relativeResultsDirectory="bdfff6eb-1d08-4255-acad-1421ca3fcb0e" />
    <UnitTestResult executionId="c445c74f-fafc-40e7-ab0d-8e36e8b93658" testId="7c8290f1-0f57-4e78-756a-a20d6f22a469" testName="TumbangPreso.Core.Tests.AiTuningTests.AstigIsFastestAndStrictestButStillErrs" computerName="DESKTOP-E4OQK9L" duration="00:00:00.0001732" startTime="2026-09-22T14:10:03.3297221+08:00" endTime="2026-09-22T14:10:03.3297224+08:00" testType="13cdc9d9-ddb5-4fa4-a97d-d965ccfc6d4b" outcome="Passed" testListId="8c84fa94-04c1-424b-9868-57a2d4851a1d" relativeResultsDirectory="c445c74f-fafc-40e7-ab0d-8e36e8b93658" />
    <UnitTestResult executionId="82eb4976-e1df-402e-9477-aef4038a3ca3" testId="cbc143f0-d339-528d-6276-676b04b241cf" testName="TumbangPreso.Core.Tests.SocialTests.AnUnreadableTimestampReadsAsOffline(stamp: &quot;&quot;)" computerName="DESKTOP-E4OQK9L" duration="00:00:00.0001573" startTime="2026-09-22T14:10:03.4191529+08:00" endTime="2026-09-22T14:10:03.4191529+08:00" testType="13cdc9d9-ddb5-4fa4-a97d-d965ccfc6d4b" outcome="Passed" testListId="8c84fa94-04c1-424b-9868-57a2d4851a1d" relativeResultsDirectory="82eb4976-e1df-402e-9477-aef4038a3ca3" />
    <UnitTestResult executionId="f9907c1f-0086-4d0b-bb3a-f2632ae89b99" testId="71a3509a-d60e-b3e4-7cdd-6bdbca5f6a72" testName="TumbangPreso.Core.Tests.MoveBudgetTests.SilenceBanksAtMostTheCeiling" computerName="DESKTOP-E4OQK9L" duration="00:00:00.0002039" startTime="2026-09-22T14:10:03.4128051+08:00" endTime="2026-09-22T14:10:03.4128051+08:00" testType="13cdc9d9-ddb5-4fa4-a97d-d965ccfc6d4b" outcome="Passed" testListId="8c84fa94-04c1-424b-9868-57a2d4851a1d" relativeResultsDirectory="f9907c1f-0086-4d0b-bb3a-f2632ae89b99" />
    <UnitTestResult executionId="ca395c55-ce84-49ce-bd73-bbacb181fc21" testId="decaee97-5108-6f5b-9aa2-4dbba4be3ec1" testName="TumbangPreso.Core.Tests.CustomGameTests.TheScoreEventOrdinalsAreAWireContractAndOnlyGrowAtTheEnd" computerName="DESKTOP-E4OQK9L" duration="00:00:00.0001285" startTime="2026-09-22T14:10:03.3806067+08:00" endTime="2026-09-22T14:10:03.3806068+08:00" testType="13cdc9d9-ddb5-4fa4-a97d-d965ccfc6d4b" outcome="Passed" testListId="8c84fa94-04c1-424b-9868-57a2d4851a1d" relativeResultsDirectory="ca395c55-ce84-49ce-bd73-bbacb181fc21" />
    <UnitTestResult executionId="55d28749-54a3-49a8-b0af-e7ab095fa8ba" testId="db8fd057-0eeb-5fa7-f656-af7830e7e08e" testName="TumbangPreso.Core.Tests.BoardNamesTests.AnIndexOffTheEndIsAnsweredRatherThanThrown" computerName="DESKTOP-E4OQK9L" duration="00:00:00.0002332" startTime="2026-09-22T14:10:03.4179355+08:00" endTime="2026-09-22T14:10:03.4179356+08:00" testType="13cdc9d9-ddb5-4fa4-a97d-d965ccfc6d4b" outcome="Passed" testListId="8c84fa94-04c1-424b-9868-57a2d4851a1d" relativeResultsDirectory="55d28749-54a3-49a8-b0af-e7ab095fa8ba" />
    <UnitTestResult executionId="87895594-02ef-497d-b612-4c3e8bc7a0fc" testId="1cfb26b0-b5b3-871c-1fd9-442d6b791514" testName="TumbangPreso.Core.Tests.SocialTests.AFullFriendsListRefusesFurtherRequestsWithItsOwnReason" computerName="DESKTOP-E4OQK9L" duration="00:00:00.0002266" startTime="2026-09-22T14:10:03.4193968+08:00" endTime="2026-09-22T14:10:03.4193968+08:00" testType="13cdc9d9-ddb5-4fa4-a97d-d965ccfc6d4b" outcome="Passed" testListId="8c84fa94-04c1-424b-9868-57a2d4851a1d" relativeResultsDirectory="87895594-02ef-497d-b612-4c3e8bc7a0fc" />
    <UnitTestResult executionId="83f9ec9a-46e7-4730-a8a2-2e688876dabd" testId="7b90c839-063b-d339-e738-82e068d03e48" testName="TumbangPreso.Core.Tests.TelemetryTests.AParameterNamedAfterAPersonIsRefused(key: &quot;handle&quot;)" computerName="DESKTOP-E4OQK9L" duration="00:00:00.0000055" startTime="2026-09-22T14:10:03.3641638+08:00" endTime="2026-09-22T14:10:03.3641639+08:00" testType="13cdc9d9-ddb5-4fa4-a97d-d965ccfc6d4b" outcome="Passed" testListId="8c84fa94-04c1-424b-9868-57a2d4851a1d" relativeResultsDirectory="83f9ec9a-46e7-4730-a8a2-2e688876dabd" />
    <UnitTestResult executionId="cd4e9df8-c84b-4f6e-bdba-7ebc7a33f5ae" testId="8136cdb3-0da5-6ff7-73aa-c4d503ca3583" testName="TumbangPreso.Core.Tests.MatchInvariantTests.TheClampIsRealSoAPenaltyCannotDriveASeatNegative" computerName="DESKTOP-E4OQK9L" duration="00:00:00.0001178" startTime="2026-09-22T14:10:03.4227486+08:00" endTime="2026-09-22T14:10:03.4227487+08:00" testType="13cdc9d9-ddb5-4fa4-a97d-d965ccfc6d4b" outcome="Passed" testListId="8c84fa94-04c1-424b-9868-57a2d4851a1d" relativeResultsDirectory="cd4e9df8-c84b-4f6e-bdba-7ebc7a33f5ae" />
    <UnitTestResult executionId="f46a6f07-c698-48ba-b5a7-177b4ad36a57" testId="49df204a-1b9e-67c1-af46-561f68abc95a" testName="TumbangPreso.Core.Tests.SeatHandoverTests.ASeatIsHandedToABotAtTheAbsentPlayersOwnLevel" computerName="DESKTOP-E4OQK9L" duration="00:00:00.0033073" startTime="2026-09-22T14:10:03.3769878+08:00" endTime="2026-09-22T14:10:03.3769879+08:00" testType="13cdc9d9-ddb5-4fa4-a97d-d965ccfc6d4b" outcome="Passed" testListId="8c84fa94-04c1-424b-9868-57a2d4851a1d" relativeResultsDirectory="f46a6f07-c698-48ba-b5a7-177b4ad36a57" />
    <UnitTestResult executionId="5d73087b-b4db-459e-8277-bbc1976758af" testId="9cf41416-d6d5-abb9-11c9-93e12627dee9" testName="TumbangPreso.Core.Tests.DigestContractTests.TheReferenceRecordHashesToTheValueTheCloudCodeScriptAlsoProduces" computerName="DESKTOP-E4OQK9L" duration="00:00:00.0004199" startTime="2026-09-22T14:10:03.3748660+08:00" endTime="2026-09-22T14:10:03.3748661+08:00" testType="13cdc9d9-ddb5-4fa4-a97d-d965ccfc6d4b" outcome="Passed" testListId="8c84fa94-04c1-424b-9868-57a2d4851a1d" relativeResultsDirectory="5d73087b-b4db-459e-8277-bbc1976758af" />
    <UnitTestResult executionId="f2f38875-9919-4d04-8b68-f234445483cf" testId="6b83e1c9-90c4-0d08-1a43-8c8baf8c4993" testName="TumbangPreso.Core.Tests.BalanceTests.NeutralIsExactlyOne_OnEveryStat" computerName="DESKTOP-E4OQK9L" duration="00:00:00.0001334" startTime="2026-09-22T14:10:03.3755776+08:00" endTime="2026-09-22T14:10:03.3755776+08:00" testType="13cdc9d9-ddb5-4fa4-a97d-d965ccfc6d4b" outcome="Passed" testListId="8c84fa94-04c1-424b-9868-57a2d4851a1d" relativeResultsDirectory="f2f38875-9919-4d04-8b68-f234445483cf" />
    <UnitTestResult executionId="f2b2ec0b-a812-486b-a44a-473471cdddca" testId="7d0a6697-5d23-429e-8d28-1ac697261849" testName="TumbangPreso.Core.Tests.CustomGameTests.ARoundIsDecidedByOneSurvivorOrByNoneAndNeverByTwo" computerName="DESKTOP-E4OQK9L" duration="00:00:00.0005872" startTime="2026-09-22T14:10:03.3930383+08:00" endTime="2026-09-22T14:10:03.3930384+08:00" testType="13cdc9d9-ddb5-4fa4-a97d-d965ccfc6d4b" outcome="Passed" testListId="8c84fa94-04c1-424b-9868-57a2d4851a1d" relativeResultsDirectory="f2b2ec0b-a812-486b-a44a-473471cdddca" />
    <UnitTestResult executionId="7d10fa98-cd1c-4bfc-9b28-81c8c04edaa5" testId="cde12bfe-fbbd-efec-35ee-a26bf9758975" testName="TumbangPreso.Core.Tests.SocialTests.AHandleIsCleanedAndClampedRatherThanTrusted" computerName="DESKTOP-E4OQK9L" duration="00:00:00.0029830" startTime="2026-09-22T14:10:03.4199293+08:00" endTime="2026-09-22T14:10:03.4199294+08:00" testType="13cdc9d9-ddb5-4fa4-a97d-d965ccfc6d4b" outcome="Passed" testListId="8c84fa94-04c1-424b-9868-57a2d4851a1d" relativeResultsDirectory="7d10fa98-cd1c-4bfc-9b28-81c8c04edaa5" />
    <UnitTestResult executionId="ecbd37bf-a20d-4e7d-89d1-f07cf19c8dae" testId="394a3669-6495-f9c3-fd7d-761dbf00eec8" testName="TumbangPreso.Core.Tests.BalanceTests.TheBox_IsASquareAndNotACircle" computerName="DESKTOP-E4OQK9L" duration="00:00:00.0007337" startTime="2026-09-22T14:10:03.3973082+08:00" endTime="2026-09-22T14:10:03.3973083+08:00" testType="13cdc9d9-ddb5-4fa4-a97d-d965ccfc6d4b" outcome="Passed" testListId="8c84fa94-04c1-424b-9868-57a2d4851a1d" relativeResultsDirectory="ecbd37bf-a20d-4e7d-89d1-f07cf19c8dae" />
    <UnitTestResult executionId="aaacc4d2-506d-4531-9455-cf2790523a39" testId="bbaf9926-b06d-d109-55dc-d0b918e9cd0c" testName="TumbangPreso.Core.Tests.AccountRulesTests.TheUpgradeOfferIsNotQueuedForAPlayerItDoesNotApplyTo(isGuest: True, hasPassword: False, alreadyShown: False)" computerName="DESKTOP-E4OQK9L" duration="00:00:00.0001577" startTime="2026-09-22T14:10:03.3992935+08:00" endTime="2026-09-22T14:10:03.3992936+08:00" testType="13cdc9d9-ddb5-4fa4-a97d-d965ccfc6d4b" outcome="Passed" testListId="8c84fa94-04c1-424b-9868-57a2d4851a1d" relativeResultsDirectory="aaacc4d2-506d-4531-9455-cf2790523a39" />
    <UnitTestResult executionId="6f3b8730-ea33-49fc-b4d3-66e70b9fecb5" testId="c7023421-1657-a8f1-f954-990d7061ba08" testName="TumbangPreso.Core.Tests.SocialTests.AFullInboxRefusesFurtherRequests" computerName="DESKTOP-E4OQK9L" duration="00:00:00.0001853" startTime="2026-09-22T14:10:03.4165600+08:00" endTime="2026-09-22T14:10:03.4165601+08:00" testType="13cdc9d9-ddb5-4fa4-a97d-d965ccfc6d4b" outcome="Passed" testListId="8c84fa94-04c1-424b-9868-57a2d4851a1d" relativeResultsDirectory="6f3b8730-ea33-49fc-b4d3-66e70b9fecb5" />
    <UnitTestResult executionId="76a3c54d-8285-47af-a576-cb8d4df49a4a" testId="81b224d9-ab8d-9501-c5c8-1a7ed5845084" testName="TumbangPreso.Core.Tests.AiPersonalityRollTests.EveryRolledValueLandsInsideItsDocumentedRange" computerName="DESKTOP-E4OQK9L" duration="00:00:00.0034265" startTime="2026-09-22T14:10:03.3302107+08:00" endTime="2026-09-22T14:10:03.3302108+08:00" testType="13cdc9d9-ddb5-4fa4-a97d-d965ccfc6d4b" outcome="Passed" testListId="8c84fa94-04c1-424b-9868-57a2d4851a1d" relativeResultsDirectory="76a3c54d-8285-47af-a576-cb8d4df49a4a" />
    <UnitTestResult executionId="d02219ac-1a24-46ee-8854-21022d39f96d" testId="0980a4c3-c88b-b602-1fd5-3ffcc063c462" testName="TumbangPreso.Core.Tests.BalanceTests.ShoveKnockback_Is2Point50Metres" computerName="DESKTOP-E4OQK9L" duration="00:00:00.0000831" startTime="2026-09-22T14:10:03.3640323+08:00" endTime="2026-09-22T14:10:03.3640323+08:00" testType="13cdc9d9-ddb5-4fa4-a97d-d965ccfc6d4b" outcome="Passed" testListId="8c84fa94-04c1-424b-9868-57a2d4851a1d" relativeResultsDirectory="d02219ac-1a24-46ee-8854-21022d39f96d" />
    <UnitTestResult executionId="96879fe7-55f3-4807-87c7-c5e367808f86" testId="528003f8-6854-f231-8d57-c2e2b2da487a" testName="TumbangPreso.Core.Tests.BalanceTests.EntryZeroOfEachPropList_IsNeutral" computerName="DESKTOP-E4OQK9L" duration="00:00:00.0001505" startTime="2026-09-22T14:10:03.4116337+08:00" endTime="2026-09-22T14:10:03.4116337+08:00" testType="13cdc9d9-ddb5-4fa4-a97d-d965ccfc6d4b" outcome="Passed" testListId="8c84fa94-04c1-424b-9868-57a2d4851a1d" relativeResultsDirectory="96879fe7-55f3-4807-87c7-c5e367808f86" />
    <UnitTestResult executionId="3ce78528-ccdc-4a45-a9be-c0457946a819" testId="32755598-0d5e-ab80-513f-8e83d961965e" testName="TumbangPreso.Core.Tests.BannerTests.NormalisingNullAnswersAnEmptyBannerRatherThanNull" computerName="DESKTOP-E4OQK9L" duration="00:00:00.0002991" startTime="2026-09-22T14:10:03.3974096+08:00" endTime="2026-09-22T14:10:03.3974096+08:00" testType="13cdc9d9-ddb5-4fa4-a97d-d965ccfc6d4b" outcome="Passed" testListId="8c84fa94-04c1-424b-9868-57a2d4851a1d" relativeResultsDirectory="3ce78528-ccdc-4a45-a9be-c0457946a819" />
    <UnitTestResult executionId="38706526-e633-4964-ba62-0b26f54cf861" testId="ae50bebf-01cd-a6e0-1533-904e75d57901" testName="TumbangPreso.Core.Tests.SabotageTests.NoSabotageWhenThereIsNoTayaAtAll" computerName="DESKTOP-E4OQK9L" duration="00:00:00.0001287" startTime="2026-09-22T14:10:03.3796599+08:00" endTime="2026-09-22T14:10:03.3796600+08:00" testType="13cdc9d9-ddb5-4fa4-a97d-d965ccfc6d4b" outcome="Passed" testListId="8c84fa94-04c1-424b-9868-57a2d4851a1d" relativeResultsDirectory="38706526-e633-4964-ba62-0b26f54cf861" />
    <UnitTestResult executionId="af991dd3-452a-4162-b2a6-9888bb2db74c" testId="d4474589-a8e9-7d4e-549b-1f05fb6580a2" testName="TumbangPreso.Core.Tests.ProgressionTests.TheBarNeverLeavesTheCurrentLevel" computerName="DESKTOP-E4OQK9L" duration="00:00:00.0001731" startTime="2026-09-22T14:10:03.4052044+08:00" endTime="2026-09-22T14:10:03.4052045+08:00" testType="13cdc9d9-ddb5-4fa4-a97d-d965ccfc6d4b" outcome="Passed" testListId="8c84fa94-04c1-424b-9868-57a2d4851a1d" relativeResultsDirectory="af991dd3-452a-4162-b2a6-9888bb2db74c" />
    <UnitTestResult executionId="c508e997-7a37-4bf1-a676-a9b8ae154659" testId="1af2847d-361c-a2af-2635-d28ce08985c3" testName="TumbangPreso.Core.Tests.MapRotationTests.APluralityWins" computerName="DESKTOP-E4OQK9L" duration="00:00:00.0001243" startTime="2026-09-22T14:10:03.4023970+08:00" endTime="2026-09-22T14:10:03.4023971+08:00" testType="13cdc9d9-ddb5-4fa4-a97d-d965ccfc6d4b" outcome="Passed" testListId="8c84fa94-04c1-424b-9868-57a2d4851a1d" relativeResultsDirectory="c508e997-7a37-4bf1-a676-a9b8ae154659" />
    <UnitTestResult executionId="0da4ebb5-6d26-4ead-96b2-67a91b4a91f6" testId="d8a2cfd6-02b3-6d0f-282f-b9dd8cb6dfb5" testName="TumbangPreso.Core.Tests.ClassicCosmeticCharacterTests.EveryClassicCharacterHasNeutralGameplayMultipliers" computerName="DESKTOP-E4OQK9L" duration="00:00:00.0105175" startTime="2026-09-22T14:10:03.3184245+08:00" endTime="2026-09-22T14:10:03.3184245+08:00" testType="13cdc9d9-ddb5-4fa4-a97d-d965ccfc6d4b" outcome="Passed" testListId="8c84fa94-04c1-424b-9868-57a2d4851a1d" relativeResultsDirectory="0da4ebb5-6d26-4ead-96b2-67a91b4a91f6" />
    <UnitTestResult executionId="281fb776-7a28-42ee-b2ea-6bdd5a21978c" testId="53c0cfd0-ad78-eaba-c708-7e0ca04614d5" testName="TumbangPreso.Core.Tests.BalanceTests.Mash_LeavesTheKnockdownClipTimeToPlay" computerName="DESKTOP-E4OQK9L" duration="00:00:00.0001741" startTime="2026-09-22T14:10:03.4178240+08:00" endTime="2026-09-22T14:10:03.4178240+08:00" testType="13cdc9d9-ddb5-4fa4-a97d-d965ccfc6d4b" outcome="Passed" testListId="8c84fa94-04c1-424b-9868-57a2d4851a1d" relativeResultsDirectory="281fb776-7a28-42ee-b2ea-6bdd5a21978c" />
    <UnitTestResult executionId="87f080d2-8cb7-41d1-b75f-927015329f00" testId="12b37991-3d7f-ff99-a036-dc7470af1e3e" testName="TumbangPreso.Core.Tests.FrameRateTests.TheBandEdgesSitWhereTheBotsFallOver(fps: 30, band: &quot;fps_30_50&quot;)" computerName="DESKTOP-E4OQK9L" duration="00:00:00.0000033" startTime="2026-09-22T14:10:03.3365215+08:00" endTime="2026-09-22T14:10:03.3365216+08:00" testType="13cdc9d9-ddb5-4fa4-a97d-d965ccfc6d4b" outcome="Passed" testListId="8c84fa94-04c1-424b-9868-57a2d4851a1d" relativeResultsDirectory="87f080d2-8cb7-41d1-b75f-927015329f00" />
    <UnitTestResult executionId="81f2814f-f254-4ba2-9d0a-18524f58f9a9" testId="4f28a12f-6c67-d03f-7ea8-e32e835f8650" testName="TumbangPreso.Core.Tests.BannerTests.ABannerCannotCarryAGameplayNumber" computerName="DESKTOP-E4OQK9L" duration="00:00:00.0005884" startTime="2026-09-22T14:10:03.3965672+08:00" endTime="2026-09-22T14:10:03.3965673+08:00" testType="13cdc9d9-ddb5-4fa4-a97d-d965ccfc6d4b" outcome="Passed" testListId="8c84fa94-04c1-424b-9868-57a2d4851a1d" relativeResultsDirectory="81f2814f-f254-4ba2-9d0a-18524f58f9a9" />
    <UnitTestResult executionId="13d3e3c6-f300-4e91-970f-27ba3ec0d22b" testId="804177f7-0d84-55d2-29fb-ae7030341c04" testName="TumbangPreso.Core.Tests.BannerTests.OneUnearnedFieldDoesNotTakeTheEarnedOnesWithIt" computerName="DESKTOP-E4OQK9L" duration="00:00:00.0001655" startTime="2026-09-22T14:10:03.4026347+08:00" endTime="2026-09-22T14:10:03.4026348+08:00" testType="13cdc9d9-ddb5-4fa4-a97d-d965ccfc6d4b" outcome="Passed" testListId="8c84fa94-04c1-424b-9868-57a2d4851a1d" relativeResultsDirectory="13d3e3c6-f300-4e91-970f-27ba3ec0d22b" />
    <UnitTestResult executionId="dd15eb08-59e3-46b0-b3c6-00106442bdfc" testId="809cdf9f-5aed-27bf-1d66-6ea8ef8b6b8d" testName="TumbangPreso.Core.Tests.RatingTests.OneFourPlayerMatchIsSixPairwiseOutcomes" computerName="DESKTOP-E4OQK9L" duration="00:00:00.0020467" startTime="2026-09-22T14:10:03.3722564+08:00" endTime="2026-09-22T14:10:03.3722565+08:00" testType="13cdc9d9-ddb5-4fa4-a97d-d965ccfc6d4b" outcome="Passed" testListId="8c84fa94-04c1-424b-9868-57a2d4851a1d" relativeResultsDirectory="dd15eb08-59e3-46b0-b3c6-00106442bdfc" />
    <UnitTestResult executionId="023c8cb7-197c-431b-96fb-f4d8551d2765" testId="5193929f-1618-adee-ede6-12457b40249a" testName="TumbangPreso.Core.Tests.BalanceTests.ASprintBuysOneCrossingOfTheDangerZone" computerName="DESKTOP-E4OQK9L" duration="00:00:00.0002593" startTime="2026-09-22T14:10:03.3921224+08:00" endTime="2026-09-22T14:10:03.3921224+08:00" testType="13cdc9d9-ddb5-4fa4-a97d-d965ccfc6d4b" outcome="Passed" testListId="8c84fa94-04c1-424b-9868-57a2d4851a1d" relativeResultsDirectory="023c8cb7-197c-431b-96fb-f4d8551d2765" />
    <UnitTestResult executionId="19b8899e-28f1-480f-bad1-fd40dd229d3f" testId="ca4b43d7-84cf-3324-e4a2-75fc25e5e58d" testName="TumbangPreso.Core.Tests.RosterIntegrityTests.ACustomCharacterNameSurvivesTheCodec(name: &quot;Tondo:Kid&quot;)" computerName="DESKTOP-E4OQK9L" duration="00:00:00.0002181" startTime="2026-09-22T14:10:03.3381015+08:00" endTime="2026-09-22T14:10:03.3381016+08:00" testType="13cdc9d9-ddb5-4fa4-a97d-d965ccfc6d4b" outcome="Passed" testListId="8c84fa94-04c1-424b-9868-57a2d4851a1d" relativeResultsDirectory="19b8899e-28f1-480f-bad1-fd40dd229d3f" />
    <UnitTestResult executionId="aa489f6e-b29d-4273-987a-d77382755865" testId="ea380e30-564d-df99-b9d3-3f9d8ff1ba5b" testName="TumbangPreso.Core.Tests.BoardNamesTests.TheSeparatorIsTheOneTheLobbyAlreadyUses" computerName="DESKTOP-E4OQK9L" duration="00:00:00.0341381" startTime="2026-09-22T14:10:03.4178749+08:00" endTime="2026-09-22T14:10:03.4178749+08:00" testType="13cdc9d9-ddb5-4fa4-a97d-d965ccfc6d4b" outcome="Passed" testListId="8c84fa94-04c1-424b-9868-57a2d4851a1d" relativeResultsDirectory="aa489f6e-b29d-4273-987a-d77382755865" />
    <UnitTestResult executionId="df23cdd2-586d-41c6-bcbc-5b54be3974e2" testId="ae8674b4-f1d8-6fb6-1a5c-f8a1367cff43" testName="TumbangPreso.Core.Tests.AccountRulesTests.ValidRemoteValuesWinAndMissingRemoteValuesKeepLocalData" computerName="DESKTOP-E4OQK9L" duration="00:00:00.0010684" startTime="2026-09-22T14:10:03.4024840+08:00" endTime="2026-09-22T14:10:03.4024840+08:00" testType="13cdc9d9-ddb5-4fa4-a97d-d965ccfc6d4b" outcome="Passed" testListId="8c84fa94-04c1-424b-9868-57a2d4851a1d" relativeResultsDirectory="df23cdd2-586d-41c6-bcbc-5b54be3974e2" />
    <UnitTestResult executionId="f54b817f-9de9-4ea7-9820-2601211b785a" testId="43f44956-a843-df71-fda3-2a51c10bfdaa" testName="TumbangPreso.Core.Tests.TelemetryTests.TheFunnelIsTheSixStepsInThisOrder" computerName="DESKTOP-E4OQK9L" duration="00:00:00.0004586" startTime="2026-09-22T14:10:03.3685235+08:00" endTime="2026-09-22T14:10:03.3685236+08:00" testType="13cdc9d9-ddb5-4fa4-a97d-d965ccfc6d4b" outcome="Passed" testListId="8c84fa94-04c1-424b-9868-57a2d4851a1d" relativeResultsDirectory="f54b817f-9de9-4ea7-9820-2601211b785a" />
    <UnitTestResult executionId="ba37811c-45c0-41e8-a74d-52dd64570704" testId="20895995-7106-9499-b167-9368a2a31c01" testName="TumbangPreso.Core.Tests.IntegrityTests.ComingBackInsideTheWindowIsNotALeaveAtAll" computerName="DESKTOP-E4OQK9L" duration="00:00:00.0002207" startTime="2026-09-22T14:10:03.3569170+08:00" endTime="2026-09-22T14:10:03.3569171+08:00" testType="13cdc9d9-ddb5-4fa4-a97d-d965ccfc6d4b" outcome="Passed" testListId="8c84fa94-04c1-424b-9868-57a2d4851a1d" relativeResultsDirectory="ba37811c-45c0-41e8-a74d-52dd64570704" />
    <UnitTestResult executionId="dadda80d-7bc5-4bcb-95e7-735247ab784a" testId="7756a32a-99a8-7424-3e7d-298e3d439bc1" testName="TumbangPreso.Core.Tests.MapRotationTests.ATiedVoteGoesToTheMapYouAreNotAlreadyOn" computerName="DESKTOP-E4OQK9L" duration="00:00:00.0001192" startTime="2026-09-22T14:10:03.4041712+08:00" endTime="2026-09-22T14:10:03.4041713+08:00" testType="13cdc9d9-ddb5-4fa4-a97d-d965ccfc6d4b" outcome="Passed" testListId="8c84fa94-04c1-424b-9868-57a2d4851a1d" relativeResultsDirectory="dadda80d-7bc5-4bcb-95e7-735247ab784a" />
    <UnitTestResult executionId="0cf073ad-f0a1-44d0-94e0-d45931ec3c28" testId="1ef0c84f-e8cb-a1a7-7afe-da73b59f8008" testName="TumbangPreso.Core.Tests.TelemetryTests.AParameterNamedAfterAPersonIsRefused(key: &quot;player_name&quot;)" computerName="DESKTOP-E4OQK9L" duration="00:00:00.0000028" startTime="2026-09-22T14:10:03.3666648+08:00" endTime="2026-09-22T14:10:03.3666648+08:00" testType="13cdc9d9-ddb5-4fa4-a97d-d965ccfc6d4b" outcome="Passed" testListId="8c84fa94-04c1-424b-9868-57a2d4851a1d" relativeResultsDirectory="0cf073ad-f0a1-44d0-94e0-d45931ec3c28" />
    <UnitTestResult executionId="cd5b0052-1417-4938-a0f1-7695baa082f0" testId="7a95ef8e-dfdf-f871-7d6c-0582d8f70f96" testName="TumbangPreso.Core.Tests.RatingTests.NothingDecaysWhileAPlayerIsAway" computerName="DESKTOP-E4OQK9L" duration="00:00:00.0009001" startTime="2026-09-22T14:10:03.3297847+08:00" endTime="2026-09-22T14:10:03.3297847+08:00" testType="13cdc9d9-ddb5-4fa4-a97d-d965ccfc6d4b" outcome="Passed" testListId="8c84fa94-04c1-424b-9868-57a2d4851a1d" relativeResultsDirectory="cd5b0052-1417-4938-a0f1-7695baa082f0" />
    <UnitTestResult executionId="b0cd22c5-32eb-4ae4-985f-453244a9053c" testId="2b5b93c5-aa7e-6405-b690-a32258f7ddee" testName="TumbangPreso.Core.Tests.AccountRulesTests.OfflineDiscriminatorIsStableAndFourDigits" computerName="DESKTOP-E4OQK9L" duration="00:00:00.0121947" startTime="2026-09-22T14:10:03.3916778+08:00" endTime="2026-09-22T14:10:03.3916778+08:00" testType="13cdc9d9-ddb5-4fa4-a97d-d965ccfc6d4b" outcome="Passed" testListId="8c84fa94-04c1-424b-9868-57a2d4851a1d" relativeResultsDirectory="b0cd22c5-32eb-4ae4-985f-453244a9053c" />
    <UnitTestResult executionId="125126ba-6e64-4d6e-ac72-0b37c0354542" testId="977006eb-b3ee-b2d7-f132-517ef0c44411" testName="TumbangPreso.Core.Tests.AiTuningTests.EveryTierRespectsTheKeyboardLungeConeFloor" computerName="DESKTOP-E4OQK9L" duration="00:00:00.0002333" startTime="2026-09-22T14:10:03.3281168+08:00" endTime="2026-09-22T14:10:03.3281168+08:00" testType="13cdc9d9-ddb5-4fa4-a97d-d965ccfc6d4b" outcome="Passed" testListId="8c84fa94-04c1-424b-9868-57a2d4851a1d" relativeResultsDirectory="125126ba-6e64-4d6e-ac72-0b37c0354542" />
    <UnitTestResult executionId="0c2acf15-aa5d-4559-9b0b-cfe64ab394a6" testId="e23a7c65-ce38-a7dd-28ca-9e587a17f34e" testName="TumbangPreso.Core.Tests.AccountRulesTests.ArrivalIsStableForTheSameTokenAcrossRestarts" computerName="DESKTOP-E4OQK9L" duration="00:00:00.0000834" startTime="2026-09-22T14:10:03.4050687+08:00" endTime="2026-09-22T14:10:03.4050688+08:00" testType="13cdc9d9-ddb5-4fa4-a97d-d965ccfc6d4b" outcome="Passed" testListId="8c84fa94-04c1-424b-9868-57a2d4851a1d" relativeResultsDirectory="0c2acf15-aa5d-4559-9b0b-cfe64ab394a6" />
    <UnitTestResult executionId="2069fd10-e89f-4409-ac4f-527343e0dade" testId="d1c36e31-0fae-00ef-2ed5-d19c85f143fa" testName="TumbangPreso.Core.Tests.BalanceTests.MatchLengthFollowsTheSelectedMode" computerName="DESKTOP-E4OQK9L" duration="00:00:00.0001912" startTime="2026-09-22T14:10:03.3935186+08:00" endTime="2026-09-22T14:10:03.3935187+08:00" testType="13cdc9d9-ddb5-4fa4-a97d-d965ccfc6d4b" outcome="Passed" testListId="8c84fa94-04c1-424b-9868-57a2d4851a1d" relativeResultsDirectory="2069fd10-e89f-4409-ac4f-527343e0dade" />
    <UnitTestResult executionId="add53b6f-fd5c-43ad-9c8e-55f910e2e9a2" testId="e1995517-bc42-402f-ebd1-873898ac420f" testName="TumbangPreso.Core.Tests.MapRotationTests.AMajorityMayKeepTheMapItIsAlreadyOn" computerName="DESKTOP-E4OQK9L" duration="00:00:00.0001084" startTime="2026-09-22T14:10:03.4007682+08:00" endTime="2026-09-22T14:10:03.4007682+08:00" testType="13cdc9d9-ddb5-4fa4-a97d-d965ccfc6d4b" outcome="Passed" testListId="8c84fa94-04c1-424b-9868-57a2d4851a1d" relativeResultsDirectory="add53b6f-fd5c-43ad-9c8e-55f910e2e9a2" />
    <UnitTestResult executionId="f75907e6-0262-4f4a-bfdc-4a39783abdb9" testId="c77db402-1b7f-e97b-ecd1-891599c4da41" testName="TumbangPreso.Core.Tests.AccountRulesTests.InvalidDisplayNamesAreRefused(raw: &quot;&quot;)" computerName="DESKTOP-E4OQK9L" duration="00:00:00.0000080" startTime="2026-09-22T14:10:03.3967393+08:00" endTime="2026-09-22T14:10:03.3967393+08:00" testType="13cdc9d9-ddb5-4fa4-a97d-d965ccfc6d4b" outcome="Passed" testListId="8c84fa94-04c1-424b-9868-57a2d4851a1d" relativeResultsDirectory="f75907e6-0262-4f4a-bfdc-4a39783abdb9" />
    <UnitTestResult executionId="a4cc7d3a-a7d5-4ed3-abab-92906d01662c" testId="6036fdf2-98e0-7c02-3417-4be60eca34ec" testName="TumbangPreso.Core.Tests.AccountRulesTests.AGoodUsernameIsAccepted(value: &quot;mat.001&quot;)" computerName="DESKTOP-E4OQK9L" duration="00:00:00.0000846" startTime="2026-09-22T14:10:03.4054221+08:00" endTime="2026-09-22T14:10:03.4054222+08:00" testType="13cdc9d9-ddb5-4fa4-a97d-d965ccfc6d4b" outcome="Passed" testListId="8c84fa94-04c1-424b-9868-57a2d4851a1d" relativeResultsDirectory="a4cc7d3a-a7d5-4ed3-abab-92906d01662c" />
    <UnitTestResult executionId="32641271-819d-49da-9add-baaaf8dcb1d4" testId="774edf53-21bc-db5c-ecff-3c4d5a4f5b6c" testName="TumbangPreso.Core.Tests.AccountRulesTests.AnUncheckedPeerKeepsTheNameItClaimed(check: Unreachable)" computerName="DESKTOP-E4OQK9L" duration="00:00:00.0001194" startTime="2026-09-22T14:10:03.4035352+08:00" endTime="2026-09-22T14:10:03.4035353+08:00" testType="13cdc9d9-ddb5-4fa4-a97d-d965ccfc6d4b" outcome="Passed" testListId="8c84fa94-04c1-424b-9868-57a2d4851a1d" relativeResultsDirectory="32641271-819d-49da-9add-baaaf8dcb1d4" />
    <UnitTestResult executionId="be193543-0b5b-41f9-88a6-a53c69c18174" testId="bae675a9-4b50-ef79-f2db-38486113a2d1" testName="TumbangPreso.Core.Tests.MoveBudgetTests.ZeroDistancePacketsAreAcceptedAndSpendNothing" computerName="DESKTOP-E4OQK9L" duration="00:00:00.0013717" startTime="2026-09-22T14:10:03.3955103+08:00" endTime="2026-09-22T14:10:03.3955104+08:00" testType="13cdc9d9-ddb5-4fa4-a97d-d965ccfc6d4b" outcome="Passed" testListId="8c84fa94-04c1-424b-9868-57a2d4851a1d" relativeResultsDirectory="be193543-0b5b-41f9-88a6-a53c69c18174" />
    <UnitTestResult executionId="72a49d33-bfcd-41b6-bfc0-bdc9d05813e3" testId="ed508319-7a47-59e0-6ce9-4cdbfcf94511" testName="TumbangPreso.Core.Tests.BannerTests.AMalformedFrameDecodesToAnEmptyBannerRatherThanThrowing(frame: &quot;a|b|c|d|e|f|12|:5&quot;)" computerName="DESKTOP-E4OQK9L" duration="00:00:00.0001658" startTime="2026-09-22T14:10:03.3946569+08:00" endTime="2026-09-22T14:10:03.3946570+08:00" testType="13cdc9d9-ddb5-4fa4-a97d-d965ccfc6d4b" outcome="Passed" testListId="8c84fa94-04c1-424b-9868-57a2d4851a1d" relativeResultsDirectory="72a49d33-bfcd-41b6-bfc0-bdc9d05813e3" />
    <UnitTestResult executionId="70f8ebf5-9623-4c5c-95e7-7f211345c11b" testId="47b69272-fc9a-6c0a-f7f1-8763cc7958f8" testName="TumbangPreso.Core.Tests.FrameRateTests.ASteadySixtyReadsBackAsSixty" computerName="DESKTOP-E4OQK9L" duration="00:00:00.0034950" startTime="2026-09-22T14:10:03.3580533+08:00" endTime="2026-09-22T14:10:03.3580533+08:00" testType="13cdc9d9-ddb5-4fa4-a97d-d965ccfc6d4b" outcome="Passed" testListId="8c84fa94-04c1-424b-9868-57a2d4851a1d" relativeResultsDirectory="70f8ebf5-9623-4c5c-95e7-7f211345c11b" />
    <UnitTestResult executionId="2eb3575f-6f2a-49c5-acf7-a2eecf1beaad" testId="5c08449a-b873-483b-af3f-8890e6deb8e6" testName="TumbangPreso.Core.Tests.AccountRulesTests.AHandleIsOwnedOnlyByTheAccountWhoseIdProducesItsTag" computerName="DESKTOP-E4OQK9L" duration="00:00:00.0001003" startTime="2026-09-22T14:10:03.4043864+08:00" endTime="2026-09-22T14:10:03.4043865+08:00" testType="13cdc9d9-ddb5-4fa4-a97d-d965ccfc6d4b" outcome="Passed" testListId="8c84fa94-04c1-424b-9868-57a2d4851a1d" relativeResultsDirectory="2eb3575f-6f2a-49c5-acf7-a2eecf1beaad" />
    <UnitTestResult executionId="428868ce-7a31-4ee8-8d70-9d4b87d5ace5" testId="89083229-9739-b3d4-a3dc-0e4bc3431943" testName="TumbangPreso.Core.Tests.MatchmakingTests.FourEqualRatingsAreAPerfectMatchAndAnEmptyRoomTakesAnybody" computerName="DESKTOP-E4OQK9L" duration="00:00:00.0001399" startTime="2026-09-22T14:10:03.3474241+08:00" endTime="2026-09-22T14:10:03.3474241+08:00" testType="13cdc9d9-ddb5-4fa4-a97d-d965ccfc6d4b" outcome="Passed" testListId="8c84fa94-04c1-424b-9868-57a2d4851a1d" relativeResultsDirectory="428868ce-7a31-4ee8-8d70-9d4b87d5ace5" />
    <UnitTestResult executionId="05944e19-ee4e-4e64-8925-c013395c1331" testId="158d3439-fe2c-488b-8428-d1f295b11386" testName="TumbangPreso.Core.Tests.BalanceTests.BodyBlock_InHeroStrike_IsStillDividedByTheBlockersGrit" computerName="DESKTOP-E4OQK9L" duration="00:00:00.0002885" startTime="2026-09-22T14:10:03.4177233+08:00" endTime="2026-09-22T14:10:03.4177233+08:00" testType="13cdc9d9-ddb5-4fa4-a97d-d965ccfc6d4b" outcome="Passed" testListId="8c84fa94-04c1-424b-9868-57a2d4851a1d" relativeResultsDirectory="05944e19-ee4e-4e64-8925-c013395c1331" />
    <UnitTestResult executionId="bf6aceba-c34a-46fb-b7ef-6da02ad7e5d9" testId="146595e3-2e7a-9f88-90be-5fba52778499" testName="TumbangPreso.Core.Tests.AccountRulesTests.TheDerivedTagMatchesTheServerScriptsCopyOfTheSameHash(playerId: &quot;qmSg3PKweGRSWqRcd9g0Bo80UKH4&quot;, expected: &quot;3831&quot;)" computerName="DESKTOP-E4OQK9L" duration="00:00:00.0000063" startTime="2026-09-22T14:10:03.3941027+08:00" endTime="2026-09-22T14:10:03.3941027+08:00" testType="13cdc9d9-ddb5-4fa4-a97d-d965ccfc6d4b" outcome="Passed" testListId="8c84fa94-04c1-424b-9868-57a2d4851a1d" relativeResultsDirectory="bf6aceba-c34a-46fb-b7ef-6da02ad7e5d9" />
    <UnitTestResult executionId="0fc05275-0191-4596-b39e-ec8385b29cef" testId="2ab52b7b-3d46-f09f-66ef-824c2fa79df5" testName="TumbangPreso.Core.Tests.RatingTests.OneMatchMovesASettledPlayerAboutAsMuchAsOneGameShould" computerName="DESKTOP-E4OQK9L" duration="00:00:00.0013495" startTime="2026-09-22T14:10:03.3580341+08:00" endTime="2026-09-22T14:10:03.3580342+08:00" testType="13cdc9d9-ddb5-4fa4-a97d-d965ccfc6d4b" outcome="Passed" testListId="8c84fa94-04c1-424b-9868-57a2d4851a1d" relativeResultsDirectory="0fc05275-0191-4596-b39e-ec8385b29cef" />
    <UnitTestResult executionId="08c9dba7-ab8d-4fea-9702-4a85e0560f31" testId="d7afdf80-b79e-7283-ca6e-9558e8390bd8" testName="TumbangPreso.Core.Tests.CustomCharacterTests.EveryPresetIsLegal" computerName="DESKTOP-E4OQK9L" duration="00:00:00.0006884" startTime="2026-09-22T14:10:03.3495763+08:00" endTime="2026-09-22T14:10:03.3495764+08:00" testType="13cdc9d9-ddb5-4fa4-a97d-d965ccfc6d4b" outcome="Passed" testListId="8c84fa94-04c1-424b-9868-57a2d4851a1d" relativeResultsDirectory="08c9dba7-ab8d-4fea-9702-4a85e0560f31" />
    <UnitTestResult executionId="9ff6989d-0c39-4a69-a6f9-15aafdef3b64" testId="6fb3f943-de8f-c4b5-82e3-9ce987099098" testName="TumbangPreso.Core.Tests.TelemetryTests.AnOrdinaryBucketNameIsAllowed(key: &quot;screen_w&quot;)" computerName="DESKTOP-E4OQK9L" duration="00:00:00.0000054" startTime="2026-09-22T14:10:03.3623457+08:00" endTime="2026-09-22T14:10:03.3623458+08:00" testType="13cdc9d9-ddb5-4fa4-a97d-d965ccfc6d4b" outcome="Passed" testListId="8c84fa94-04c1-424b-9868-57a2d4851a1d" relativeResultsDirectory="9ff6989d-0c39-4a69-a6f9-15aafdef3b64" />
    <UnitTestResult executionId="4c95bf14-9d61-41e2-be9b-4b143809ad4a" testId="03a383d3-0e9c-b838-9666-31e96c6595e8" testName="TumbangPreso.Core.Tests.PlayerProfileTests.OneMatchLandsInTheModeItWasPlayedIn" computerName="DESKTOP-E4OQK9L" duration="00:00:00.0003482" startTime="2026-09-22T14:10:03.3542360+08:00" endTime="2026-09-22T14:10:03.3542360+08:00" testType="13cdc9d9-ddb5-4fa4-a97d-d965ccfc6d4b" outcome="Passed" testListId="8c84fa94-04c1-424b-9868-57a2d4851a1d" relativeResultsDirectory="4c95bf14-9d61-41e2-be9b-4b143809ad4a" />
    <UnitTestResult executionId="12e4d7b0-69ab-4c4d-9d92-b7e5bd2c32ad" testId="84f94300-7a7c-b381-eff2-682c1c9d4ef8" testName="TumbangPreso.Core.Tests.AccountRulesTests.TheAccountNameLimitIsTheOneTheWireAndTheHudUse" computerName="DESKTOP-E4OQK9L" duration="00:00:00.0000734" startTime="2026-09-22T14:10:03.4049638+08:00" endTime="2026-09-22T14:10:03.4049639+08:00" testType="13cdc9d9-ddb5-4fa4-a97d-d965ccfc6d4b" outcome="Passed" testListId="8c84fa94-04c1-424b-9868-57a2d4851a1d" relativeResultsDirectory="12e4d7b0-69ab-4c4d-9d92-b7e5bd2c32ad" />
    <UnitTestResult executionId="7ee65e26-c071-407c-ade3-45073a015eb2" testId="66ea537f-e6cc-30bb-2d40-6682d9b74227" testName="TumbangPreso.Core.Tests.BalanceTests.AttackerSpawnRing_IsOutsideTheBox" computerName="DESKTOP-E4OQK9L" duration="00:00:00.0002441" startTime="2026-09-22T14:10:03.3685871+08:00" endTime="2026-09-22T14:10:03.3685871+08:00" testType="13cdc9d9-ddb5-4fa4-a97d-d965ccfc6d4b" outcome="Passed" testListId="8c84fa94-04c1-424b-9868-57a2d4851a1d" relativeResultsDirectory="7ee65e26-c071-407c-ade3-45073a015eb2" />
    <UnitTestResult executionId="10fe3dbc-bafa-4d3f-a9f2-018bce5f4a52" testId="3d33395d-afe2-d37d-042d-743d0fabbba0" testName="TumbangPreso.Core.Tests.HumanCadenceTuningTests.AKeyChangeBeatCannotBeChargedByOctantFlapping" computerName="DESKTOP-E4OQK9L" duration="00:00:00.0000641" startTime="2026-09-22T14:10:03.3886691+08:00" endTime="2026-09-22T14:10:03.3886692+08:00" testType="13cdc9d9-ddb5-4fa4-a97d-d965ccfc6d4b" outcome="Passed" testListId="8c84fa94-04c1-424b-9868-57a2d4851a1d" relativeResultsDirectory="10fe3dbc-bafa-4d3f-a9f2-018bce5f4a52" />
    <UnitTestResult executionId="c0345e40-63fe-4fc6-ae3f-ab73dc1d3c01" testId="a7e9f2c2-bbbc-f70d-9071-278c1cbc248b" testName="TumbangPreso.Core.Tests.AiTuningTests.DifficultyIsMonotonicWhereItShouldBe" computerName="DESKTOP-E4OQK9L" duration="00:00:00.0084043" startTime="2026-09-22T14:10:03.2986436+08:00" endTime="2026-09-22T14:10:03.2986437+08:00" testType="13cdc9d9-ddb5-4fa4-a97d-d965ccfc6d4b" outcome="Passed" testListId="8c84fa94-04c1-424b-9868-57a2d4851a1d" relativeResultsDirectory="c0345e40-63fe-4fc6-ae3f-ab73dc1d3c01" />
    <UnitTestResult executionId="e11fb5ec-13ff-4eeb-8536-5550ee227490" testId="e59c204d-4309-991c-c462-63f3abe31f50" testName="TumbangPreso.Core.Tests.AbilitySenseTuningTests.TheVictimMarginIsUnderTheWindupCrossing" computerName="DESKTOP-E4OQK9L" duration="00:00:00.0001687" startTime="2026-09-22T14:10:03.3310591+08:00" endTime="2026-09-22T14:10:03.3310592+08:00" testType="13cdc9d9-ddb5-4fa4-a97d-d965ccfc6d4b" outcome="Passed" testListId="8c84fa94-04c1-424b-9868-57a2d4851a1d" relativeResultsDirectory="e11fb5ec-13ff-4eeb-8536-5550ee227490" />
    <UnitTestResult executionId="b74f5176-4bc5-4798-ba9f-5b47bdfc1fc1" testId="9b27727d-7f82-041f-c0af-858a7f25f198" testName="TumbangPreso.Core.Tests.ProgressionTests.ARefusedApplyHandsBackNoAward" computerName="DESKTOP-E4OQK9L" duration="00:00:00.0001332" startTime="2026-09-22T14:10:03.4207150+08:00" endTime="2026-09-22T14:10:03.4207150+08:00" testType="13cdc9d9-ddb5-4fa4-a97d-d965ccfc6d4b" outcome="Passed" testListId="8c84fa94-04c1-424b-9868-57a2d4851a1d" relativeResultsDirectory="b74f5176-4bc5-4798-ba9f-5b47bdfc1fc1" />
    <UnitTestResult executionId="c219ecee-98b6-42f2-9829-152b52ff4f9a" testId="8a38d984-25d3-8ad5-3bca-b4cb1c8f4c14" testName="TumbangPreso.Core.Tests.AccountRulesTests.ABadPasswordIsRefusedAndSaysWhy(value: &quot;Testonly1&quot;, because: &quot;capital&quot;)" computerName="DESKTOP-E4OQK9L" duration="00:00:00.0000034" startTime="2026-09-22T14:10:03.3929833+08:00" endTime="2026-09-22T14:10:03.3929834+08:00" testType="13cdc9d9-ddb5-4fa4-a97d-d965ccfc6d4b" outcome="Passed" testListId="8c84fa94-04c1-424b-9868-57a2d4851a1d" relativeResultsDirectory="c219ecee-98b6-42f2-9829-152b52ff4f9a" />
    <UnitTestResult executionId="695a580d-cadb-4cfe-879c-4800c6b2e4e9" testId="5d13a103-4cbc-d780-4518-4c1deff270db" testName="TumbangPreso.Core.Tests.StaminaRefundTests.ClearingFatigueOnARefundAlsoLeavesTheSpeedStackWhereItStarted" computerName="DESKTOP-E4OQK9L" duration="00:00:00.0002281" startTime="2026-09-22T14:10:03.3807868+08:00" endTime="2026-09-22T14:10:03.3807868+08:00" testType="13cdc9d9-ddb5-4fa4-a97d-d965ccfc6d4b" outcome="Passed" testListId="8c84fa94-04c1-424b-9868-57a2d4851a1d" relativeResultsDirectory="695a580d-cadb-4cfe-879c-4800c6b2e4e9" />
    <UnitTestResult executionId="28e88164-361a-431c-a95b-2b437f9785cf" testId="bacb4487-b3ea-9030-12fe-41cdd685c9a7" testName="TumbangPreso.Core.Tests.SocialTests.BlockingRemovesThemFromEveryOtherList" computerName="DESKTOP-E4OQK9L" duration="00:00:00.0006886" startTime="2026-09-22T14:10:03.4157716+08:00" endTime="2026-09-22T14:10:03.4157716+08:00" testType="13cdc9d9-ddb5-4fa4-a97d-d965ccfc6d4b" outcome="Passed" testListId="8c84fa94-04c1-424b-9868-57a2d4851a1d" relativeResultsDirectory="28e88164-361a-431c-a95b-2b437f9785cf" />
    <UnitTestResult executionId="edd4b1d9-96da-4a54-a5ed-7df651170681" testId="b6a047ab-4649-b850-09bd-c54155b00790" testName="TumbangPreso.Core.Tests.RatingTests.EveryPlayerIsUpdatedAgainstTheStateEverybodyStartedIn" computerName="DESKTOP-E4OQK9L" duration="00:00:00.0004692" startTime="2026-09-22T14:10:03.3531030+08:00" endTime="2026-09-22T14:10:03.3531030+08:00" testType="13cdc9d9-ddb5-4fa4-a97d-d965ccfc6d4b" outcome="Passed" testListId="8c84fa94-04c1-424b-9868-57a2d4851a1d" relativeResultsDirectory="edd4b1d9-96da-4a54-a5ed-7df651170681" />
    <UnitTestResult executionId="f0882266-5d1f-4979-b83a-2bf2a8111688" testId="259b037a-06f7-e46c-8ac4-64870da30577" testName="TumbangPreso.Core.Tests.MatchInvariantTests.OneGameplayEventCannotAwardItsPointsTwice" computerName="DESKTOP-E4OQK9L" duration="00:00:00.0001014" startTime="2026-09-22T14:10:03.4242318+08:00" endTime="2026-09-22T14:10:03.4242319+08:00" testType="13cdc9d9-ddb5-4fa4-a97d-d965ccfc6d4b" outcome="Passed" testListId="8c84fa94-04c1-424b-9868-57a2d4851a1d" relativeResultsDirectory="f0882266-5d1f-4979-b83a-2bf2a8111688" />
    <UnitTestResult executionId="74e4afb7-de75-4270-9b7b-aaf2c774be49" testId="1bfc1936-52b1-a74e-0e82-272f7664e729" testName="TumbangPreso.Core.Tests.HeroLoadoutTests.EveryVariantBelongsToAHeroTheGameActuallyHas" computerName="DESKTOP-E4OQK9L" duration="00:00:00.0003987" startTime="2026-09-22T14:10:03.4164040+08:00" endTime="2026-09-22T14:10:03.4164040+08:00" testType="13cdc9d9-ddb5-4fa4-a97d-d965ccfc6d4b" outcome="Passed" testListId="8c84fa94-04c1-424b-9868-57a2d4851a1d" relativeResultsDirectory="74e4afb7-de75-4270-9b7b-aaf2c774be49" />
    <UnitTestResult executionId="013f5882-0ee0-4826-b70b-eedf98d8ba72" testId="3f01365f-eac5-418b-a0a7-b74a654a118a" testName="TumbangPreso.Core.Tests.SabotageTests.NoSabotageWhenTheTayaCannotCapitalise" computerName="DESKTOP-E4OQK9L" duration="00:00:00.0001221" startTime="2026-09-22T14:10:03.3795236+08:00" endTime="2026-09-22T14:10:03.3795237+08:00" testType="13cdc9d9-ddb5-4fa4-a97d-d965ccfc6d4b" outcome="Passed" testListId="8c84fa94-04c1-424b-9868-57a2d4851a1d" relativeResultsDirectory="013f5882-0ee0-4826-b70b-eedf98d8ba72" />
    <UnitTestResult executionId="3cbac51e-daa5-4e6c-adde-4abbcc837df7" testId="5fbadadd-bd05-634c-d7f8-a02729890551" testName="TumbangPreso.Core.Tests.PartyTests.EveryRefusalSaysWhatToDoNext" computerName="DESKTOP-E4OQK9L" duration="00:00:00.0011227" startTime="2026-09-22T14:10:03.3915594+08:00" endTime="2026-09-22T14:10:03.3915595+08:00" testType="13cdc9d9-ddb5-4fa4-a97d-d965ccfc6d4b" outcome="Passed" testListId="8c84fa94-04c1-424b-9868-57a2d4851a1d" relativeResultsDirectory="3cbac51e-daa5-4e6c-adde-4abbcc837df7" />
    <UnitTestResult executionId="1d053a9a-ea58-4d05-81b8-e703d4a1bc9e" testId="d037b8bd-3baf-4fd3-64fc-929409178cce" testName="TumbangPreso.Core.Tests.CustomCharacterTests.AnUnreadableWireIsADefaultCharacterAndNeverAGuess(wire: &quot;&quot;)" computerName="DESKTOP-E4OQK9L" duration="00:00:00.0000040" startTime="2026-09-22T14:10:03.3333023+08:00" endTime="2026-09-22T14:10:03.3333024+08:00" testType="13cdc9d9-ddb5-4fa4-a97d-d965ccfc6d4b" outcome="Passed" testListId="8c84fa94-04c1-424b-9868-57a2d4851a1d" relativeResultsDirectory="1d053a9a-ea58-4d05-81b8-e703d4a1bc9e" />
    <UnitTestResult executionId="42df32aa-6ec9-4677-a9f2-c6bb9f54e001" testId="5cd54430-55b2-94ba-a9f9-0cbe9e741e62" testName="TumbangPreso.Core.Tests.MapRotationTests.ASilentLobbyStillGetsAFreshMap" computerName="DESKTOP-E4OQK9L" duration="00:00:00.0003711" startTime="2026-09-22T14:10:03.3978842+08:00" endTime="2026-09-22T14:10:03.3978842+08:00" testType="13cdc9d9-ddb5-4fa4-a97d-d965ccfc6d4b" outcome="Passed" testListId="8c84fa94-04c1-424b-9868-57a2d4851a1d" relativeResultsDirectory="42df32aa-6ec9-4677-a9f2-c6bb9f54e001" />
    <UnitTestResult executionId="f3503d4f-1998-42bd-a3f3-ab5924bad445" testId="3c4205e8-d81a-8764-a5f4-f0bc0ad82efb" testName="TumbangPreso.Core.Tests.PlayerProfileTests.NormaliseFillsInEveryListAProfileScreenWalks" computerName="DESKTOP-E4OQK9L" duration="00:00:00.0001816" startTime="2026-09-22T14:10:03.3495083+08:00" endTime="2026-09-22T14:10:03.3495084+08:00" testType="13cdc9d9-ddb5-4fa4-a97d-d965ccfc6d4b" outcome="Passed" testListId="8c84fa94-04c1-424b-9868-57a2d4851a1d" relativeResultsDirectory="f3503d4f-1998-42bd-a3f3-ab5924bad445" />
    <UnitTestResult executionId="7220d909-36cf-440a-9df7-484b41de0d40" testId="7be25097-827c-fb1a-506a-f261f748760c" testName="TumbangPreso.Core.Tests.RosterIntegrityTests.MostOfThePaletteIsStillReachable" computerName="DESKTOP-E4OQK9L" duration="00:00:00.0001295" startTime="2026-09-22T14:10:03.3492642+08:00" endTime="2026-09-22T14:10:03.3492643+08:00" testType="13cdc9d9-ddb5-4fa4-a97d-d965ccfc6d4b" outcome="Passed" testListId="8c84fa94-04c1-424b-9868-57a2d4851a1d" relativeResultsDirectory="7220d909-36cf-440a-9df7-484b41de0d40" />
    <UnitTestResult executionId="54851458-bdc5-4a77-932a-c3e14a9b3890" testId="1df19853-d513-2b81-948a-7198e0b58655" testName="TumbangPreso.Core.Tests.HumanCadenceTuningTests.BoredomCannotBeResetByTheLoiterItIsWatching" computerName="DESKTOP-E4OQK9L" duration="00:00:00.0000878" startTime="2026-09-22T14:10:03.3785689+08:00" endTime="2026-09-22T14:10:03.3785690+08:00" testType="13cdc9d9-ddb5-4fa4-a97d-d965ccfc6d4b" outcome="Passed" testListId="8c84fa94-04c1-424b-9868-57a2d4851a1d" relativeResultsDirectory="54851458-bdc5-4a77-932a-c3e14a9b3890" />
    <UnitTestResult executionId="136fb255-622e-4efc-ab5c-e867771c4650" testId="5360d461-b8e1-77f6-beb8-c143c68ede86" testName="TumbangPreso.Core.Tests.FrameRateTests.TheFrameRateEventKeepsEveryColumnItSends" computerName="DESKTOP-E4OQK9L" duration="00:00:00.0003725" startTime="2026-09-22T14:10:03.3835915+08:00" endTime="2026-09-22T14:10:03.3835916+08:00" testType="13cdc9d9-ddb5-4fa4-a97d-d965ccfc6d4b" outcome="Passed" testListId="8c84fa94-04c1-424b-9868-57a2d4851a1d" relativeResultsDirectory="136fb255-622e-4efc-ab5c-e867771c4650" />
    <UnitTestResult executionId="de94084c-8383-4dd2-ae95-3cb280a6a00c" testId="fa95273c-dcdc-95bc-657c-2a404c245c94" testName="TumbangPreso.Core.Tests.FrameSpikeTests.NothingCountedIsNoSpike" computerName="DESKTOP-E4OQK9L" duration="00:00:00.0001263" startTime="2026-09-22T14:10:03.3721576+08:00" endTime="2026-09-22T14:10:03.3721577+08:00" testType="13cdc9d9-ddb5-4fa4-a97d-d965ccfc6d4b" outcome="Passed" testListId="8c84fa94-04c1-424b-9868-57a2d4851a1d" relativeResultsDirectory="de94084c-8383-4dd2-ae95-3cb280a6a00c" />
    <UnitTestResult executionId="37ac3203-6a68-4ad4-98ce-6a44059f79af" testId="7de04ae1-5329-5d44-a311-6d9574183650" testName="TumbangPreso.Core.Tests.MatchRecordTests.ARecordWithNoLineForThisPlayerIsRefusedWithoutCallingTheEndpoint" computerName="DESKTOP-E4OQK9L" duration="00:00:00.0051364" startTime="2026-09-22T14:10:03.3461537+08:00" endTime="2026-09-22T14:10:03.3461538+08:00" testType="13cdc9d9-ddb5-4fa4-a97d-d965ccfc6d4b" outcome="Passed" testListId="8c84fa94-04c1-424b-9868-57a2d4851a1d" relativeResultsDirectory="37ac3203-6a68-4ad4-98ce-6a44059f79af" />
    <UnitTestResult executionId="d4b3a119-dbab-4c13-99e5-6512d6c20eb9" testId="56b1a627-198c-acce-b55a-e87f280a1ebc" testName="TumbangPreso.Core.Tests.BalanceTests.HitWindow_MatchesThePublishedPerCanFigures" computerName="DESKTOP-E4OQK9L" duration="00:00:00.0001260" startTime="2026-09-22T14:10:03.3927416+08:00" endTime="2026-09-22T14:10:03.3927416+08:00" testType="13cdc9d9-ddb5-4fa4-a97d-d965ccfc6d4b" outcome="Passed" testListId="8c84fa94-04c1-424b-9868-57a2d4851a1d" relativeResultsDirectory="d4b3a119-dbab-4c13-99e5-6512d6c20eb9" />
    <UnitTestResult executionId="0705dce7-770a-482b-aef8-9383dd26aff1" testId="7e62c511-f75d-81cc-9657-cb6bf30f7cb1" testName="TumbangPreso.Core.Tests.RosterIntegrityTests.ACustomCharacterNameSurvivesTheCodec(name: &quot;100% Kalye&quot;)" computerName="DESKTOP-E4OQK9L" duration="00:00:00.0000151" startTime="2026-09-22T14:10:03.3389566+08:00" endTime="2026-09-22T14:10:03.3389567+08:00" testType="13cdc9d9-ddb5-4fa4-a97d-d965ccfc6d4b" outcome="Passed" testListId="8c84fa94-04c1-424b-9868-57a2d4851a1d" relativeResultsDirectory="0705dce7-770a-482b-aef8-9383dd26aff1" />
    <UnitTestResult executionId="eae14ad0-61fe-4ff5-a751-20ecb4b20ed2" testId="10eee549-244e-a05b-b952-23c7bf144404" testName="TumbangPreso.Core.Tests.SabotageTests.TargetSelectionPrefersTheShoveWithTheClearestObjectiveOutcome" computerName="DESKTOP-E4OQK9L" duration="00:00:00.0002313" startTime="2026-09-22T14:10:03.3803149+08:00" endTime="2026-09-22T14:10:03.3803150+08:00" testType="13cdc9d9-ddb5-4fa4-a97d-d965ccfc6d4b" outcome="Passed" testListId="8c84fa94-04c1-424b-9868-57a2d4851a1d" relativeResultsDirectory="eae14ad0-61fe-4ff5-a751-20ecb4b20ed2" />
    <UnitTestResult executionId="8c5cd6e4-a07e-4fe8-947c-1af544334100" testId="54548bc4-3686-eb5c-be91-ca62e82c0aaa" testName="TumbangPreso.Core.Tests.IntegrityTests.AMajorityDoesNotOverruleADissenter" computerName="DESKTOP-E4OQK9L" duration="00:00:00.0070834" startTime="2026-09-22T14:10:03.3350758+08:00" endTime="2026-09-22T14:10:03.3350759+08:00" testType="13cdc9d9-ddb5-4fa4-a97d-d965ccfc6d4b" outcome="Passed" testListId="8c84fa94-04c1-424b-9868-57a2d4851a1d" relativeResultsDirectory="8c5cd6e4-a07e-4fe8-947c-1af544334100" />
    <UnitTestResult executionId="893ae8b0-57f8-4b0c-9cc7-c133a586ac40" testId="62cdb0f5-a80e-5d9c-c042-c63ddd625a87" testName="TumbangPreso.Core.Tests.RatingTests.TheSeasonSoftResetPullsTowardTheMeanKeepsThePeakAndDropsTheFloor" computerName="DESKTOP-E4OQK9L" duration="00:00:00.0002065" startTime="2026-09-22T14:10:03.3473524+08:00" endTime="2026-09-22T14:10:03.3473524+08:00" testType="13cdc9d9-ddb5-4fa4-a97d-d965ccfc6d4b" outcome="Passed" testListId="8c84fa94-04c1-424b-9868-57a2d4851a1d" relativeResultsDirectory="893ae8b0-57f8-4b0c-9cc7-c133a586ac40" />
    <UnitTestResult executionId="58f20bce-acc2-4343-97ea-a13021cf2310" testId="0c60f2d0-d633-1d92-48b7-44def02e23b2" testName="TumbangPreso.Core.Tests.BalanceTests.HeroUltimateEconomy_OneObjectiveIsOneCharge" computerName="DESKTOP-E4OQK9L" duration="00:00:00.0001044" startTime="2026-09-22T14:10:03.4140488+08:00" endTime="2026-09-22T14:10:03.4140489+08:00" testType="13cdc9d9-ddb5-4fa4-a97d-d965ccfc6d4b" outcome="Passed" testListId="8c84fa94-04c1-424b-9868-57a2d4851a1d" relativeResultsDirectory="58f20bce-acc2-4343-97ea-a13021cf2310" />
    <UnitTestResult executionId="d292db97-86f6-43d3-ab85-d429b6ccf1b5" testId="af40384f-b2e5-393c-4b26-9b52b38d28f5" testName="TumbangPreso.Core.Tests.PlayerProfileTests.ClassicAndHeroStrikeNeverShareATotal" computerName="DESKTOP-E4OQK9L" duration="00:00:00.0003592" startTime="2026-09-22T14:10:03.3502270+08:00" endTime="2026-09-22T14:10:03.3502271+08:00" testType="13cdc9d9-ddb5-4fa4-a97d-d965ccfc6d4b" outcome="Passed" testListId="8c84fa94-04c1-424b-9868-57a2d4851a1d" relativeResultsDirectory="d292db97-86f6-43d3-ab85-d429b6ccf1b5" />
    <UnitTestResult executionId="aafae6b8-209f-44af-a012-4eac55c5b67d" testId="5caa923e-e930-ecd9-8d5c-86d4e005acef" testName="TumbangPreso.Core.Tests.HumanCadenceTuningTests.NormalIsTheMostHumanTierAndThatIsNotMonotonic" computerName="DESKTOP-E4OQK9L" duration="00:00:00.0001337" startTime="2026-09-22T14:10:03.3885652+08:00" endTime="2026-09-22T14:10:03.3885652+08:00" testType="13cdc9d9-ddb5-4fa4-a97d-d965ccfc6d4b" outcome="Passed" testListId="8c84fa94-04c1-424b-9868-57a2d4851a1d" relativeResultsDirectory="aafae6b8-209f-44af-a012-4eac55c5b67d" />
    <UnitTestResult executionId="dcc588be-40d5-44b0-9185-b2e0ed219796" testId="3fadc68b-95bd-e3c6-faf2-f53dadddbf39" testName="TumbangPreso.Core.Tests.FrameRateTests.AFrameSlowerThanTheLastBucketIsReportedAsAtLeastThatSlow" computerName="DESKTOP-E4OQK9L" duration="00:00:00.0011444" startTime="2026-09-22T14:10:03.3347156+08:00" endTime="2026-09-22T14:10:03.3347159+08:00" testType="13cdc9d9-ddb5-4fa4-a97d-d965ccfc6d4b" outcome="Passed" testListId="8c84fa94-04c1-424b-9868-57a2d4851a1d" relativeResultsDirectory="dcc588be-40d5-44b0-9185-b2e0ed219796" />
    <UnitTestResult executionId="961ae24d-5889-470d-8f1a-f8ab0055c259" testId="541152bc-3faa-5f48-1865-1ec746bf2ffb" testName="TumbangPreso.Core.Tests.FrameRateTests.TheBandEdgesSitWhereTheBotsFallOver(fps: 29.899999999999999, band: &quot;fps_under_30&quot;)" computerName="DESKTOP-E4OQK9L" duration="00:00:00.0000032" startTime="2026-09-22T14:10:03.3377317+08:00" endTime="2026-09-22T14:10:03.3377318+08:00" testType="13cdc9d9-ddb5-4fa4-a97d-d965ccfc6d4b" outcome="Passed" testListId="8c84fa94-04c1-424b-9868-57a2d4851a1d" relativeResultsDirectory="961ae24d-5889-470d-8f1a-f8ab0055c259" />
    <UnitTestResult executionId="1434f634-e8ee-4040-b28b-38b0bc461d34" testId="cbd6283d-86c1-3de4-40f7-95d67dd1fe67" testName="TumbangPreso.Core.Tests.TelemetryTests.EveryFunnelStepIsAlsoAKnownEvent" computerName="DESKTOP-E4OQK9L" duration="00:00:00.0001605" startTime="2026-09-22T14:10:03.3667376+08:00" endTime="2026-09-22T14:10:03.3667376+08:00" testType="13cdc9d9-ddb5-4fa4-a97d-d965ccfc6d4b" outcome="Passed" testListId="8c84fa94-04c1-424b-9868-57a2d4851a1d" relativeResultsDirectory="1434f634-e8ee-4040-b28b-38b0bc461d34" />
    <UnitTestResult executionId="bc0ad2a0-b7b2-45d7-aaaa-47f96ae7be84" testId="1c79c2b7-f60a-8c0b-99d5-22728f815561" testName="TumbangPreso.Core.Tests.BalanceTests.Mash_ShortensATripButNeverCancelsIt" computerName="DESKTOP-E4OQK9L" duration="00:00:00.0002186" startTime="2026-09-22T14:10:03.3758815+08:00" endTime="2026-09-22T14:10:03.3758815+08:00" testType="13cdc9d9-ddb5-4fa4-a97d-d965ccfc6d4b" outcome="Passed" testListId="8c84fa94-04c1-424b-9868-57a2d4851a1d" relativeResultsDirectory="bc0ad2a0-b7b2-45d7-aaaa-47f96ae7be84" />
    <UnitTestResult executionId="1735b9a8-67db-4186-97e5-7686cb106341" testId="41099c94-254f-cd61-2739-a8c6fe9696a4" testName="TumbangPreso.Core.Tests.BannerTests.ATitleThatWasNeverEarnedIsDroppedRatherThanWorn" computerName="DESKTOP-E4OQK9L" duration="00:00:00.0002539" startTime="2026-09-22T14:10:03.3992162+08:00" endTime="2026-09-22T14:10:03.3992163+08:00" testType="13cdc9d9-ddb5-4fa4-a97d-d965ccfc6d4b" outcome="Passed" testListId="8c84fa94-04c1-424b-9868-57a2d4851a1d" relativeResultsDirectory="1735b9a8-67db-4186-97e5-7686cb106341" />
    <UnitTestResult executionId="caff4d86-11bd-4747-b73a-7476ae690191" testId="ec828316-1775-a406-409f-24dd1b787fca" testName="TumbangPreso.Core.Tests.TagTargetWeightTests.StandingOverTheLataOutranksTheCommitToSomebodyOnTheChalk" computerName="DESKTOP-E4OQK9L" duration="00:00:00.0002063" startTime="2026-09-22T14:10:03.3966533+08:00" endTime="2026-09-22T14:10:03.3966534+08:00" testType="13cdc9d9-ddb5-4fa4-a97d-d965ccfc6d4b" outcome="Passed" testListId="8c84fa94-04c1-424b-9868-57a2d4851a1d" relativeResultsDirectory="caff4d86-11bd-4747-b73a-7476ae690191" />
[...]
    <TestEntry testId="bc2c0ea8-85b3-73f9-6fee-2bdc5a8d2d34" executionId="f89375c3-0dd2-4c33-9cdb-94126fe006bf" testListId="8c84fa94-04c1-424b-9868-57a2d4851a1d" />
    <TestEntry testId="44b0ab24-00b8-ef15-db9d-523ed4371c56" executionId="af20c740-b250-4e68-9a16-26a936288f42" testListId="8c84fa94-04c1-424b-9868-57a2d4851a1d" />
    <TestEntry testId="58e3abbc-3791-51cd-1099-950329a336ae" executionId="8c98938f-6439-40ec-9912-3e1f8abf05e9" testListId="8c84fa94-04c1-424b-9868-57a2d4851a1d" />
    <TestEntry testId="70fee9e7-a560-20b3-ca11-fa6efe6936d8" executionId="50b4d113-73d4-45c2-a4f2-df83ce3057f7" testListId="8c84fa94-04c1-424b-9868-57a2d4851a1d" />
    <TestEntry testId="4fab5481-6292-6ee4-945e-a133146259df" executionId="93d924a5-296b-450f-8598-40e1f63dea6d" testListId="8c84fa94-04c1-424b-9868-57a2d4851a1d" />
    <TestEntry testId="9375b5a7-4f09-0a00-4a58-8ce62016b10e" executionId="debd6bdd-48d9-468e-a547-a857124e248c" testListId="8c84fa94-04c1-424b-9868-57a2d4851a1d" />
    <TestEntry testId="1a7d1aaf-60d3-1ef6-103f-263ff3b4417a" executionId="f5787c26-2f8e-4da1-8788-a261d3af78ff" testListId="8c84fa94-04c1-424b-9868-57a2d4851a1d" />
    <TestEntry testId="fb76871f-d447-4188-d3ec-7a81ac99f3f4" executionId="c2b9de89-7e7e-4966-a7ca-563e5a2d1f7c" testListId="8c84fa94-04c1-424b-9868-57a2d4851a1d" />
    <TestEntry testId="da811516-c8c6-9d95-a5b4-64c61b2986a2" executionId="f69bcd7a-6457-4f2b-81e1-8d4673744491" testListId="8c84fa94-04c1-424b-9868-57a2d4851a1d" />
    <TestEntry testId="80d5e269-a19e-97c8-9e56-2117b19364b6" executionId="d44520d9-a5b5-41e0-8ce2-94707c61cb5f" testListId="8c84fa94-04c1-424b-9868-57a2d4851a1d" />
    <TestEntry testId="306ed1d0-d389-c4ac-f638-d3ee0f4853ca" executionId="86dad347-d57b-4ae9-8a81-b9403a57daf5" testListId="8c84fa94-04c1-424b-9868-57a2d4851a1d" />
    <TestEntry testId="52d5e4c8-26cb-602f-e88c-021fbb57b3d5" executionId="c3a576e8-6c59-402e-9873-52c82e434435" testListId="8c84fa94-04c1-424b-9868-57a2d4851a1d" />
    <TestEntry testId="55b1878e-3a0d-ad2b-dca4-d6556d2373bf" executionId="1eaef68c-fd3a-48e0-8f85-1205d945f9f8" testListId="8c84fa94-04c1-424b-9868-57a2d4851a1d" />
    <TestEntry testId="b4da16bb-f1ae-18c5-3e88-db2e7c8a98cd" executionId="272d54a0-c3be-4c6e-8202-0dd2f25f2098" testListId="8c84fa94-04c1-424b-9868-57a2d4851a1d" />
    <TestEntry testId="519c2d91-b3b0-952d-68d4-b1a8ed06660d" executionId="68ff3e1e-9d8e-4a6b-91b7-db93527b8580" testListId="8c84fa94-04c1-424b-9868-57a2d4851a1d" />
    <TestEntry testId="8b33b1b8-2a21-d7b0-a2c6-3cec341b477f" executionId="d4c4e2f7-2338-41ae-ba76-988900d78b70" testListId="8c84fa94-04c1-424b-9868-57a2d4851a1d" />
    <TestEntry testId="648128e5-4f58-2db3-0310-eadf03bc11fc" executionId="cf99fea0-d15e-4c37-9f79-6b669f3e699f" testListId="8c84fa94-04c1-424b-9868-57a2d4851a1d" />
    <TestEntry testId="75937489-0553-90c6-ca52-783f95266632" executionId="cd53c6e0-2d91-41c1-80c3-3026a9b0453d" testListId="8c84fa94-04c1-424b-9868-57a2d4851a1d" />
    <TestEntry testId="a0b153be-0b4d-0627-b38a-4a120ee3dd44" executionId="2be0ede6-252d-4eb4-91a9-d5d0300bd68b" testListId="8c84fa94-04c1-424b-9868-57a2d4851a1d" />
    <TestEntry testId="c54d7a8d-579c-31ed-f3a0-75f272a4c949" executionId="26b65b0a-643d-4286-90d7-0e441b0402c1" testListId="8c84fa94-04c1-424b-9868-57a2d4851a1d" />
    <TestEntry testId="65f60afb-0c1c-3b17-c0c8-453346efaa80" executionId="5ce91793-755f-4434-9dd1-b75caad1b56a" testListId="8c84fa94-04c1-424b-9868-57a2d4851a1d" />
    <TestEntry testId="96aef474-9595-1b98-635b-89bd3ea73c5f" executionId="58d105fc-b6d1-4406-a30d-8d8cf5fe1c59" testListId="8c84fa94-04c1-424b-9868-57a2d4851a1d" />
    <TestEntry testId="047e0a05-1fdd-0dd2-1ad9-20548903e5f7" executionId="8fb2f0b6-be6e-4b73-97f2-6bb50003c0d1" testListId="8c84fa94-04c1-424b-9868-57a2d4851a1d" />
    <TestEntry testId="21d40779-12c2-d400-634f-f4d604b540a3" executionId="038bf48f-9162-4a93-b2e6-a22a8a88a4fb" testListId="8c84fa94-04c1-424b-9868-57a2d4851a1d" />
    <TestEntry testId="c010ffdc-3dc4-2718-2082-b2238581823b" executionId="19bf85ca-ad43-4dfc-b927-51485d41f9b4" testListId="8c84fa94-04c1-424b-9868-57a2d4851a1d" />
    <TestEntry testId="887d7973-d421-6cd9-dd01-c3e252a3790d" executionId="36e1ee77-c448-4e09-9c66-af2154cf12d7" testListId="8c84fa94-04c1-424b-9868-57a2d4851a1d" />
    <TestEntry testId="83abde4c-229c-baf0-78f8-2a98a8da0908" executionId="6a224ef2-7363-4844-abcc-948cd06cdbd4" testListId="8c84fa94-04c1-424b-9868-57a2d4851a1d" />
    <TestEntry testId="f74a5456-2c98-2ae5-01c0-5a8bf8fd504a" executionId="397911c8-fcdd-4df1-868e-9768bec7aba8" testListId="8c84fa94-04c1-424b-9868-57a2d4851a1d" />
    <TestEntry testId="7537eceb-02f7-ac9d-1223-853b73f9673c" executionId="8c3df343-cf41-4097-bf3a-089088e34538" testListId="8c84fa94-04c1-424b-9868-57a2d4851a1d" />
    <TestEntry testId="91029139-c6fe-1d41-c734-a942798cc26c" executionId="3d0096d5-e2e7-4350-9bce-eed5b1aabec1" testListId="8c84fa94-04c1-424b-9868-57a2d4851a1d" />
    <TestEntry testId="6dffe66d-eba5-f111-f193-bceb88695964" executionId="ce147306-bee8-4ae9-b344-77b463bbb7fa" testListId="8c84fa94-04c1-424b-9868-57a2d4851a1d" />
    <TestEntry testId="e86fc825-0a15-673d-b4dd-20a6e4fb01c7" executionId="e2a4d736-d68d-4800-992a-6ae052f32247" testListId="8c84fa94-04c1-424b-9868-57a2d4851a1d" />
    <TestEntry testId="1274d623-8cd6-7682-fa55-c1a8d63dd320" executionId="68e7c35f-7a55-46df-95c9-4113191e038d" testListId="8c84fa94-04c1-424b-9868-57a2d4851a1d" />
    <TestEntry testId="9e30f2c1-99bb-7e89-1cf7-40c53af60d0b" executionId="ee9f0a90-6dfc-447f-b9f6-035b1e6994e6" testListId="8c84fa94-04c1-424b-9868-57a2d4851a1d" />
    <TestEntry testId="ec4e6dc2-cc1b-c6aa-682d-1b1f97298753" executionId="e11c6745-ef11-4446-8228-888d161028e7" testListId="8c84fa94-04c1-424b-9868-57a2d4851a1d" />
    <TestEntry testId="9afa94d4-1c38-43e6-d97a-3a979551dd31" executionId="0a948820-16ae-4c10-88c9-59a56229a873" testListId="8c84fa94-04c1-424b-9868-57a2d4851a1d" />
    <TestEntry testId="928d9d1f-f9f8-ca4b-c338-979cb7e9e2a0" executionId="40a6cba5-7ae0-45ab-b293-31d1342d7919" testListId="8c84fa94-04c1-424b-9868-57a2d4851a1d" />
    <TestEntry testId="b4dbb71f-f428-977a-b963-1c4f1327e10f" executionId="4721ac92-db0c-4515-bbae-d939145da433" testListId="8c84fa94-04c1-424b-9868-57a2d4851a1d" />
    <TestEntry testId="20dfb708-a550-88c3-6c31-cbec5f79cfa7" executionId="94c20f3a-aad4-4964-89f3-ed68eab3437f" testListId="8c84fa94-04c1-424b-9868-57a2d4851a1d" />
    <TestEntry testId="6fc7a8cb-10bf-848c-0a17-a8cc5fe009bb" executionId="4a941558-e98a-45d8-ba55-0a61a912aa51" testListId="8c84fa94-04c1-424b-9868-57a2d4851a1d" />
    <TestEntry testId="43f4763e-b06d-06df-4146-3e856c477322" executionId="0ced6a10-4e8c-4d72-9e24-72318483f773" testListId="8c84fa94-04c1-424b-9868-57a2d4851a1d" />
    <TestEntry testId="005c0218-bf24-ec37-fee2-43fd034e1472" executionId="5b085d82-a7dc-4861-8e59-e74efdd8a4b2" testListId="8c84fa94-04c1-424b-9868-57a2d4851a1d" />
    <TestEntry testId="8092ddc6-f7c7-0a27-d633-726bde8de8a1" executionId="53a43642-883a-4a21-a903-e6cb852d5474" testListId="8c84fa94-04c1-424b-9868-57a2d4851a1d" />
    <TestEntry testId="576330cf-e2c4-391a-3604-1e960d01f720" executionId="0b8b676e-f890-44d6-aa10-98644bb7e42c" testListId="8c84fa94-04c1-424b-9868-57a2d4851a1d" />
    <TestEntry testId="4041ff4b-7eed-df5f-643e-68e17c95ac08" executionId="615edbd0-59b1-4259-85e2-9d2b961e0be1" testListId="8c84fa94-04c1-424b-9868-57a2d4851a1d" />
    <TestEntry testId="ea46855f-cd75-4bef-448a-f96a2bad8cee" executionId="5cd2a46f-51be-432d-9887-e1ce1cf8856e" testListId="8c84fa94-04c1-424b-9868-57a2d4851a1d" />
    <TestEntry testId="07862fa8-e09a-03aa-ff13-3dea9d9a2561" executionId="f4e3d435-1d7d-49ed-9082-4670a2991388" testListId="8c84fa94-04c1-424b-9868-57a2d4851a1d" />
    <TestEntry testId="8619dceb-a30c-8339-3d9b-3b857a538253" executionId="6f1a87af-ad21-4402-9731-1dfdcb9a0270" testListId="8c84fa94-04c1-424b-9868-57a2d4851a1d" />
    <TestEntry testId="2d65c717-b940-1aab-5ef0-cf05ef61d943" executionId="2be7f808-8620-4d28-b505-7d68564c8274" testListId="8c84fa94-04c1-424b-9868-57a2d4851a1d" />
    <TestEntry testId="d86d1085-3917-78cb-78c6-843ae21b7b89" executionId="735b377a-a32f-4c7f-8489-b3714be6e65b" testListId="8c84fa94-04c1-424b-9868-57a2d4851a1d" />
    <TestEntry testId="faa9a2eb-4f09-48ad-f538-88a2da1b04cd" executionId="883e6514-96a6-4ab6-8183-23ed56d2df28" testListId="8c84fa94-04c1-424b-9868-57a2d4851a1d" />
    <TestEntry testId="15c0ab29-9800-1497-9f9b-747f8010807d" executionId="0f1787bb-6105-494d-8add-6d50206086da" testListId="8c84fa94-04c1-424b-9868-57a2d4851a1d" />
    <TestEntry testId="df476e32-28d2-2759-c5d0-aeff22559660" executionId="79bacf69-d64a-4cbc-84dd-b4fa0f983e66" testListId="8c84fa94-04c1-424b-9868-57a2d4851a1d" />
    <TestEntry testId="086eb76d-3fe9-c11d-3c0e-3cf836f76873" executionId="cb41a4ca-d90a-4fd6-ac90-feed1cf31740" testListId="8c84fa94-04c1-424b-9868-57a2d4851a1d" />
    <TestEntry testId="6e0fd98b-27d1-b4d5-4448-03854a9e117a" executionId="0205c839-29df-4d89-a957-252730889027" testListId="8c84fa94-04c1-424b-9868-57a2d4851a1d" />
    <TestEntry testId="486ce5d2-8648-9b81-ee36-b539907e1404" executionId="0816014c-0d0d-4042-a61e-64bbf89e6b07" testListId="8c84fa94-04c1-424b-9868-57a2d4851a1d" />
    <TestEntry testId="68ba96f3-172e-c621-f067-794800ecc10b" executionId="7213baa3-6a63-4165-9080-da91d2117e25" testListId="8c84fa94-04c1-424b-9868-57a2d4851a1d" />
    <TestEntry testId="811ae0ec-dbf5-0e43-73a6-1945eb8aa9ed" executionId="6c5c6466-5d79-496a-9902-9bad7923fbf6" testListId="8c84fa94-04c1-424b-9868-57a2d4851a1d" />
    <TestEntry testId="c51f913b-0595-ddf8-d3e0-6ebac2cd2043" executionId="b666509c-45ff-4e3d-9ce2-8de3b7a0cd9f" testListId="8c84fa94-04c1-424b-9868-57a2d4851a1d" />
    <TestEntry testId="eacb39c4-cccd-6f0d-594b-be91e7df8924" executionId="5dd57cfe-bed0-4948-9045-293a0e8b6281" testListId="8c84fa94-04c1-424b-9868-57a2d4851a1d" />
    <TestEntry testId="88b6f819-120a-891f-94ab-b9bc1cfd634c" executionId="31edf412-6c29-4d39-adb8-f98b9c574d81" testListId="8c84fa94-04c1-424b-9868-57a2d4851a1d" />
    <TestEntry testId="3aca1853-0c5a-84e6-f120-2d28ba5e728a" executionId="6111739d-05d5-4314-9444-1d9dfbf4e705" testListId="8c84fa94-04c1-424b-9868-57a2d4851a1d" />
    <TestEntry testId="f34d4500-366f-d9d3-ef74-0b9ec1197469" executionId="a17ef5fc-08dc-4dfc-b98c-d87b6e89e942" testListId="8c84fa94-04c1-424b-9868-57a2d4851a1d" />
    <TestEntry testId="a4dd28a6-d3f2-a5ab-a7ad-785a2d9eee70" executionId="850175a2-5462-44b5-8175-a823f779ba94" testListId="8c84fa94-04c1-424b-9868-57a2d4851a1d" />
    <TestEntry testId="b9c78890-beb1-6b1e-228b-5659dfd7a925" executionId="b7ee0d0d-67ac-4657-82dc-120f21e7695d" testListId="8c84fa94-04c1-424b-9868-57a2d4851a1d" />
    <TestEntry testId="996da814-669e-a3e1-3e95-1ade5a0fd074" executionId="b618ad2a-fb7c-477f-9b4d-ba01b0310cc0" testListId="8c84fa94-04c1-424b-9868-57a2d4851a1d" />
    <TestEntry testId="f06d8bd4-e536-083f-a726-4735d7b7ed11" executionId="4ff2f94c-06b5-4c2f-ba7a-5481a2127c15" testListId="8c84fa94-04c1-424b-9868-57a2d4851a1d" />
    <TestEntry testId="77a59d17-7774-7c7f-d5cc-990470448bce" executionId="2943608c-0882-41c9-ae15-502db99cf5eb" testListId="8c84fa94-04c1-424b-9868-57a2d4851a1d" />
    <TestEntry testId="c0750daf-9f30-3c46-b067-3c7e3f9f89d1" executionId="7f09eddf-d1aa-47fe-ae24-c6a0e5c83f31" testListId="8c84fa94-04c1-424b-9868-57a2d4851a1d" />
    <TestEntry testId="5002f83f-90e5-49f1-becb-a5c9252d50a4" executionId="bbac0935-2983-4b68-8942-5183444105c2" testListId="8c84fa94-04c1-424b-9868-57a2d4851a1d" />
    <TestEntry testId="7feec14b-f52f-3c90-c317-8406b761f64c" executionId="3f5471c5-b70d-4b1b-ac36-3cd61287b884" testListId="8c84fa94-04c1-424b-9868-57a2d4851a1d" />
    <TestEntry testId="a902ef12-677e-bbdf-361f-8a9f091e328e" executionId="82c820de-10e8-42ec-ad99-50cc821ea361" testListId="8c84fa94-04c1-424b-9868-57a2d4851a1d" />
    <TestEntry testId="7f4ff393-f696-c946-ee82-f2965d247bf3" executionId="57b16e25-4090-4ab1-b88c-5a9679c49623" testListId="8c84fa94-04c1-424b-9868-57a2d4851a1d" />
    <TestEntry testId="6f5d47dc-598d-f850-7b74-17c3cdf1e6a0" executionId="190e0196-1d5e-4bc3-9bdf-34eecb1aee68" testListId="8c84fa94-04c1-424b-9868-57a2d4851a1d" />
    <TestEntry testId="ca4f384c-2aa8-476c-2bfb-108d2931ab72" executionId="31c31528-286b-4bb8-9482-ee03335d4ce1" testListId="8c84fa94-04c1-424b-9868-57a2d4851a1d" />
    <TestEntry testId="c24f682f-1190-c910-41a4-4a2c7f04aeee" executionId="d7b483ea-5f52-4b8e-aec4-da875ed721ee" testListId="8c84fa94-04c1-424b-9868-57a2d4851a1d" />
    <TestEntry testId="0c4d4012-ad52-a700-72b4-aa2a44ddd8b4" executionId="88744832-0076-45a1-8c67-dcc5bf9c7473" testListId="8c84fa94-04c1-424b-9868-57a2d4851a1d" />
    <TestEntry testId="3d53d0c3-c0ee-fa50-c7a9-3247ceeb01a7" executionId="3b359570-8f4e-4ba7-a0f2-306b73ed62b0" testListId="8c84fa94-04c1-424b-9868-57a2d4851a1d" />
    <TestEntry testId="9a1395bd-4af1-d75d-bc3d-a00157442581" executionId="068ce02d-c5cf-4fe8-8f44-9e2d82d24d5d" testListId="8c84fa94-04c1-424b-9868-57a2d4851a1d" />
    <TestEntry testId="0c2e286f-61de-1ebd-22c2-4944108fd167" executionId="f51e719a-2f01-48ba-a7b9-b42d889e7092" testListId="8c84fa94-04c1-424b-9868-57a2d4851a1d" />
    <TestEntry testId="1b254dd0-a80f-a28c-a3bd-c68dc8f38ac0" executionId="2b97023f-0808-43f5-bf22-505ff94be03a" testListId="8c84fa94-04c1-424b-9868-57a2d4851a1d" />
    <TestEntry testId="afe1df6a-8cda-d51a-11f1-a5b1f1098322" executionId="993b5d2a-ab6d-47db-a21d-e7d63b1187ce" testListId="8c84fa94-04c1-424b-9868-57a2d4851a1d" />
    <TestEntry testId="8610bea2-6b46-67b8-6832-528f85a7ea41" executionId="8f5fe566-a204-4bb8-a9be-660a676847dd" testListId="8c84fa94-04c1-424b-9868-57a2d4851a1d" />
    <TestEntry testId="55051ad7-7424-dbe6-5be2-51aac9ab3d38" executionId="6080ceeb-d064-4099-aef2-d20a2be32d35" testListId="8c84fa94-04c1-424b-9868-57a2d4851a1d" />
    <TestEntry testId="9aedf6d7-170c-1a38-33a0-38014a7b0f1a" executionId="6957c3a8-a3b3-4318-bc07-6c1cde205c8c" testListId="8c84fa94-04c1-424b-9868-57a2d4851a1d" />
    <TestEntry testId="6e8a8953-e658-8638-71b5-507d807d6905" executionId="9e54dd59-bf1a-45ac-bc15-6084384ccbeb" testListId="8c84fa94-04c1-424b-9868-57a2d4851a1d" />
    <TestEntry testId="d712f009-edf0-4d92-298c-f4bf5b519f07" executionId="e2772bc0-ac87-4e38-98a3-7b809759a139" testListId="8c84fa94-04c1-424b-9868-57a2d4851a1d" />
    <TestEntry testId="f862db3b-07f0-203b-0c14-052babb39647" executionId="478d3be6-976c-4315-9e03-59f66dcb0ce5" testListId="8c84fa94-04c1-424b-9868-57a2d4851a1d" />
    <TestEntry testId="6e527dc0-e4da-ae69-158e-685b94eb9224" executionId="bae3c6ec-d7dc-4c1e-b8c2-4c6669852463" testListId="8c84fa94-04c1-424b-9868-57a2d4851a1d" />
    <TestEntry testId="812573eb-7156-aa5d-d0cd-2a50c67d66ec" executionId="dda28f68-ca7b-4339-9275-70d0cc4639b3" testListId="8c84fa94-04c1-424b-9868-57a2d4851a1d" />
    <TestEntry testId="0c750c8a-435b-980c-f500-67d3860aa580" executionId="ff7025d1-a906-490a-94aa-68f17b7f3f25" testListId="8c84fa94-04c1-424b-9868-57a2d4851a1d" />
    <TestEntry testId="f04e4cb2-13c1-dc8e-d0de-5e6ebdf8dc3f" executionId="756365d7-0090-40ec-b734-ac95032c1b02" testListId="8c84fa94-04c1-424b-9868-57a2d4851a1d" />
    <TestEntry testId="38a80eba-31d1-c3fa-07f5-359311ae295e" executionId="4483140e-c474-479e-8322-fb0ddd3e7a74" testListId="8c84fa94-04c1-424b-9868-57a2d4851a1d" />
    <TestEntry testId="8910dced-7cdd-4c15-7a7a-401260440e68" executionId="d610bca4-0d00-4e70-9e47-847f203cb05a" testListId="8c84fa94-04c1-424b-9868-57a2d4851a1d" />
  </TestEntries>
  <TestLists>
    <TestList name="Results Not in a List" id="8c84fa94-04c1-424b-9868-57a2d4851a1d" />
    <TestList name="All Loaded Results" id="19431567-8539-422a-85d7-44ee4e166bda" />
  </TestLists>
  <ResultSummary outcome="Failed">
    <Counters total="604" executed="604" passed="601" failed="3" error="0" timeout="0" aborted="0" inconclusive="0" passedButRunAborted="0" notRunnable="0" notExecuted="0" disconnected="0" warning="0" completed="0" inProgress="0" pending="0" />
    <Output>
      <StdOut>[xUnit.net 00:00:00.00] xUnit.net VSTest Adapter v2.8.2+699d445a1a (64-bit .NET 9.0.19)&#xD;
[xUnit.net 00:00:00.09]   Discovering: TumbangPreso.Core.Tests&#xD;
[xUnit.net 00:00:00.19]   Discovered:  TumbangPreso.Core.Tests&#xD;
[xUnit.net 00:00:00.20]   Starting:    TumbangPreso.Core.Tests&#xD;
[xUnit.net 00:00:00.37]       Assert.Equal() Failure: Values differ&#xD;
[xUnit.net 00:00:00.37]       Expected: 6&#xD;
[xUnit.net 00:00:00.37]       Actual:   7&#xD;
[xUnit.net 00:00:00.37]       Stack Trace:&#xD;
[xUnit.net 00:00:00.37]         C:\Users\matth\Documents\GitHub\TumbangPreso-Unity-validation\Core.Tests\BalanceTests.cs(897,0): at TumbangPreso.Core.Tests.BalanceTests.AllPersonRows_AreDistinct()&#xD;
[xUnit.net 00:00:00.37]            at System.RuntimeMethodHandle.InvokeMethod(Object target, Void** arguments, Signature sig, Boolean isConstructor)&#xD;
[xUnit.net 00:00:00.37]            at System.Reflection.MethodBaseInvoker.InvokeWithNoArgs(Object obj, BindingFlags invokeAttr)&#xD;
[xUnit.net 00:00:00.38]       'sean.2.cannon' has a 73 character description against a budget of 67.
'sean.2.flare' has a 74 character description against a budget of 67.
'zack.2.charge' has a 76 character description against a budget of 67.
'zack.2.discharge' has a 69 character description against a budget of 67.
Two boxes have to hold the description and the tighter one decides: the picker's ability row wraps past 67 and its second line draws THROUGH the row underneath, and the loadout tile's body box truncates past two lines and NOTHING SAYS SO. The trade line is one 13 pt MenuKit.Label with no wrapping in a 311 unit band, so it does not shrink or wrap either.&#xD;
[xUnit.net 00:00:00.38]       Stack Trace:&#xD;
[xUnit.net 00:00:00.38]         C:\Users\matth\Documents\GitHub\TumbangPreso-Unity-validation\Core.Tests\Phase10Tests.cs(164,0): at TumbangPreso.Core.Tests.HeroLoadoutTests.EveryVariantRowFitsTheTileItIsDrawnOn()&#xD;
[xUnit.net 00:00:00.38]            at System.RuntimeMethodHandle.InvokeMethod(Object target, Void** arguments, Signature sig, Boolean isConstructor)&#xD;
[xUnit.net 00:00:00.38]            at System.Reflection.MethodBaseInvoker.InvokeWithNoArgs(Object obj, BindingFlags invokeAttr)&#xD;
[xUnit.net 00:00:00.39]       Assert.Equal() Failure: Values differ&#xD;
[xUnit.net 00:00:00.39]       Expected: 6&#xD;
[xUnit.net 00:00:00.39]       Actual:   7&#xD;
[xUnit.net 00:00:00.39]       Stack Trace:&#xD;
[xUnit.net 00:00:00.39]         C:\Users\matth\Documents\GitHub\TumbangPreso-Unity-validation\Core.Tests\ProgressionTests.cs(337,0): at TumbangPreso.Core.Tests.ProgressionTests.OnlyTheSixHeroesHaveAMasteryPath()&#xD;
[xUnit.net 00:00:00.39]            at System.RuntimeMethodHandle.InvokeMethod(Object target, Void** arguments, Signature sig, Boolean isConstructor)&#xD;
[xUnit.net 00:00:00.39]            at System.Reflection.MethodBaseInvoker.InvokeWithNoArgs(Object obj, BindingFlags invokeAttr)&#xD;
[xUnit.net 00:00:00.39]   Finished:    TumbangPreso.Core.Tests&#xD;
</StdOut>
    </Output>
    <RunInfos>
      <RunInfo computerName="DESKTOP-E4OQK9L" outcome="Error" timestamp="2026-09-22T14:10:03.4095626+08:00">
        <Text>[xUnit.net 00:00:00.37]     TumbangPreso.Core.Tests.BalanceTests.AllPersonRows_AreDistinct [FAIL]</Text>
      </RunInfo>
      <RunInfo computerName="DESKTOP-E4OQK9L" outcome="Error" timestamp="2026-09-22T14:10:03.4112815+08:00">
        <Text>[xUnit.net 00:00:00.38]     TumbangPreso.Core.Tests.HeroLoadoutTests.EveryVariantRowFitsTheTileItIsDrawnOn [FAIL]</Text>
      </RunInfo>
      <RunInfo computerName="DESKTOP-E4OQK9L" outcome="Error" timestamp="2026-09-22T14:10:03.4254102+08:00">
        <Text>[xUnit.net 00:00:00.39]     TumbangPreso.Core.Tests.ProgressionTests.OnlyTheSixHeroesHaveAMasteryPath [FAIL]</Text>
      </RunInfo>
    </RunInfos>
  </ResultSummary>
</TestRun>