<?xml version="1.0" encoding="utf-8"?>
<TestRun id="946d31bc-c115-4de3-b7c9-bf3de5c2e061" name="matth@DESKTOP-E4OQK9L 2026-09-22 14:58:30" runUser="DESKTOP-E4OQK9L\matth" xmlns="http://microsoft.com/schemas/VisualStudio/TeamTest/2010">
  <Times creation="2026-09-22T14:58:30.5910782+08:00" queuing="2026-09-22T14:58:30.5910785+08:00" start="2026-09-22T14:58:29.5689820+08:00" finish="2026-09-22T14:58:30.8220333+08:00" />
  <TestSettings name="default" id="a86c4abf-fa62-4fbc-98ef-01f9398ba67f">
    <Deployment runDeploymentRoot="matth_DESKTOP-E4OQK9L_2026-09-22_14_58_30" />
  </TestSettings>
  <Results>
    <UnitTestResult executionId="671dc7fc-bca5-4bbc-9c34-9573431db56c" testId="09a27522-b20b-07c7-2e4a-3f454000a671" testName="TumbangPreso.Core.Tests.IntegrityTests.AbandonsAreForgottenAfterAWeek" computerName="DESKTOP-E4OQK9L" duration="00:00:00.0001894" startTime="2026-09-22T14:58:30.6263363+08:00" endTime="2026-09-22T14:58:30.6263364+08:00" testType="13cdc9d9-ddb5-4fa4-a97d-d965ccfc6d4b" outcome="Passed" testListId="8c84fa94-04c1-424b-9868-57a2d4851a1d" relativeResultsDirectory="671dc7fc-bca5-4bbc-9c34-9573431db56c" />
    <UnitTestResult executionId="2d168656-43c5-44b4-a849-07c8ce12ee1a" testId="8b6de2c7-6918-c8e2-1cf0-dc6cf46e2b3d" testName="TumbangPreso.Core.Tests.HeroLoadoutTests.NoDefaultDescribesItselfAsBeingAsTuned" computerName="DESKTOP-E4OQK9L" duration="00:00:00.0005068" startTime="2026-09-22T14:58:30.6509702+08:00" endTime="2026-09-22T14:58:30.6509703+08:00" testType="13cdc9d9-ddb5-4fa4-a97d-d965ccfc6d4b" outcome="Passed" testListId="8c84fa94-04c1-424b-9868-57a2d4851a1d" relativeResultsDirectory="2d168656-43c5-44b4-a849-07c8ce12ee1a" />
    <UnitTestResult executionId="a2ce74f5-691f-402c-869b-65844435e303" testId="0c2e286f-61de-1ebd-22c2-4944108fd167" testName="TumbangPreso.Core.Tests.FrameRateTests.TheBandEdgesSitWhereTheBotsFallOver(fps: 89.900000000000006, band: &quot;fps_60_90&quot;)" computerName="DESKTOP-E4OQK9L" duration="00:00:00.0000040" startTime="2026-09-22T14:58:30.5996237+08:00" endTime="2026-09-22T14:58:30.5996238+08:00" testType="13cdc9d9-ddb5-4fa4-a97d-d965ccfc6d4b" outcome="Passed" testListId="8c84fa94-04c1-424b-9868-57a2d4851a1d" relativeResultsDirectory="a2ce74f5-691f-402c-869b-65844435e303" />
    <UnitTestResult executionId="621f40b5-8e7c-47c2-ad2a-4a5844e75a5b" testId="453804c7-0ce5-11d9-d37d-291c9d2fb1d8" testName="TumbangPreso.Core.Tests.MatchInvariantTests.AnEmptySeatIsNotAnOwner" computerName="DESKTOP-E4OQK9L" duration="00:00:00.0001129" startTime="2026-09-22T14:58:30.6947672+08:00" endTime="2026-09-22T14:58:30.6947673+08:00" testType="13cdc9d9-ddb5-4fa4-a97d-d965ccfc6d4b" outcome="Passed" testListId="8c84fa94-04c1-424b-9868-57a2d4851a1d" relativeResultsDirectory="621f40b5-8e7c-47c2-ad2a-4a5844e75a5b" />
    <UnitTestResult executionId="75c696bf-feda-448e-a919-1e4c6094da8c" testId="188b25a0-b6f3-dbfe-14f3-fc8e6531abd7" testName="TumbangPreso.Core.Tests.SabotageTests.SabotageIsSelectedWhenACarryingVictimWillBePushedIntoReach" computerName="DESKTOP-E4OQK9L" duration="00:00:00.0003223" startTime="2026-09-22T14:58:30.6292864+08:00" endTime="2026-09-22T14:58:30.6292864+08:00" testType="13cdc9d9-ddb5-4fa4-a97d-d965ccfc6d4b" outcome="Passed" testListId="8c84fa94-04c1-424b-9868-57a2d4851a1d" relativeResultsDirectory="75c696bf-feda-448e-a919-1e4c6094da8c" />
    <UnitTestResult executionId="5a22469b-a0c5-4568-9c24-ab1e8cb5954a" testId="52d5e4c8-26cb-602f-e88c-021fbb57b3d5" testName="TumbangPreso.Core.Tests.CustomGameTests.EveryFormatHasAPlayerFacingNameAndOneSentence" computerName="DESKTOP-E4OQK9L" duration="00:00:00.0004506" startTime="2026-09-22T14:58:30.5831633+08:00" endTime="2026-09-22T14:58:30.5831633+08:00" testType="13cdc9d9-ddb5-4fa4-a97d-d965ccfc6d4b" outcome="Passed" testListId="8c84fa94-04c1-424b-9868-57a2d4851a1d" relativeResultsDirectory="5a22469b-a0c5-4568-9c24-ab1e8cb5954a" />
    <UnitTestResult executionId="0e9ac078-b4da-4708-8128-b54461dfc53c" testId="03a383d3-0e9c-b838-9666-31e96c6595e8" testName="TumbangPreso.Core.Tests.PlayerProfileTests.OneMatchLandsInTheModeItWasPlayedIn" computerName="DESKTOP-E4OQK9L" duration="00:00:00.0003027" startTime="2026-09-22T14:58:30.6871098+08:00" endTime="2026-09-22T14:58:30.6871098+08:00" testType="13cdc9d9-ddb5-4fa4-a97d-d965ccfc6d4b" outcome="Passed" testListId="8c84fa94-04c1-424b-9868-57a2d4851a1d" relativeResultsDirectory="0e9ac078-b4da-4708-8128-b54461dfc53c" />
    <UnitTestResult executionId="36accee7-fab4-4ac0-9c17-046b19d8f2e6" testId="774edf53-21bc-db5c-ecff-3c4d5a4f5b6c" testName="TumbangPreso.Core.Tests.AccountRulesTests.AnUncheckedPeerKeepsTheNameItClaimed(check: Unreachable)" computerName="DESKTOP-E4OQK9L" duration="00:00:00.0001441" startTime="2026-09-22T14:58:30.6532931+08:00" endTime="2026-09-22T14:58:30.6532932+08:00" testType="13cdc9d9-ddb5-4fa4-a97d-d965ccfc6d4b" outcome="Passed" testListId="8c84fa94-04c1-424b-9868-57a2d4851a1d" relativeResultsDirectory="36accee7-fab4-4ac0-9c17-046b19d8f2e6" />
    <UnitTestResult executionId="b86d5dfd-989b-407a-8387-2de80b590654" testId="7e332d91-7618-1044-a77c-96b3c9cfbc4a" testName="TumbangPreso.Core.Tests.MapRotationTests.TheSameBallotAlwaysProducesTheSameWinner" computerName="DESKTOP-E4OQK9L" duration="00:00:00.0001617" startTime="2026-09-22T14:58:30.6190831+08:00" endTime="2026-09-22T14:58:30.6190832+08:00" testType="13cdc9d9-ddb5-4fa4-a97d-d965ccfc6d4b" outcome="Passed" testListId="8c84fa94-04c1-424b-9868-57a2d4851a1d" relativeResultsDirectory="b86d5dfd-989b-407a-8387-2de80b590654" />
    <UnitTestResult executionId="b2d3853c-1e32-4d94-89c2-6ea26a289acd" testId="87d3e026-74ca-fc71-1ece-052f4144db9a" testName="TumbangPreso.Core.Tests.BotFillTests.TheCasualOfferArrivesWhileTheSearchIsStillWideningAndTheRankedOneLongAfter" computerName="DESKTOP-E4OQK9L" duration="00:00:00.0003611" startTime="2026-09-22T14:58:30.5932808+08:00" endTime="2026-09-22T14:58:30.5932809+08:00" testType="13cdc9d9-ddb5-4fa4-a97d-d965ccfc6d4b" outcome="Passed" testListId="8c84fa94-04c1-424b-9868-57a2d4851a1d" relativeResultsDirectory="b2d3853c-1e32-4d94-89c2-6ea26a289acd" />
    <UnitTestResult executionId="5100de6b-40a2-45bc-a4db-6941ca2cdb4e" testId="047e0a05-1fdd-0dd2-1ad9-20548903e5f7" testName="TumbangPreso.Core.Tests.ProgressionTests.ThePenaltyFreeObjectiveIsRefusedByEitherPenalty" computerName="DESKTOP-E4OQK9L" duration="00:00:00.0018525" startTime="2026-09-22T14:58:30.6938218+08:00" endTime="2026-09-22T14:58:30.6938219+08:00" testType="13cdc9d9-ddb5-4fa4-a97d-d965ccfc6d4b" outcome="Passed" testListId="8c84fa94-04c1-424b-9868-57a2d4851a1d" relativeResultsDirectory="5100de6b-40a2-45bc-a4db-6941ca2cdb4e" />
    <UnitTestResult executionId="63dfaf20-cdc7-43f3-877d-d10fb4e0ff78" testId="feb49c1a-2dbd-4b0f-ef57-0d28a90683f3" testName="TumbangPreso.Core.Tests.AccountRulesTests.TheUpgradeOfferIsQueuedOnceAndNotAgainOnEveryLaterPoint" computerName="DESKTOP-E4OQK9L" duration="00:00:00.0000737" startTime="2026-09-22T14:58:30.6531699+08:00" endTime="2026-09-22T14:58:30.6531700+08:00" testType="13cdc9d9-ddb5-4fa4-a97d-d965ccfc6d4b" outcome="Passed" testListId="8c84fa94-04c1-424b-9868-57a2d4851a1d" relativeResultsDirectory="63dfaf20-cdc7-43f3-877d-d10fb4e0ff78" />
    <UnitTestResult executionId="65922e68-580a-4716-8a44-ec9d71696e39" testId="7b90c839-063b-d339-e738-82e068d03e48" testName="TumbangPreso.Core.Tests.TelemetryTests.AParameterNamedAfterAPersonIsRefused(key: &quot;handle&quot;)" computerName="DESKTOP-E4OQK9L" duration="00:00:00.0000068" startTime="2026-09-22T14:58:30.6658282+08:00" endTime="2026-09-22T14:58:30.6658282+08:00" testType="13cdc9d9-ddb5-4fa4-a97d-d965ccfc6d4b" outcome="Passed" testListId="8c84fa94-04c1-424b-9868-57a2d4851a1d" relativeResultsDirectory="65922e68-580a-4716-8a44-ec9d71696e39" />
    <UnitTestResult executionId="69891bd0-3a70-40ec-b887-31b8d5cf05ac" testId="7be25097-827c-fb1a-506a-f261f748760c" testName="TumbangPreso.Core.Tests.RosterIntegrityTests.MostOfThePaletteIsStillReachable" computerName="DESKTOP-E4OQK9L" duration="00:00:00.0001157" startTime="2026-09-22T14:58:30.6261720+08:00" endTime="2026-09-22T14:58:30.6261721+08:00" testType="13cdc9d9-ddb5-4fa4-a97d-d965ccfc6d4b" outcome="Passed" testListId="8c84fa94-04c1-424b-9868-57a2d4851a1d" relativeResultsDirectory="69891bd0-3a70-40ec-b887-31b8d5cf05ac" />
    <UnitTestResult executionId="3a5913e4-acf8-4e42-a048-19daa49f0dc8" testId="15c0ab29-9800-1497-9f9b-747f8010807d" testName="TumbangPreso.Core.Tests.CustomGameTests.ARoundIsOnlyTakenWhenExactlyOneAttackerIsLeft" computerName="DESKTOP-E4OQK9L" duration="00:00:00.0002971" startTime="2026-09-22T14:58:30.6072191+08:00" endTime="2026-09-22T14:58:30.6072192+08:00" testType="13cdc9d9-ddb5-4fa4-a97d-d965ccfc6d4b" outcome="Passed" testListId="8c84fa94-04c1-424b-9868-57a2d4851a1d" relativeResultsDirectory="3a5913e4-acf8-4e42-a048-19daa49f0dc8" />
    <UnitTestResult executionId="927af333-66ca-4c7c-bf22-d5b5248da88d" testId="e2cfedb2-1883-df13-2c66-38a88af84836" testName="TumbangPreso.Core.Tests.CustomCharacterKitTests.AnythingThatIsNotAHeroResolvesToAPlayableKit(wanted: &quot;lola_pacing&quot;)" computerName="DESKTOP-E4OQK9L" duration="00:00:00.0000040" startTime="2026-09-22T14:58:30.5662938+08:00" endTime="2026-09-22T14:58:30.5662938+08:00" testType="13cdc9d9-ddb5-4fa4-a97d-d965ccfc6d4b" outcome="Passed" testListId="8c84fa94-04c1-424b-9868-57a2d4851a1d" relativeResultsDirectory="927af333-66ca-4c7c-bf22-d5b5248da88d" />
    <UnitTestResult executionId="8b1fe94c-411b-4260-9ead-85707f92d93b" testId="63aae874-b172-8b79-41f6-515658f30d22" testName="TumbangPreso.Core.Tests.EquipmentRolesTests.HandlingSettlesEarlierButDoesNotBuyPerfectOrSteadierMovingAim" computerName="DESKTOP-E4OQK9L" duration="00:00:00.0114445" startTime="2026-09-22T14:58:30.5345130+08:00" endTime="2026-09-22T14:58:30.5345471+08:00" testType="13cdc9d9-ddb5-4fa4-a97d-d965ccfc6d4b" outcome="Passed" testListId="8c84fa94-04c1-424b-9868-57a2d4851a1d" relativeResultsDirectory="8b1fe94c-411b-4260-9ead-85707f92d93b" />
    <UnitTestResult executionId="27332ae4-99a4-4f05-8fda-3ac41ef3a45e" testId="1dd518b6-2889-89a7-69a9-0df16ca6400c" testName="TumbangPreso.Core.Tests.HumanCadenceTuningTests.LoiteringBodiesPushApartMoreGentlyThanTravellingOnesDo" computerName="DESKTOP-E4OQK9L" duration="00:00:00.0000795" startTime="2026-09-22T14:58:30.6183070+08:00" endTime="2026-09-22T14:58:30.6183071+08:00" testType="13cdc9d9-ddb5-4fa4-a97d-d965ccfc6d4b" outcome="Passed" testListId="8c84fa94-04c1-424b-9868-57a2d4851a1d" relativeResultsDirectory="27332ae4-99a4-4f05-8fda-3ac41ef3a45e" />
    <UnitTestResult executionId="5653ada6-f225-490f-a68b-ac74d573f85e" testId="8610bea2-6b46-67b8-6832-528f85a7ea41" testName="TumbangPreso.Core.Tests.PlayerProfileTests.AShortPlacementArrayIsResizedRatherThanDiscarded" computerName="DESKTOP-E4OQK9L" duration="00:00:00.0020558" startTime="2026-09-22T14:58:30.6512901+08:00" endTime="2026-09-22T14:58:30.6512902+08:00" testType="13cdc9d9-ddb5-4fa4-a97d-d965ccfc6d4b" outcome="Passed" testListId="8c84fa94-04c1-424b-9868-57a2d4851a1d" relativeResultsDirectory="5653ada6-f225-490f-a68b-ac74d573f85e" />
    <UnitTestResult executionId="e2281437-7039-44c5-9970-fce5cff44bbc" testId="fc7c6cdb-5244-b0c8-1218-be93f9cce69d" testName="TumbangPreso.Core.Tests.HumanCadenceTuningTests.AGlanceIsTheSameSizeOfPressTheLoiterAlreadyMakes" computerName="DESKTOP-E4OQK9L" duration="00:00:00.0000604" startTime="2026-09-22T14:58:30.6155753+08:00" endTime="2026-09-22T14:58:30.6155754+08:00" testType="13cdc9d9-ddb5-4fa4-a97d-d965ccfc6d4b" outcome="Passed" testListId="8c84fa94-04c1-424b-9868-57a2d4851a1d" relativeResultsDirectory="e2281437-7039-44c5-9970-fce5cff44bbc" />
    <UnitTestResult executionId="55da634b-89df-41a7-8818-161a900db16e" testId="af40384f-b2e5-393c-4b26-9b52b38d28f5" testName="TumbangPreso.Core.Tests.PlayerProfileTests.ClassicAndHeroStrikeNeverShareATotal" computerName="DESKTOP-E4OQK9L" duration="00:00:00.0003177" startTime="2026-09-22T14:58:30.6839695+08:00" endTime="2026-09-22T14:58:30.6839696+08:00" testType="13cdc9d9-ddb5-4fa4-a97d-d965ccfc6d4b" outcome="Passed" testListId="8c84fa94-04c1-424b-9868-57a2d4851a1d" relativeResultsDirectory="55da634b-89df-41a7-8818-161a900db16e" />
    <UnitTestResult executionId="f4d43c18-4aab-4177-b6ff-f31e5f7ebc86" testId="811ae0ec-dbf5-0e43-73a6-1945eb8aa9ed" testName="TumbangPreso.Core.Tests.MatchmakingTests.OurOwnLobbyIsNeverAMatchAndAFullRoomIsNotEither" computerName="DESKTOP-E4OQK9L" duration="00:00:00.0042313" startTime="2026-09-22T14:58:30.6520612+08:00" endTime="2026-09-22T14:58:30.6520613+08:00" testType="13cdc9d9-ddb5-4fa4-a97d-d965ccfc6d4b" outcome="Passed" testListId="8c84fa94-04c1-424b-9868-57a2d4851a1d" relativeResultsDirectory="f4d43c18-4aab-4177-b6ff-f31e5f7ebc86" />
    <UnitTestResult executionId="263fa206-17bc-40c5-b703-ddefb064b144" testId="a32af39e-ca82-1e4f-6211-bfb850f4f8c1" testName="TumbangPreso.Core.Tests.IntegrityTests.ARankedAbandonIsScoredAsFinishingLast" computerName="DESKTOP-E4OQK9L" duration="00:00:00.0050008" startTime="2026-09-22T14:58:30.6242413+08:00" endTime="2026-09-22T14:58:30.6242414+08:00" testType="13cdc9d9-ddb5-4fa4-a97d-d965ccfc6d4b" outcome="Passed" testListId="8c84fa94-04c1-424b-9868-57a2d4851a1d" relativeResultsDirectory="263fa206-17bc-40c5-b703-ddefb064b144" />
    <UnitTestResult executionId="29753baa-9712-4957-a299-de0a97d2fe13" testId="a9866e60-d497-0fe2-e240-9850623f9a39" testName="TumbangPreso.Core.Tests.SabotageTests.AnAngledShoveIsTakenWhenItStillClosesMeaningfully" computerName="DESKTOP-E4OQK9L" duration="00:00:00.0044151" startTime="2026-09-22T14:58:30.6262393+08:00" endTime="2026-09-22T14:58:30.6262393+08:00" testType="13cdc9d9-ddb5-4fa4-a97d-d965ccfc6d4b" outcome="Passed" testListId="8c84fa94-04c1-424b-9868-57a2d4851a1d" relativeResultsDirectory="29753baa-9712-4957-a299-de0a97d2fe13" />
    <UnitTestResult executionId="6c9f2aa8-eab0-4df6-9b10-0d65c9ed3066" testId="95ec8e1b-444f-31cb-99c4-ffde15076c8d" testName="TumbangPreso.Core.Tests.BannerTests.TheSameTrackerCannotFillEverySlot" computerName="DESKTOP-E4OQK9L" duration="00:00:00.0005719" startTime="2026-09-22T14:58:30.6851389+08:00" endTime="2026-09-22T14:58:30.6851391+08:00" testType="13cdc9d9-ddb5-4fa4-a97d-d965ccfc6d4b" outcome="Passed" testListId="8c84fa94-04c1-424b-9868-57a2d4851a1d" relativeResultsDirectory="6c9f2aa8-eab0-4df6-9b10-0d65c9ed3066" />
    <UnitTestResult executionId="29ef238c-e6f1-48b2-abea-3e1a2a7f2767" testId="36dac834-082b-2e01-8cec-f693de58b038" testName="TumbangPreso.Core.Tests.CustomGameScoreTargetTests.ATargetOfZeroNeverEndsAMatch" computerName="DESKTOP-E4OQK9L" duration="00:00:00.0001415" startTime="2026-09-22T14:58:30.6588444+08:00" endTime="2026-09-22T14:58:30.6588445+08:00" testType="13cdc9d9-ddb5-4fa4-a97d-d965ccfc6d4b" outcome="Passed" testListId="8c84fa94-04c1-424b-9868-57a2d4851a1d" relativeResultsDirectory="29ef238c-e6f1-48b2-abea-3e1a2a7f2767" />
    <UnitTestResult executionId="19aaee2b-f560-4144-8791-5f062626f098" testId="eacb39c4-cccd-6f0d-594b-be91e7df8924" testName="TumbangPreso.Core.Tests.IntegrityTests.TheScoreCeilingClearsTheBestMatchAnybodyCouldActuallyPlay" computerName="DESKTOP-E4OQK9L" duration="00:00:00.0004413" startTime="2026-09-22T14:58:30.5922108+08:00" endTime="2026-09-22T14:58:30.5922109+08:00" testType="13cdc9d9-ddb5-4fa4-a97d-d965ccfc6d4b" outcome="Passed" testListId="8c84fa94-04c1-424b-9868-57a2d4851a1d" relativeResultsDirectory="19aaee2b-f560-4144-8791-5f062626f098" />
    <UnitTestResult executionId="f23f810e-67e9-4b5f-ad3d-01a72dc41f3a" testId="3aca1853-0c5a-84e6-f120-2d28ba5e728a" testName="TumbangPreso.Core.Tests.SpeedZoneStackTests.ExitRemovesOneInstanceNotAllMatching" computerName="DESKTOP-E4OQK9L" duration="00:00:00.0002323" startTime="2026-09-22T14:58:30.6740760+08:00" endTime="2026-09-22T14:58:30.6740761+08:00" testType="13cdc9d9-ddb5-4fa4-a97d-d965ccfc6d4b" outcome="Passed" testListId="8c84fa94-04c1-424b-9868-57a2d4851a1d" relativeResultsDirectory="f23f810e-67e9-4b5f-ad3d-01a72dc41f3a" />
    <UnitTestResult executionId="9df4fcb3-7127-47c8-8fbf-558febf4798e" testId="86247aaf-bb1b-0e34-0079-97901060a95e" testName="TumbangPreso.Core.Tests.ProgressionTests.MasteryCostsMorePerLevelThanTheAccountDoes" computerName="DESKTOP-E4OQK9L" duration="00:00:00.0001295" startTime="2026-09-22T14:58:30.6928291+08:00" endTime="2026-09-22T14:58:30.6928291+08:00" testType="13cdc9d9-ddb5-4fa4-a97d-d965ccfc6d4b" outcome="Passed" testListId="8c84fa94-04c1-424b-9868-57a2d4851a1d" relativeResultsDirectory="9df4fcb3-7127-47c8-8fbf-558febf4798e" />
    <UnitTestResult executionId="1bcff462-78e0-4948-8aa6-f4052165120f" testId="6b0138f6-1874-da19-bf45-ce7b39b859ce" testName="TumbangPreso.Core.Tests.HeroLoadoutTests.PracticeCastsUnlockTheAlternateAndStopAtItsTarget" computerName="DESKTOP-E4OQK9L" duration="00:00:00.0030427" startTime="2026-09-22T14:58:30.6484119+08:00" endTime="2026-09-22T14:58:30.6484121+08:00" testType="13cdc9d9-ddb5-4fa4-a97d-d965ccfc6d4b" outcome="Passed" testListId="8c84fa94-04c1-424b-9868-57a2d4851a1d" relativeResultsDirectory="1bcff462-78e0-4948-8aa6-f4052165120f" />
    <UnitTestResult executionId="18e1ec3f-21d5-4be6-ad31-a3fe92478779" testId="b9c78890-beb1-6b1e-228b-5659dfd7a925" testName="TumbangPreso.Core.Tests.BannerTests.AVariantIsNamedByTheTailOfAnIdAndOnlyOnADotBoundary" computerName="DESKTOP-E4OQK9L" duration="00:00:00.0001487" startTime="2026-09-22T14:58:30.6877424+08:00" endTime="2026-09-22T14:58:30.6877424+08:00" testType="13cdc9d9-ddb5-4fa4-a97d-d965ccfc6d4b" outcome="Passed" testListId="8c84fa94-04c1-424b-9868-57a2d4851a1d" relativeResultsDirectory="18e1ec3f-21d5-4be6-ad31-a3fe92478779" />
    <UnitTestResult executionId="2bea4bd0-72bf-4727-bff7-933f0d23d253" testId="306ed1d0-d389-c4ac-f638-d3ee0f4853ca" testName="TumbangPreso.Core.Tests.ProgressionTests.PlayingAHeroLevelsThatHeroAndNothingElse" computerName="DESKTOP-E4OQK9L" duration="00:00:00.0006644" startTime="2026-09-22T14:58:30.6932439+08:00" endTime="2026-09-22T14:58:30.6932439+08:00" testType="13cdc9d9-ddb5-4fa4-a97d-d965ccfc6d4b" outcome="Passed" testListId="8c84fa94-04c1-424b-9868-57a2d4851a1d" relativeResultsDirectory="2bea4bd0-72bf-4727-bff7-933f0d23d253" />
    <UnitTestResult executionId="0bfbd3ff-351f-4766-8063-a17c3e967e4a" testId="25ce9c63-8244-575a-cde9-f1f0899e5a80" testName="TumbangPreso.Core.Tests.MatchRecordTests.NormaliseClampsCountsThatCannotBeTrueOfEachOther" computerName="DESKTOP-E4OQK9L" duration="00:00:00.0002012" startTime="2026-09-22T14:58:30.6377925+08:00" endTime="2026-09-22T14:58:30.6377925+08:00" testType="13cdc9d9-ddb5-4fa4-a97d-d965ccfc6d4b" outcome="Passed" testListId="8c84fa94-04c1-424b-9868-57a2d4851a1d" relativeResultsDirectory="0bfbd3ff-351f-4766-8063-a17c3e967e4a" />
    <UnitTestResult executionId="532dbfdc-1c3d-4630-8be4-27c2cf19945e" testId="57361f91-be25-74e4-ee05-c447e70bf27e" testName="TumbangPreso.Core.Tests.MapRotationTests.AVoteForAMapThisBuildDoesNotHaveIsDiscarded" computerName="DESKTOP-E4OQK9L" duration="00:00:00.0001619" startTime="2026-09-22T14:58:30.6118242+08:00" endTime="2026-09-22T14:58:30.6118243+08:00" testType="13cdc9d9-ddb5-4fa4-a97d-d965ccfc6d4b" outcome="Passed" testListId="8c84fa94-04c1-424b-9868-57a2d4851a1d" relativeResultsDirectory="532dbfdc-1c3d-4630-8be4-27c2cf19945e" />
    <UnitTestResult executionId="910e0bba-f208-4c7c-9e79-87fb8d6d5207" testId="49fbd368-82e4-2a3a-f341-83543a7eceba" testName="TumbangPreso.Core.Tests.MatchInvariantTests.AnOrdinaryRoundHasNothingWrongWithIt" computerName="DESKTOP-E4OQK9L" duration="00:00:00.0001468" startTime="2026-09-22T14:58:30.6958733+08:00" endTime="2026-09-22T14:58:30.6958734+08:00" testType="13cdc9d9-ddb5-4fa4-a97d-d965ccfc6d4b" outcome="Passed" testListId="8c84fa94-04c1-424b-9868-57a2d4851a1d" relativeResultsDirectory="910e0bba-f208-4c7c-9e79-87fb8d6d5207" />
    <UnitTestResult executionId="4a561240-0f79-4361-9d3e-a71939299120" testId="bacb4487-b3ea-9030-12fe-41cdd685c9a7" testName="TumbangPreso.Core.Tests.SocialTests.BlockingRemovesThemFromEveryOtherList" computerName="DESKTOP-E4OQK9L" duration="00:00:00.0118739" startTime="2026-09-22T14:58:30.6102997+08:00" endTime="2026-09-22T14:58:30.6102998+08:00" testType="13cdc9d9-ddb5-4fa4-a97d-d965ccfc6d4b" outcome="Passed" testListId="8c84fa94-04c1-424b-9868-57a2d4851a1d" relativeResultsDirectory="4a561240-0f79-4361-9d3e-a71939299120" />
    <UnitTestResult executionId="3fd85b2e-9fb0-44bc-b202-f482a3f5c4c9" testId="d304237b-6309-5734-77c4-07d4d27d2e2f" testName="TumbangPreso.Core.Tests.FrameRateTests.TheStepEdgeIsThePhysicsRateRatherThanACoincidence" computerName="DESKTOP-E4OQK9L" duration="00:00:00.0001060" startTime="2026-09-22T14:58:30.6070590+08:00" endTime="2026-09-22T14:58:30.6070591+08:00" testType="13cdc9d9-ddb5-4fa4-a97d-d965ccfc6d4b" outcome="Passed" testListId="8c84fa94-04c1-424b-9868-57a2d4851a1d" relativeResultsDirectory="3fd85b2e-9fb0-44bc-b202-f482a3f5c4c9" />
    <UnitTestResult executionId="2afcf909-df9e-49d9-a3f6-0257a262999b" testId="cf0ab36a-eb40-d0a7-db64-1943947d460f" testName="TumbangPreso.Core.Tests.AccountRulesTests.ArrivalSeparatesTwoUnnamedPeersByTheirToken" computerName="DESKTOP-E4OQK9L" duration="00:00:00.0001385" startTime="2026-09-22T14:58:30.6530931+08:00" endTime="2026-09-22T14:58:30.6530932+08:00" testType="13cdc9d9-ddb5-4fa4-a97d-d965ccfc6d4b" outcome="Passed" testListId="8c84fa94-04c1-424b-9868-57a2d4851a1d" relativeResultsDirectory="2afcf909-df9e-49d9-a3f6-0257a262999b" />
    <UnitTestResult executionId="363f7276-68a1-4ac6-9437-613f2e9ecb82" testId="0d4b7a13-86bb-47a3-758a-afeee4eeedc8" testName="TumbangPreso.Core.Tests.MatchInvariantTests.AWinnerDisagreementIsCaughtEvenWhenNeitherPeerIsObviouslyWrong" computerName="DESKTOP-E4OQK9L" duration="00:00:00.0004568" startTime="2026-09-22T14:58:30.6952274+08:00" endTime="2026-09-22T14:58:30.6952275+08:00" testType="13cdc9d9-ddb5-4fa4-a97d-d965ccfc6d4b" outcome="Passed" testListId="8c84fa94-04c1-424b-9868-57a2d4851a1d" relativeResultsDirectory="363f7276-68a1-4ac6-9437-613f2e9ecb82" />
    <UnitTestResult executionId="3f7e5399-5817-4c34-af8f-a0ddbbb22e30" testId="68b9b5c7-0790-7358-c082-05dff53bdf0b" testName="TumbangPreso.Core.Tests.ThrowAimRulesTests.ImmediateReleaseHasMoreVisibleDriftThanSettledRelease" computerName="DESKTOP-E4OQK9L" duration="00:00:00.0002494" startTime="2026-09-22T14:58:30.5933126+08:00" endTime="2026-09-22T14:58:30.5933126+08:00" testType="13cdc9d9-ddb5-4fa4-a97d-d965ccfc6d4b" outcome="Passed" testListId="8c84fa94-04c1-424b-9868-57a2d4851a1d" relativeResultsDirectory="3f7e5399-5817-4c34-af8f-a0ddbbb22e30" />
    <UnitTestResult executionId="8437ab56-cc2b-40d3-9cbe-1a256df12964" testId="c18f9e45-7f57-c6b6-e42b-127c7c4189ad" testName="TumbangPreso.Core.Tests.MatchInvariantTests.PlayingPastTheLastRoundIsCaught" computerName="DESKTOP-E4OQK9L" duration="00:00:00.0005225" startTime="2026-09-22T14:58:30.6943012+08:00" endTime="2026-09-22T14:58:30.6943013+08:00" testType="13cdc9d9-ddb5-4fa4-a97d-d965ccfc6d4b" outcome="Passed" testListId="8c84fa94-04c1-424b-9868-57a2d4851a1d" relativeResultsDirectory="8437ab56-cc2b-40d3-9cbe-1a256df12964" />
    <UnitTestResult executionId="b1f6a714-4fa6-4067-a80d-7986a4236688" testId="9056f87d-beed-0e88-11c8-82b3a9b52158" testName="TumbangPreso.Core.Tests.MatchRecordTests.ARecordWithNoMatchIdIsRefusedWithoutCallingTheEndpoint" computerName="DESKTOP-E4OQK9L" duration="00:00:00.0001797" startTime="2026-09-22T14:58:30.6082008+08:00" endTime="2026-09-22T14:58:30.6082008+08:00" testType="13cdc9d9-ddb5-4fa4-a97d-d965ccfc6d4b" outcome="Passed" testListId="8c84fa94-04c1-424b-9868-57a2d4851a1d" relativeResultsDirectory="b1f6a714-4fa6-4067-a80d-7986a4236688" />
    <UnitTestResult executionId="4442cc2f-50ab-4458-82fc-e9c84563ba04" testId="72c939bd-1d6e-1364-1d63-ee8090ba4d72" testName="TumbangPreso.Core.Tests.MatchInvariantTests.AdvancingOneRoundIsLegal" computerName="DESKTOP-E4OQK9L" duration="00:00:00.0001326" startTime="2026-09-22T14:58:30.6960790+08:00" endTime="2026-09-22T14:58:30.6960790+08:00" testType="13cdc9d9-ddb5-4fa4-a97d-d965ccfc6d4b" outcome="Passed" testListId="8c84fa94-04c1-424b-9868-57a2d4851a1d" relativeResultsDirectory="4442cc2f-50ab-4458-82fc-e9c84563ba04" />
    <UnitTestResult executionId="c5411baf-254b-4bf6-afe6-f6bede3ee652" testId="13b64473-338d-b4b2-7cc2-70333671a355" testName="TumbangPreso.Core.Tests.MatchRecordTests.NeverThrewSurvivesNormalisationAsMinusOne" computerName="DESKTOP-E4OQK9L" duration="00:00:00.0121608" startTime="2026-09-22T14:58:30.6255659+08:00" endTime="2026-09-22T14:58:30.6255660+08:00" testType="13cdc9d9-ddb5-4fa4-a97d-d965ccfc6d4b" outcome="Passed" testListId="8c84fa94-04c1-424b-9868-57a2d4851a1d" relativeResultsDirectory="c5411baf-254b-4bf6-afe6-f6bede3ee652" />
    <UnitTestResult executionId="0a49d3be-532f-4fcf-b434-1b14316c99ef" testId="ea668f23-c0e2-ae5a-c819-7c624c046faf" testName="TumbangPreso.Core.Tests.CustomCharacterKitTests.ThereIsExactlyOneKitFieldSoAMixtureCannotBeExpressed" computerName="DESKTOP-E4OQK9L" duration="00:00:00.0004291" startTime="2026-09-22T14:58:30.5698383+08:00" endTime="2026-09-22T14:58:30.5698384+08:00" testType="13cdc9d9-ddb5-4fa4-a97d-d965ccfc6d4b" outcome="Passed" testListId="8c84fa94-04c1-424b-9868-57a2d4851a1d" relativeResultsDirectory="0a49d3be-532f-4fcf-b434-1b14316c99ef" />
    <UnitTestResult executionId="979025da-796f-4f2f-874f-8745e823e474" testId="41099c94-254f-cd61-2739-a8c6fe9696a4" testName="TumbangPreso.Core.Tests.BannerTests.ATitleThatWasNeverEarnedIsDroppedRatherThanWorn" computerName="DESKTOP-E4OQK9L" duration="00:00:00.0001774" startTime="2026-09-22T14:58:30.6853113+08:00" endTime="2026-09-22T14:58:30.6853114+08:00" testType="13cdc9d9-ddb5-4fa4-a97d-d965ccfc6d4b" outcome="Passed" testListId="8c84fa94-04c1-424b-9868-57a2d4851a1d" relativeResultsDirectory="979025da-796f-4f2f-874f-8745e823e474" />
    <UnitTestResult executionId="969b888e-0474-4e2e-adb9-d4de777b7f48" testId="3689415b-a210-758f-5863-1844a8b11b28" testName="TumbangPreso.Core.Tests.MatchmakingTests.ACasualQueueSeatsAPhoneBesideAPc" computerName="DESKTOP-E4OQK9L" duration="00:00:00.0001876" startTime="2026-09-22T14:58:30.6706029+08:00" endTime="2026-09-22T14:58:30.6706030+08:00" testType="13cdc9d9-ddb5-4fa4-a97d-d965ccfc6d4b" outcome="Passed" testListId="8c84fa94-04c1-424b-9868-57a2d4851a1d" relativeResultsDirectory="969b888e-0474-4e2e-adb9-d4de777b7f48" />
    <UnitTestResult executionId="53f505b6-e7de-460d-a71a-0f9429c00940" testId="ae8674b4-f1d8-6fb6-1a5c-f8a1367cff43" testName="TumbangPreso.Core.Tests.AccountRulesTests.ValidRemoteValuesWinAndMissingRemoteValuesKeepLocalData" computerName="DESKTOP-E4OQK9L" duration="00:00:00.0021153" startTime="2026-09-22T14:58:30.6522885+08:00" endTime="2026-09-22T14:58:30.6522885+08:00" testType="13cdc9d9-ddb5-4fa4-a97d-d965ccfc6d4b" outcome="Passed" testListId="8c84fa94-04c1-424b-9868-57a2d4851a1d" relativeResultsDirectory="53f505b6-e7de-460d-a71a-0f9429c00940" />
    <UnitTestResult executionId="2b106f9b-6fc1-444a-ba72-385ce1853585" testId="06894f41-ca3e-9892-c417-dcfa3a0ff7f9" testName="TumbangPreso.Core.Tests.BalanceTests.NoCanIsBestAtEverything" computerName="DESKTOP-E4OQK9L" duration="00:00:00.0002272" startTime="2026-09-22T14:58:30.6898423+08:00" endTime="2026-09-22T14:58:30.6898424+08:00" testType="13cdc9d9-ddb5-4fa4-a97d-d965ccfc6d4b" outcome="Passed" testListId="8c84fa94-04c1-424b-9868-57a2d4851a1d" relativeResultsDirectory="2b106f9b-6fc1-444a-ba72-385ce1853585" />
    <UnitTestResult executionId="7db51b20-3f07-4027-a8b4-c7435608773a" testId="12b37991-3d7f-ff99-a036-dc7470af1e3e" testName="TumbangPreso.Core.Tests.FrameRateTests.TheBandEdgesSitWhereTheBotsFallOver(fps: 30, band: &quot;fps_30_50&quot;)" computerName="DESKTOP-E4OQK9L" duration="00:00:00.0000036" startTime="2026-09-22T14:58:30.5994734+08:00" endTime="2026-09-22T14:58:30.5994735+08:00" testType="13cdc9d9-ddb5-4fa4-a97d-d965ccfc6d4b" outcome="Passed" testListId="8c84fa94-04c1-424b-9868-57a2d4851a1d" relativeResultsDirectory="7db51b20-3f07-4027-a8b4-c7435608773a" />
    <UnitTestResult executionId="09552183-a88a-4f48-8078-d26b22aa46ef" testId="e3a13517-9b34-9dd3-19f1-fecfd7114e22" testName="TumbangPreso.Core.Tests.HumanCadenceTuningTests.InattentionFallsWithDifficultyLikeEveryOtherErrorRow" computerName="DESKTOP-E4OQK9L" duration="00:00:00.0002427" startTime="2026-09-22T14:58:30.6102262+08:00" endTime="2026-09-22T14:58:30.6102263+08:00" testType="13cdc9d9-ddb5-4fa4-a97d-d965ccfc6d4b" outcome="Passed" testListId="8c84fa94-04c1-424b-9868-57a2d4851a1d" relativeResultsDirectory="09552183-a88a-4f48-8078-d26b22aa46ef" />
    <UnitTestResult executionId="2aba274d-9bab-4eb1-aa90-8c9b6408ba92" testId="0e93d8c9-eed7-c3bb-39c5-6767025429b9" testName="TumbangPreso.Core.Tests.TelemetryTests.AnEventKeepsItsSafeColumnsAndLosesTheRest" computerName="DESKTOP-E4OQK9L" duration="00:00:00.0003803" startTime="2026-09-22T14:58:30.6808529+08:00" endTime="2026-09-22T14:58:30.6808530+08:00" testType="13cdc9d9-ddb5-4fa4-a97d-d965ccfc6d4b" outcome="Passed" testListId="8c84fa94-04c1-424b-9868-57a2d4851a1d" relativeResultsDirectory="2aba274d-9bab-4eb1-aa90-8c9b6408ba92" />
    <UnitTestResult executionId="b1a7fc41-96f3-45b1-a74e-ded214f4f8bc" testId="ab2712ed-efaf-a22e-8eee-f06c693a72ab" testName="TumbangPreso.Core.Tests.BalanceTests.EverySlotAppearsInTheDefaultRotation" computerName="DESKTOP-E4OQK9L" duration="00:00:00.0001803" startTime="2026-09-22T14:58:30.6888508+08:00" endTime="2026-09-22T14:58:30.6888509+08:00" testType="13cdc9d9-ddb5-4fa4-a97d-d965ccfc6d4b" outcome="Passed" testListId="8c84fa94-04c1-424b-9868-57a2d4851a1d" relativeResultsDirectory="b1a7fc41-96f3-45b1-a74e-ded214f4f8bc" />
    <UnitTestResult executionId="e5ffbc43-fca8-46d5-8106-1426e61e44d1" testId="9d9c4833-cf51-0217-78fc-3d2488d1734c" testName="TumbangPreso.Core.Tests.MatchInvariantTests.EveryCorruptedOrderingIsCaught(seed: 7)" computerName="DESKTOP-E4OQK9L" duration="00:00:00.0006206" startTime="2026-09-22T14:58:30.6967527+08:00" endTime="2026-09-22T14:58:30.6967528+08:00" testType="13cdc9d9-ddb5-4fa4-a97d-d965ccfc6d4b" outcome="Passed" testListId="8c84fa94-04c1-424b-9868-57a2d4851a1d" relativeResultsDirectory="e5ffbc43-fca8-46d5-8106-1426e61e44d1" />
    <UnitTestResult executionId="f3116df8-289b-4ff6-83ee-0823c6f425d1" testId="5bf653c4-c084-ca9e-393b-2000dbb2a867" testName="TumbangPreso.Core.Tests.HumanCadenceTuningTests.AGlanceStaysInsideTheLoiterLeash" computerName="DESKTOP-E4OQK9L" duration="00:00:00.0001806" startTime="2026-09-22T14:58:30.6174652+08:00" endTime="2026-09-22T14:58:30.6174653+08:00" testType="13cdc9d9-ddb5-4fa4-a97d-d965ccfc6d4b" outcome="Passed" testListId="8c84fa94-04c1-424b-9868-57a2d4851a1d" relativeResultsDirectory="f3116df8-289b-4ff6-83ee-0823c6f425d1" />
    <UnitTestResult executionId="e8127554-a630-4e08-8b7a-69694a56d6f2" testId="9e30f2c1-99bb-7e89-1cf7-40c53af60d0b" testName="TumbangPreso.Core.Tests.BalanceTests.SprintToEmpty_TakesPoolOverDrainRate" computerName="DESKTOP-E4OQK9L" duration="00:00:00.0002070" startTime="2026-09-22T14:58:30.6713045+08:00" endTime="2026-09-22T14:58:30.6713046+08:00" testType="13cdc9d9-ddb5-4fa4-a97d-d965ccfc6d4b" outcome="Passed" testListId="8c84fa94-04c1-424b-9868-57a2d4851a1d" relativeResultsDirectory="e8127554-a630-4e08-8b7a-69694a56d6f2" />
    <UnitTestResult executionId="3cb8366f-518a-4464-92a0-f57f5fd10993" testId="30b71595-fe65-0b09-324b-014fef0c044f" testName="TumbangPreso.Core.Tests.SabotageTests.NoSabotageWhenTheProjectedEndpointStaysOutsideActionableReach" computerName="DESKTOP-E4OQK9L" duration="00:00:00.0001677" startTime="2026-09-22T14:58:30.6389010+08:00" endTime="2026-09-22T14:58:30.6389012+08:00" testType="13cdc9d9-ddb5-4fa4-a97d-d965ccfc6d4b" outcome="Passed" testListId="8c84fa94-04c1-424b-9868-57a2d4851a1d" relativeResultsDirectory="3cb8366f-518a-4464-92a0-f57f5fd10993" />
    <UnitTestResult executionId="3062a833-b320-4666-a996-418e79384c75" testId="b7b1a515-ab96-dbb4-e7e2-47ea709e7c2b" testName="TumbangPreso.Core.Tests.BalanceTests.Trip_GraceCarriesAPlayerClearOfTheHazardThatFelledThem" computerName="DESKTOP-E4OQK9L" duration="00:00:00.0001565" startTime="2026-09-22T14:58:30.6896868+08:00" endTime="2026-09-22T14:58:30.6896869+08:00" testType="13cdc9d9-ddb5-4fa4-a97d-d965ccfc6d4b" outcome="Passed" testListId="8c84fa94-04c1-424b-9868-57a2d4851a1d" relativeResultsDirectory="3062a833-b320-4666-a996-418e79384c75" />
    <UnitTestResult executionId="36dc1928-1b5c-45d6-a8f0-265cc0514aaf" testId="ea46855f-cd75-4bef-448a-f96a2bad8cee" testName="TumbangPreso.Core.Tests.IntegrityTests.OneSubmissionIsPendingAndTwoAgreeingIsWitnessed" computerName="DESKTOP-E4OQK9L" duration="00:00:00.0007217" startTime="2026-09-22T14:58:30.6306481+08:00" endTime="2026-09-22T14:58:30.6306482+08:00" testType="13cdc9d9-ddb5-4fa4-a97d-d965ccfc6d4b" outcome="Passed" testListId="8c84fa94-04c1-424b-9868-57a2d4851a1d" relativeResultsDirectory="36dc1928-1b5c-45d6-a8f0-265cc0514aaf" />
    <UnitTestResult executionId="31b7b8d1-443c-4aa0-b70f-5d77d94df5f2" testId="9b915841-6f9f-6eda-4bd0-220625695f1a" testName="TumbangPreso.Core.Tests.MatchmakingTests.PoolsAreSeparatedByModeStakeAndProtocol" computerName="DESKTOP-E4OQK9L" duration="00:00:00.0002386" startTime="2026-09-22T14:58:30.6708949+08:00" endTime="2026-09-22T14:58:30.6708950+08:00" testType="13cdc9d9-ddb5-4fa4-a97d-d965ccfc6d4b" outcome="Passed" testListId="8c84fa94-04c1-424b-9868-57a2d4851a1d" relativeResultsDirectory="31b7b8d1-443c-4aa0-b70f-5d77d94df5f2" />
    <UnitTestResult executionId="176c6b0b-30d9-4f5d-a4e3-35ac070232c6" testId="6e0fd98b-27d1-b4d5-4448-03854a9e117a" testName="TumbangPreso.Core.Tests.MatchRecordTests.ADrawIsNeverAClutchBecauseNobodyWon" computerName="DESKTOP-E4OQK9L" duration="00:00:00.0002825" startTime="2026-09-22T14:58:30.6293472+08:00" endTime="2026-09-22T14:58:30.6293473+08:00" testType="13cdc9d9-ddb5-4fa4-a97d-d965ccfc6d4b" outcome="Passed" testListId="8c84fa94-04c1-424b-9868-57a2d4851a1d" relativeResultsDirectory="176c6b0b-30d9-4f5d-a4e3-35ac070232c6" />
    <UnitTestResult executionId="83bb1d81-ea46-4234-923f-1f8566f30d36" testId="1cfb26b0-b5b3-871c-1fd9-442d6b791514" testName="TumbangPreso.Core.Tests.SocialTests.AFullFriendsListRefusesFurtherRequestsWithItsOwnReason" computerName="DESKTOP-E4OQK9L" duration="00:00:00.0004519" startTime="2026-09-22T14:58:30.6658875+08:00" endTime="2026-09-22T14:58:30.6658875+08:00" testType="13cdc9d9-ddb5-4fa4-a97d-d965ccfc6d4b" outcome="Passed" testListId="8c84fa94-04c1-424b-9868-57a2d4851a1d" relativeResultsDirectory="83bb1d81-ea46-4234-923f-1f8566f30d36" />
    <UnitTestResult executionId="40f8aa57-e1da-4ef0-9f68-a0b280d5a007" testId="e3ffbeca-e942-fd28-0c2b-cfb2cc8b7016" testName="TumbangPreso.Core.Tests.MatchmakingTests.ALobbyOfOne1400AndThreeNineHundredsIsBadBySpreadAndBalancedByTeamFairness" computerName="DESKTOP-E4OQK9L" duration="00:00:00.0026034" startTime="2026-09-22T14:58:30.6548974+08:00" endTime="2026-09-22T14:58:30.6548976+08:00" testType="13cdc9d9-ddb5-4fa4-a97d-d965ccfc6d4b" outcome="Passed" testListId="8c84fa94-04c1-424b-9868-57a2d4851a1d" relativeResultsDirectory="40f8aa57-e1da-4ef0-9f68-a0b280d5a007" />
    <UnitTestResult executionId="20915df6-e1e7-4b3f-abea-b87c8307d37c" testId="c51f913b-0595-ddf8-d3e0-6ebac2cd2043" testName="TumbangPreso.Core.Tests.AccountRulesTests.ABadPasswordIsRefusedAndSaysWhy(value: &quot;test-only1&quot;, because: &quot;capital&quot;)" computerName="DESKTOP-E4OQK9L" duration="00:00:00.0000051" startTime="2026-09-22T14:58:30.6352684+08:00" endTime="2026-09-22T14:58:30.6352685+08:00" testType="13cdc9d9-ddb5-4fa4-a97d-d965ccfc6d4b" outcome="Passed" testListId="8c84fa94-04c1-424b-9868-57a2d4851a1d" relativeResultsDirectory="20915df6-e1e7-4b3f-abea-b87c8307d37c" />
    <UnitTestResult executionId="a28e0d0b-b0a1-41a7-a2b5-3fdc9fc794bf" testId="3faa4140-4b44-e948-f999-5e2a3ecfd516" testName="TumbangPreso.Core.Tests.SocialTests.ABotIsNeverOfferedEvenWhenItCarriesAnId" computerName="DESKTOP-E4OQK9L" duration="00:00:00.0046291" startTime="2026-09-22T14:58:30.6530006+08:00" endTime="2026-09-22T14:58:30.6530008+08:00" testType="13cdc9d9-ddb5-4fa4-a97d-d965ccfc6d4b" outcome="Passed" testListId="8c84fa94-04c1-424b-9868-57a2d4851a1d" relativeResultsDirectory="a28e0d0b-b0a1-41a7-a2b5-3fdc9fc794bf" />
    <UnitTestResult executionId="c6903421-c9a1-4873-b72f-c98d6b949740" testId="dd2ab89c-057e-2d01-07cb-0529d8b382fb" testName="TumbangPreso.Core.Tests.ProgressionTests.ARewardEarnedOnTheWayUpIsReportedOnce" computerName="DESKTOP-E4OQK9L" duration="00:00:00.0010748" startTime="2026-09-22T14:58:30.6950055+08:00" endTime="2026-09-22T14:58:30.6950056+08:00" testType="13cdc9d9-ddb5-4fa4-a97d-d965ccfc6d4b" outcome="Passed" testListId="8c84fa94-04c1-424b-9868-57a2d4851a1d" relativeResultsDirectory="c6903421-c9a1-4873-b72f-c98d6b949740" />
    <UnitTestResult executionId="ac32c70c-b1b9-474b-9737-8995b9698111" testId="af20f4f3-b2b7-a77e-7030-019c73b9a8b9" testName="TumbangPreso.Core.Tests.ActionChainTests.CatchUsesDistinctVictimsAndDoesNotRefreshOnRepeat" computerName="DESKTOP-E4OQK9L" duration="00:00:00.0035356" startTime="2026-09-22T14:58:30.6768518+08:00" endTime="2026-09-22T14:58:30.6768519+08:00" testType="13cdc9d9-ddb5-4fa4-a97d-d965ccfc6d4b" outcome="Passed" testListId="8c84fa94-04c1-424b-9868-57a2d4851a1d" relativeResultsDirectory="ac32c70c-b1b9-474b-9737-8995b9698111" />
    <UnitTestResult executionId="295f1cf4-a0b1-434c-834f-e86b0eaa7890" testId="5ace7e8e-1ea6-43dc-5cc4-aee1facb8008" testName="TumbangPreso.Core.Tests.FrameRateTests.TheBandEdgesSitWhereTheBotsFallOver(fps: 49.899999999999999, band: &quot;fps_30_50&quot;)" computerName="DESKTOP-E4OQK9L" duration="00:00:00.0000037" startTime="2026-09-22T14:58:30.5996898+08:00" endTime="2026-09-22T14:58:30.5996899+08:00" testType="13cdc9d9-ddb5-4fa4-a97d-d965ccfc6d4b" outcome="Passed" testListId="8c84fa94-04c1-424b-9868-57a2d4851a1d" relativeResultsDirectory="295f1cf4-a0b1-434c-834f-e86b0eaa7890" />
    <UnitTestResult executionId="121b318a-f27a-422e-9636-757c29710b31" testId="7d0a6697-5d23-429e-8d28-1ac697261849" testName="TumbangPreso.Core.Tests.CustomGameTests.ARoundIsDecidedByOneSurvivorOrByNoneAndNeverByTwo" computerName="DESKTOP-E4OQK9L" duration="00:00:00.0007627" startTime="2026-09-22T14:58:30.6274501+08:00" endTime="2026-09-22T14:58:30.6274502+08:00" testType="13cdc9d9-ddb5-4fa4-a97d-d965ccfc6d4b" outcome="Passed" testListId="8c84fa94-04c1-424b-9868-57a2d4851a1d" relativeResultsDirectory="121b318a-f27a-422e-9636-757c29710b31" />
    <UnitTestResult executionId="b1c71f7c-f1ec-4815-92a1-e7969c3b18ac" testId="6e36be59-ac7f-48aa-5ee5-a3466becfde5" testName="TumbangPreso.Core.Tests.SeatHandoverTests.ANewLineIsAPersonUntilSomethingSaysOtherwise" computerName="DESKTOP-E4OQK9L" duration="00:00:00.0032477" startTime="2026-09-22T14:58:30.6080000+08:00" endTime="2026-09-22T14:58:30.6080001+08:00" testType="13cdc9d9-ddb5-4fa4-a97d-d965ccfc6d4b" outcome="Passed" testListId="8c84fa94-04c1-424b-9868-57a2d4851a1d" relativeResultsDirectory="b1c71f7c-f1ec-4815-92a1-e7969c3b18ac" />
    <UnitTestResult executionId="819829de-4a7d-4b98-9bb2-4e675260fc43" testId="1c59c941-2f8b-3e83-a9d4-969bffac8b67" testName="TumbangPreso.Core.Tests.SabotageTests.NoSabotageThroughBlockingGeometry" computerName="DESKTOP-E4OQK9L" duration="00:00:00.0001251" startTime="2026-09-22T14:58:30.6274863+08:00" endTime="2026-09-22T14:58:30.6274864+08:00" testType="13cdc9d9-ddb5-4fa4-a97d-d965ccfc6d4b" outcome="Passed" testListId="8c84fa94-04c1-424b-9868-57a2d4851a1d" relativeResultsDirectory="819829de-4a7d-4b98-9bb2-4e675260fc43" />
    <UnitTestResult executionId="dfcc5016-b7e2-4a5b-9b8a-0767077420a6" testId="3afe23b3-7026-8c28-da06-0804c5849346" testName="TumbangPreso.Core.Tests.HumanCadenceTuningTests.ACrossingIsStillMostlyRunning" computerName="DESKTOP-E4OQK9L" duration="00:00:00.0000773" startTime="2026-09-22T14:58:30.6175185+08:00" endTime="2026-09-22T14:58:30.6175186+08:00" testType="13cdc9d9-ddb5-4fa4-a97d-d965ccfc6d4b" outcome="Passed" testListId="8c84fa94-04c1-424b-9868-57a2d4851a1d" relativeResultsDirectory="dfcc5016-b7e2-4a5b-9b8a-0767077420a6" />
    <UnitTestResult executionId="3ddd4cbf-498f-4af4-ab72-921d4285f444" testId="44cffecc-7da9-d2ed-9314-93bdd9e16ae1" testName="TumbangPreso.Core.Tests.AccountRulesTests.TheDerivedTagMatchesTheServerScriptsCopyOfTheSameHash(playerId: &quot;guest-abc123&quot;, expected: &quot;9434&quot;)" computerName="DESKTOP-E4OQK9L" duration="00:00:00.0000041" startTime="2026-09-22T14:58:30.6376731+08:00" endTime="2026-09-22T14:58:30.6376732+08:00" testType="13cdc9d9-ddb5-4fa4-a97d-d965ccfc6d4b" outcome="Passed" testListId="8c84fa94-04c1-424b-9868-57a2d4851a1d" relativeResultsDirectory="3ddd4cbf-498f-4af4-ab72-921d4285f444" />
    <UnitTestResult executionId="89648fcd-6eab-4256-a1fe-6cd178a19698" testId="5cd54430-55b2-94ba-a9f9-0cbe9e741e62" testName="TumbangPreso.Core.Tests.MapRotationTests.ASilentLobbyStillGetsAFreshMap" computerName="DESKTOP-E4OQK9L" duration="00:00:00.0042219" startTime="2026-09-22T14:58:30.6081353+08:00" endTime="2026-09-22T14:58:30.6081354+08:00" testType="13cdc9d9-ddb5-4fa4-a97d-d965ccfc6d4b" outcome="Passed" testListId="8c84fa94-04c1-424b-9868-57a2d4851a1d" relativeResultsDirectory="89648fcd-6eab-4256-a1fe-6cd178a19698" />
    <UnitTestResult executionId="c3ace38d-d30c-44f2-b1f3-cb04068dbaa3" testId="6f5d47dc-598d-f850-7b74-17c3cdf1e6a0" testName="TumbangPreso.Core.Tests.SeatHandoverTests.AHandedOverSeatIsLabelledAsNeitherAPersonNorAPlainBot" computerName="DESKTOP-E4OQK9L" duration="00:00:00.0009830" startTime="2026-09-22T14:58:30.6195091+08:00" endTime="2026-09-22T14:58:30.6195092+08:00" testType="13cdc9d9-ddb5-4fa4-a97d-d965ccfc6d4b" outcome="Passed" testListId="8c84fa94-04c1-424b-9868-57a2d4851a1d" relativeResultsDirectory="c3ace38d-d30c-44f2-b1f3-cb04068dbaa3" />
    <UnitTestResult executionId="fa1161f2-7285-4c53-9a03-0af03386e43a" testId="f57b5142-c033-c014-1ef6-f934b2eaceba" testName="TumbangPreso.Core.Tests.AccountRulesTests.ARefusalDoesNotPunishAPeerThatNeverClaimedATag" computerName="DESKTOP-E4OQK9L" duration="00:00:00.0001101" startTime="2026-09-22T14:58:30.6605208+08:00" endTime="2026-09-22T14:58:30.6605209+08:00" testType="13cdc9d9-ddb5-4fa4-a97d-d965ccfc6d4b" outcome="Passed" testListId="8c84fa94-04c1-424b-9868-57a2d4851a1d" relativeResultsDirectory="fa1161f2-7285-4c53-9a03-0af03386e43a" />
    <UnitTestResult executionId="6eca3dcf-b9c4-4b23-85d0-16fce9f41ba8" testId="49223a2a-cce2-8423-6b77-31a2e3c6cec7" testName="TumbangPreso.Core.Tests.AiPersonalityRollTests.DifferentSeatsAreDifferentPeople" computerName="DESKTOP-E4OQK9L" duration="00:00:00.0001435" startTime="2026-09-22T14:58:30.5828999+08:00" endTime="2026-09-22T14:58:30.5829002+08:00" testType="13cdc9d9-ddb5-4fa4-a97d-d965ccfc6d4b" outcome="Passed" testListId="8c84fa94-04c1-424b-9868-57a2d4851a1d" relativeResultsDirectory="6eca3dcf-b9c4-4b23-85d0-16fce9f41ba8" />
    <UnitTestResult executionId="e16ec36b-ec1f-4723-af9e-81a5329fbc37" testId="5e7a0836-47ee-7711-5b9d-2fe75529b2bd" testName="TumbangPreso.Core.Tests.BalanceTests.Mash_IsRefusedOnceTheFloorIsReached" computerName="DESKTOP-E4OQK9L" duration="00:00:00.0001124" startTime="2026-09-22T14:58:30.6898946+08:00" endTime="2026-09-22T14:58:30.6898946+08:00" testType="13cdc9d9-ddb5-4fa4-a97d-d965ccfc6d4b" outcome="Passed" testListId="8c84fa94-04c1-424b-9868-57a2d4851a1d" relativeResultsDirectory="e16ec36b-ec1f-4723-af9e-81a5329fbc37" />
    <UnitTestResult executionId="47cb4c0d-bfe6-4e7d-9006-b8df478b5be2" testId="8a38d984-25d3-8ad5-3bca-b4cb1c8f4c14" testName="TumbangPreso.Core.Tests.AccountRulesTests.ABadPasswordIsRefusedAndSaysWhy(value: &quot;Testonly1&quot;, because: &quot;capital&quot;)" computerName="DESKTOP-E4OQK9L" duration="00:00:00.0000041" startTime="2026-09-22T14:58:30.6351506+08:00" endTime="2026-09-22T14:58:30.6351507+08:00" testType="13cdc9d9-ddb5-4fa4-a97d-d965ccfc6d4b" outcome="Passed" testListId="8c84fa94-04c1-424b-9868-57a2d4851a1d" relativeResultsDirectory="47cb4c0d-bfe6-4e7d-9006-b8df478b5be2" />
    <UnitTestResult executionId="d739133d-f3ee-41e6-8be8-f60d68929252" testId="d573c23a-3b34-a469-72c3-b97fc42e64ac" testName="TumbangPreso.Core.Tests.CustomCharacterTests.EveryAccessoryListOpensOnNone" computerName="DESKTOP-E4OQK9L" duration="00:00:00.0001680" startTime="2026-09-22T14:58:30.6302828+08:00" endTime="2026-09-22T14:58:30.6302829+08:00" testType="13cdc9d9-ddb5-4fa4-a97d-d965ccfc6d4b" outcome="Passed" testListId="8c84fa94-04c1-424b-9868-57a2d4851a1d" relativeResultsDirectory="d739133d-f3ee-41e6-8be8-f60d68929252" />
    <UnitTestResult executionId="a036f85a-17a1-4fbe-adad-519c7668acec" testId="d7515dfe-0ab4-501c-1e51-11d59497c3c2" testName="TumbangPreso.Core.Tests.BalanceTests.BodyBlock_ScalesByThrowerImpactAndDividesByBlockerGrit" computerName="DESKTOP-E4OQK9L" duration="00:00:00.0049429" startTime="2026-09-22T14:58:30.6889747+08:00" endTime="2026-09-22T14:58:30.6889748+08:00" testType="13cdc9d9-ddb5-4fa4-a97d-d965ccfc6d4b" outcome="Passed" testListId="8c84fa94-04c1-424b-9868-57a2d4851a1d" relativeResultsDirectory="a036f85a-17a1-4fbe-adad-519c7668acec" />
    <UnitTestResult executionId="b26afbff-6846-494c-9aa0-b7d98d4663d5" testId="62f86198-2ac4-9ebc-e493-aa9bcc118e38" testName="TumbangPreso.Core.Tests.SeatHandoverTests.TheBoardNamesTheCauseOrSaysNothingAtAll" computerName="DESKTOP-E4OQK9L" duration="00:00:00.0003122" startTime="2026-09-22T14:58:30.6110013+08:00" endTime="2026-09-22T14:58:30.6110014+08:00" testType="13cdc9d9-ddb5-4fa4-a97d-d965ccfc6d4b" outcome="Passed" testListId="8c84fa94-04c1-424b-9868-57a2d4851a1d" relativeResultsDirectory="b26afbff-6846-494c-9aa0-b7d98d4663d5" />
    <UnitTestResult executionId="ea84480e-a384-417c-8fa0-9d772ff0b139" testId="831c3a4f-ef63-e607-584b-164a382facad" testName="TumbangPreso.Core.Tests.HumanCadenceTuningTests.ABoredomShiftIsBigEnoughToBeANewPlace" computerName="DESKTOP-E4OQK9L" duration="00:00:00.0000736" startTime="2026-09-22T14:58:30.6166970+08:00" endTime="2026-09-22T14:58:30.6166971+08:00" testType="13cdc9d9-ddb5-4fa4-a97d-d965ccfc6d4b" outcome="Passed" testListId="8c84fa94-04c1-424b-9868-57a2d4851a1d" relativeResultsDirectory="ea84480e-a384-417c-8fa0-9d772ff0b139" />
    <UnitTestResult executionId="2d21aa50-2163-42c1-bf39-37b8e6e4b34b" testId="069362a7-aa3c-ce96-ddb6-f38ae4dbcce9" testName="TumbangPreso.Core.Tests.MatchmakingTests.TheBandStartsAtAHundredWidensEveryFifteenSecondsAndStopsAtFiveHundred" computerName="DESKTOP-E4OQK9L" duration="00:00:00.0002199" startTime="2026-09-22T14:58:30.6560253+08:00" endTime="2026-09-22T14:58:30.6560254+08:00" testType="13cdc9d9-ddb5-4fa4-a97d-d965ccfc6d4b" outcome="Passed" testListId="8c84fa94-04c1-424b-9868-57a2d4851a1d" relativeResultsDirectory="2d21aa50-2163-42c1-bf39-37b8e6e4b34b" />
    <UnitTestResult executionId="20d22b53-5919-40e9-bd29-a05dace8bd88" testId="bdfec473-f927-2f75-2dd3-d367371a5153" testName="TumbangPreso.Core.Tests.AiMovementTests.AFortyFiveDegreeHeadingIsTwoKeys" computerName="DESKTOP-E4OQK9L" duration="00:00:00.0001131" startTime="2026-09-22T14:58:30.5932131+08:00" endTime="2026-09-22T14:58:30.5932132+08:00" testType="13cdc9d9-ddb5-4fa4-a97d-d965ccfc6d4b" outcome="Passed" testListId="8c84fa94-04c1-424b-9868-57a2d4851a1d" relativeResultsDirectory="20d22b53-5919-40e9-bd29-a05dace8bd88" />
    <UnitTestResult executionId="ae70ca55-7d6b-4718-88df-129b7421ba26" testId="ca5f9504-ff3c-0915-eb73-e8da040360c8" testName="TumbangPreso.Core.Tests.FrameRateTests.TheBandEdgesSitWhereTheBotsFallOver(fps: 59.899999999999999, band: &quot;fps_50_60&quot;)" computerName="DESKTOP-E4OQK9L" duration="00:00:00.0000039" startTime="2026-09-22T14:58:30.5974236+08:00" endTime="2026-09-22T14:58:30.5974237+08:00" testType="13cdc9d9-ddb5-4fa4-a97d-d965ccfc6d4b" outcome="Passed" testListId="8c84fa94-04c1-424b-9868-57a2d4851a1d" relativeResultsDirectory="ae70ca55-7d6b-4718-88df-129b7421ba26" />
    <UnitTestResult executionId="ce651aa2-10ab-4329-bc14-a81c6866b40c" testId="57edde77-48d2-6680-f39e-1e8be383afc7" testName="TumbangPreso.Core.Tests.BalanceTests.DeflectAndLataRecoil_AreSeparateScalesInTheRightOrder" computerName="DESKTOP-E4OQK9L" duration="00:00:00.0033906" startTime="2026-09-22T14:58:30.6760989+08:00" endTime="2026-09-22T14:58:30.6760990+08:00" testType="13cdc9d9-ddb5-4fa4-a97d-d965ccfc6d4b" outcome="Passed" testListId="8c84fa94-04c1-424b-9868-57a2d4851a1d" relativeResultsDirectory="ce651aa2-10ab-4329-bc14-a81c6866b40c" />
    <UnitTestResult executionId="0c693137-b455-4e9a-a5dc-15d21480c873" testId="47a0d955-544b-e7dc-3d47-f3a103002967" testName="TumbangPreso.Core.Tests.MatchInvariantTests.TwoPeersDescribingTheSameMatchAgree" computerName="DESKTOP-E4OQK9L" duration="00:00:00.0001507" startTime="2026-09-22T14:58:30.6962931+08:00" endTime="2026-09-22T14:58:30.6962932+08:00" testType="13cdc9d9-ddb5-4fa4-a97d-d965ccfc6d4b" outcome="Passed" testListId="8c84fa94-04c1-424b-9868-57a2d4851a1d" relativeResultsDirectory="0c693137-b455-4e9a-a5dc-15d21480c873" />
    <UnitTestResult executionId="049540a2-4262-481c-924a-37b42e3c72f1" testId="47b69272-fc9a-6c0a-f7f1-8763cc7958f8" testName="TumbangPreso.Core.Tests.FrameRateTests.ASteadySixtyReadsBackAsSixty" computerName="DESKTOP-E4OQK9L" duration="00:00:00.0069681" startTime="2026-09-22T14:58:30.6605788+08:00" endTime="2026-09-22T14:58:30.6605789+08:00" testType="13cdc9d9-ddb5-4fa4-a97d-d965ccfc6d4b" outcome="Passed" testListId="8c84fa94-04c1-424b-9868-57a2d4851a1d" relativeResultsDirectory="049540a2-4262-481c-924a-37b42e3c72f1" />
    <UnitTestResult executionId="05620115-b974-4e56-a0ea-a681112d6b6b" testId="2a4ca956-2334-5a45-28d3-592b1c9cb029" testName="TumbangPreso.Core.Tests.SabotageTests.NoSabotageAgainstTheDefender" computerName="DESKTOP-E4OQK9L" duration="00:00:00.0001294" startTime="2026-09-22T14:58:30.6355345+08:00" endTime="2026-09-22T14:58:30.6355346+08:00" testType="13cdc9d9-ddb5-4fa4-a97d-d965ccfc6d4b" outcome="Passed" testListId="8c84fa94-04c1-424b-9868-57a2d4851a1d" relativeResultsDirectory="05620115-b974-4e56-a0ea-a681112d6b6b" />
    <UnitTestResult executionId="360a8d67-163f-4969-b31d-0755ab9eaec3" testId="a1365c41-96c2-5d31-e6f1-e4ea91b7601f" testName="TumbangPreso.Core.Tests.MatchmakingTests.TheTightestSpreadWinsAndOccupancyOnlyBreaksATie" computerName="DESKTOP-E4OQK9L" duration="00:00:00.0008303" startTime="2026-09-22T14:58:30.6698875+08:00" endTime="2026-09-22T14:58:30.6698876+08:00" testType="13cdc9d9-ddb5-4fa4-a97d-d965ccfc6d4b" outcome="Passed" testListId="8c84fa94-04c1-424b-9868-57a2d4851a1d" relativeResultsDirectory="360a8d67-163f-4969-b31d-0755ab9eaec3" />
    <UnitTestResult executionId="c4ad7c4f-f861-44b4-879f-6ab125bca0ff" testId="15d3f401-6e1f-4e12-e516-8c3257dfee8c" testName="TumbangPreso.Core.Tests.BalanceTests.Pektus_CurveConstantsAreValid" computerName="DESKTOP-E4OQK9L" duration="00:00:00.0003030" startTime="2026-09-22T14:58:30.6863864+08:00" endTime="2026-09-22T14:58:30.6863866+08:00" testType="13cdc9d9-ddb5-4fa4-a97d-d965ccfc6d4b" outcome="Passed" testListId="8c84fa94-04c1-424b-9868-57a2d4851a1d" relativeResultsDirectory="c4ad7c4f-f861-44b4-879f-6ab125bca0ff" />
    <UnitTestResult executionId="73c27bdd-d3cc-4ba3-b6dc-e53ae8b766fb" testId="98bb3d8d-890e-70f5-892a-1e8b2d504bfb" testName="TumbangPreso.Core.Tests.CustomCharacterKitTests.AnythingThatIsNotAHeroResolvesToAPlayableKit(wanted: &quot;&quot;)" computerName="DESKTOP-E4OQK9L" duration="00:00:00.0000056" startTime="2026-09-22T14:58:30.5661862+08:00" endTime="2026-09-22T14:58:30.5661865+08:00" testType="13cdc9d9-ddb5-4fa4-a97d-d965ccfc6d4b" outcome="Passed" testListId="8c84fa94-04c1-424b-9868-57a2d4851a1d" relativeResultsDirectory="73c27bdd-d3cc-4ba3-b6dc-e53ae8b766fb" />
    <UnitTestResult executionId="4a01a7f4-755c-4a2d-9897-bf1049fd50d1" testId="91029139-c6fe-1d41-c734-a942798cc26c" testName="TumbangPreso.Core.Tests.MatchRecordTests.ARateBelowTheSampleFloorIsNotReportable" computerName="DESKTOP-E4OQK9L" duration="00:00:00.0001399" startTime="2026-09-22T14:58:30.6368892+08:00" endTime="2026-09-22T14:58:30.6368893+08:00" testType="13cdc9d9-ddb5-4fa4-a97d-d965ccfc6d4b" outcome="Passed" testListId="8c84fa94-04c1-424b-9868-57a2d4851a1d" relativeResultsDirectory="4a01a7f4-755c-4a2d-9897-bf1049fd50d1" />
    <UnitTestResult executionId="1010dc46-32ef-42ff-8ec1-f05f54c93d98" testId="869d2932-7be4-7a53-4527-44de43eaed4b" testName="TumbangPreso.Core.Tests.SabotageTests.TheApproachRangeStaysCloseToTheShovesOwnReach" computerName="DESKTOP-E4OQK9L" duration="00:00:00.0000794" startTime="2026-09-22T14:58:30.6263883+08:00" endTime="2026-09-22T14:58:30.6263884+08:00" testType="13cdc9d9-ddb5-4fa4-a97d-d965ccfc6d4b" outcome="Passed" testListId="8c84fa94-04c1-424b-9868-57a2d4851a1d" relativeResultsDirectory="1010dc46-32ef-42ff-8ec1-f05f54c93d98" />
    <UnitTestResult executionId="70ccccf8-6ed0-4886-aae6-49915c3027e6" testId="3e3c6c23-f189-c93b-62c7-ce6dcee3599f" testName="TumbangPreso.Core.Tests.AccountRulesTests.AGoodUsernameIsAccepted(value: &quot;a-b@c&quot;)" computerName="DESKTOP-E4OQK9L" duration="00:00:00.0000061" startTime="2026-09-22T14:58:30.6550861+08:00" endTime="2026-09-22T14:58:30.6550862+08:00" testType="13cdc9d9-ddb5-4fa4-a97d-d965ccfc6d4b" outcome="Passed" testListId="8c84fa94-04c1-424b-9868-57a2d4851a1d" relativeResultsDirectory="70ccccf8-6ed0-4886-aae6-49915c3027e6" />
    <UnitTestResult executionId="40249bcb-bd19-45f4-91cb-17caf3bcb0c6" testId="086eb76d-3fe9-c11d-3c0e-3cf836f76873" testName="TumbangPreso.Core.Tests.IntegrityTests.AMissingSubmissionIsSilenceRatherThanAnAccusation" computerName="DESKTOP-E4OQK9L" duration="00:00:00.0002535" startTime="2026-09-22T14:58:30.6168537+08:00" endTime="2026-09-22T14:58:30.6168538+08:00" testType="13cdc9d9-ddb5-4fa4-a97d-d965ccfc6d4b" outcome="Passed" testListId="8c84fa94-04c1-424b-9868-57a2d4851a1d" relativeResultsDirectory="40249bcb-bd19-45f4-91cb-17caf3bcb0c6" />
    <UnitTestResult executionId="d67435fc-1316-457d-b527-a8cb0f5843dd" testId="c243b90e-7c20-a50a-af74-694aafbb8991" testName="TumbangPreso.Core.Tests.IntegrityTests.APlacementThatDisagreesWithTheScoresIsRefused" computerName="DESKTOP-E4OQK9L" duration="00:00:00.0001640" startTime="2026-09-22T14:58:30.6255122+08:00" endTime="2026-09-22T14:58:30.6255122+08:00" testType="13cdc9d9-ddb5-4fa4-a97d-d965ccfc6d4b" outcome="Passed" testListId="8c84fa94-04c1-424b-9868-57a2d4851a1d" relativeResultsDirectory="d67435fc-1316-457d-b527-a8cb0f5843dd" />
    <UnitTestResult executionId="be31b886-8b41-4901-b742-2d44e47a0f35" testId="60f45181-a01a-bb48-261a-242cd0b2599d" testName="TumbangPreso.Core.Tests.SocialTests.YouCannotAddYourself" computerName="DESKTOP-E4OQK9L" duration="00:00:00.0001771" startTime="2026-09-22T14:58:30.5893926+08:00" endTime="2026-09-22T14:58:30.5893927+08:00" testType="13cdc9d9-ddb5-4fa4-a97d-d965ccfc6d4b" outcome="Passed" testListId="8c84fa94-04c1-424b-9868-57a2d4851a1d" relativeResultsDirectory="be31b886-8b41-4901-b742-2d44e47a0f35" />
    <UnitTestResult executionId="85ebd960-92cb-4bab-a154-854ce10c9935" testId="3aaed196-30b8-3164-89ed-8d2e627491e4" testName="TumbangPreso.Core.Tests.TelemetryTests.AParameterNamedAfterAPersonIsRefused(key: &quot;save_path&quot;)" computerName="DESKTOP-E4OQK9L" duration="00:00:00.0000035" startTime="2026-09-22T14:58:30.6685440+08:00" endTime="2026-09-22T14:58:30.6685441+08:00" testType="13cdc9d9-ddb5-4fa4-a97d-d965ccfc6d4b" outcome="Passed" testListId="8c84fa94-04c1-424b-9868-57a2d4851a1d" relativeResultsDirectory="85ebd960-92cb-4bab-a154-854ce10c9935" />
    <UnitTestResult executionId="493522ae-5aef-408e-94d2-f520e9ca1013" testId="8092ddc6-f7c7-0a27-d633-726bde8de8a1" testName="TumbangPreso.Core.Tests.DigestContractTests.TheCanonicalStringIsTheFieldOrderBothSidesWrite" computerName="DESKTOP-E4OQK9L" duration="00:00:00.0001020" startTime="2026-09-22T14:58:30.6090236+08:00" endTime="2026-09-22T14:58:30.6090236+08:00" testType="13cdc9d9-ddb5-4fa4-a97d-d965ccfc6d4b" outcome="Passed" testListId="8c84fa94-04c1-424b-9868-57a2d4851a1d" relativeResultsDirectory="493522ae-5aef-408e-94d2-f520e9ca1013" />
    <UnitTestResult executionId="9f0236e0-23cf-4397-8ae5-060283cf1dcc" testId="53135d67-4bb2-73b8-0dfe-394aeb4d5a77" testName="TumbangPreso.Core.Tests.RosterIntegrityTests.ACustomCharacterNameSurvivesTheCodec(name: &quot;Batang Kalye&quot;)" computerName="DESKTOP-E4OQK9L" duration="00:00:00.0000142" startTime="2026-09-22T14:58:30.6204453+08:00" endTime="2026-09-22T14:58:30.6204454+08:00" testType="13cdc9d9-ddb5-4fa4-a97d-d965ccfc6d4b" outcome="Passed" testListId="8c84fa94-04c1-424b-9868-57a2d4851a1d" relativeResultsDirectory="9f0236e0-23cf-4397-8ae5-060283cf1dcc" />
    <UnitTestResult executionId="bcf0c35b-9924-4e5a-8833-5970d41b3511" testId="0d7a8e96-582a-7f76-d48e-b00bd430bcc5" testName="TumbangPreso.Core.Tests.ProgressionTests.ResubmittingAMatchPaysItOnce" computerName="DESKTOP-E4OQK9L" duration="00:00:00.0005867" startTime="2026-09-22T14:58:30.6817652+08:00" endTime="2026-09-22T14:58:30.6817652+08:00" testType="13cdc9d9-ddb5-4fa4-a97d-d965ccfc6d4b" outcome="Passed" testListId="8c84fa94-04c1-424b-9868-57a2d4851a1d" relativeResultsDirectory="bcf0c35b-9924-4e5a-8833-5970d41b3511" />
    <UnitTestResult executionId="1a9a5dda-023d-4dba-9608-e5c8579ad814" testId="a0b153be-0b4d-0627-b38a-4a120ee3dd44" testName="TumbangPreso.Core.Tests.FrameRateTests.TheBandEdgesSitWhereTheBotsFallOver(fps: 60, band: &quot;fps_60_90&quot;)" computerName="DESKTOP-E4OQK9L" duration="00:00:00.0000034" startTime="2026-09-22T14:58:30.5995564+08:00" endTime="2026-09-22T14:58:30.5995565+08:00" testType="13cdc9d9-ddb5-4fa4-a97d-d965ccfc6d4b" outcome="Passed" testListId="8c84fa94-04c1-424b-9868-57a2d4851a1d" relativeResultsDirectory="1a9a5dda-023d-4dba-9608-e5c8579ad814" />
    <UnitTestResult executionId="26b83d12-bf7e-4450-bfdc-e8b6d7f68b35" testId="5193929f-1618-adee-ede6-12457b40249a" testName="TumbangPreso.Core.Tests.BalanceTests.ASprintBuysOneCrossingOfTheDangerZone" computerName="DESKTOP-E4OQK9L" duration="00:00:00.0002292" startTime="2026-09-22T14:58:30.6772713+08:00" endTime="2026-09-22T14:58:30.6772714+08:00" testType="13cdc9d9-ddb5-4fa4-a97d-d965ccfc6d4b" outcome="Passed" testListId="8c84fa94-04c1-424b-9868-57a2d4851a1d" relativeResultsDirectory="26b83d12-bf7e-4450-bfdc-e8b6d7f68b35" />
    <UnitTestResult executionId="2bece87c-1ffc-44da-be00-c0e2aeecd16d" testId="bdf07bf6-6701-8ee3-eb76-d49c00ee2aa4" testName="TumbangPreso.Core.Tests.MapRotationTests.AVenueMachineWithAFlatBatteryStillOpensOnARealMap" computerName="DESKTOP-E4OQK9L" duration="00:00:00.0002893" startTime="2026-09-22T14:58:30.6154783+08:00" endTime="2026-09-22T14:58:30.6154784+08:00" testType="13cdc9d9-ddb5-4fa4-a97d-d965ccfc6d4b" outcome="Passed" testListId="8c84fa94-04c1-424b-9868-57a2d4851a1d" relativeResultsDirectory="2bece87c-1ffc-44da-be00-c0e2aeecd16d" />
    <UnitTestResult executionId="5119543d-23a6-44f7-820c-cf6e01b5a43a" testId="f862db3b-07f0-203b-0c14-052babb39647" testName="TumbangPreso.Core.Tests.BannerTests.APaletteNobodyEarnedIsRefused" computerName="DESKTOP-E4OQK9L" duration="00:00:00.0030484" startTime="2026-09-22T14:58:30.6760226+08:00" endTime="2026-09-22T14:58:30.6760227+08:00" testType="13cdc9d9-ddb5-4fa4-a97d-d965ccfc6d4b" outcome="Passed" testListId="8c84fa94-04c1-424b-9868-57a2d4851a1d" relativeResultsDirectory="5119543d-23a6-44f7-820c-cf6e01b5a43a" />
    <UnitTestResult executionId="3052796d-ace1-4d04-9c7d-db276fb7905d" testId="31d0ec0e-f7c7-0e25-a782-09b0368afaaf" testName="TumbangPreso.Core.Tests.FrameRateTests.TheBandEdgesSitWhereTheBotsFallOver(fps: 12, band: &quot;fps_under_30&quot;)" computerName="DESKTOP-E4OQK9L" duration="00:00:00.0000059" startTime="2026-09-22T14:58:30.5973701+08:00" endTime="2026-09-22T14:58:30.5973702+08:00" testType="13cdc9d9-ddb5-4fa4-a97d-d965ccfc6d4b" outcome="Passed" testListId="8c84fa94-04c1-424b-9868-57a2d4851a1d" relativeResultsDirectory="3052796d-ace1-4d04-9c7d-db276fb7905d" />
    <UnitTestResult executionId="9c72736b-0da3-4648-a68c-c44a375e4014" testId="ca4b43d7-84cf-3324-e4a2-75fc25e5e58d" testName="TumbangPreso.Core.Tests.RosterIntegrityTests.ACustomCharacterNameSurvivesTheCodec(name: &quot;Tondo:Kid&quot;)" computerName="DESKTOP-E4OQK9L" duration="00:00:00.0001605" startTime="2026-09-22T14:58:30.6203601+08:00" endTime="2026-09-22T14:58:30.6203602+08:00" testType="13cdc9d9-ddb5-4fa4-a97d-d965ccfc6d4b" outcome="Passed" testListId="8c84fa94-04c1-424b-9868-57a2d4851a1d" relativeResultsDirectory="9c72736b-0da3-4648-a68c-c44a375e4014" />
    <UnitTestResult executionId="28f84ef8-bd6e-40f8-b139-a7f66df30f12" testId="0980a4c3-c88b-b602-1fd5-3ffcc063c462" testName="TumbangPreso.Core.Tests.BalanceTests.ShoveKnockback_Is2Point50Metres" computerName="DESKTOP-E4OQK9L" duration="00:00:00.0000965" startTime="2026-09-22T14:58:30.6707757+08:00" endTime="2026-09-22T14:58:30.6707757+08:00" testType="13cdc9d9-ddb5-4fa4-a97d-d965ccfc6d4b" outcome="Passed" testListId="8c84fa94-04c1-424b-9868-57a2d4851a1d" relativeResultsDirectory="28f84ef8-bd6e-40f8-b139-a7f66df30f12" />
    <UnitTestResult executionId="838c1c5c-1bcb-47e4-b31b-2e9df9dffede" testId="e0df0012-b3a6-2af7-45b5-c5f5d183a55b" testName="TumbangPreso.Core.Tests.BotFillTests.AFullLobbyIsNeverOfferedBots" computerName="DESKTOP-E4OQK9L" duration="00:00:00.0001921" startTime="2026-09-22T14:58:30.5943266+08:00" endTime="2026-09-22T14:58:30.5943267+08:00" testType="13cdc9d9-ddb5-4fa4-a97d-d965ccfc6d4b" outcome="Passed" testListId="8c84fa94-04c1-424b-9868-57a2d4851a1d" relativeResultsDirectory="838c1c5c-1bcb-47e4-b31b-2e9df9dffede" />
    <UnitTestResult executionId="b4038fd4-e620-4488-baf8-43d033bf0774" testId="d3d1cc16-a586-3e66-a959-6054db1d0fe4" testName="TumbangPreso.Core.Tests.BalanceTests.Fatigue_ReleasesItsSpeedZoneOnExpiry" computerName="DESKTOP-E4OQK9L" duration="00:00:00.0002571" startTime="2026-09-22T14:58:30.6899973+08:00" endTime="2026-09-22T14:58:30.6899974+08:00" testType="13cdc9d9-ddb5-4fa4-a97d-d965ccfc6d4b" outcome="Passed" testListId="8c84fa94-04c1-424b-9868-57a2d4851a1d" relativeResultsDirectory="b4038fd4-e620-4488-baf8-43d033bf0774" />
    <UnitTestResult executionId="dc1f9b06-8b5c-46e5-b616-1a91599fd91f" testId="43f44956-a843-df71-fda3-2a51c10bfdaa" testName="TumbangPreso.Core.Tests.TelemetryTests.TheFunnelIsTheSixStepsInThisOrder" computerName="DESKTOP-E4OQK9L" duration="00:00:00.0001983" startTime="2026-09-22T14:58:30.6709210+08:00" endTime="2026-09-22T14:58:30.6709211+08:00" testType="13cdc9d9-ddb5-4fa4-a97d-d965ccfc6d4b" outcome="Passed" testListId="8c84fa94-04c1-424b-9868-57a2d4851a1d" relativeResultsDirectory="dc1f9b06-8b5c-46e5-b616-1a91599fd91f" />
    <UnitTestResult executionId="d443618a-5afa-42ff-bd1e-531eaf2acd31" testId="1e9e4415-181a-2bdb-1414-55371e9d9fe9" testName="TumbangPreso.Core.Tests.AiPersonalityRollTests.AGrudgeAlwaysLandsInsideTheCandidateList" computerName="DESKTOP-E4OQK9L" duration="00:00:00.0008976" startTime="2026-09-22T14:58:30.5698755+08:00" endTime="2026-09-22T14:58:30.5698756+08:00" testType="13cdc9d9-ddb5-4fa4-a97d-d965ccfc6d4b" outcome="Passed" testListId="8c84fa94-04c1-424b-9868-57a2d4851a1d" relativeResultsDirectory="d443618a-5afa-42ff-bd1e-531eaf2acd31" />
    <UnitTestResult executionId="d7745149-3dae-4fdb-ba32-bccf46396c9f" testId="6ab20656-e8e5-5f5e-c181-d19b51627637" testName="TumbangPreso.Core.Tests.BalanceTests.StunMash_ShortensAnAbilityStunButNeverCancelsIt" computerName="DESKTOP-E4OQK9L" duration="00:00:00.0001728" startTime="2026-09-22T14:58:30.6713845+08:00" endTime="2026-09-22T14:58:30.6713845+08:00" testType="13cdc9d9-ddb5-4fa4-a97d-d965ccfc6d4b" outcome="Passed" testListId="8c84fa94-04c1-424b-9868-57a2d4851a1d" relativeResultsDirectory="d7745149-3dae-4fdb-ba32-bccf46396c9f" />
    <UnitTestResult executionId="fb5e1f87-dd42-49f4-8570-e9e9f3105484" testId="12fb7777-0aea-7aaf-97f2-451ae38ac241" testName="TumbangPreso.Core.Tests.ActionChainTests.IndependentAccuracyCapsAndMilestonesDoNotChangeBaseScore" computerName="DESKTOP-E4OQK9L" duration="00:00:00.0003739" startTime="2026-09-22T14:58:30.6769256+08:00" endTime="2026-09-22T14:58:30.6769256+08:00" testType="13cdc9d9-ddb5-4fa4-a97d-d965ccfc6d4b" outcome="Passed" testListId="8c84fa94-04c1-424b-9868-57a2d4851a1d" relativeResultsDirectory="fb5e1f87-dd42-49f4-8570-e9e9f3105484" />
    <UnitTestResult executionId="91e495db-214f-438b-b0b3-ff2e785e37a5" testId="ec828316-1775-a406-409f-24dd1b787fca" testName="TumbangPreso.Core.Tests.TagTargetWeightTests.StandingOverTheLataOutranksTheCommitToSomebodyOnTheChalk" computerName="DESKTOP-E4OQK9L" duration="00:00:00.0001217" startTime="2026-09-22T14:58:30.5845925+08:00" endTime="2026-09-22T14:58:30.5845927+08:00" testType="13cdc9d9-ddb5-4fa4-a97d-d965ccfc6d4b" outcome="Passed" testListId="8c84fa94-04c1-424b-9868-57a2d4851a1d" relativeResultsDirectory="91e495db-214f-438b-b0b3-ff2e785e37a5" />
    <UnitTestResult executionId="0697781c-5c27-4809-979e-ca4ac3c9232c" testId="68c2e7da-c6d9-084b-f01b-8099364404f3" testName="TumbangPreso.Core.Tests.EquipmentRolesTests.EquipmentIdentityAndUnpickedSlipperStayStable" computerName="DESKTOP-E4OQK9L" duration="00:00:00.0166740" startTime="2026-09-22T14:58:30.6128367+08:00" endTime="2026-09-22T14:58:30.6128368+08:00" testType="13cdc9d9-ddb5-4fa4-a97d-d965ccfc6d4b" outcome="Passed" testListId="8c84fa94-04c1-424b-9868-57a2d4851a1d" relativeResultsDirectory="0697781c-5c27-4809-979e-ca4ac3c9232c" />
    <UnitTestResult executionId="d5d4f37d-bfff-4a7b-883a-b9be0dde1b04" testId="d5626096-3616-a381-fe10-d8cf8474cfcf" testName="TumbangPreso.Core.Tests.AiTuningTests.EightWayThresholdIsSinOfTwentyTwoPointFiveDegrees" computerName="DESKTOP-E4OQK9L" duration="00:00:00.0000899" startTime="2026-09-22T14:58:30.5894746+08:00" endTime="2026-09-22T14:58:30.5894747+08:00" testType="13cdc9d9-ddb5-4fa4-a97d-d965ccfc6d4b" outcome="Passed" testListId="8c84fa94-04c1-424b-9868-57a2d4851a1d" relativeResultsDirectory="d5d4f37d-bfff-4a7b-883a-b9be0dde1b04" />
    <UnitTestResult executionId="738a02e2-8242-44bc-af74-8bd172a2a3c3" testId="2e533bb6-fdca-dce1-bdd5-4d2174e913d4" testName="TumbangPreso.Core.Tests.MapRotationTests.ARotationOverOneMapStaysOnThatMap" computerName="DESKTOP-E4OQK9L" duration="00:00:00.0001177" startTime="2026-09-22T14:58:30.6111149+08:00" endTime="2026-09-22T14:58:30.6111149+08:00" testType="13cdc9d9-ddb5-4fa4-a97d-d965ccfc6d4b" outcome="Passed" testListId="8c84fa94-04c1-424b-9868-57a2d4851a1d" relativeResultsDirectory="738a02e2-8242-44bc-af74-8bd172a2a3c3" />
    <UnitTestResult executionId="5a39e436-529d-46c8-a78b-422a114e23e3" testId="690bd571-829d-30aa-2d7d-d800b43abf97" testName="TumbangPreso.Core.Tests.FrameRateTests.TheFrameRateEventIsKnownAndIsNotAFunnelStep" computerName="DESKTOP-E4OQK9L" duration="00:00:00.0024030" startTime="2026-09-22T14:58:30.6010412+08:00" endTime="2026-09-22T14:58:30.6010413+08:00" testType="13cdc9d9-ddb5-4fa4-a97d-d965ccfc6d4b" outcome="Passed" testListId="8c84fa94-04c1-424b-9868-57a2d4851a1d" relativeResultsDirectory="5a39e436-529d-46c8-a78b-422a114e23e3" />
    <UnitTestResult executionId="7f27bcf6-1699-4342-9d1e-5edc6ef029d8" testId="158d3439-fe2c-488b-8428-d1f295b11386" testName="TumbangPreso.Core.Tests.BalanceTests.BodyBlock_InHeroStrike_IsStillDividedByTheBlockersGrit" computerName="DESKTOP-E4OQK9L" duration="00:00:00.0001682" startTime="2026-09-22T14:58:30.6906410+08:00" endTime="2026-09-22T14:58:30.6906410+08:00" testType="13cdc9d9-ddb5-4fa4-a97d-d965ccfc6d4b" outcome="Passed" testListId="8c84fa94-04c1-424b-9868-57a2d4851a1d" relativeResultsDirectory="7f27bcf6-1699-4342-9d1e-5edc6ef029d8" />
    <UnitTestResult executionId="aa54b74c-9b89-42e6-b47b-b3195bf6343b" testId="a902ef12-677e-bbdf-361f-8a9f091e328e" testName="TumbangPreso.Core.Tests.PlayerProfileTests.CharacterAndSlipperRecordsCountGamesAndWinsSeparately" computerName="DESKTOP-E4OQK9L" duration="00:00:00.0007741" startTime="2026-09-22T14:58:30.6864355+08:00" endTime="2026-09-22T14:58:30.6864355+08:00" testType="13cdc9d9-ddb5-4fa4-a97d-d965ccfc6d4b" outcome="Passed" testListId="8c84fa94-04c1-424b-9868-57a2d4851a1d" relativeResultsDirectory="aa54b74c-9b89-42e6-b47b-b3195bf6343b" />
    <UnitTestResult executionId="a8ea9950-e8d6-4ee5-a9dd-c2a63a88cb98" testId="0c750c8a-435b-980c-f500-67d3860aa580" testName="TumbangPreso.Core.Tests.ProgressionTests.FinishingLastStillPaysMostOfWhatWinningPays" computerName="DESKTOP-E4OQK9L" duration="00:00:00.0001958" startTime="2026-09-22T14:58:30.6827179+08:00" endTime="2026-09-22T14:58:30.6827179+08:00" testType="13cdc9d9-ddb5-4fa4-a97d-d965ccfc6d4b" outcome="Passed" testListId="8c84fa94-04c1-424b-9868-57a2d4851a1d" relativeResultsDirectory="a8ea9950-e8d6-4ee5-a9dd-c2a63a88cb98" />
    <UnitTestResult executionId="c88ae117-a2e4-406b-83b9-9d0d86904d27" testId="0dbc097f-9071-0cbf-3829-2e7fff4a845c" testName="TumbangPreso.Core.Tests.BannerTests.EveryEarnableRewardIdResolvesToALabelWithoutAProfile" computerName="DESKTOP-E4OQK9L" duration="00:00:00.0002731" startTime="2026-09-22T14:58:30.6880423+08:00" endTime="2026-09-22T14:58:30.6880424+08:00" testType="13cdc9d9-ddb5-4fa4-a97d-d965ccfc6d4b" outcome="Passed" testListId="8c84fa94-04c1-424b-9868-57a2d4851a1d" relativeResultsDirectory="c88ae117-a2e4-406b-83b9-9d0d86904d27" />
    <UnitTestResult executionId="77208b0a-bc54-4241-9600-e3baea53839f" testId="3e61eb27-ba93-9738-5f12-0df523e5f794" testName="TumbangPreso.Core.Tests.RatingTests.EqualPlacementIsADrawAndNotAWin" computerName="DESKTOP-E4OQK9L" duration="00:00:00.0006401" startTime="2026-09-22T14:58:30.6473543+08:00" endTime="2026-09-22T14:58:30.6473544+08:00" testType="13cdc9d9-ddb5-4fa4-a97d-d965ccfc6d4b" outcome="Passed" testListId="8c84fa94-04c1-424b-9868-57a2d4851a1d" relativeResultsDirectory="77208b0a-bc54-4241-9600-e3baea53839f" />
    <UnitTestResult executionId="2ef6c8c2-160e-479c-9ae3-195531caea07" testId="6e8a8953-e658-8638-71b5-507d807d6905" testName="TumbangPreso.Core.Tests.FrameSpikeTests.LongFramesCountsAtOrAboveTheThreshold" computerName="DESKTOP-E4OQK9L" duration="00:00:00.0002137" startTime="2026-09-22T14:58:30.6636883+08:00" endTime="2026-09-22T14:58:30.6636884+08:00" testType="13cdc9d9-ddb5-4fa4-a97d-d965ccfc6d4b" outcome="Passed" testListId="8c84fa94-04c1-424b-9868-57a2d4851a1d" relativeResultsDirectory="2ef6c8c2-160e-479c-9ae3-195531caea07" />
    <UnitTestResult executionId="f17470d2-c063-4d69-8bec-502fd3084632" testId="de4edd1c-8851-456c-4820-25bca8d49f8d" testName="TumbangPreso.Core.Tests.FrameRateTests.TheBandEdgesSitWhereTheBotsFallOver(fps: 50, band: &quot;fps_50_60&quot;)" computerName="DESKTOP-E4OQK9L" duration="00:00:00.0003353" startTime="2026-09-22T14:58:30.5973184+08:00" endTime="2026-09-22T14:58:30.5973185+08:00" testType="13cdc9d9-ddb5-4fa4-a97d-d965ccfc6d4b" outcome="Passed" testListId="8c84fa94-04c1-424b-9868-57a2d4851a1d" relativeResultsDirectory="f17470d2-c063-4d69-8bec-502fd3084632" />
    <UnitTestResult executionId="77022394-dda4-4891-806d-4f6cc828eee1" testId="1c79c2b7-f60a-8c0b-99d5-22728f815561" testName="TumbangPreso.Core.Tests.BalanceTests.Mash_ShortensATripButNeverCancelsIt" computerName="DESKTOP-E4OQK9L" duration="00:00:00.0002230" startTime="2026-09-22T14:58:30.6740004+08:00" endTime="2026-09-22T14:58:30.6740005+08:00" testType="13cdc9d9-ddb5-4fa4-a97d-d965ccfc6d4b" outcome="Passed" testListId="8c84fa94-04c1-424b-9868-57a2d4851a1d" relativeResultsDirectory="77022394-dda4-4891-806d-4f6cc828eee1" />
    <UnitTestResult executionId="a6c49855-ea4c-49e3-bb47-5580aa730013" testId="ae50bebf-01cd-a6e0-1533-904e75d57901" testName="TumbangPreso.Core.Tests.SabotageTests.NoSabotageWhenThereIsNoTayaAtAll" computerName="DESKTOP-E4OQK9L" duration="00:00:00.0001397" startTime="2026-09-22T14:58:30.6375359+08:00" endTime="2026-09-22T14:58:30.6375360+08:00" testType="13cdc9d9-ddb5-4fa4-a97d-d965ccfc6d4b" outcome="Passed" testListId="8c84fa94-04c1-424b-9868-57a2d4851a1d" relativeResultsDirectory="a6c49855-ea4c-49e3-bb47-5580aa730013" />
    <UnitTestResult executionId="5a9164f0-c490-484a-bf0f-3a97282a6386" testId="259b037a-06f7-e46c-8ac4-64870da30577" testName="TumbangPreso.Core.Tests.MatchInvariantTests.OneGameplayEventCannotAwardItsPointsTwice" computerName="DESKTOP-E4OQK9L" duration="00:00:00.0000872" startTime="2026-09-22T14:58:30.6968648+08:00" endTime="2026-09-22T14:58:30.6968649+08:00" testType="13cdc9d9-ddb5-4fa4-a97d-d965ccfc6d4b" outcome="Passed" testListId="8c84fa94-04c1-424b-9868-57a2d4851a1d" relativeResultsDirectory="5a9164f0-c490-484a-bf0f-3a97282a6386" />
    <UnitTestResult executionId="6c2f7a72-1389-421c-8602-3f336f43851b" testId="81b224d9-ab8d-9501-c5c8-1a7ed5845084" testName="TumbangPreso.Core.Tests.AiPersonalityRollTests.EveryRolledValueLandsInsideItsDocumentedRange" computerName="DESKTOP-E4OQK9L" duration="00:00:00.0003105" startTime="2026-09-22T14:58:30.5678287+08:00" endTime="2026-09-22T14:58:30.5678288+08:00" testType="13cdc9d9-ddb5-4fa4-a97d-d965ccfc6d4b" outcome="Passed" testListId="8c84fa94-04c1-424b-9868-57a2d4851a1d" relativeResultsDirectory="6c2f7a72-1389-421c-8602-3f336f43851b" />
    <UnitTestResult executionId="170027c6-9b4e-43e0-906d-e68a1a285789" testId="4041ff4b-7eed-df5f-643e-68e17c95ac08" testName="TumbangPreso.Core.Tests.MatchInvariantTests.ARoundDisagreementIsCaught" computerName="DESKTOP-E4OQK9L" duration="00:00:00.0004075" startTime="2026-09-22T14:58:30.6959453+08:00" endTime="2026-09-22T14:58:30.6959455+08:00" testType="13cdc9d9-ddb5-4fa4-a97d-d965ccfc6d4b" outcome="Passed" testListId="8c84fa94-04c1-424b-9868-57a2d4851a1d" relativeResultsDirectory="170027c6-9b4e-43e0-906d-e68a1a285789" />
    <UnitTestResult executionId="573ad772-f640-4816-9e98-7db132841284" testId="f44bb982-f8c2-73ba-b2d2-c3d1d8cebc68" testName="TumbangPreso.Core.Tests.FrameRateTests.AWiderPercentileNamesAFasterFrame" computerName="DESKTOP-E4OQK9L" duration="00:00:00.0002989" startTime="2026-09-22T14:58:30.6781768+08:00" endTime="2026-09-22T14:58:30.6781769+08:00" testType="13cdc9d9-ddb5-4fa4-a97d-d965ccfc6d4b" outcome="Passed" testListId="8c84fa94-04c1-424b-9868-57a2d4851a1d" relativeResultsDirectory="573ad772-f640-4816-9e98-7db132841284" />
    <UnitTestResult executionId="b82da1e2-99aa-4194-bc58-0eaf737dcd4d" testId="362a660d-fe77-3f61-ba83-a88b0e3b1980" testName="TumbangPreso.Core.Tests.IntegrityTests.AnAlteredScoreChangesTheDigestAndTheMatchIsDisputed" computerName="DESKTOP-E4OQK9L" duration="00:00:00.0003047" startTime="2026-09-22T14:58:30.6087102+08:00" endTime="2026-09-22T14:58:30.6087103+08:00" testType="13cdc9d9-ddb5-4fa4-a97d-d965ccfc6d4b" outcome="Passed" testListId="8c84fa94-04c1-424b-9868-57a2d4851a1d" relativeResultsDirectory="b82da1e2-99aa-4194-bc58-0eaf737dcd4d" />
    <UnitTestResult executionId="caaf9401-6517-4e7d-8e10-23f94f705d7f" testId="2c0bee29-9ade-1cab-96c0-600d55b260ba" testName="TumbangPreso.Core.Tests.PartyTests.AQueueingPartyIsOnlyOfferedALobbyWithRoomForAllOfThem" computerName="DESKTOP-E4OQK9L" duration="00:00:00.0088515" startTime="2026-09-22T14:58:30.6714549+08:00" endTime="2026-09-22T14:58:30.6714550+08:00" testType="13cdc9d9-ddb5-4fa4-a97d-d965ccfc6d4b" outcome="Passed" testListId="8c84fa94-04c1-424b-9868-57a2d4851a1d" relativeResultsDirectory="caaf9401-6517-4e7d-8e10-23f94f705d7f" />
    <UnitTestResult executionId="1da33ead-ca6d-411b-a585-93fa10ce5656" testId="f1ddf704-2667-844b-0a45-a8db6e3d459d" testName="TumbangPreso.Core.Tests.SabotageTests.ADefenderNeverReachesTheAttackerSabotageRule" computerName="DESKTOP-E4OQK9L" duration="00:00:00.0000898" startTime="2026-09-22T14:58:30.6272870+08:00" endTime="2026-09-22T14:58:30.6272871+08:00" testType="13cdc9d9-ddb5-4fa4-a97d-d965ccfc6d4b" outcome="Passed" testListId="8c84fa94-04c1-424b-9868-57a2d4851a1d" relativeResultsDirectory="1da33ead-ca6d-411b-a585-93fa10ce5656" />
    <UnitTestResult executionId="a135a746-699c-4529-98f1-e5d6f670cc59" testId="58e3abbc-3791-51cd-1099-950329a336ae" testName="TumbangPreso.Core.Tests.MapRotationTests.AFullRoomStopsTheClockAndAnEmptySeatDoesNotHoldIt" computerName="DESKTOP-E4OQK9L" duration="00:00:00.0002556" startTime="2026-09-22T14:58:30.6120464+08:00" endTime="2026-09-22T14:58:30.6120465+08:00" testType="13cdc9d9-ddb5-4fa4-a97d-d965ccfc6d4b" outcome="Passed" testListId="8c84fa94-04c1-424b-9868-57a2d4851a1d" relativeResultsDirectory="a135a746-699c-4529-98f1-e5d6f670cc59" />
    <UnitTestResult executionId="b1ca02bb-1a86-429e-8eda-828855cc9c88" testId="9af11abd-76f9-993e-ae67-7b44c558cfb7" testName="TumbangPreso.Core.Tests.TelemetryTests.AnOrdinaryBucketNameIsAllowed(key: &quot;ram_gb&quot;)" computerName="DESKTOP-E4OQK9L" duration="00:00:00.0000061" startTime="2026-09-22T14:58:30.6636495+08:00" endTime="2026-09-22T14:58:30.6636496+08:00" testType="13cdc9d9-ddb5-4fa4-a97d-d965ccfc6d4b" outcome="Passed" testListId="8c84fa94-04c1-424b-9868-57a2d4851a1d" relativeResultsDirectory="b1ca02bb-1a86-429e-8eda-828855cc9c88" />
    <UnitTestResult executionId="b50be06f-99b1-4c6f-85f1-c8f57554c4ca" testId="ca4f384c-2aa8-476c-2bfb-108d2931ab72" testName="TumbangPreso.Core.Tests.MatchRecordTests.AnEmptyDenominatorIsZeroRatherThanNaN" computerName="DESKTOP-E4OQK9L" duration="00:00:00.0001736" startTime="2026-09-22T14:58:30.6390227+08:00" endTime="2026-09-22T14:58:30.6390228+08:00" testType="13cdc9d9-ddb5-4fa4-a97d-d965ccfc6d4b" outcome="Passed" testListId="8c84fa94-04c1-424b-9868-57a2d4851a1d" relativeResultsDirectory="b50be06f-99b1-4c6f-85f1-c8f57554c4ca" />
    <UnitTestResult executionId="cfb7f929-bd7a-43b1-b7ea-b86433707475" testId="5729133b-0dad-a9a7-0889-65f36bdda32f" testName="TumbangPreso.Core.Tests.FrameSpikeTests.TheWorstFrameIsKeptExactly" computerName="DESKTOP-E4OQK9L" duration="00:00:00.0001217" startTime="2026-09-22T14:58:30.6613201+08:00" endTime="2026-09-22T14:58:30.6613202+08:00" testType="13cdc9d9-ddb5-4fa4-a97d-d965ccfc6d4b" outcome="Passed" testListId="8c84fa94-04c1-424b-9868-57a2d4851a1d" relativeResultsDirectory="cfb7f929-bd7a-43b1-b7ea-b86433707475" />
    <UnitTestResult executionId="9ca998ce-6cf0-45d6-9145-850d1e816478" testId="38d29242-476d-c6cc-d2bb-0f6a8c1f297f" testName="TumbangPreso.Core.Tests.AiPersonalityRollTests.HesitationIsNeverZero" computerName="DESKTOP-E4OQK9L" duration="00:00:00.0001405" startTime="2026-09-22T14:58:30.5676889+08:00" endTime="2026-09-22T14:58:30.5676890+08:00" testType="13cdc9d9-ddb5-4fa4-a97d-d965ccfc6d4b" outcome="Passed" testListId="8c84fa94-04c1-424b-9868-57a2d4851a1d" relativeResultsDirectory="9ca998ce-6cf0-45d6-9145-850d1e816478" />
    <UnitTestResult executionId="b7d7462c-bea5-48da-b218-5078109a7b61" testId="887d7973-d421-6cd9-dd01-c3e252a3790d" testName="TumbangPreso.Core.Tests.CustomCharacterTests.TheThreeStartersAreNotTheSameCharacter" computerName="DESKTOP-E4OQK9L" duration="00:00:00.0003774" startTime="2026-09-22T14:58:30.6522140+08:00" endTime="2026-09-22T14:58:30.6522141+08:00" testType="13cdc9d9-ddb5-4fa4-a97d-d965ccfc6d4b" outcome="Passed" testListId="8c84fa94-04c1-424b-9868-57a2d4851a1d" relativeResultsDirectory="b7d7462c-bea5-48da-b218-5078109a7b61" />
    <UnitTestResult executionId="31ec2eac-505a-44ba-80a6-254aabc74ad5" testId="4bcd1f5c-cba4-4e8f-a173-45f345a0d596" testName="TumbangPreso.Core.Tests.BalanceTests.PassiveDefence_CeilingIsOneRoundOfUprightTime" computerName="DESKTOP-E4OQK9L" duration="00:00:00.0002019" startTime="2026-09-22T14:58:30.6897396+08:00" endTime="2026-09-22T14:58:30.6897397+08:00" testType="13cdc9d9-ddb5-4fa4-a97d-d965ccfc6d4b" outcome="Passed" testListId="8c84fa94-04c1-424b-9868-57a2d4851a1d" relativeResultsDirectory="31ec2eac-505a-44ba-80a6-254aabc74ad5" />
    <UnitTestResult executionId="0f5f2a03-3641-4aa9-a1f4-b1dd5f47c610" testId="917bb378-ba4d-6ada-8992-da8061025c50" testName="TumbangPreso.Core.Tests.MatchInvariantTests.EveryCorruptedOrderingIsCaught(seed: 11)" computerName="DESKTOP-E4OQK9L" duration="00:00:00.0015351" startTime="2026-09-22T14:58:30.6963450+08:00" endTime="2026-09-22T14:58:30.6963450+08:00" testType="13cdc9d9-ddb5-4fa4-a97d-d965ccfc6d4b" outcome="Passed" testListId="8c84fa94-04c1-424b-9868-57a2d4851a1d" relativeResultsDirectory="0f5f2a03-3641-4aa9-a1f4-b1dd5f47c610" />
[...]
    <TestEntry testId="c05df1f6-4e46-5e33-a686-8da91be6e34f" executionId="7654702f-24b7-478d-a055-437d0e7666bd" testListId="8c84fa94-04c1-424b-9868-57a2d4851a1d" />
    <TestEntry testId="e14842de-bef3-aa3b-f8ce-fe2f2ab232c3" executionId="2a692db0-8c88-46ad-92e3-45a53509b214" testListId="8c84fa94-04c1-424b-9868-57a2d4851a1d" />
    <TestEntry testId="7f1a8ee0-fe02-a5f7-f209-f7b3cf9f2123" executionId="f147b435-03a0-47be-8555-d7e1ad778e73" testListId="8c84fa94-04c1-424b-9868-57a2d4851a1d" />
    <TestEntry testId="83abde4c-229c-baf0-78f8-2a98a8da0908" executionId="b9e7f2a8-b83b-4a60-9210-4e466de6708d" testListId="8c84fa94-04c1-424b-9868-57a2d4851a1d" />
    <TestEntry testId="fbfdb9ce-871d-a60d-070f-8a0cebdf2d4f" executionId="c20f49ce-2326-4a2c-8fab-09f24e7ae731" testListId="8c84fa94-04c1-424b-9868-57a2d4851a1d" />
    <TestEntry testId="a85cf47c-f1fa-e641-5192-ecf78126d3d1" executionId="6d3455e9-dc98-4e09-86ce-240c2a766edc" testListId="8c84fa94-04c1-424b-9868-57a2d4851a1d" />
    <TestEntry testId="03482353-bf69-0e13-6c98-1f0516684c43" executionId="ac185e8f-a6d4-40da-a220-bb23fa717041" testListId="8c84fa94-04c1-424b-9868-57a2d4851a1d" />
    <TestEntry testId="d1c36e31-0fae-00ef-2ed5-d19c85f143fa" executionId="6bc72241-f36d-456c-ab46-fe31ed7b9d77" testListId="8c84fa94-04c1-424b-9868-57a2d4851a1d" />
    <TestEntry testId="6f9a2825-2ab5-faa9-7fe0-3056740f7317" executionId="c3028ecf-e067-466e-9c60-8a464a1c5c37" testListId="8c84fa94-04c1-424b-9868-57a2d4851a1d" />
    <TestEntry testId="3e5b48a9-dca3-48d1-386e-7d705b2c7676" executionId="b851e467-6f22-48a2-b1e9-4fb01eff2f57" testListId="8c84fa94-04c1-424b-9868-57a2d4851a1d" />
    <TestEntry testId="decaee97-5108-6f5b-9aa2-4dbba4be3ec1" executionId="01e895f9-dcc7-4671-9aac-ea7fe89d0c17" testListId="8c84fa94-04c1-424b-9868-57a2d4851a1d" />
    <TestEntry testId="49df204a-1b9e-67c1-af46-561f68abc95a" executionId="dae45e67-d30f-4e9d-995d-a07496f0e054" testListId="8c84fa94-04c1-424b-9868-57a2d4851a1d" />
    <TestEntry testId="86e445df-723a-354f-4815-bd17df7cdbd9" executionId="5bd29b2d-cd0d-4439-ace0-5d0fc37737a3" testListId="8c84fa94-04c1-424b-9868-57a2d4851a1d" />
    <TestEntry testId="8910dced-7cdd-4c15-7a7a-401260440e68" executionId="1298c276-fe23-4e4e-bc7d-b070068cadf2" testListId="8c84fa94-04c1-424b-9868-57a2d4851a1d" />
    <TestEntry testId="3d33395d-afe2-d37d-042d-743d0fabbba0" executionId="74e02eaf-902a-47db-bb5c-984a8a5fef69" testListId="8c84fa94-04c1-424b-9868-57a2d4851a1d" />
    <TestEntry testId="77a59d17-7774-7c7f-d5cc-990470448bce" executionId="9f419979-c1fa-4ee8-a6b0-4d32d2bcfc67" testListId="8c84fa94-04c1-424b-9868-57a2d4851a1d" />
    <TestEntry testId="9b27727d-7f82-041f-c0af-858a7f25f198" executionId="cb7d6333-2e0b-4531-beee-3c944d4146df" testListId="8c84fa94-04c1-424b-9868-57a2d4851a1d" />
    <TestEntry testId="cf442982-192a-893b-e5b9-69ce73fb9b38" executionId="05e996c3-a7f0-47e6-bcb1-0b78926e3df0" testListId="8c84fa94-04c1-424b-9868-57a2d4851a1d" />
    <TestEntry testId="1b2120fc-27da-7f39-6897-1c41f00cc5c2" executionId="4b689f3f-cfe1-4c8e-80d4-e47060e37d4b" testListId="8c84fa94-04c1-424b-9868-57a2d4851a1d" />
    <TestEntry testId="93f7f54c-0d34-0d99-70a7-4fe172fae6b1" executionId="08354185-7ea3-4fd9-9cc7-d33afda8064d" testListId="8c84fa94-04c1-424b-9868-57a2d4851a1d" />
    <TestEntry testId="b3962efb-41a2-d54a-6a84-ff13688ac463" executionId="147676c9-505e-42b1-80e4-e9f71e483417" testListId="8c84fa94-04c1-424b-9868-57a2d4851a1d" />
    <TestEntry testId="406880a3-73af-b933-e5f7-0c4bc5fc9382" executionId="6fc2ba4e-a9ec-41df-979e-7e9e9a86dca9" testListId="8c84fa94-04c1-424b-9868-57a2d4851a1d" />
    <TestEntry testId="839b9030-dab5-2163-ba1b-4e3458b1a7f6" executionId="6d034bac-186b-48c2-b2c2-5f69c2168eb4" testListId="8c84fa94-04c1-424b-9868-57a2d4851a1d" />
    <TestEntry testId="548e43cc-ee86-6489-6007-91b487adf3f3" executionId="f58d8a9d-9c03-4b6f-b064-e2d4af709716" testListId="8c84fa94-04c1-424b-9868-57a2d4851a1d" />
    <TestEntry testId="b038cf9b-b035-2367-f7c6-c594061748b4" executionId="4682cd64-a2e7-48d8-9e60-baa403a80769" testListId="8c84fa94-04c1-424b-9868-57a2d4851a1d" />
    <TestEntry testId="4c278c81-0760-651e-5840-619ad7dd6c6a" executionId="5b55fa1b-8844-4f5e-b067-32f45eba9d4b" testListId="8c84fa94-04c1-424b-9868-57a2d4851a1d" />
    <TestEntry testId="e4834bb0-5a4b-9fd3-ab74-cad760ee932c" executionId="f72cff64-d9cc-4ea4-a131-0a7dd14ebd1f" testListId="8c84fa94-04c1-424b-9868-57a2d4851a1d" />
    <TestEntry testId="e8d01c6e-8c4f-34d4-20a6-dd139d87cce7" executionId="3dd730a9-067a-44f5-a65d-2004fe25b3c6" testListId="8c84fa94-04c1-424b-9868-57a2d4851a1d" />
    <TestEntry testId="8db8d845-aec4-9a92-d08e-2fd78de00338" executionId="66bc474f-c960-48bc-9091-c67ce99f490e" testListId="8c84fa94-04c1-424b-9868-57a2d4851a1d" />
    <TestEntry testId="070c72a4-0c61-b138-2f14-9d49eda260e6" executionId="9ee537ae-1fda-47fe-b1a1-d69babf37093" testListId="8c84fa94-04c1-424b-9868-57a2d4851a1d" />
    <TestEntry testId="8e15c0ad-30b8-a023-097a-1d8cbc5c0a0f" executionId="34c37a0a-bd24-471c-972d-ed2cf27a536e" testListId="8c84fa94-04c1-424b-9868-57a2d4851a1d" />
    <TestEntry testId="8136cdb3-0da5-6ff7-73aa-c4d503ca3583" executionId="26838f62-80a6-4996-8409-ebc86c6fe261" testListId="8c84fa94-04c1-424b-9868-57a2d4851a1d" />
    <TestEntry testId="64dca271-7616-c860-d257-5570f7c467f5" executionId="7d396f3d-4ab6-4d64-b8e9-0b8a66e81e05" testListId="8c84fa94-04c1-424b-9868-57a2d4851a1d" />
    <TestEntry testId="19425437-4644-0980-7126-bd2a4ddc7d46" executionId="7e09509a-1261-4fd1-83ea-42784fa8ad0c" testListId="8c84fa94-04c1-424b-9868-57a2d4851a1d" />
    <TestEntry testId="7f4ff393-f696-c946-ee82-f2965d247bf3" executionId="fcd7e1f3-61b2-4c72-8f5b-d795b88588a6" testListId="8c84fa94-04c1-424b-9868-57a2d4851a1d" />
    <TestEntry testId="fee764d0-c066-cbfb-a431-e23e536922e9" executionId="7ed3916f-3ce2-40ae-9769-13058058a77e" testListId="8c84fa94-04c1-424b-9868-57a2d4851a1d" />
    <TestEntry testId="de092ba8-e5a4-4f0a-a147-763e3f4f46dc" executionId="b20dae81-b309-4e9d-a24b-184d9e21838c" testListId="8c84fa94-04c1-424b-9868-57a2d4851a1d" />
    <TestEntry testId="75b142fc-0052-bfb3-5856-32b7276106c7" executionId="8b96a05a-e6f0-4a72-b229-65eab6e52a38" testListId="8c84fa94-04c1-424b-9868-57a2d4851a1d" />
    <TestEntry testId="72658828-97ad-9d62-245b-6a0af8853d4a" executionId="4db92b13-8230-4f6a-8772-00692ccc98ae" testListId="8c84fa94-04c1-424b-9868-57a2d4851a1d" />
    <TestEntry testId="37add5fa-6ef4-dbed-9f70-e00653f7c079" executionId="7b41bd9d-31f6-40c6-8f63-6e92cdd6aeb1" testListId="8c84fa94-04c1-424b-9868-57a2d4851a1d" />
    <TestEntry testId="03c1b122-3a63-949b-03f5-aae7f61e71e3" executionId="e0308d69-fc6a-496c-9b86-c238dcdda68c" testListId="8c84fa94-04c1-424b-9868-57a2d4851a1d" />
    <TestEntry testId="9862f555-a148-6b3d-1e7c-820633150b0e" executionId="81ffabb9-541c-439f-a99c-7ecba607aa46" testListId="8c84fa94-04c1-424b-9868-57a2d4851a1d" />
    <TestEntry testId="3f01365f-eac5-418b-a0a7-b74a654a118a" executionId="3695e3fd-27a0-4de3-986e-43a7926ff0b6" testListId="8c84fa94-04c1-424b-9868-57a2d4851a1d" />
    <TestEntry testId="20dfb708-a550-88c3-6c31-cbec5f79cfa7" executionId="c235bf92-857e-4c94-95c6-64669c5a9720" testListId="8c84fa94-04c1-424b-9868-57a2d4851a1d" />
    <TestEntry testId="b8139b24-2555-7f92-71d3-73d7f246fc96" executionId="13a72a14-abba-4e2d-abdd-fe0c38aa872c" testListId="8c84fa94-04c1-424b-9868-57a2d4851a1d" />
    <TestEntry testId="76eb8dfc-83b1-33ac-ff7a-f2e25524efca" executionId="2d99ade4-228c-4f11-b193-ca21e2dcf8d0" testListId="8c84fa94-04c1-424b-9868-57a2d4851a1d" />
    <TestEntry testId="7feec14b-f52f-3c90-c317-8406b761f64c" executionId="a6d7d303-9dd1-46a2-89ab-64c6d3f3af16" testListId="8c84fa94-04c1-424b-9868-57a2d4851a1d" />
    <TestEntry testId="b6a047ab-4649-b850-09bd-c54155b00790" executionId="58cc9ace-ef3d-45a9-b32b-d4488b962163" testListId="8c84fa94-04c1-424b-9868-57a2d4851a1d" />
    <TestEntry testId="f9c69db6-2e56-cf1e-3d99-e9c082f7e9f5" executionId="30cdcc60-9f5c-47e0-845d-f924dc574df2" testListId="8c84fa94-04c1-424b-9868-57a2d4851a1d" />
    <TestEntry testId="519c2d91-b3b0-952d-68d4-b1a8ed06660d" executionId="3c200e0c-6570-4e7d-a59b-33b92d7500e7" testListId="8c84fa94-04c1-424b-9868-57a2d4851a1d" />
    <TestEntry testId="b97c3cab-9592-9e9f-b2ce-c287866836f7" executionId="43ae4102-1416-40a6-965e-7481719a7937" testListId="8c84fa94-04c1-424b-9868-57a2d4851a1d" />
    <TestEntry testId="f818b16d-4441-abb4-85ca-1c3cfa52e403" executionId="5a39501f-7476-49ce-b472-34cdf766de7a" testListId="8c84fa94-04c1-424b-9868-57a2d4851a1d" />
    <TestEntry testId="40d7a133-980e-83ca-3845-9126d110c595" executionId="e8119cb4-03d4-40dc-a249-9ebaa0b06c34" testListId="8c84fa94-04c1-424b-9868-57a2d4851a1d" />
    <TestEntry testId="5d13a103-4cbc-d780-4518-4c1deff270db" executionId="a49810ce-a28a-4402-9b97-b02e6161c35b" testListId="8c84fa94-04c1-424b-9868-57a2d4851a1d" />
    <TestEntry testId="6eb886e0-015d-b3cf-7b48-2c96f35b2e36" executionId="349931d5-7c95-4fda-b5f4-e90d1217b71b" testListId="8c84fa94-04c1-424b-9868-57a2d4851a1d" />
    <TestEntry testId="6e836f65-12b2-b826-43ab-c185c32ccdc7" executionId="6e394e18-cb3c-405b-be4e-85733b81932c" testListId="8c84fa94-04c1-424b-9868-57a2d4851a1d" />
    <TestEntry testId="0196afeb-3a99-10e7-2874-08b0f688ccb8" executionId="3e67e416-7e00-4b78-b423-08097d0e64d2" testListId="8c84fa94-04c1-424b-9868-57a2d4851a1d" />
    <TestEntry testId="a7e9f2c2-bbbc-f70d-9071-278c1cbc248b" executionId="43e591bf-f42f-4a1c-a9c3-2d7c37d8adfb" testListId="8c84fa94-04c1-424b-9868-57a2d4851a1d" />
    <TestEntry testId="3dc2a8b6-bab4-05c3-9c53-a4bc6c78b090" executionId="f9bb9170-ccb3-4636-a34e-2c4b1290f071" testListId="8c84fa94-04c1-424b-9868-57a2d4851a1d" />
    <TestEntry testId="2024531e-bf6c-9b99-25b5-3b6ef8df2320" executionId="118300e5-f75b-421c-8cc8-a9baee158c03" testListId="8c84fa94-04c1-424b-9868-57a2d4851a1d" />
    <TestEntry testId="fb4771dd-bd30-a62f-dde1-1ea1b26080da" executionId="4396c0c6-b5be-4aab-8063-0b5797d6da3f" testListId="8c84fa94-04c1-424b-9868-57a2d4851a1d" />
    <TestEntry testId="7ae7ee65-afad-5432-c8c1-ecd45e40211c" executionId="b015ebf6-8c20-4040-b8cf-f423059f9ac6" testListId="8c84fa94-04c1-424b-9868-57a2d4851a1d" />
    <TestEntry testId="b1f3fe86-9554-54b3-c03a-086c21a8926d" executionId="10822e81-b824-4480-be57-a200334ab9a5" testListId="8c84fa94-04c1-424b-9868-57a2d4851a1d" />
    <TestEntry testId="4f28a12f-6c67-d03f-7ea8-e32e835f8650" executionId="7a13a934-b433-4b27-843a-40d7fe988bf3" testListId="8c84fa94-04c1-424b-9868-57a2d4851a1d" />
    <TestEntry testId="7c8290f1-0f57-4e78-756a-a20d6f22a469" executionId="c57e93a8-45ea-42a5-911d-e897b555ffab" testListId="8c84fa94-04c1-424b-9868-57a2d4851a1d" />
    <TestEntry testId="8922cc4b-8f37-e4e2-fae9-656b512646ba" executionId="d4f79c03-8026-4cc3-8bd9-f411bd5bef3d" testListId="8c84fa94-04c1-424b-9868-57a2d4851a1d" />
    <TestEntry testId="1a0f1460-3b02-e788-8866-f1ff1ad74df3" executionId="c073bc09-3a5d-41d2-85ea-aa2bd9b267c0" testListId="8c84fa94-04c1-424b-9868-57a2d4851a1d" />
    <TestEntry testId="315467a1-ce3e-8a17-e4fe-10f10da9be51" executionId="72d2bef7-d368-403c-ad76-19923e6257da" testListId="8c84fa94-04c1-424b-9868-57a2d4851a1d" />
    <TestEntry testId="76979f7c-fd2e-eebf-0272-f2f6699f9750" executionId="5d86c2f9-0d65-4068-9a21-23a3eb26b45f" testListId="8c84fa94-04c1-424b-9868-57a2d4851a1d" />
    <TestEntry testId="ce3dbb37-3002-e70c-d779-37af96b7e25c" executionId="b1cdb97f-43b2-438c-ae98-61cc0f496340" testListId="8c84fa94-04c1-424b-9868-57a2d4851a1d" />
    <TestEntry testId="bae675a9-4b50-ef79-f2db-38486113a2d1" executionId="01692db5-fda8-4aab-8c53-b91073119141" testListId="8c84fa94-04c1-424b-9868-57a2d4851a1d" />
    <TestEntry testId="f4f673e6-066a-30c4-2eb8-6deb9744dfa7" executionId="fe99f57b-08e6-475d-ba4a-818b9336f39c" testListId="8c84fa94-04c1-424b-9868-57a2d4851a1d" />
    <TestEntry testId="5002f83f-90e5-49f1-becb-a5c9252d50a4" executionId="1c38cdd9-2ba3-43f2-bf22-51155ef78187" testListId="8c84fa94-04c1-424b-9868-57a2d4851a1d" />
    <TestEntry testId="b12f0645-8d51-6937-8b02-ddbcf6fc0a25" executionId="19cafd71-f2f0-4708-9535-0f012daa3370" testListId="8c84fa94-04c1-424b-9868-57a2d4851a1d" />
    <TestEntry testId="0ea5cfed-aab6-e4b3-760b-5b674358bdd1" executionId="d5c80513-8341-49d4-9740-c745115d2c32" testListId="8c84fa94-04c1-424b-9868-57a2d4851a1d" />
    <TestEntry testId="d8a2cfd6-02b3-6d0f-282f-b9dd8cb6dfb5" executionId="1c4a0132-2854-4be6-b97a-75672ca3d4ba" testListId="8c84fa94-04c1-424b-9868-57a2d4851a1d" />
    <TestEntry testId="96aef474-9595-1b98-635b-89bd3ea73c5f" executionId="81505bc9-238b-4f47-b48a-2a1de570ca1e" testListId="8c84fa94-04c1-424b-9868-57a2d4851a1d" />
    <TestEntry testId="4ad19267-8d14-8ba0-2f54-9a2b88803156" executionId="05cb1cc6-2ea0-4636-aa67-650cc37a6d03" testListId="8c84fa94-04c1-424b-9868-57a2d4851a1d" />
    <TestEntry testId="1ffeec99-68e6-e13b-7fee-33a295efe8b7" executionId="7fe4aaf4-7793-4e94-b78b-cad2d1c2a770" testListId="8c84fa94-04c1-424b-9868-57a2d4851a1d" />
    <TestEntry testId="40a43c69-eb77-e854-1ddd-cbb8ae6a559a" executionId="bab26400-a29c-4a6c-937b-af98568a4fc6" testListId="8c84fa94-04c1-424b-9868-57a2d4851a1d" />
    <TestEntry testId="804177f7-0d84-55d2-29fb-ae7030341c04" executionId="0cdfa648-43fc-4a84-a309-764e11fed633" testListId="8c84fa94-04c1-424b-9868-57a2d4851a1d" />
    <TestEntry testId="33eafd58-e5b2-8fae-77a5-b5feefb5aa24" executionId="d4f44a4e-00d6-440c-91b0-aaa3c55fea93" testListId="8c84fa94-04c1-424b-9868-57a2d4851a1d" />
    <TestEntry testId="639ef0f4-6a3d-507b-fcc1-e9ebdb2cb1cf" executionId="7fcdb1fa-ea46-4b71-b43e-02c403a27409" testListId="8c84fa94-04c1-424b-9868-57a2d4851a1d" />
    <TestEntry testId="70de19ea-e8cd-70d0-76ac-31bf38b13e01" executionId="36b64874-f6b1-4d11-ac0d-a4243a1b6763" testListId="8c84fa94-04c1-424b-9868-57a2d4851a1d" />
    <TestEntry testId="dc581672-ef69-7d29-2129-0e8a97ea30f5" executionId="54986e23-cace-4598-8c5b-b06a52d1c8ef" testListId="8c84fa94-04c1-424b-9868-57a2d4851a1d" />
    <TestEntry testId="4507dbb9-306f-41db-539d-8da3db8e10fd" executionId="2238ad09-66d8-47ec-95c5-2ee6fd0eb8f2" testListId="8c84fa94-04c1-424b-9868-57a2d4851a1d" />
    <TestEntry testId="3b2246c9-bfcd-66b3-ed71-36dbe53129da" executionId="11adbe95-e29c-4001-b649-65b8ba84b434" testListId="8c84fa94-04c1-424b-9868-57a2d4851a1d" />
    <TestEntry testId="928d9d1f-f9f8-ca4b-c338-979cb7e9e2a0" executionId="6ca1bed5-4209-4855-bed8-df9cf3128247" testListId="8c84fa94-04c1-424b-9868-57a2d4851a1d" />
    <TestEntry testId="91876149-525d-e10b-5c93-d0a79f20c6b9" executionId="e4aa11ae-d4f3-4543-a3f5-94514449cc14" testListId="8c84fa94-04c1-424b-9868-57a2d4851a1d" />
    <TestEntry testId="e3d441bf-8c33-cb56-65f4-00c7a9d816ac" executionId="e54769cd-9466-4290-ab07-2b6203828c36" testListId="8c84fa94-04c1-424b-9868-57a2d4851a1d" />
    <TestEntry testId="f328848a-2803-862b-8148-ad0b26a4422d" executionId="a286c538-28f3-493d-8283-8a05abd1cd1c" testListId="8c84fa94-04c1-424b-9868-57a2d4851a1d" />
    <TestEntry testId="07c399dd-79fe-87c3-3d82-c8d6204a3fa9" executionId="29d8c760-201b-4b11-a68f-dce951d3eb4f" testListId="8c84fa94-04c1-424b-9868-57a2d4851a1d" />
    <TestEntry testId="23068be1-2753-9dcb-7343-e171d1fc729a" executionId="93bdc7af-a5e4-4b70-8492-fa3f2d2a4111" testListId="8c84fa94-04c1-424b-9868-57a2d4851a1d" />
    <TestEntry testId="360a1223-5e75-4ff5-1809-d81c1dd0988d" executionId="7ab4f6ab-859e-496d-996a-6d431a157cff" testListId="8c84fa94-04c1-424b-9868-57a2d4851a1d" />
    <TestEntry testId="a4dd28a6-d3f2-a5ab-a7ad-785a2d9eee70" executionId="d61b9307-7e3e-43f5-80d3-6f9f6fe8f924" testListId="8c84fa94-04c1-424b-9868-57a2d4851a1d" />
    <TestEntry testId="dc66d958-4405-1ef9-c376-b405ee5fef04" executionId="0ef37768-f6f2-4d76-a335-5fa7784039ec" testListId="8c84fa94-04c1-424b-9868-57a2d4851a1d" />
    <TestEntry testId="e5cd0342-2551-02e0-228b-558b84677954" executionId="049c9f28-72c5-4e78-8bbc-295963a6e731" testListId="8c84fa94-04c1-424b-9868-57a2d4851a1d" />
    <TestEntry testId="5b1bf572-a579-e4d9-a550-93c8efb0cb3b" executionId="068aa973-64b5-4a7d-8869-df731859f318" testListId="8c84fa94-04c1-424b-9868-57a2d4851a1d" />
    <TestEntry testId="18154885-c507-bbc4-138a-5a077e19a418" executionId="f7af73bb-62b6-4fe3-8561-8b2f515f6cb2" testListId="8c84fa94-04c1-424b-9868-57a2d4851a1d" />
    <TestEntry testId="f3de1577-1ae1-0d76-1e55-c2c7317d8d9c" executionId="0ffc323a-7e17-46fa-9a67-1151ec638307" testListId="8c84fa94-04c1-424b-9868-57a2d4851a1d" />
    <TestEntry testId="6dffe66d-eba5-f111-f193-bceb88695964" executionId="308bf4d1-fd96-429d-8028-093925d9c239" testListId="8c84fa94-04c1-424b-9868-57a2d4851a1d" />
    <TestEntry testId="21d40779-12c2-d400-634f-f4d604b540a3" executionId="c3525f68-53d0-4a11-aaea-c0f80ce0f8c4" testListId="8c84fa94-04c1-424b-9868-57a2d4851a1d" />
    <TestEntry testId="bffa84ba-b5f6-ddcd-b984-00cb571048b8" executionId="8bf3650d-c251-4845-9024-0444c7ff92e0" testListId="8c84fa94-04c1-424b-9868-57a2d4851a1d" />
    <TestEntry testId="44b0ab24-00b8-ef15-db9d-523ed4371c56" executionId="44e6ff18-543d-4bde-a317-9b932fb45508" testListId="8c84fa94-04c1-424b-9868-57a2d4851a1d" />
    <TestEntry testId="20a0a872-3b38-35be-8b01-1a23a2a8cd84" executionId="33917211-6f39-455a-b58d-21bc59a192e8" testListId="8c84fa94-04c1-424b-9868-57a2d4851a1d" />
    <TestEntry testId="70b4cf51-c9d4-2cfb-b520-86fdf07fcd61" executionId="3e89d4f3-0910-4e54-bc5b-b66188c22821" testListId="8c84fa94-04c1-424b-9868-57a2d4851a1d" />
    <TestEntry testId="c0b22696-f0c8-c527-2e6b-8dc649bb83e4" executionId="7c3c154d-d81d-47fe-946c-2cb34489d40f" testListId="8c84fa94-04c1-424b-9868-57a2d4851a1d" />
    <TestEntry testId="251326e3-b8f4-7778-f65c-f8209af81190" executionId="082e4f63-8dd4-4e46-b9ef-60f027789193" testListId="8c84fa94-04c1-424b-9868-57a2d4851a1d" />
    <TestEntry testId="c090d7cc-fe2c-5487-09dc-1bcad5db5e92" executionId="c75f93e5-eb45-47b3-9555-79cf77650d3d" testListId="8c84fa94-04c1-424b-9868-57a2d4851a1d" />
    <TestEntry testId="4e5bbea9-3f5e-4bbf-c979-8394240fc81b" executionId="dc83e6f5-679f-420c-8fa6-e986e36b2113" testListId="8c84fa94-04c1-424b-9868-57a2d4851a1d" />
    <TestEntry testId="cefb9bc1-6188-3c46-7a97-6b2d292b5240" executionId="2d62444f-bce1-412e-9099-cc20a152985d" testListId="8c84fa94-04c1-424b-9868-57a2d4851a1d" />
    <TestEntry testId="c021fb5e-cd30-1854-e08c-1913a98749b3" executionId="f644851e-ffc9-4b80-84d2-39abc051cb2d" testListId="8c84fa94-04c1-424b-9868-57a2d4851a1d" />
    <TestEntry testId="3af5ba84-285c-c366-071e-5c507947c61d" executionId="7c4de5a7-6241-4dd2-b3cc-db8f8cb9a05c" testListId="8c84fa94-04c1-424b-9868-57a2d4851a1d" />
    <TestEntry testId="dc6270f1-d1cc-0d54-1f49-ecf898dcd9d5" executionId="2289716f-cfe5-42ee-9a90-2df34300c81e" testListId="8c84fa94-04c1-424b-9868-57a2d4851a1d" />
    <TestEntry testId="9cf41416-d6d5-abb9-11c9-93e12627dee9" executionId="462ba9bf-a363-48b0-bfe6-fcf4986ee190" testListId="8c84fa94-04c1-424b-9868-57a2d4851a1d" />
  </TestEntries>
  <TestLists>
    <TestList name="Results Not in a List" id="8c84fa94-04c1-424b-9868-57a2d4851a1d" />
    <TestList name="All Loaded Results" id="19431567-8539-422a-85d7-44ee4e166bda" />
  </TestLists>
  <ResultSummary outcome="Completed">
    <Counters total="604" executed="604" passed="604" failed="0" error="0" timeout="0" aborted="0" inconclusive="0" passedButRunAborted="0" notRunnable="0" notExecuted="0" disconnected="0" warning="0" completed="0" inProgress="0" pending="0" />
    <Output>
      <StdOut>[xUnit.net 00:00:00.00] xUnit.net VSTest Adapter v2.8.2+699d445a1a (64-bit .NET 9.0.19)&#xD;
[xUnit.net 00:00:00.10]   Discovering: TumbangPreso.Core.Tests&#xD;
[xUnit.net 00:00:00.25]   Discovered:  TumbangPreso.Core.Tests&#xD;
[xUnit.net 00:00:00.25]   Starting:    TumbangPreso.Core.Tests&#xD;
[xUnit.net 00:00:00.50]   Finished:    TumbangPreso.Core.Tests&#xD;
</StdOut>
    </Output>
  </ResultSummary>
</TestRun>