<?xml version="1.0" encoding="utf-8"?>
<test-run id="2" testcasecount="2" result="Passed" total="2" passed="2" failed="0" inconclusive="0" skipped="0" asserts="0" engine-version="3.5.0.0" clr-version="4.0.30319.42000" start-time="2026-09-24 11:48:02Z" end-time="2026-09-24 11:49:29Z" duration="87.8501084">
  <test-suite type="TestSuite" id="1818" name="Tumbang Preso" fullname="Tumbang Preso" runstate="Runnable" testcasecount="637" result="Passed" start-time="2026-09-24 11:48:02Z" end-time="2026-09-24 11:49:29Z" duration="87.850108" total="2" passed="2" failed="0" inconclusive="0" skipped="0" asserts="0">
    <properties>
      <property name="platform" value="PlayMode" />
    </properties>
    <test-suite type="Assembly" id="1812" name="TumbangPreso.PlayTests.dll" fullname="C:/Users/matth/Documents/GitHub/TumbangPreso-Unity-world-qualification-20260923/Library/ScriptAssemblies/TumbangPreso.PlayTests.dll" runstate="Runnable" testcasecount="637" result="Passed" start-time="2026-09-24 11:48:02Z" end-time="2026-09-24 11:49:29Z" duration="87.837735" total="2" passed="2" failed="0" inconclusive="0" skipped="0" asserts="0">
      <properties>
        <property name="_PID" value="8080" />
        <property name="_APPDOMAIN" value="Unity Child Domain" />
        <property name="platform" value="PlayMode" />
        <property name="EditorOnly" value="False" />
      </properties>
      <test-suite type="TestSuite" id="1813" name="TumbangPreso" fullname="TumbangPreso" runstate="Runnable" testcasecount="637" result="Passed" start-time="2026-09-24 11:48:02Z" end-time="2026-09-24 11:49:29Z" duration="87.836054" total="2" passed="2" failed="0" inconclusive="0" skipped="0" asserts="0">
        <properties />
        <test-suite type="TestSuite" id="1814" name="PlayTests" fullname="TumbangPreso.PlayTests" runstate="Runnable" testcasecount="637" result="Passed" start-time="2026-09-24 11:48:02Z" end-time="2026-09-24 11:49:29Z" duration="87.834737" total="2" passed="2" failed="0" inconclusive="0" skipped="0" asserts="0">
          <properties />
          <test-suite type="TestFixture" id="1022" name="AiDiagnosticProbe" fullname="TumbangPreso.PlayTests.AiDiagnosticProbe" classname="TumbangPreso.PlayTests.AiDiagnosticProbe" runstate="Runnable" testcasecount="4" result="Passed" start-time="2026-09-24 11:48:02Z" end-time="2026-09-24 11:49:29Z" duration="87.786716" total="2" passed="2" failed="0" inconclusive="0" skipped="0" asserts="0">
            <properties>
              <property name="Category" value="WallClock" />
            </properties>
            <test-case id="1023" name="OneClassicRoundAtRealSpeedIsFullyExplained" fullname="TumbangPreso.PlayTests.AiDiagnosticProbe.OneClassicRoundAtRealSpeedIsFullyExplained" methodname="OneClassicRoundAtRealSpeedIsFullyExplained" classname="TumbangPreso.PlayTests.AiDiagnosticProbe" runstate="Runnable" seed="1453759523" result="Passed" start-time="2026-09-24 11:48:02Z" end-time="2026-09-24 11:48:47Z" duration="45.683178" asserts="0">
              <properties>
                <property name="_JOINTYPE" value="UnityCombinatorial" />
                <property name="retryIteration" value="0" />
                <property name="repeatIteration" value="0" />
              </properties>
              <output><![CDATA[[Replay] readback warm-up landed in 6.9 ms (the driver reported an error, which is still a warm-up: the plumbing was built either way)
[Env] repainted 0 of 218 renderers, 0 with a roof variant.
[NearFade] 7805 occluder nodes matched, 51 renderers moved onto TumbangPreso/NearFade.
[Slice] round 1 begins, taya is seat 0
ai diagnostic  ·  Classic  ·  Lagoon  ·  4 bots  ·  1x
t=0.0 seat=1 plan=Fetch def=False act=True held=True charging=False charge=0.00 canThrow=True axis=(0.00, 0.00) pos=(-1.80, 0.00, 9.00)
t=0.0 seat=2 plan=Stalk def=False act=True held=True charging=False charge=0.00 canThrow=True axis=(-1.00, 0.00) pos=(0.00, 0.00, 9.00)
t=0.0 seat=3 plan=Stalk def=False act=True held=True charging=False charge=0.00 canThrow=True axis=(0.71, -0.71) pos=(1.80, 0.00, 9.00)
t=0.0 seat=0 plan=Guard def=True act=True held=False charging=False charge=0.00 canThrow=False axis=(0.00, 1.00) pos=(0.00, 0.00, -2.50)
    lataUpright=True throws=0 roundActive=True
    slippers: [own=3 Held at 0.98,0.41,9.19 d3=0.94 grabbable=False] [own=2 Held at -0.85,0.41,9.03 d3=0.94 grabbable=False] [own=1 Held at -1.80,0.00,9.00 d3=0.00 grabbable=False] 
t=2.0 seat=1 plan=Windup def=False act=True held=True charging=True charge=0.15 canThrow=True axis=(0.00, 0.00) pos=(-0.32, 0.12, 7.89)
t=2.0 seat=2 plan=Position def=False act=True held=False charging=False charge=0.00 canThrow=False axis=(0.00, 0.00) pos=(-0.15, 0.12, 8.60)
t=2.0 seat=3 plan=Windup def=False act=False held=True charging=False charge=0.00 canThrow=True axis=(0.00, 0.00) pos=(2.13, 0.38, 7.09)
t=2.0 seat=0 plan=Guard def=True act=True held=False charging=False charge=0.00 canThrow=False axis=(0.00, 0.00) pos=(0.00, 0.12, 2.81)
    lataUpright=True throws=1 roundActive=True
    slippers: [own=3 Held at 1.54,1.48,7.59 d3=1.34 grabbable=False] [own=2 InFlight at -0.29,0.32,5.28 d3=3.33 grabbable=False] [own=1 Held at -1.17,0.90,8.18 d3=1.19 grabbable=False] 
t=4.0 seat=1 plan=Position def=False act=True held=False charging=False charge=0.00 canThrow=False axis=(-0.71, -0.71) pos=(-0.53, 0.12, 7.68)
t=4.0 seat=2 plan=Withdraw def=False act=False held=True charging=False charge=0.00 canThrow=True axis=(0.00, 0.00) pos=(0.00, 0.12, 9.00)
t=4.0 seat=3 plan=Windup def=False act=False held=True charging=False charge=0.00 canThrow=True axis=(0.00, 0.00) pos=(1.80, 0.12, 9.00)
t=4.0 seat=0 plan=Guard def=True act=True held=False charging=False charge=0.00 canThrow=False axis=(0.00, -1.00) pos=(0.71, 0.12, 5.65)
    lataUpright=True throws=2 roundActive=True
    slippers: [own=3 Held at 1.15,0.87,8.61 d3=1.07 grabbable=False] [own=2 Held at 0.51,0.80,9.59 d3=1.04 grabbable=False] [own=1 InFlight at -0.56,0.66,1.04 d3=6.67 grabbable=False] 
t=6.0 seat=1 plan=Stalk def=False act=True held=False charging=False charge=0.00 canThrow=False axis=(0.00, -1.00) pos=(-0.78, 0.12, 2.22)
t=6.0 seat=2 plan=Withdraw def=False act=False held=True charging=False charge=0.00 canThrow=True axis=(0.00, 0.00) pos=(0.00, 0.12, 9.00)
t=6.0 seat=3 plan=Windup def=False act=False held=True charging=False charge=0.00 canThrow=True axis=(0.00, 0.00) pos=(1.80, 0.12, 9.00)
t=6.0 seat=0 plan=Cover def=True act=True held=False charging=False charge=0.00 canThrow=False axis=(0.00, 0.00) pos=(-1.69, 0.12, 2.24)
    lataUpright=True throws=2 roundActive=True
    slippers: [own=3 Held at 1.15,0.87,8.61 d3=1.07 grabbable=False] [own=2 Held at 0.47,0.87,9.60 d3=1.07 grabbable=False] [own=1 Loose at -0.60,0.13,-0.31 d3=2.53 grabbable=False] 
t=8.0 seat=1 plan=Fetch def=False act=True held=False charging=False charge=0.00 canThrow=False axis=(0.00, 1.00) pos=(-0.78, 0.12, -2.44)
t=8.0 seat=2 plan=Withdraw def=False act=False held=True charging=False charge=0.00 canThrow=True axis=(0.00, 0.00) pos=(0.00, 0.12, 9.00)
t=8.0 seat=3 plan=Windup def=False act=True held=True charging=True charge=0.06 canThrow=True axis=(0.00, 0.00) pos=(1.80, 0.12, 9.00)
t=8.0 seat=0 plan=Cover def=True act=True held=False charging=False charge=0.00 canThrow=False axis=(0.71, -0.71) pos=(-1.78, 0.12, -1.62)
    lataUpright=True throws=2 roundActive=True
    slippers: [own=3 Held at 0.96,0.88,9.18 d3=1.15 grabbable=False] [own=2 Held at 0.47,0.87,9.60 d3=1.07 grabbable=False] [own=1 Loose at -0.60,0.13,-0.31 d3=2.14 grabbable=False] 
t=10.0 seat=1 plan=Withdraw def=False act=False held=True charging=False charge=0.00 canThrow=True axis=(0.00, 0.00) pos=(-1.80, 0.12, 9.00)
t=10.0 seat=2 plan=Windup def=False act=True held=True charging=True charge=0.01 canThrow=True axis=(0.00, 0.00) pos=(0.00, 0.12, 7.76)
t=10.0 seat=3 plan=Windup def=False act=True held=True charging=True charge=0.84 canThrow=True axis=(0.00, 0.00) pos=(1.80, 0.12, 9.00)
t=10.0 seat=0 plan=Guard def=True act=True held=False charging=False charge=0.00 canThrow=False axis=(0.00, 0.00) pos=(0.24, 0.12, 2.96)
    lataUpright=True throws=2 roundActive=True
    slippers: [own=3 Held at 1.55,0.81,9.95 d3=1.20 grabbable=False] [own=2 Held at 0.74,0.53,7.74 d3=0.85 grabbable=False] [own=1 Held at -1.32,0.87,8.45 d3=1.05 grabbable=False] 
t=12.0 seat=1 plan=Withdraw def=False act=False held=True charging=False charge=0.00 canThrow=True axis=(0.00, 0.00) pos=(-1.80, 0.12, 9.00)
t=12.0 seat=2 plan=Windup def=False act=True held=True charging=True charge=0.81 canThrow=True axis=(0.00, 0.00) pos=(0.00, 0.12, 7.76)
t=12.0 seat=3 plan=Position def=False act=True held=True charging=False charge=0.00 canThrow=True axis=(0.00, 0.00) pos=(1.12, 0.12, 7.66)
t=12.0 seat=0 plan=Guard def=True act=True held=False charging=False charge=0.00 canThrow=False axis=(0.00, 0.00) pos=(0.17, 0.12, 3.42)
    lataUpright=True throws=3 roundActive=True
    slippers: [own=3 Held at 0.26,0.41,7.71 d3=0.91 grabbable=False] [own=2 Held at -0.52,0.78,8.60 d3=1.19 grabbable=False] [own=1 Held at -1.32,0.87,8.45 d3=1.05 grabbable=False] 
t=14.0 seat=1 plan=Position def=False act=True held=True charging=False charge=0.00 canThrow=True axis=(0.71, -0.71) pos=(-1.25, 0.12, 8.14)
t=14.0 seat=2 plan=Stalk def=False act=True held=False charging=False charge=0.00 canThrow=False axis=(0.00, -1.00) pos=(1.00, 0.12, 5.09)
t=14.0 seat=3 plan=Windup def=False act=True held=True charging=True charge=0.34 canThrow=True axis=(0.00, 0.00) pos=(1.12, 0.12, 7.66)
t=14.0 seat=0 plan=Cover def=True act=True held=False charging=False charge=0.00 canThrow=False axis=(0.00, 0.00) pos=(1.97, 0.12, 1.85)
    lataUpright=True throws=4 roundActive=True
    slippers: [own=3 Held at 0.55,0.83,8.45 d3=1.20 grabbable=False] [own=2 Loose at 0.97,0.12,-0.14 d3=5.23 grabbable=False] [own=1 Held at -1.14,0.37,7.52 d3=0.68 grabbable=False] 
t=16.0 seat=1 plan=Windup def=False act=True held=True charging=True charge=0.34 canThrow=True axis=(0.00, 0.00) pos=(0.20, 0.12, 7.78)
t=16.0 seat=2 plan=Withdraw def=False act=False held=True charging=False charge=0.00 canThrow=True axis=(0.00, 0.00) pos=(0.00, 0.12, 9.00)
t=16.0 seat=3 plan=Position def=False act=True held=False charging=False charge=0.00 canThrow=False axis=(-1.00, 0.00) pos=(-0.02, 0.12, 7.08)
t=16.0 seat=0 plan=Guard def=True act=True held=False charging=False charge=0.00 canThrow=False axis=(0.00, 0.00) pos=(0.21, 0.12, 2.72)
    lataUpright=True throws=5 roundActive=True
    slippers: [own=3 InFlight at -1.70,0.67,5.22 d3=2.56 grabbable=False] [own=2 Held at -0.18,0.86,8.26 d3=1.07 grabbable=False] [own=1 Held at -0.47,0.87,8.45 d3=1.21 grabbable=False] 
t=18.0 seat=1 plan=Fetch def=False act=True held=False charging=False charge=0.00 canThrow=False axis=(0.00, -1.00) pos=(0.85, 0.12, 6.36)
t=18.0 seat=2 plan=Withdraw def=False act=False held=True charging=False charge=0.00 canThrow=True axis=(0.00, 0.00) pos=(0.00, 0.12, 9.00)
t=18.0 seat=3 plan=Fetch def=False act=True held=False charging=False charge=0.00 canThrow=False axis=(-0.71, -0.71) pos=(1.11, 0.12, 5.60)
t=18.0 seat=0 plan=Reset def=True act=True held=False charging=False charge=0.00 canThrow=False axis=(0.00, -1.00) pos=(-1.07, 0.12, 2.85)
    lataUpright=False throws=6 roundActive=True
    slippers: [own=3 Loose at -2.03,0.13,5.60 d3=3.14 grabbable=False] [own=2 Held at -0.18,0.87,8.26 d3=1.07 grabbable=False] [own=1 Loose at 0.36,0.13,0.76 d3=5.62 grabbable=False] 
t=20.0 seat=1 plan=Withdraw def=False act=False held=True charging=False charge=0.00 canThrow=False axis=(0.00, 0.00) pos=(-1.80, 0.00, 9.00)
t=20.0 seat=2 plan=Withdraw def=False act=False held=True charging=False charge=0.00 canThrow=False axis=(0.00, 0.00) pos=(0.00, 0.12, 9.00)
t=20.0 seat=3 plan=Position def=False act=True held=True charging=False charge=0.00 canThrow=False axis=(0.00, 0.00) pos=(-0.76, 0.12, 7.79)
t=20.0 seat=0 plan=Hunt def=True act=True held=False charging=False charge=0.00 canThrow=False axis=(0.71, 0.71) pos=(0.00, 0.12, 2.19)
    lataUpright=True throws=6 roundActive=True
    slippers: [own=3 Held at -0.26,0.87,8.36 d3=1.07 grabbable=False] [own=2 Held at -0.18,0.87,8.26 d3=1.07 grabbable=False] [own=1 Held at -1.38,0.45,9.57 d3=0.84 grabbable=False] 
t=22.0 seat=1 plan=Withdraw def=False act=False held=True charging=False charge=0.00 canThrow=True axis=(0.00, 0.00) pos=(-1.80, 0.12, 9.00)
t=22.0 seat=2 plan=Windup def=False act=True held=True charging=True charge=0.21 canThrow=True axis=(0.00, 0.00) pos=(0.00, 0.12, 7.79)
t=22.0 seat=3 plan=Windup def=False act=True held=True charging=True charge=0.43 canThrow=True axis=(0.00, 0.00) pos=(-0.76, 0.12, 7.79)
t=22.0 seat=0 plan=Guard def=True act=True held=False charging=False charge=0.00 canThrow=False axis=(0.00, 0.00) pos=(-0.22, 0.12, 2.93)
    lataUpright=True throws=6 roundActive=True
    slippers: [own=3 Held at -1.42,0.82,8.51 d3=1.20 grabbable=False] [own=2 Held at -0.78,0.86,8.31 d3=1.20 grabbable=False] [own=1 Held at -1.35,0.87,9.58 d3=1.05 grabbable=False] 
t=24.0 seat=1 plan=Withdraw def=False act=False held=True charging=False charge=0.00 canThrow=True axis=(0.00, 0.00) pos=(-1.80, 0.12, 9.00)
t=24.0 seat=2 plan=Position def=False act=True held=False charging=False charge=0.00 canThrow=False axis=(0.71, -0.71) pos=(0.39, 0.12, 7.39)
t=24.0 seat=3 plan=Stalk def=False act=True held=False charging=False charge=0.00 canThrow=False axis=(1.00, 0.00) pos=(-0.29, 0.12, 7.04)
t=24.0 seat=0 plan=Cover def=True act=True held=False charging=False charge=0.00 canThrow=False axis=(0.00, 0.00) pos=(-1.67, 0.12, 2.29)
    lataUpright=True throws=8 roundActive=True
    slippers: [own=3 Loose at -1.02,0.13,0.09 d3=6.98 grabbable=False] [own=2 Loose at 1.31,0.12,0.14 d3=7.31 grabbable=False] [own=1 Held at -1.35,0.87,9.58 d3=1.05 grabbable=False] 
t=26.0 seat=1 plan=Withdraw def=False act=True held=True charging=False charge=0.00 canThrow=True axis=(0.00, 0.00) pos=(-1.80, 0.12, 9.00)
t=26.0 seat=2 plan=Withdraw def=False act=False held=True charging=False charge=0.00 canThrow=True axis=(0.00, 0.00) pos=(0.00, 0.12, 9.00)
t=26.0 seat=3 plan=Fetch def=False act=True held=False charging=False charge=0.00 canThrow=False axis=(-0.71, -0.71) pos=(1.90, 0.12, 6.65)
t=26.0 seat=0 plan=Cover def=True act=True held=False charging=False charge=0.00 canThrow=False axis=(-1.00, 0.00) pos=(-0.73, 0.12, 2.62)
    lataUpright=True throws=8 roundActive=True
    slippers: [own=3 Loose at -1.02,0.13,0.09 d3=7.17 grabbable=False] [own=2 Held at -0.49,0.72,8.33 d3=1.03 grabbable=False] [own=1 Held at -1.00,0.37,9.08 d3=0.84 grabbable=False] 
t=28.0 seat=1 plan=Position def=False act=True held=True charging=False charge=0.00 canThrow=True axis=(0.00, 1.00) pos=(-1.80, 0.12, 7.76)
t=28.0 seat=2 plan=Withdraw def=False act=False held=True charging=False charge=0.00 canThrow=True axis=(0.00, 0.00) pos=(0.00, 0.12, 9.00)
t=28.0 seat=3 plan=Fetch def=False act=True held=False charging=False charge=0.00 canThrow=False axis=(-0.71, -0.71) pos=(1.17, 0.12, 5.52)
t=28.0 seat=0 plan=Cover def=True act=True held=False charging=False charge=0.00 canThrow=False axis=(0.00, 0.00) pos=(-0.93, 0.12, 3.03)
    lataUpright=True throws=8 roundActive=True
    slippers: [own=3 Loose at -1.02,0.13,0.09 d3=5.85 grabbable=False] [own=2 Held at -0.40,0.87,8.35 d3=1.07 grabbable=False] [own=1 Held at -1.30,0.28,7.89 d3=0.54 grabbable=False] 
t=30.0 seat=1 plan=Windup def=False act=True held=True charging=True charge=0.75 canThrow=True axis=(0.00, 0.00) pos=(-1.80, 0.12, 7.86)
t=30.0 seat=2 plan=Withdraw def=False act=False held=True charging=False charge=0.00 canThrow=True axis=(0.00, 0.00) pos=(0.00, 0.12, 9.00)
t=30.0 seat=3 plan=Withdraw def=False act=False held=True charging=False charge=0.00 canThrow=True axis=(0.00, 0.00) pos=(1.80, 0.12, 9.00)
t=30.0 seat=0 plan=Guard def=True act=True held=False charging=False charge=0.00 canThrow=False axis=(0.00, 0.00) pos=(-1.07, 0.12, 2.89)
    lataUpright=True throws=8 roundActive=True
    slippers: [own=3 Held at 1.47,0.84,9.70 d3=1.06 grabbable=False] [own=2 Held at -0.40,0.87,8.35 d3=1.07 grabbable=False] [own=1 Held at -2.45,0.84,8.57 d3=1.21 grabbable=False] 
t=32.0 seat=1 plan=Stalk def=False act=True held=False charging=False charge=0.00 canThrow=False axis=(1.00, 0.00) pos=(0.45, 0.12, 6.82)
t=32.0 seat=2 plan=Windup def=False act=True held=True charging=True charge=0.32 canThrow=True axis=(0.00, 0.00) pos=(0.00, 0.12, 8.70)
t=32.0 seat=3 plan=Withdraw def=False act=False held=True charging=False charge=0.00 canThrow=True axis=(0.00, 0.00) pos=(1.80, 0.12, 9.00)
t=32.0 seat=0 plan=Cover def=True act=True held=False charging=False charge=0.00 canThrow=False axis=(0.00, 1.00) pos=(-0.13, 0.12, 5.14)
    lataUpright=True throws=9 roundActive=True
    slippers: [own=3 Held at 1.48,0.87,9.69 d3=1.07 grabbable=False] [own=2 Held at -0.63,0.84,9.43 d3=1.20 grabbable=False] [own=1 Loose at 1.01,0.13,6.47 d3=0.66 grabbable=True] 
t=34.0 seat=1 plan=Fetch def=False act=True held=False charging=False charge=0.00 canThrow=False axis=(-0.71, 0.71) pos=(3.33, 0.12, 5.16)
t=34.0 seat=2 plan=Fetch def=False act=True held=False charging=False charge=0.00 canThrow=False axis=(0.00, -1.00) pos=(-0.91, 0.12, 7.48)
t=34.0 seat=3 plan=Withdraw def=False act=False held=True charging=False charge=0.00 canThrow=True axis=(0.00, 0.00) pos=(1.80, 0.12, 9.00)
t=34.0 seat=0 plan=Reset def=True act=True held=False charging=False charge=0.00 canThrow=False axis=(0.00, -1.00) pos=(0.92, 0.12, 4.65)
    lataUpright=False throws=10 roundActive=True
    slippers: [own=3 Held at 1.48,0.87,9.69 d3=1.07 grabbable=False] [own=2 Loose at -0.13,0.12,0.81 d3=6.71 grabbable=False] [own=1 Loose at 1.01,0.13,6.47 d3=2.66 grabbable=False] 
t=36.0 seat=1 plan=Position def=False act=False held=True charging=False charge=0.00 canThrow=False axis=(0.00, 0.00) pos=(6.22, 0.12, 6.48)
t=36.0 seat=2 plan=Withdraw def=False act=True held=True charging=False charge=0.00 canThrow=False axis=(-0.71, 0.71) pos=(-1.60, 0.12, 2.79)
t=36.0 seat=3 plan=Position def=False act=True held=True charging=False charge=0.00 canThrow=False axis=(-0.71, -0.71) pos=(2.85, 0.12, 7.09)
t=36.0 seat=0 plan=Hunt def=True act=True held=False charging=False charge=0.00 canThrow=False axis=(0.71, 0.71) pos=(0.42, 0.12, 1.72)
    lataUpright=True throws=10 roundActive=True
    slippers: [own=3 Held at 2.29,0.31,6.77 d3=0.67 grabbable=False] [own=2 Held at -1.68,0.36,3.40 d3=0.66 grabbable=False] [own=1 Held at 6.87,0.82,6.88 d3=1.03 grabbable=False] 
t=38.0 seat=1 plan=Position def=False act=False held=True charging=False charge=0.00 canThrow=True axis=(0.00, 0.00) pos=(-1.80, 0.12, 9.00)
t=38.0 seat=2 plan=Withdraw def=False act=True held=True charging=False charge=0.00 canThrow=False axis=(-0.71, 0.71) pos=(-5.16, 0.12, 6.35)
t=38.0 seat=3 plan=Windup def=False act=True held=True charging=True charge=0.27 canThrow=True axis=(0.00, 0.00) pos=(2.85, 0.12, 7.80)
t=38.0 seat=0 plan=Hunt def=True act=True held=False charging=False charge=0.00 canThrow=False axis=(-1.00, 0.00) pos=(-2.38, 0.12, 5.80)
    lataUpright=True throws=10 roundActive=True
    slippers: [own=3 Held at 2.35,0.85,8.61 d3=1.20 grabbable=False] [own=2 Held at -5.21,0.34,6.94 d3=0.64 grabbable=False] [own=1 Held at -1.53,0.87,9.68 d3=1.05 grabbable=False] 
t=40.0 seat=1 plan=Position def=False act=False held=True charging=False charge=0.00 canThrow=True axis=(0.00, 0.00) pos=(-1.80, 0.12, 9.00)
t=40.0 seat=2 plan=Fetch def=False act=True held=False charging=False charge=0.00 canThrow=False axis=(0.71, -0.71) pos=(-6.61, 0.12, 7.80)
t=40.0 seat=3 plan=Fetch def=False act=True held=False charging=False charge=0.00 canThrow=False axis=(-0.71, -0.71) pos=(3.43, 0.12, 5.92)
t=40.0 seat=0 plan=Reset def=True act=True held=False charging=False charge=0.00 canThrow=False axis=(0.00, 0.00) pos=(-0.61, 0.12, 1.34)
    lataUpright=False throws=12 roundActive=True
    slippers: [own=3 Loose at 0.63,0.13,0.31 d3=6.27 grabbable=False] [own=2 Loose at -4.82,0.12,5.33 d3=3.05 grabbable=False] [own=1 Held at -1.53,0.87,9.68 d3=1.05 grabbable=False] 

worst continuous LOOSE spell per slipper:
  1.4s  own=2 plan=Fetch ownerAct=True d3=1.80 grabbable=False slipperY=0.12
  4.1s  own=1 plan=Fetch ownerAct=True d3=1.79 grabbable=False slipperY=0.13
  5.8s  own=3 plan=Fetch ownerAct=True d3=1.86 grabbable=False slipperY=0.13

plan occupancy (seconds):
  1:Fetch                  3.2s
  2:Stalk                  0.8s
  3:Stalk                  4.3s
  0:Guard                  13.4s
  2:Position               5.8s
  3:Position               9.5s
  1:Position               10.9s
  2:Windup                 8.5s
  3:Windup                 15.1s
  1:Windup                 6.2s
  2:Sabotage               0.2s
  2:Fetch                  4.1s
  0:Hunt                   6.8s
  0:Cover                  13.9s
  2:Withdraw               20.1s
  1:Idle                   0.5s
  1:Stalk                  4.9s
  1:Withdraw               14.3s
  0:Intercept              0.8s
  3:Fetch                  4.2s
  3:Idle                   0.4s
  0:Reset                  5.0s
  3:Withdraw               6.3s
  2:Idle                   0.4s
  3:Sabotage               0.2s

sabotage ledger:
  seat 1  plans 0  shoves 0  longest pursuit 0.00s  time pursuing 0.0s  last veto OutOfApproachRange
  seat 2  plans 1  shoves 1  longest pursuit 0.00s  time pursuing 0.0s  last veto VictimNotVulnerable
  seat 3  plans 1  shoves 1  longest pursuit 0.00s  time pursuing 0.0s  last veto None
  seat 0  plans 0  shoves 0  longest pursuit 0.00s  time pursuing 0.0s  last veto None
  TOTAL  plans 2  shoves 2  longest pursuit 0.00s  time pursuing 0.0s
  bounds: max pursuit 1.90s  max approach 3.20m  danger radius 5.46m  min closure 1.50m
  candidate shoves projected: 926
    None                   21
    VictimIsDefender       309
    VictimNotVulnerable    128
    OutOfApproachRange     129
    PushesAwayFromTaya     296
    NegligibleClosure      43

lunge trace: 1 completed lunges, 1 hits
  no-taggable-victim           1/1
  frame=1164 round=1 left=86.4 taya=0 plan=Hunt reason=no-taggable-victim charge=150 power=0.79 victim=2 victimTaggable=False anyTaggable=False dist=3.42 bearing=13.2 lateral=0.78 victimSpeed=0.00 minVictim=2.70 minVictimWhileTaggable=- minAnyTaggable=- victimLeftTaggable=False heldAfterRelease=-1.000 punchCooldown=0.04 tagsDuringCharge=0 start=[held=0.003 victim=2 dist=1.42 taggable=True range=2.6] outcome=HIT

]]></output>
            </test-case>
            <test-case id="1024" name="OneHeroRoundAtRealSpeedIsFullyExplained" fullname="TumbangPreso.PlayTests.AiDiagnosticProbe.OneHeroRoundAtRealSpeedIsFullyExplained" methodname="OneHeroRoundAtRealSpeedIsFullyExplained" classname="TumbangPreso.PlayTests.AiDiagnosticProbe" runstate="Runnable" seed="1068159560" result="Passed" start-time="2026-09-24 11:48:47Z" end-time="2026-09-24 11:49:29Z" duration="42.080099" asserts="0">
              <properties>
                <property name="_JOINTYPE" value="UnityCombinatorial" />
                <property name="retryIteration" value="0" />
                <property name="repeatIteration" value="0" />
              </properties>
              <output><![CDATA[[Replay] readback warm-up landed in 0.0 ms (the driver reported an error, which is still a warm-up: the plumbing was built either way)
[Env] repainted 0 of 218 renderers, 0 with a roof variant.
[NearFade] 7805 occluder nodes matched, 51 renderers moved onto TumbangPreso/NearFade.
[Slice] round 1 begins, taya is seat 0
ai diagnostic  ·  HeroStrike  ·  Lagoon  ·  4 bots  ·  1x
t=0.0 seat=0 plan=Guard def=True act=True held=False charging=False charge=0.00 canThrow=False axis=(0.00, 1.00) pos=(0.00, 0.00, -2.50)
t=0.0 seat=1 plan=Position def=False act=False held=True charging=False charge=0.00 canThrow=True axis=(0.00, 0.00) pos=(-1.80, 0.00, 9.00)
t=0.0 seat=3 plan=Stalk def=False act=True held=True charging=False charge=0.00 canThrow=True axis=(0.71, -0.71) pos=(1.80, 0.00, 9.00)
t=0.0 seat=2 plan=Fetch def=False act=True held=True charging=False charge=0.00 canThrow=True axis=(0.00, 0.00) pos=(0.00, 0.00, 9.00)
    lataUpright=True throws=0 roundActive=True
    slippers: [own=2 Held at 0.00,0.00,9.00 d3=0.00 grabbable=False] [own=3 Held at 1.26,0.47,9.11 d3=0.72 grabbable=False] [own=1 Held at -1.80,0.00,9.00 d3=0.00 grabbable=False] 
t=2.0 seat=0 plan=Guard def=True act=True held=False charging=False charge=0.00 canThrow=False axis=(0.00, 0.00) pos=(0.00, 0.12, 2.84)
t=2.0 seat=1 plan=Windup def=False act=True held=True charging=True charge=0.00 canThrow=True axis=(0.00, 0.00) pos=(-0.40, 0.12, 8.01)
t=2.0 seat=3 plan=Windup def=False act=True held=True charging=True charge=0.34 canThrow=True axis=(0.00, 0.00) pos=(0.41, 0.12, 8.23)
t=2.0 seat=2 plan=Windup def=False act=True held=True charging=True charge=0.46 canThrow=True axis=(0.00, 0.00) pos=(-0.48, 0.12, 9.00)
    lataUpright=True throws=0 roundActive=True
    slippers: [own=2 Held at -0.97,0.77,9.86 d3=1.19 grabbable=False] [own=3 Held at -0.29,1.15,8.98 d3=1.46 grabbable=False] [own=1 Held at -0.34,0.72,7.21 d3=1.00 grabbable=False] 
t=4.0 seat=0 plan=Intercept def=True act=True held=False charging=False charge=0.00 canThrow=False axis=(-0.71, -0.71) pos=(1.26, 0.12, 3.11)
t=4.0 seat=1 plan=Position def=False act=True held=False charging=False charge=0.00 canThrow=False axis=(-0.71, -0.71) pos=(-0.59, 0.12, 7.82)
t=4.0 seat=3 plan=Stalk def=False act=True held=False charging=False charge=0.00 canThrow=False axis=(0.71, -0.71) pos=(2.16, 0.12, 7.53)
t=4.0 seat=2 plan=Position def=False act=True held=False charging=False charge=0.00 canThrow=False axis=(-0.71, -0.71) pos=(-0.93, 0.12, 8.55)
    lataUpright=True throws=3 roundActive=True
    slippers: [own=2 InFlight at -0.69,1.17,4.49 d3=4.20 grabbable=False] [own=3 Loose at 4.13,0.13,4.46 d3=3.64 grabbable=False] [own=1 InFlight at -0.37,1.44,4.64 d3=3.46 grabbable=False] 
t=6.0 seat=0 plan=Hunt def=True act=True held=False charging=False charge=0.00 canThrow=False axis=(-1.00, 0.00) pos=(-0.39, 0.12, 5.43)
t=6.0 seat=1 plan=Withdraw def=False act=True held=True charging=False charge=0.00 canThrow=False axis=(-0.71, 0.71) pos=(-3.21, 0.12, 4.93)
t=6.0 seat=3 plan=Position def=False act=True held=True charging=False charge=0.00 canThrow=True axis=(0.71, 0.71) pos=(5.36, 0.12, 7.62)
t=6.0 seat=2 plan=Fetch def=False act=True held=False charging=False charge=0.00 canThrow=False axis=(0.00, -1.00) pos=(-3.81, 0.12, 5.37)
    lataUpright=True throws=3 roundActive=True
    slippers: [own=2 Loose at -0.92,0.12,-0.24 d3=6.32 grabbable=False] [own=3 Held at 5.94,0.67,7.53 d3=0.80 grabbable=False] [own=1 Held at -3.16,0.33,5.51 d3=0.62 grabbable=False] 
t=8.0 seat=0 plan=Guard def=True act=True held=False charging=False charge=0.00 canThrow=False axis=(1.00, 0.00) pos=(-0.16, 0.12, 1.72)
t=8.0 seat=1 plan=Withdraw def=False act=False held=True charging=False charge=0.00 canThrow=True axis=(0.00, 0.00) pos=(-1.80, 0.12, 9.00)
t=8.0 seat=3 plan=Windup def=False act=True held=True charging=True charge=0.66 canThrow=True axis=(0.00, 0.00) pos=(5.52, 0.12, 7.78)
t=8.0 seat=2 plan=Stalk def=False act=False held=False charging=False charge=0.00 canThrow=False axis=(0.00, 0.00) pos=(-4.60, 0.88, 2.35)
    lataUpright=True throws=3 roundActive=True
    slippers: [own=2 Loose at -0.92,0.12,-0.24 d3=4.57 grabbable=False] [own=3 Held at 5.60,1.12,8.82 d3=1.45 grabbable=False] [own=1 Held at -1.52,0.87,9.73 d3=1.08 grabbable=False] 
t=10.0 seat=0 plan=Reset def=True act=True held=False charging=False charge=0.00 canThrow=False axis=(0.00, 0.00) pos=(-0.62, 0.12, 1.39)
t=10.0 seat=1 plan=Withdraw def=False act=False held=True charging=False charge=0.00 canThrow=True axis=(0.00, 0.00) pos=(-1.80, 0.12, 9.00)
t=10.0 seat=3 plan=Position def=False act=True held=False charging=False charge=0.00 canThrow=False axis=(0.00, 0.00) pos=(5.23, 0.12, 7.49)
t=10.0 seat=2 plan=Withdraw def=False act=True held=True charging=False charge=0.00 canThrow=False axis=(-1.00, 0.00) pos=(-2.56, 0.12, -0.48)
    lataUpright=False throws=4 roundActive=True
    slippers: [own=2 Held at -3.12,0.52,0.03 d3=0.85 grabbable=False] [own=3 Loose at 1.18,0.13,0.91 d3=7.72 grabbable=False] [own=1 Held at -1.52,0.87,9.73 d3=1.08 grabbable=False] 
t=12.0 seat=0 plan=Guard def=True act=True held=False charging=False charge=0.00 canThrow=False axis=(0.71, 0.71) pos=(-2.33, 0.12, 2.17)
t=12.0 seat=1 plan=Position def=False act=True held=True charging=False charge=0.00 canThrow=True axis=(0.00, -1.00) pos=(-1.80, 0.12, 7.22)
t=12.0 seat=3 plan=Fetch def=False act=True held=False charging=False charge=0.00 canThrow=False axis=(0.71, -0.71) pos=(9.70, 0.12, 1.81)
t=12.0 seat=2 plan=Withdraw def=False act=False held=True charging=False charge=0.00 canThrow=True axis=(0.00, 0.00) pos=(0.00, 0.12, 9.00)
    lataUpright=True throws=5 roundActive=True
    slippers: [own=2 Held at 0.02,0.17,9.66 d3=0.66 grabbable=False] [own=3 Loose at 11.98,0.13,0.56 d3=2.60 grabbable=False] [own=1 Held at -2.28,0.39,6.72 d3=0.75 grabbable=False] 
t=14.0 seat=0 plan=Guard def=True act=True held=False charging=False charge=0.00 canThrow=False axis=(0.00, 0.00) pos=(-1.03, 0.12, 3.09)
t=14.0 seat=1 plan=Position def=False act=False held=True charging=False charge=0.00 canThrow=True axis=(0.00, 0.00) pos=(-1.80, 0.12, 9.00)
t=14.0 seat=3 plan=Windup def=False act=True held=True charging=True charge=0.04 canThrow=True axis=(0.00, 0.00) pos=(10.37, 0.12, 1.23)
t=14.0 seat=2 plan=Withdraw def=False act=False held=True charging=False charge=0.00 canThrow=True axis=(0.00, 0.00) pos=(0.00, 0.12, 9.00)
    lataUpright=True throws=5 roundActive=True
    slippers: [own=2 Held at -0.55,0.87,9.56 d3=1.09 grabbable=False] [own=3 Held at 9.55,1.21,0.95 d3=1.40 grabbable=False] [own=1 Held at -2.36,0.87,8.45 d3=1.08 grabbable=False] 
t=16.0 seat=0 plan=Guard def=True act=True held=False charging=False charge=0.00 canThrow=False axis=(0.00, 0.00) pos=(2.77, 0.12, 0.44)
t=16.0 seat=1 plan=Position def=False act=False held=True charging=False charge=0.00 canThrow=True axis=(0.00, 0.00) pos=(-1.80, 0.12, 7.83)
t=16.0 seat=3 plan=Windup def=False act=True held=True charging=True charge=0.84 canThrow=True axis=(0.00, 0.00) pos=(10.37, 0.12, 1.23)
t=16.0 seat=2 plan=Withdraw def=False act=False held=True charging=False charge=0.00 canThrow=True axis=(0.00, 0.00) pos=(0.00, 0.12, 9.00)
    lataUpright=True throws=5 roundActive=True
    slippers: [own=2 Held at -0.55,0.87,9.56 d3=1.09 grabbable=False] [own=3 Held at 11.27,1.12,1.77 d3=1.45 grabbable=False] [own=1 Held at -2.36,0.87,7.28 d3=1.08 grabbable=False] 
t=18.0 seat=0 plan=Reset def=True act=True held=False charging=False charge=0.00 canThrow=False axis=(0.00, 0.00) pos=(0.83, 0.12, 1.32)
t=18.0 seat=1 plan=Position def=False act=True held=True charging=False charge=0.00 canThrow=True axis=(0.00, 0.00) pos=(-0.50, 0.12, 7.86)
t=18.0 seat=3 plan=Fetch def=False act=True held=False charging=False charge=0.00 canThrow=False axis=(-1.00, 0.00) pos=(8.65, 0.12, 1.61)
t=18.0 seat=2 plan=Position def=False act=True held=True charging=False charge=0.00 canThrow=True axis=(0.00, 0.00) pos=(0.20, 0.12, 7.81)
    lataUpright=False throws=6 roundActive=True
    slippers: [own=2 Held at 0.68,0.32,8.23 d3=0.67 grabbable=False] [own=3 Loose at 0.66,0.13,0.48 d3=8.07 grabbable=False] [own=1 Held at -0.54,0.35,7.05 d3=0.85 grabbable=False] 
t=20.0 seat=0 plan=Cover def=True act=True held=False charging=False charge=0.00 canThrow=False axis=(0.00, 0.00) pos=(2.53, 0.12, 1.26)
t=20.0 seat=1 plan=Position def=False act=True held=True charging=False charge=0.00 canThrow=False axis=(1.00, 0.00) pos=(0.12, 0.12, 8.51)
t=20.0 seat=3 plan=Stalk def=False act=True held=False charging=False charge=0.00 canThrow=False axis=(0.71, -0.71) pos=(5.62, 0.12, 0.68)
t=20.0 seat=2 plan=Position def=False act=True held=True charging=False charge=0.00 canThrow=False axis=(-1.00, 0.00) pos=(0.04, 0.12, 7.80)
    lataUpright=True throws=6 roundActive=True
    slippers: [own=2 Held at 0.39,0.72,8.53 d3=1.01 grabbable=False] [own=3 Loose at 0.66,0.13,0.48 d3=4.97 grabbable=False] [own=1 Held at 0.58,0.40,8.07 d3=0.69 grabbable=False] 
t=22.0 seat=0 plan=Cover def=True act=True held=False charging=False charge=0.00 canThrow=False axis=(0.00, 0.00) pos=(2.94, 0.12, 0.56)
t=22.0 seat=1 plan=Windup def=False act=True held=True charging=True charge=0.36 canThrow=True axis=(0.00, 0.00) pos=(2.99, 0.12, 8.51)
t=22.0 seat=3 plan=Fetch def=False act=True held=False charging=False charge=0.00 canThrow=False axis=(-1.00, 0.00) pos=(4.65, 0.12, -1.03)
t=22.0 seat=2 plan=Windup def=False act=True held=True charging=True charge=0.60 canThrow=True axis=(0.00, 0.00) pos=(-0.12, 0.12, 7.80)
    lataUpright=True throws=6 roundActive=True
    slippers: [own=2 Held at -0.63,0.75,8.66 d3=1.18 grabbable=False] [own=3 Loose at 0.66,0.13,0.48 d3=4.27 grabbable=False] [own=1 Held at 2.58,0.78,9.40 d3=1.19 grabbable=False] 
t=24.0 seat=0 plan=Reset def=True act=True held=False charging=False charge=0.00 canThrow=False axis=(0.00, 0.00) pos=(1.25, 0.12, 0.90)
t=24.0 seat=1 plan=Fetch def=False act=True held=False charging=False charge=0.00 canThrow=False axis=(0.00, -1.00) pos=(3.18, 0.12, 6.75)
t=24.0 seat=3 plan=Withdraw def=False act=True held=True charging=False charge=0.00 canThrow=False axis=(1.00, 0.00) pos=(4.27, 0.12, -0.05)
t=24.0 seat=2 plan=Position def=False act=True held=False charging=False charge=0.00 canThrow=False axis=(0.00, 0.00) pos=(-0.38, 0.12, 7.70)
    lataUpright=False throws=8 roundActive=True
    slippers: [own=2 Loose at -0.02,0.12,0.90 d3=6.80 grabbable=False] [own=3 Held at 4.63,0.66,-0.51 d3=0.80 grabbable=False] [own=1 Loose at 1.95,0.13,4.25 d3=2.78 grabbable=False] 
t=26.0 seat=0 plan=Cover def=True act=True held=False charging=False charge=0.00 canThrow=False axis=(-1.00, 0.00) pos=(2.69, 0.12, 4.49)
t=26.0 seat=1 plan=Position def=False act=True held=True charging=False charge=0.00 canThrow=True axis=(0.71, 0.71) pos=(5.51, 0.12, 7.63)
t=26.0 seat=3 plan=Position def=False act=True held=True charging=False charge=0.00 canThrow=True axis=(0.00, 0.00) pos=(7.76, 0.12, -0.05)
t=26.0 seat=2 plan=Fetch def=False act=True held=False charging=False charge=0.00 canThrow=False axis=(0.00, -1.00) pos=(-1.06, 0.12, 4.13)
    lataUpright=True throws=8 roundActive=True
    slippers: [own=2 Loose at -0.02,0.12,0.90 d3=3.39 grabbable=False] [own=3 Held at 8.31,1.20,-0.61 d3=1.35 grabbable=False] [own=1 Held at 6.09,0.26,7.59 d3=0.60 grabbable=False] 
t=28.0 seat=0 plan=Guard def=True act=True held=False charging=False charge=0.00 canThrow=False axis=(-0.71, 0.71) pos=(1.57, 0.12, 2.43)
t=28.0 seat=1 plan=Idle def=False act=True held=False charging=False charge=0.00 canThrow=False axis=(0.00, 0.00) pos=(5.69, 0.12, 7.82)
t=28.0 seat=3 plan=Position def=False act=True held=False charging=False charge=0.00 canThrow=False axis=(0.00, -1.00) pos=(7.07, 0.12, -0.14)
t=28.0 seat=2 plan=Withdraw def=False act=False held=True charging=False charge=0.00 canThrow=True axis=(0.00, 0.00) pos=(0.00, 0.12, 9.00)
    lataUpright=False throws=10 roundActive=True
    slippers: [own=2 Held at -0.15,0.87,9.77 d3=1.09 grabbable=False] [own=3 InFlight at 0.15,1.86,-0.52 d3=7.15 grabbable=False] [own=1 InFlight at 4.85,0.85,6.91 d3=1.44 grabbable=False] 
t=30.0 seat=0 plan=Hunt def=True act=True held=False charging=False charge=0.00 canThrow=False axis=(0.71, -0.71) pos=(0.92, 0.12, 0.97)
t=30.0 seat=1 plan=Withdraw def=False act=True held=True charging=False charge=0.00 canThrow=False axis=(0.71, 0.71) pos=(4.28, 0.12, 6.51)
t=30.0 seat=3 plan=Withdraw def=False act=True held=True charging=False charge=0.00 canThrow=False axis=(0.71, -0.71) pos=(2.73, 0.12, -1.30)
t=30.0 seat=2 plan=Withdraw def=False act=False held=True charging=False charge=0.00 canThrow=False axis=(0.00, 0.00) pos=(0.00, 0.12, 9.00)
    lataUpright=True throws=10 roundActive=True
    slippers: [own=2 Held at -0.15,0.87,9.77 d3=1.09 grabbable=False] [own=3 Held at 1.87,0.83,-0.94 d3=1.17 grabbable=False] [own=1 Held at 4.84,0.32,6.43 d3=0.60 grabbable=False] 
t=32.0 seat=0 plan=Guard def=True act=True held=False charging=False charge=0.00 canThrow=False axis=(0.00, 0.00) pos=(1.42, 0.12, 2.50)
t=32.0 seat=1 plan=Windup def=False act=True held=True charging=True charge=0.27 canThrow=True axis=(0.00, 0.00) pos=(5.55, 0.12, 7.79)
t=32.0 seat=3 plan=Withdraw def=False act=False held=True charging=False charge=0.00 canThrow=True axis=(0.00, 0.00) pos=(1.80, 0.12, 9.00)
t=32.0 seat=2 plan=Position def=False act=True held=True charging=False charge=0.00 canThrow=True axis=(0.00, -1.00) pos=(0.00, 0.12, 8.89)
    lataUpright=True throws=10 roundActive=True
    slippers: [own=2 Held at -0.31,0.74,9.63 d3=1.02 grabbable=False] [own=3 Held at 1.32,1.20,8.37 d3=1.35 grabbable=False] [own=1 Held at 5.36,0.81,8.74 d3=1.19 grabbable=False] 
t=34.0 seat=0 plan=Guard def=True act=True held=False charging=False charge=0.00 canThrow=False axis=(0.00, 0.00) pos=(0.18, 0.12, 2.77)
t=34.0 seat=1 plan=Position def=False act=True held=False charging=False charge=0.00 canThrow=False axis=(-0.71, -0.71) pos=(5.48, 0.12, 7.07)
t=34.0 seat=3 plan=Withdraw def=False act=False held=True charging=False charge=0.00 canThrow=True axis=(0.00, 0.00) pos=(1.80, 0.12, 9.00)
t=34.0 seat=2 plan=Windup def=False act=True held=True charging=True charge=0.38 canThrow=True axis=(0.00, 0.00) pos=(0.00, 0.12, 7.67)
    lataUpright=True throws=11 roundActive=True
    slippers: [own=2 Held at -0.61,0.78,8.45 d3=1.19 grabbable=False] [own=3 Held at 1.32,1.20,8.37 d3=1.35 grabbable=False] [own=1 InFlight at 0.84,0.70,0.71 d3=7.89 grabbable=False] 
t=36.0 seat=0 plan=Reset def=True act=True held=False charging=False charge=0.00 canThrow=False axis=(0.00, 0.00) pos=(0.25, 0.12, 1.45)
t=36.0 seat=1 plan=Fetch def=False act=True held=True charging=False charge=0.00 canThrow=False axis=(0.00, 0.00) pos=(1.80, 0.12, 1.97)
t=36.0 seat=3 plan=Position def=False act=True held=True charging=False charge=0.00 canThrow=False axis=(0.00, -1.00) pos=(1.96, 0.12, 6.77)
t=36.0 seat=2 plan=Withdraw def=False act=True held=True charging=False charge=0.00 canThrow=False axis=(0.00, 1.00) pos=(0.00, 0.12, 6.53)
    lataUpright=True throws=12 roundActive=True
    slippers: [own=2 Held at 0.45,0.28,6.90 d3=0.60 grabbable=False] [own=3 Held at 1.49,0.87,6.16 d3=1.08 grabbable=False] [own=1 Held at 0.88,0.24,1.83 d3=0.93 grabbable=False] 
t=38.0 seat=0 plan=Guard def=True act=True held=False charging=False charge=0.00 canThrow=False axis=(0.00, 0.00) pos=(0.40, 0.12, 2.94)
t=38.0 seat=1 plan=Withdraw def=False act=False held=True charging=False charge=0.00 canThrow=True axis=(0.00, 0.00) pos=(-1.80, 0.12, 9.00)
t=38.0 seat=3 plan=Windup def=False act=True held=True charging=True charge=0.27 canThrow=True axis=(0.00, 0.00) pos=(1.96, 0.12, 7.81)
t=38.0 seat=2 plan=Windup def=False act=True held=True charging=True charge=0.24 canThrow=True axis=(0.00, 0.00) pos=(0.00, 0.12, 7.80)
    lataUpright=True throws=12 roundActive=True
    slippers: [own=2 Held at -0.74,0.81,8.43 d3=1.20 grabbable=False] [own=3 Held at 1.53,1.17,8.73 d3=1.46 grabbable=False] [own=1 Held at -1.09,0.87,8.67 d3=1.08 grabbable=False] 
t=40.0 seat=0 plan=Guard def=True act=True held=False charging=False charge=0.00 canThrow=False axis=(0.00, 0.00) pos=(0.40, 0.12, 2.94)
t=40.0 seat=1 plan=Withdraw def=False act=False held=True charging=False charge=0.00 canThrow=True axis=(0.00, 0.00) pos=(-1.80, 0.12, 9.00)
t=40.0 seat=3 plan=Position def=False act=True held=False charging=False charge=0.00 canThrow=False axis=(0.00, 0.00) pos=(1.96, 0.12, 7.81)
t=40.0 seat=2 plan=Windup def=False act=True held=True charging=True charge=1.00 canThrow=True axis=(0.00, 0.00) pos=(0.00, 0.12, 7.80)
    lataUpright=True throws=13 roundActive=True
    slippers: [own=2 Held at -0.49,0.73,8.67 d3=1.17 grabbable=False] [own=3 InFlight at 1.56,1.10,6.57 d3=1.63 grabbable=False] [own=1 Held at -1.09,0.87,8.67 d3=1.08 grabbable=False] 

worst continuous LOOSE spell per slipper:
  4.8s  own=3 plan=Fetch ownerAct=True d3=1.79 grabbable=False slipperY=0.13
  5.1s  own=2 plan=Fetch ownerAct=True d3=1.75 grabbable=False slipperY=0.12
  1.5s  own=1 plan=Fetch ownerAct=True d3=1.81 grabbable=False slipperY=0.13

plan occupancy (seconds):
  0:Guard                  17.9s
  1:Position               16.2s
  3:Stalk                  2.4s
  2:Fetch                  4.3s
  2:Position               10.2s
  3:Position               11.1s
  2:Windup                 8.3s
  3:Windup                 10.4s
  1:Windup                 7.3s
  3:Idle                   0.4s
  0:Intercept              1.7s
  1:Idle                   0.6s
  3:Fetch                  6.0s
  3:Withdraw               9.7s
  2:Stalk                  2.5s
  0:Hunt                   6.3s
  1:Fetch                  2.7s
  1:Withdraw               13.2s
  0:Cover                  5.3s
  0:Reset                  8.8s
  2:Withdraw               14.7s
  2:Idle                   0.0s

sabotage ledger:
  seat 0  plans 0  shoves 0  longest pursuit 0.00s  time pursuing 0.0s  last veto None
  seat 1  plans 0  shoves 0  longest pursuit 0.00s  time pursuing 0.0s  last veto OutOfApproachRange
  seat 3  plans 0  shoves 0  longest pursuit 0.00s  time pursuing 0.0s  last veto PushesAwayFromTaya
  seat 2  plans 0  shoves 0  longest pursuit 0.00s  time pursuing 0.0s  last veto VictimNotVulnerable
  TOTAL  plans 0  shoves 0  longest pursuit 0.00s  time pursuing 0.0s
  bounds: max pursuit 1.90s  max approach 3.20m  danger radius 5.46m  min closure 1.50m
  candidate shoves projected: 996
    None                   2
    VictimIsDefender       332
    VictimNotVulnerable    152
    OutOfApproachRange     266
    PushesAwayFromTaya     228
    NegligibleClosure      16

lunge trace: 0 completed lunges, 0 hits

Saving results to: C:/Users/matth/AppData/LocalLow/BH Studios/Tumbang Preso\TestResults.xml
]]></output>
            </test-case>
          </test-suite>
        </test-suite>
      </test-suite>
    </test-suite>
  </test-suite>
</test-run>