<?xml version="1.0" encoding="utf-8"?>
<test-run id="2" testcasecount="1" result="Passed" total="1" passed="1" failed="0" inconclusive="0" skipped="0" asserts="0" engine-version="3.5.0.0" clr-version="4.0.30319.42000" start-time="2026-09-15 16:11:13Z" end-time="2026-09-15 16:11:16Z" duration="3.0041945">
  <test-suite type="TestSuite" id="1575" name="Tumbang Preso" fullname="Tumbang Preso" runstate="Runnable" testcasecount="436" result="Passed" start-time="2026-09-15 16:11:13Z" end-time="2026-09-15 16:11:16Z" duration="3.004195" total="1" passed="1" failed="0" inconclusive="0" skipped="0" asserts="0">
    <properties>
      <property name="platform" value="PlayMode" />
    </properties>
    <test-suite type="Assembly" id="1569" name="TumbangPreso.PlayTests.dll" fullname="C:/Users/matth/Documents/GitHub/TumbangPreso-Unity-ASTRAReworks/Library/ScriptAssemblies/TumbangPreso.PlayTests.dll" runstate="Runnable" testcasecount="436" result="Passed" start-time="2026-09-15 16:11:13Z" end-time="2026-09-15 16:11:16Z" duration="2.987584" total="1" passed="1" failed="0" inconclusive="0" skipped="0" asserts="0">
      <properties>
        <property name="_PID" value="3916" />
        <property name="_APPDOMAIN" value="Unity Child Domain" />
        <property name="platform" value="PlayMode" />
        <property name="EditorOnly" value="False" />
      </properties>
      <test-suite type="TestSuite" id="1570" name="TumbangPreso" fullname="TumbangPreso" runstate="Runnable" testcasecount="436" result="Passed" start-time="2026-09-15 16:11:13Z" end-time="2026-09-15 16:11:16Z" duration="2.980657" total="1" passed="1" failed="0" inconclusive="0" skipped="0" asserts="0">
        <properties />
        <test-suite type="TestSuite" id="1571" name="PlayTests" fullname="TumbangPreso.PlayTests" runstate="Runnable" testcasecount="436" result="Passed" start-time="2026-09-15 16:11:13Z" end-time="2026-09-15 16:11:16Z" duration="2.973757" total="1" passed="1" failed="0" inconclusive="0" skipped="0" asserts="0">
          <properties />
          <test-suite type="TestFixture" id="1387" name="RecoveryMenuBoundaryProbe" fullname="TumbangPreso.PlayTests.RecoveryMenuBoundaryProbe" classname="TumbangPreso.PlayTests.RecoveryMenuBoundaryProbe" runstate="Runnable" testcasecount="2" result="Passed" start-time="2026-09-15 16:11:13Z" end-time="2026-09-15 16:11:16Z" duration="2.948390" total="1" passed="1" failed="0" inconclusive="0" skipped="0" asserts="0">
            <properties />
            <test-case id="1389" name="CustomJumpBindingStillRecoversAfterMenuRelease" fullname="TumbangPreso.PlayTests.RecoveryMenuBoundaryProbe.CustomJumpBindingStillRecoversAfterMenuRelease" methodname="CustomJumpBindingStillRecoversAfterMenuRelease" classname="TumbangPreso.PlayTests.RecoveryMenuBoundaryProbe" runstate="Runnable" seed="258055611" result="Passed" start-time="2026-09-15 16:11:13Z" end-time="2026-09-15 16:11:16Z" duration="2.931435" asserts="0">
              <properties>
                <property name="_JOINTYPE" value="UnityCombinatorial" />
                <property name="Timeout" value="60000" />
                <property name="retryIteration" value="0" />
                <property name="repeatIteration" value="0" />
              </properties>
              <output><![CDATA[[Env] repainted 0 of 190 renderers, 0 with a roof variant.
[NearFade] 811 occluder nodes matched, 181 renderers moved onto TumbangPreso/NearFade.
[Slice] round 1 begins, taya is seat 0
Saving results to: C:/Users/matth/AppData/LocalLow/BH Studios/Tumbang Preso\TestResults.xml
]]></output>
            </test-case>
          </test-suite>
        </test-suite>
      </test-suite>
    </test-suite>
  </test-suite>
</test-run>