<?xml version="1.0" encoding="utf-8"?>
<test-run id="2" testcasecount="1" result="Failed(Child)" total="1" passed="0" failed="1" inconclusive="0" skipped="0" asserts="0" engine-version="3.5.0.0" clr-version="4.0.30319.42000" start-time="2026-09-15 15:50:50Z" end-time="2026-09-15 15:50:53Z" duration="2.9315128">
  <test-suite type="TestSuite" id="1574" name="Tumbang Preso" fullname="Tumbang Preso" runstate="Runnable" testcasecount="435" result="Failed" site="Child" start-time="2026-09-15 15:50:50Z" end-time="2026-09-15 15:50:53Z" duration="2.931513" total="1" passed="0" failed="1" inconclusive="0" skipped="0" asserts="0">
    <properties>
      <property name="platform" value="PlayMode" />
    </properties>
    <failure>
      <message><![CDATA[One or more child tests had errors]]></message>
    </failure>
    <test-suite type="Assembly" id="1568" name="TumbangPreso.PlayTests.dll" fullname="C:/Users/matth/Documents/GitHub/TumbangPreso-Unity-ASTRAReworks/Library/ScriptAssemblies/TumbangPreso.PlayTests.dll" runstate="Runnable" testcasecount="435" result="Failed" site="Child" start-time="2026-09-15 15:50:50Z" end-time="2026-09-15 15:50:53Z" duration="2.914617" total="1" passed="0" failed="1" inconclusive="0" skipped="0" asserts="0">
      <properties>
        <property name="_PID" value="15708" />
        <property name="_APPDOMAIN" value="Unity Child Domain" />
        <property name="platform" value="PlayMode" />
        <property name="EditorOnly" value="False" />
      </properties>
      <failure>
        <message><![CDATA[One or more child tests had errors]]></message>
      </failure>
      <test-suite type="TestSuite" id="1569" name="TumbangPreso" fullname="TumbangPreso" runstate="Runnable" testcasecount="435" result="Failed" site="Child" start-time="2026-09-15 15:50:50Z" end-time="2026-09-15 15:50:53Z" duration="2.907479" total="1" passed="0" failed="1" inconclusive="0" skipped="0" asserts="0">
        <properties />
        <failure>
          <message><![CDATA[One or more child tests had errors]]></message>
        </failure>
        <test-suite type="TestSuite" id="1570" name="PlayTests" fullname="TumbangPreso.PlayTests" runstate="Runnable" testcasecount="435" result="Failed" site="Child" start-time="2026-09-15 15:50:50Z" end-time="2026-09-15 15:50:53Z" duration="2.900724" total="1" passed="0" failed="1" inconclusive="0" skipped="0" asserts="0">
          <properties />
          <failure>
            <message><![CDATA[One or more child tests had errors]]></message>
          </failure>
          <test-suite type="TestFixture" id="1387" name="RecoveryMenuBoundaryProbe" fullname="TumbangPreso.PlayTests.RecoveryMenuBoundaryProbe" classname="TumbangPreso.PlayTests.RecoveryMenuBoundaryProbe" runstate="Runnable" testcasecount="1" result="Failed" site="Child" start-time="2026-09-15 15:50:50Z" end-time="2026-09-15 15:50:53Z" duration="2.882546" total="1" passed="0" failed="1" inconclusive="0" skipped="0" asserts="0">
            <properties />
            <failure>
              <message><![CDATA[One or more child tests had errors]]></message>
            </failure>
            <test-case id="1388" name="MenuResumeSubmitDoesNotAlsoMashRecovery" fullname="TumbangPreso.PlayTests.RecoveryMenuBoundaryProbe.MenuResumeSubmitDoesNotAlsoMashRecovery" methodname="MenuResumeSubmitDoesNotAlsoMashRecovery" classname="TumbangPreso.PlayTests.RecoveryMenuBoundaryProbe" runstate="Runnable" seed="1443482190" result="Failed" start-time="2026-09-15 15:50:50Z" end-time="2026-09-15 15:50:53Z" duration="2.866268" asserts="0">
              <properties>
                <property name="_JOINTYPE" value="UnityCombinatorial" />
                <property name="Timeout" value="60000" />
                <property name="retryIteration" value="0" />
                <property name="repeatIteration" value="0" />
              </properties>
              <failure>
                <message><![CDATA[  One controller press resumed the menu and also shortened recovery
  Expected: 0
  But was:  1
]]></message>
                <stack-trace><![CDATA[at TumbangPreso.PlayTests.RecoveryMenuBoundaryProbe+<MenuResumeSubmitDoesNotAlsoMashRecovery>d__2.MoveNext () [0x00359] in C:\Users\matth\Documents\GitHub\TumbangPreso-Unity-ASTRAReworks\Assets\TumbangPreso\Tests\PlayMode\RecoveryMenuBoundaryProbe.cs:47
at UnityEngine.TestTools.TestEnumerator+<Execute>d__7.MoveNext () [0x0003a] in .\Library\PackageCache\com.unity.test-framework@1405238725ab\UnityEngine.TestRunner\NUnitExtensions\Attributes\TestEnumerator.cs:44
]]></stack-trace>
              </failure>
              <output><![CDATA[[Env] repainted 0 of 190 renderers, 0 with a roof variant.
[NearFade] 811 occluder nodes matched, 181 renderers moved onto TumbangPreso/NearFade.
[Slice] round 1 begins, taya is seat 0
[RecoveryMenuBoundary] after Submit: presses=1 parked=False
Saving results to: C:/Users/matth/AppData/LocalLow/BH Studios/Tumbang Preso\TestResults.xml
]]></output>
            </test-case>
          </test-suite>
        </test-suite>
      </test-suite>
    </test-suite>
  </test-suite>
</test-run>
