<?xml version="1.0" encoding="utf-8"?>
<test-run id="2" testcasecount="1" result="Passed" total="1" passed="1" failed="0" inconclusive="0" skipped="0" asserts="0" engine-version="3.5.0.0" clr-version="4.0.30319.42000" start-time="2026-09-24 12:47:06Z" end-time="2026-09-24 12:47:07Z" duration="1.1554392">
  <test-suite type="TestSuite" id="1822" name="Tumbang Preso" fullname="Tumbang Preso" runstate="Runnable" testcasecount="641" result="Passed" start-time="2026-09-24 12:47:06Z" end-time="2026-09-24 12:47:07Z" duration="1.155439" total="1" passed="1" failed="0" inconclusive="0" skipped="0" asserts="0">
    <properties>
      <property name="platform" value="PlayMode" />
    </properties>
    <test-suite type="Assembly" id="1816" name="TumbangPreso.PlayTests.dll" fullname="C:/Users/matth/Documents/GitHub/TumbangPreso-Unity-world-qualification-20260923/Library/ScriptAssemblies/TumbangPreso.PlayTests.dll" runstate="Runnable" testcasecount="641" result="Passed" start-time="2026-09-24 12:47:06Z" end-time="2026-09-24 12:47:07Z" duration="1.139504" total="1" passed="1" failed="0" inconclusive="0" skipped="0" asserts="0">
      <properties>
        <property name="_PID" value="18344" />
        <property name="_APPDOMAIN" value="Unity Child Domain" />
        <property name="platform" value="PlayMode" />
        <property name="EditorOnly" value="False" />
      </properties>
      <test-suite type="TestSuite" id="1817" name="TumbangPreso" fullname="TumbangPreso" runstate="Runnable" testcasecount="641" result="Passed" start-time="2026-09-24 12:47:06Z" end-time="2026-09-24 12:47:07Z" duration="1.132795" total="1" passed="1" failed="0" inconclusive="0" skipped="0" asserts="0">
        <properties />
        <test-suite type="TestSuite" id="1818" name="PlayTests" fullname="TumbangPreso.PlayTests" runstate="Runnable" testcasecount="641" result="Passed" start-time="2026-09-24 12:47:06Z" end-time="2026-09-24 12:47:07Z" duration="1.126699" total="1" passed="1" failed="0" inconclusive="0" skipped="0" asserts="0">
          <properties />
          <test-suite type="TestFixture" id="1310" name="MapGraphicsReviewProbe" fullname="TumbangPreso.PlayTests.MapGraphicsReviewProbe" classname="TumbangPreso.PlayTests.MapGraphicsReviewProbe" runstate="Runnable" testcasecount="51" result="Passed" start-time="2026-09-24 12:47:06Z" end-time="2026-09-24 12:47:07Z" duration="1.099474" total="1" passed="1" failed="0" inconclusive="0" skipped="0" asserts="0">
            <properties>
              <property name="Category" value="WallClock" />
            </properties>
            <test-case id="1326" name="UpdatedStreetMapCardsUseTheirRealPreviewCameras" fullname="TumbangPreso.PlayTests.MapGraphicsReviewProbe.UpdatedStreetMapCardsUseTheirRealPreviewCameras" methodname="UpdatedStreetMapCardsUseTheirRealPreviewCameras" classname="TumbangPreso.PlayTests.MapGraphicsReviewProbe" runstate="Runnable" seed="1452072782" result="Passed" start-time="2026-09-24 12:47:06Z" end-time="2026-09-24 12:47:07Z" duration="1.073686" asserts="0">
              <properties>
                <property name="_JOINTYPE" value="UnityCombinatorial" />
                <property name="Timeout" value="90000" />
                <property name="retryIteration" value="0" />
                <property name="repeatIteration" value="0" />
              </properties>
              <output><![CDATA[[Env] repainted 0 of 293 renderers, 0 with a roof variant.
[NearFade] 2297 occluder nodes matched, 28 renderers moved onto TumbangPreso/NearFade.
[Play] wrote Logs/roof-final-map-card-v2/SaBubong-updated-card.png
Saving results to: C:/Users/matth/AppData/LocalLow/BH Studios/Tumbang Preso\TestResults.xml
]]></output>
            </test-case>
          </test-suite>
        </test-suite>
      </test-suite>
    </test-suite>
  </test-suite>
</test-run>