<?xml version="1.0" encoding="utf-8"?>
<test-run id="2" testcasecount="1" result="Passed" total="1" passed="1" failed="0" inconclusive="0" skipped="0" asserts="0" engine-version="3.5.0.0" clr-version="4.0.30319.42000" start-time="2026-09-23 21:18:50Z" end-time="2026-09-23 21:18:53Z" duration="3.397722">
  <test-suite type="TestSuite" id="1765" name="Tumbang Preso" fullname="Tumbang Preso" runstate="Runnable" testcasecount="589" result="Passed" start-time="2026-09-23 21:18:50Z" end-time="2026-09-23 21:18:53Z" duration="3.397722" total="1" passed="1" failed="0" inconclusive="0" skipped="0" asserts="0">
    <properties>
      <property name="platform" value="PlayMode" />
    </properties>
    <test-suite type="Assembly" id="1759" name="TumbangPreso.PlayTests.dll" fullname="C:/Users/matth/Documents/GitHub/TumbangPreso-Unity-world-qualification-20260923/Library/ScriptAssemblies/TumbangPreso.PlayTests.dll" runstate="Runnable" testcasecount="589" result="Passed" start-time="2026-09-23 21:18:50Z" end-time="2026-09-23 21:18:53Z" duration="3.382912" total="1" passed="1" failed="0" inconclusive="0" skipped="0" asserts="0">
      <properties>
        <property name="_PID" value="15616" />
        <property name="_APPDOMAIN" value="Unity Child Domain" />
        <property name="platform" value="PlayMode" />
        <property name="EditorOnly" value="False" />
      </properties>
      <test-suite type="TestSuite" id="1760" name="TumbangPreso" fullname="TumbangPreso" runstate="Runnable" testcasecount="589" result="Passed" start-time="2026-09-23 21:18:50Z" end-time="2026-09-23 21:18:53Z" duration="3.377057" total="1" passed="1" failed="0" inconclusive="0" skipped="0" asserts="0">
        <properties />
        <test-suite type="TestSuite" id="1761" name="PlayTests" fullname="TumbangPreso.PlayTests" runstate="Runnable" testcasecount="589" result="Passed" start-time="2026-09-23 21:18:50Z" end-time="2026-09-23 21:18:53Z" duration="3.371690" total="1" passed="1" failed="0" inconclusive="0" skipped="0" asserts="0">
          <properties />
          <test-suite type="TestFixture" id="1285" name="MapGraphicsReviewProbe" fullname="TumbangPreso.PlayTests.MapGraphicsReviewProbe" classname="TumbangPreso.PlayTests.MapGraphicsReviewProbe" runstate="Runnable" testcasecount="23" result="Passed" start-time="2026-09-23 21:18:50Z" end-time="2026-09-23 21:18:53Z" duration="3.349319" total="1" passed="1" failed="0" inconclusive="0" skipped="0" asserts="0">
            <properties>
              <property name="Category" value="WallClock" />
            </properties>
            <test-case id="1287" name="SaBubongTankFinishReview" fullname="TumbangPreso.PlayTests.MapGraphicsReviewProbe.SaBubongTankFinishReview" methodname="SaBubongTankFinishReview" classname="TumbangPreso.PlayTests.MapGraphicsReviewProbe" runstate="Runnable" seed="1943642689" result="Passed" start-time="2026-09-23 21:18:50Z" end-time="2026-09-23 21:18:53Z" duration="3.330959" asserts="0">
              <properties>
                <property name="_JOINTYPE" value="UnityCombinatorial" />
                <property name="Timeout" value="90000" />
                <property name="retryIteration" value="0" />
                <property name="repeatIteration" value="0" />
              </properties>
              <output><![CDATA[[Env] repainted 0 of 204 renderers, 0 with a roof variant.
[NearFade] 2206 occluder nodes matched, 25 renderers moved onto TumbangPreso/NearFade.
[Slice] round 1 begins, taya is seat 0
[Play] wrote Logs/refine2-sabubong-tank-v1/SaBubong-tank-service-before.png
[Play] wrote Logs/refine2-sabubong-tank-v1/SaBubong-tank-service-after.png
[Play] wrote Logs/refine2-sabubong-tank-v1/SaBubong-tank-near-before.png
[Play] wrote Logs/refine2-sabubong-tank-v1/SaBubong-tank-near-after.png
Saving results to: C:/Users/matth/AppData/LocalLow/BH Studios/Tumbang Preso\TestResults.xml
]]></output>
            </test-case>
          </test-suite>
        </test-suite>
      </test-suite>
    </test-suite>
  </test-suite>
</test-run>