<?xml version="1.0" encoding="utf-8"?>
<test-run id="2" testcasecount="516" result="Passed" total="516" passed="516" failed="0" inconclusive="0" skipped="0" asserts="0" engine-version="3.5.0.0" clr-version="4.0.30319.42000" start-time="2026-09-13 09:57:54Z" end-time="2026-09-13 09:58:02Z" duration="8.3529305">
  <test-suite type="TestSuite" id="1000" name="Tumbang Preso" fullname="Tumbang Preso" runstate="Runnable" testcasecount="516" result="Passed" start-time="2026-09-13 09:57:54Z" end-time="2026-09-13 09:58:02Z" duration="8.352931" total="516" passed="516" failed="0" inconclusive="0" skipped="0" asserts="0">
    <properties>
      <property name="platform" value="EditMode" />
    </properties>
    <test-suite type="Assembly" id="1589" name="TumbangPreso.Tests.dll" fullname="C:/Users/Matthew/Documents/Codex/2026-09-09/ok-x20/work/TumbangPreso-Unity/Library/ScriptAssemblies/TumbangPreso.Tests.dll" runstate="Runnable" testcasecount="516" result="Passed" start-time="2026-09-13 09:57:54Z" end-time="2026-09-13 09:58:02Z" duration="8.342256" total="516" passed="516" failed="0" inconclusive="0" skipped="0" asserts="0">
      <properties>
        <property name="_PID" value="34960" />
        <property name="_APPDOMAIN" value="Unity Child Domain" />
        <property name="platform" value="EditMode" />
        <property name="EditorOnly" value="True" />
      </properties>
      <test-suite type="TestSuite" id="1590" name="TumbangPreso" fullname="TumbangPreso" runstate="Runnable" testcasecount="516" result="Passed" start-time="2026-09-13 09:57:54Z" end-time="2026-09-13 09:58:02Z" duration="8.341688" total="516" passed="516" failed="0" inconclusive="0" skipped="0" asserts="0">
        <properties />
        <test-suite type="TestSuite" id="1591" name="Tests" fullname="TumbangPreso.Tests" runstate="Runnable" testcasecount="516" result="Passed" start-time="2026-09-13 09:57:54Z" end-time="2026-09-13 09:58:02Z" duration="8.340886" total="516" passed="516" failed="0" inconclusive="0" skipped="0" asserts="0">
          <properties />
          <test-suite type="TestFixture" id="1522" name="AbilityRejoinStateTests" fullname="TumbangPreso.Tests.AbilityRejoinStateTests" classname="TumbangPreso.Tests.AbilityRejoinStateTests" runstate="Runnable" testcasecount="4" result="Passed" start-time="2026-09-13 09:57:54Z" end-time="2026-09-13 09:57:54Z" duration="0.035184" total="4" passed="4" failed="0" inconclusive="0" skipped="0" asserts="0">
            <properties />
            <test-case id="1523" name="ACooldownSurvivesAReconnect" fullname="TumbangPreso.Tests.AbilityRejoinStateTests.ACooldownSurvivesAReconnect" methodname="ACooldownSurvivesAReconnect" classname="TumbangPreso.Tests.AbilityRejoinStateTests" runstate="Runnable" seed="377541514" result="Passed" start-time="2026-09-13 09:57:54Z" end-time="2026-09-13 09:57:54Z" duration="0.015813" asserts="0">
              <properties>
                <property name="retryIteration" value="0" />
                <property name="repeatIteration" value="0" />
              </properties>
            </test-case>
            <test-case id="1525" name="ADurationIsNeverWrittenInFromTheWire" fullname="TumbangPreso.Tests.AbilityRejoinStateTests.ADurationIsNeverWrittenInFromTheWire" methodname="ADurationIsNeverWrittenInFromTheWire" classname="TumbangPreso.Tests.AbilityRejoinStateTests" runstate="Runnable" seed="2082177487" result="Passed" start-time="2026-09-13 09:57:54Z" end-time="2026-09-13 09:57:54Z" duration="0.000725" asserts="0">
              <properties>
                <property name="retryIteration" value="0" />
                <property name="repeatIteration" value="0" />
              </properties>
            </test-case>
            <test-case id="1524" name="ChargesComeBackAtTheHostsCountAndAreClamped" fullname="TumbangPreso.Tests.AbilityRejoinStateTests.ChargesComeBackAtTheHostsCountAndAreClamped" methodname="ChargesComeBackAtTheHostsCountAndAreClamped" classname="TumbangPreso.Tests.AbilityRejoinStateTests" runstate="Runnable" seed="1088179227" result="Passed" start-time="2026-09-13 09:57:54Z" end-time="2026-09-13 09:57:54Z" duration="0.003932" asserts="0">
              <properties>
                <property name="retryIteration" value="0" />
                <property name="repeatIteration" value="0" />
              </properties>
            </test-case>
            <test-case id="1526" name="UltimateChargeCannotExceedItsCost" fullname="TumbangPreso.Tests.AbilityRejoinStateTests.UltimateChargeCannotExceedItsCost" methodname="UltimateChargeCannotExceedItsCost" classname="TumbangPreso.Tests.AbilityRejoinStateTests" runstate="Runnable" seed="1259770715" result="Passed" start-time="2026-09-13 09:57:54Z" end-time="2026-09-13 09:57:54Z" duration="0.000720" asserts="0">
              <properties>
                <property name="retryIteration" value="0" />
                <property name="repeatIteration" value="0" />
              </properties>
            </test-case>
          </test-suite>
          <test-suite type="TestFixture" id="1002" name="AnimationReviewTests" fullname="TumbangPreso.Tests.AnimationReviewTests" classname="TumbangPreso.Tests.AnimationReviewTests" runstate="Runnable" testcasecount="6" result="Passed" start-time="2026-09-13 09:57:54Z" end-time="2026-09-13 09:57:54Z" duration="0.135959" total="6" passed="6" failed="0" inconclusive="0" skipped="0" asserts="0">
            <properties />
            <test-case id="1004" name="AMissingBaseClipIsStillALoss" fullname="TumbangPreso.Tests.AnimationReviewTests.AMissingBaseClipIsStillALoss" methodname="AMissingBaseClipIsStillALoss" classname="TumbangPreso.Tests.AnimationReviewTests" runstate="Runnable" seed="505870046" result="Passed" start-time="2026-09-13 09:57:54Z" end-time="2026-09-13 09:57:54Z" duration="0.002127" asserts="0">
              <properties>
                <property name="retryIteration" value="0" />
                <property name="repeatIteration" value="0" />
              </properties>
            </test-case>
            <test-case id="1007" name="AMissingSlideStillFallsThroughToTheLunge" fullname="TumbangPreso.Tests.AnimationReviewTests.AMissingSlideStillFallsThroughToTheLunge" methodname="AMissingSlideStillFallsThroughToTheLunge" classname="TumbangPreso.Tests.AnimationReviewTests" runstate="Runnable" seed="501327837" result="Passed" start-time="2026-09-13 09:57:54Z" end-time="2026-09-13 09:57:54Z" duration="0.004609" asserts="0">
              <properties>
                <property name="retryIteration" value="0" />
                <property name="repeatIteration" value="0" />
              </properties>
            </test-case>
            <test-case id="1003" name="AnExtraAuthoredActionIsNotALostBaseClip" fullname="TumbangPreso.Tests.AnimationReviewTests.AnExtraAuthoredActionIsNotALostBaseClip" methodname="AnExtraAuthoredActionIsNotALostBaseClip" classname="TumbangPreso.Tests.AnimationReviewTests" runstate="Runnable" seed="1947268727" result="Passed" start-time="2026-09-13 09:57:54Z" end-time="2026-09-13 09:57:54Z" duration="0.000998" asserts="0">
              <properties>
                <property name="retryIteration" value="0" />
                <property name="repeatIteration" value="0" />
              </properties>
            </test-case>
            <test-case id="1006" name="SeansSlideResolvesToItsOwnClipRatherThanTheLungeFallback" fullname="TumbangPreso.Tests.AnimationReviewTests.SeansSlideResolvesToItsOwnClipRatherThanTheLungeFallback" methodname="SeansSlideResolvesToItsOwnClipRatherThanTheLungeFallback" classname="TumbangPreso.Tests.AnimationReviewTests" runstate="Runnable" seed="784691667" result="Passed" start-time="2026-09-13 09:57:54Z" end-time="2026-09-13 09:57:54Z" duration="0.114030" asserts="0">
              <properties>
                <property name="retryIteration" value="0" />
                <property name="repeatIteration" value="0" />
              </properties>
            </test-case>
            <test-case id="1005" name="TheRealRebuiltRigPassesAgainstTheRealReferenceRig" fullname="TumbangPreso.Tests.AnimationReviewTests.TheRealRebuiltRigPassesAgainstTheRealReferenceRig" methodname="TheRealRebuiltRigPassesAgainstTheRealReferenceRig" classname="TumbangPreso.Tests.AnimationReviewTests" runstate="Runnable" seed="1501329672" result="Passed" start-time="2026-09-13 09:57:54Z" end-time="2026-09-13 09:57:54Z" duration="0.006632" asserts="0">
              <properties>
                <property name="retryIteration" value="0" />
                <property name="repeatIteration" value="0" />
              </properties>
            </test-case>
            <test-case id="1008" name="TheStripSamplesAcrossTheClipRatherThanFrameZero" fullname="TumbangPreso.Tests.AnimationReviewTests.TheStripSamplesAcrossTheClipRatherThanFrameZero" methodname="TheStripSamplesAcrossTheClipRatherThanFrameZero" classname="TumbangPreso.Tests.AnimationReviewTests" runstate="Runnable" seed="168767010" result="Passed" start-time="2026-09-13 09:57:54Z" end-time="2026-09-13 09:57:54Z" duration="0.004252" asserts="0">
              <properties>
                <property name="retryIteration" value="0" />
                <property name="repeatIteration" value="0" />
              </properties>
            </test-case>
          </test-suite>
          <test-suite type="TestFixture" id="1009" name="BroadcastPassTests" fullname="TumbangPreso.Tests.BroadcastPassTests" classname="TumbangPreso.Tests.BroadcastPassTests" runstate="Runnable" testcasecount="15" result="Passed" start-time="2026-09-13 09:57:54Z" end-time="2026-09-13 09:57:54Z" duration="0.055574" total="15" passed="15" failed="0" inconclusive="0" skipped="0" asserts="0">
            <properties />
            <test-case id="1019" name="AllSixHeroesHaveTheirOwnNamedUltimate" fullname="TumbangPreso.Tests.BroadcastPassTests.AllSixHeroesHaveTheirOwnNamedUltimate" methodname="AllSixHeroesHaveTheirOwnNamedUltimate" classname="TumbangPreso.Tests.BroadcastPassTests" runstate="Runnable" seed="1180310818" result="Passed" start-time="2026-09-13 09:57:54Z" end-time="2026-09-13 09:57:54Z" duration="0.003140" asserts="0">
              <properties>
                <property name="retryIteration" value="0" />
                <property name="repeatIteration" value="0" />
              </properties>
            </test-case>
            <test-case id="1020" name="EveryHeroHasItsOwnUltimateMotif" fullname="TumbangPreso.Tests.BroadcastPassTests.EveryHeroHasItsOwnUltimateMotif" methodname="EveryHeroHasItsOwnUltimateMotif" classname="TumbangPreso.Tests.BroadcastPassTests" runstate="Runnable" seed="761883808" result="Passed" start-time="2026-09-13 09:57:54Z" end-time="2026-09-13 09:57:54Z" duration="0.014909" asserts="0">
              <properties>
                <property name="retryIteration" value="0" />
                <property name="repeatIteration" value="0" />
              </properties>
            </test-case>
            <test-case id="1015" name="NoBeatCommitsForLongerThanItIsExpectedToLast" fullname="TumbangPreso.Tests.BroadcastPassTests.NoBeatCommitsForLongerThanItIsExpectedToLast" methodname="NoBeatCommitsForLongerThanItIsExpectedToLast" classname="TumbangPreso.Tests.BroadcastPassTests" runstate="Runnable" seed="864891752" result="Passed" start-time="2026-09-13 09:57:54Z" end-time="2026-09-13 09:57:54Z" duration="0.000391" asserts="0">
              <properties>
                <property name="retryIteration" value="0" />
                <property name="repeatIteration" value="0" />
              </properties>
            </test-case>
            <test-case id="1012" name="ReplayHasExactlyOneTriggerAndItIsAKeyPress" fullname="TumbangPreso.Tests.BroadcastPassTests.ReplayHasExactlyOneTriggerAndItIsAKeyPress" methodname="ReplayHasExactlyOneTriggerAndItIsAKeyPress" classname="TumbangPreso.Tests.BroadcastPassTests" runstate="Runnable" seed="1977956541" result="Passed" start-time="2026-09-13 09:57:54Z" end-time="2026-09-13 09:57:54Z" duration="0.014197" asserts="0">
              <properties>
                <property name="retryIteration" value="0" />
                <property name="repeatIteration" value="0" />
              </properties>
            </test-case>
            <test-case id="1010" name="TheAutopilotCannotReplayPauseOrChangeTime" fullname="TumbangPreso.Tests.BroadcastPassTests.TheAutopilotCannotReplayPauseOrChangeTime" methodname="TheAutopilotCannotReplayPauseOrChangeTime" classname="TumbangPreso.Tests.BroadcastPassTests" runstate="Runnable" seed="1442403481" result="Passed" start-time="2026-09-13 09:57:54Z" end-time="2026-09-13 09:57:54Z" duration="0.003414" asserts="0">
              <properties>
                <property name="retryIteration" value="0" />
                <property name="repeatIteration" value="0" />
              </properties>
            </test-case>
            <test-case id="1011" name="TheAutopilotTouchesNoGameplayState" fullname="TumbangPreso.Tests.BroadcastPassTests.TheAutopilotTouchesNoGameplayState" methodname="TheAutopilotTouchesNoGameplayState" classname="TumbangPreso.Tests.BroadcastPassTests" runstate="Runnable" seed="2117789638" result="Passed" start-time="2026-09-13 09:57:54Z" end-time="2026-09-13 09:57:54Z" duration="0.001650" asserts="0">
              <properties>
                <property name="retryIteration" value="0" />
                <property name="repeatIteration" value="0" />
              </properties>
            </test-case>
            <test-case id="1022" name="TheDuplicateWindowIsLongerThanANetworkRoundTripAndShorterThanTheCard" fullname="TumbangPreso.Tests.BroadcastPassTests.TheDuplicateWindowIsLongerThanANetworkRoundTripAndShorterThanTheCard" methodname="TheDuplicateWindowIsLongerThanANetworkRoundTripAndShorterThanTheCard" classname="TumbangPreso.Tests.BroadcastPassTests" runstate="Runnable" seed="34014032" result="Passed" start-time="2026-09-13 09:57:54Z" end-time="2026-09-13 09:57:54Z" duration="0.000371" asserts="0">
              <properties>
                <property name="retryIteration" value="0" />
                <property name="repeatIteration" value="0" />
              </properties>
            </test-case>
            <test-case id="1023" name="TheIntroductionIsShortEnoughToBeNonBlocking" fullname="TumbangPreso.Tests.BroadcastPassTests.TheIntroductionIsShortEnoughToBeNonBlocking" methodname="TheIntroductionIsShortEnoughToBeNonBlocking" classname="TumbangPreso.Tests.BroadcastPassTests" runstate="Runnable" seed="686740120" result="Passed" start-time="2026-09-13 09:57:54Z" end-time="2026-09-13 09:57:54Z" duration="0.000344" asserts="0">
              <properties>
                <property name="retryIteration" value="0" />
                <property name="repeatIteration" value="0" />
              </properties>
            </test-case>
            <test-case id="1024" name="TheIntroductionPlaysNoAudioOfItsOwn" fullname="TumbangPreso.Tests.BroadcastPassTests.TheIntroductionPlaysNoAudioOfItsOwn" methodname="TheIntroductionPlaysNoAudioOfItsOwn" classname="TumbangPreso.Tests.BroadcastPassTests" runstate="Runnable" seed="2012343665" result="Passed" start-time="2026-09-13 09:57:54Z" end-time="2026-09-13 09:57:54Z" duration="0.001057" asserts="0">
              <properties>
                <property name="retryIteration" value="0" />
                <property name="repeatIteration" value="0" />
              </properties>
            </test-case>
            <test-case id="1016" name="TheOutcomeGraceIsLongEnoughToSeeAResult" fullname="TumbangPreso.Tests.BroadcastPassTests.TheOutcomeGraceIsLongEnoughToSeeAResult" methodname="TheOutcomeGraceIsLongEnoughToSeeAResult" classname="TumbangPreso.Tests.BroadcastPassTests" runstate="Runnable" seed="505531743" result="Passed" start-time="2026-09-13 09:57:54Z" end-time="2026-09-13 09:57:54Z" duration="0.000467" asserts="0">
              <properties>
                <property name="retryIteration" value="0" />
                <property name="repeatIteration" value="0" />
              </properties>
            </test-case>
            <test-case id="1014" name="ThereAreNineDistinctShotCompositions" fullname="TumbangPreso.Tests.BroadcastPassTests.ThereAreNineDistinctShotCompositions" methodname="ThereAreNineDistinctShotCompositions" classname="TumbangPreso.Tests.BroadcastPassTests" runstate="Runnable" seed="2016183583" result="Passed" start-time="2026-09-13 09:57:54Z" end-time="2026-09-13 09:57:54Z" duration="0.001235" asserts="0">
              <properties>
                <property name="retryIteration" value="0" />
                <property name="repeatIteration" value="0" />
              </properties>
            </test-case>
            <test-case id="1017" name="TheReplayBufferHoldsTheWholeWindowPlusAnOperatorsReactionTime" fullname="TumbangPreso.Tests.BroadcastPassTests.TheReplayBufferHoldsTheWholeWindowPlusAnOperatorsReactionTime" methodname="TheReplayBufferHoldsTheWholeWindowPlusAnOperatorsReactionTime" classname="TumbangPreso.Tests.BroadcastPassTests" runstate="Runnable" seed="78483349" result="Passed" start-time="2026-09-13 09:57:54Z" end-time="2026-09-13 09:57:54Z" duration="0.002754" asserts="0">
              <properties>
                <property name="retryIteration" value="0" />
                <property name="repeatIteration" value="0" />
              </properties>
            </test-case>
            <test-case id="1018" name="TheReplayBufferStaysUnderFiftyMegabytes" fullname="TumbangPreso.Tests.BroadcastPassTests.TheReplayBufferStaysUnderFiftyMegabytes" methodname="TheReplayBufferStaysUnderFiftyMegabytes" classname="TumbangPreso.Tests.BroadcastPassTests" runstate="Runnable" seed="433317540" result="Passed" start-time="2026-09-13 09:57:54Z" end-time="2026-09-13 09:57:54Z" duration="0.000757" asserts="0">
              <properties>
                <property name="retryIteration" value="0" />
                <property name="repeatIteration" value="0" />
              </properties>
            </test-case>
            <test-case id="1013" name="TheRetrievalOutranksEveryOtherBeat" fullname="TumbangPreso.Tests.BroadcastPassTests.TheRetrievalOutranksEveryOtherBeat" methodname="TheRetrievalOutranksEveryOtherBeat" classname="TumbangPreso.Tests.BroadcastPassTests" runstate="Runnable" seed="406150666" result="Passed" start-time="2026-09-13 09:57:54Z" end-time="2026-09-13 09:57:54Z" duration="0.000254" asserts="0">
              <properties>
                <property name="retryIteration" value="0" />
                <property name="repeatIteration" value="0" />
              </properties>
            </test-case>
            <test-case id="1021" name="TheUltimateIntroductionNeverInterruptsPlay" fullname="TumbangPreso.Tests.BroadcastPassTests.TheUltimateIntroductionNeverInterruptsPlay" methodname="TheUltimateIntroductionNeverInterruptsPlay" classname="TumbangPreso.Tests.BroadcastPassTests" runstate="Runnable" seed="820415589" result="Passed" start-time="2026-09-13 09:57:54Z" end-time="2026-09-13 09:57:54Z" duration="0.000700" asserts="0">
              <properties>
                <property name="retryIteration" value="0" />
                <property name="repeatIteration" value="0" />
              </properties>
            </test-case>
          </test-suite>
          <test-suite type="TestFixture" id="1025" name="BuildGitProcessTests" fullname="TumbangPreso.Tests.BuildGitProcessTests" classname="TumbangPreso.Tests.BuildGitProcessTests" runstate="Runnable" testcasecount="2" result="Passed" start-time="2026-09-13 09:57:54Z" end-time="2026-09-13 09:57:54Z" duration="0.349674" total="2" passed="2" failed="0" inconclusive="0" skipped="0" asserts="0">
            <properties />
            <test-case id="1026" name="BuildIdentityDrainsAnErrorPipeLargerThanItsBuffer" fullname="TumbangPreso.Tests.BuildGitProcessTests.BuildIdentityDrainsAnErrorPipeLargerThanItsBuffer" methodname="BuildIdentityDrainsAnErrorPipeLargerThanItsBuffer" classname="TumbangPreso.Tests.BuildGitProcessTests" runstate="Runnable" seed="1227582249" result="Passed" start-time="2026-09-13 09:57:54Z" end-time="2026-09-13 09:57:54Z" duration="0.278260" asserts="0">
              <properties>
                <property name="Timeout" value="15000" />
                <property name="retryIteration" value="0" />
                <property name="repeatIteration" value="0" />
              </properties>
            </test-case>
            <test-case id="1027" name="FailedGitDoesNotCertifyTheWorkingTree" fullname="TumbangPreso.Tests.BuildGitProcessTests.FailedGitDoesNotCertifyTheWorkingTree" methodname="FailedGitDoesNotCertifyTheWorkingTree" classname="TumbangPreso.Tests.BuildGitProcessTests" runstate="Runnable" seed="1276648711" result="Passed" start-time="2026-09-13 09:57:54Z" end-time="2026-09-13 09:57:54Z" duration="0.069473" asserts="0">
              <properties>
                <property name="Timeout" value="15000" />
                <property name="retryIteration" value="0" />
                <property name="repeatIteration" value="0" />
              </properties>
            </test-case>
          </test-suite>
          <test-suite type="TestFixture" id="1028" name="CareerAndCloudCodeTests" fullname="TumbangPreso.Tests.CareerAndCloudCodeTests" classname="TumbangPreso.Tests.CareerAndCloudCodeTests" runstate="Runnable" testcasecount="14" result="Passed" start-time="2026-09-13 09:57:54Z" end-time="2026-09-13 09:57:55Z" duration="0.410433" total="14" passed="14" failed="0" inconclusive="0" skipped="0" asserts="0">
            <properties />
            <test-case id="1036" name="AFullMatchRecordNeedsMoreThanOnePacketAndIsSentFragmented" fullname="TumbangPreso.Tests.CareerAndCloudCodeTests.AFullMatchRecordNeedsMoreThanOnePacketAndIsSentFragmented" methodname="AFullMatchRecordNeedsMoreThanOnePacketAndIsSentFragmented" classname="TumbangPreso.Tests.CareerAndCloudCodeTests" runstate="Runnable" seed="99153046" result="Passed" start-time="2026-09-13 09:57:54Z" end-time="2026-09-13 09:57:54Z" duration="0.006130" asserts="0">
              <properties>
                <property name="retryIteration" value="0" />
                <property name="repeatIteration" value="0" />
              </properties>
              <output><![CDATA[[CareerAudit] a full four-player MatchRecord serialises to 2443 bytes
]]></output>
            </test-case>
            <test-case id="1029" name="EveryCloudCodeRequestGoesThroughTheOneHelper" fullname="TumbangPreso.Tests.CareerAndCloudCodeTests.EveryCloudCodeRequestGoesThroughTheOneHelper" methodname="EveryCloudCodeRequestGoesThroughTheOneHelper" classname="TumbangPreso.Tests.CareerAndCloudCodeTests" runstate="Runnable" seed="1791413178" result="Passed" start-time="2026-09-13 09:57:54Z" end-time="2026-09-13 09:57:55Z" duration="0.295718" asserts="0">
              <properties>
                <property name="retryIteration" value="0" />
                <property name="repeatIteration" value="0" />
              </properties>
            </test-case>
            <test-case id="1035" name="EveryCloudCodeScriptSitsInTheFolderTheCliDeploys" fullname="TumbangPreso.Tests.CareerAndCloudCodeTests.EveryCloudCodeScriptSitsInTheFolderTheCliDeploys" methodname="EveryCloudCodeScriptSitsInTheFolderTheCliDeploys" classname="TumbangPreso.Tests.CareerAndCloudCodeTests" runstate="Runnable" seed="1046132043" result="Passed" start-time="2026-09-13 09:57:55Z" end-time="2026-09-13 09:57:55Z" duration="0.000866" asserts="0">
              <properties>
                <property name="retryIteration" value="0" />
                <property name="repeatIteration" value="0" />
              </properties>
            </test-case>
            <test-case id="1037" name="EveryParameterACloudCodeScriptReadsIsDeclaredSoItIsNotStripped" fullname="TumbangPreso.Tests.CareerAndCloudCodeTests.EveryParameterACloudCodeScriptReadsIsDeclaredSoItIsNotStripped" methodname="EveryParameterACloudCodeScriptReadsIsDeclaredSoItIsNotStripped" classname="TumbangPreso.Tests.CareerAndCloudCodeTests" runstate="Runnable" seed="1024772083" result="Passed" start-time="2026-09-13 09:57:55Z" end-time="2026-09-13 09:57:55Z" duration="0.069209" asserts="0">
              <properties>
                <property name="retryIteration" value="0" />
                <property name="repeatIteration" value="0" />
              </properties>
            </test-case>
            <test-case id="1031" name="TheAccountScriptStillAgreesWithTheCoreAboutTheNameLimit" fullname="TumbangPreso.Tests.CareerAndCloudCodeTests.TheAccountScriptStillAgreesWithTheCoreAboutTheNameLimit" methodname="TheAccountScriptStillAgreesWithTheCoreAboutTheNameLimit" classname="TumbangPreso.Tests.CareerAndCloudCodeTests" runstate="Runnable" seed="1641134606" result="Passed" start-time="2026-09-13 09:57:55Z" end-time="2026-09-13 09:57:55Z" duration="0.001682" asserts="0">
              <properties>
                <property name="retryIteration" value="0" />
                <property name="repeatIteration" value="0" />
              </properties>
            </test-case>
            <test-case id="1032" name="TheAccountScriptStillDerivesTheTagRatherThanTrustingTheClaim" fullname="TumbangPreso.Tests.CareerAndCloudCodeTests.TheAccountScriptStillDerivesTheTagRatherThanTrustingTheClaim" methodname="TheAccountScriptStillDerivesTheTagRatherThanTrustingTheClaim" classname="TumbangPreso.Tests.CareerAndCloudCodeTests" runstate="Runnable" seed="42639684" result="Passed" start-time="2026-09-13 09:57:55Z" end-time="2026-09-13 09:57:55Z" duration="0.000602" asserts="0">
              <properties>
                <property name="retryIteration" value="0" />
                <property name="repeatIteration" value="0" />
              </properties>
            </test-case>
            <test-case id="1039" name="TheCareerScriptStillAgreesWithTheCoreAboutEveryXpNumber" fullname="TumbangPreso.Tests.CareerAndCloudCodeTests.TheCareerScriptStillAgreesWithTheCoreAboutEveryXpNumber" methodname="TheCareerScriptStillAgreesWithTheCoreAboutEveryXpNumber" classname="TumbangPreso.Tests.CareerAndCloudCodeTests" runstate="Runnable" seed="2095441173" result="Passed" start-time="2026-09-13 09:57:55Z" end-time="2026-09-13 09:57:55Z" duration="0.004239" asserts="0">
              <properties>
                <property name="retryIteration" value="0" />
                <property name="repeatIteration" value="0" />
              </properties>
            </test-case>
            <test-case id="1030" name="TheCareerScriptStillAgreesWithTheCoreAboutItsNumbers" fullname="TumbangPreso.Tests.CareerAndCloudCodeTests.TheCareerScriptStillAgreesWithTheCoreAboutItsNumbers" methodname="TheCareerScriptStillAgreesWithTheCoreAboutItsNumbers" classname="TumbangPreso.Tests.CareerAndCloudCodeTests" runstate="Runnable" seed="1529527833" result="Passed" start-time="2026-09-13 09:57:55Z" end-time="2026-09-13 09:57:55Z" duration="0.000688" asserts="0">
              <properties>
                <property name="retryIteration" value="0" />
                <property name="repeatIteration" value="0" />
              </properties>
            </test-case>
            <test-case id="1042" name="TheHandleIndexIsShardedHashedAndRevalidatedAgainstTheLiveProfile" fullname="TumbangPreso.Tests.CareerAndCloudCodeTests.TheHandleIndexIsShardedHashedAndRevalidatedAgainstTheLiveProfile" methodname="TheHandleIndexIsShardedHashedAndRevalidatedAgainstTheLiveProfile" classname="TumbangPreso.Tests.CareerAndCloudCodeTests" runstate="Runnable" seed="730321582" result="Passed" start-time="2026-09-13 09:57:55Z" end-time="2026-09-13 09:57:55Z" duration="0.001373" asserts="0">
              <properties>
                <property name="retryIteration" value="0" />
                <property name="repeatIteration" value="0" />
              </properties>
            </test-case>
            <test-case id="1041" name="TheSocialScriptDeclaresEveryParameterItReads" fullname="TumbangPreso.Tests.CareerAndCloudCodeTests.TheSocialScriptDeclaresEveryParameterItReads" methodname="TheSocialScriptDeclaresEveryParameterItReads" classname="TumbangPreso.Tests.CareerAndCloudCodeTests" runstate="Runnable" seed="574702584" result="Passed" start-time="2026-09-13 09:57:55Z" end-time="2026-09-13 09:57:55Z" duration="0.017058" asserts="0">
              <properties>
                <property name="retryIteration" value="0" />
                <property name="repeatIteration" value="0" />
              </properties>
            </test-case>
            <test-case id="1040" name="TheSocialScriptStillAgreesWithTheCoreAboutItsCaps" fullname="TumbangPreso.Tests.CareerAndCloudCodeTests.TheSocialScriptStillAgreesWithTheCoreAboutItsCaps" methodname="TheSocialScriptStillAgreesWithTheCoreAboutItsCaps" classname="TumbangPreso.Tests.CareerAndCloudCodeTests" runstate="Runnable" seed="1202864155" result="Passed" start-time="2026-09-13 09:57:55Z" end-time="2026-09-13 09:57:55Z" duration="0.000732" asserts="0">
              <properties>
                <property name="retryIteration" value="0" />
                <property name="repeatIteration" value="0" />
              </properties>
            </test-case>
            <test-case id="1038" name="TheTelemetryBatchIsSentAndDeclaredAsAString" fullname="TumbangPreso.Tests.CareerAndCloudCodeTests.TheTelemetryBatchIsSentAndDeclaredAsAString" methodname="TheTelemetryBatchIsSentAndDeclaredAsAString" classname="TumbangPreso.Tests.CareerAndCloudCodeTests" runstate="Runnable" seed="1058545487" result="Passed" start-time="2026-09-13 09:57:55Z" end-time="2026-09-13 09:57:55Z" duration="0.001111" asserts="0">
              <properties>
                <property name="retryIteration" value="0" />
                <property name="repeatIteration" value="0" />
              </properties>
            </test-case>
            <test-case id="1033" name="TheTelemetryScriptKnowsExactlyTheEventsTheCoreCanSend" fullname="TumbangPreso.Tests.CareerAndCloudCodeTests.TheTelemetryScriptKnowsExactlyTheEventsTheCoreCanSend" methodname="TheTelemetryScriptKnowsExactlyTheEventsTheCoreCanSend" classname="TumbangPreso.Tests.CareerAndCloudCodeTests" runstate="Runnable" seed="1706531217" result="Passed" start-time="2026-09-13 09:57:55Z" end-time="2026-09-13 09:57:55Z" duration="0.002430" asserts="0">
              <properties>
                <property name="retryIteration" value="0" />
                <property name="repeatIteration" value="0" />
              </properties>
            </test-case>
            <test-case id="1034" name="TheTelemetryScriptStillAgreesWithTheCoreAboutItsLimits" fullname="TumbangPreso.Tests.CareerAndCloudCodeTests.TheTelemetryScriptStillAgreesWithTheCoreAboutItsLimits" methodname="TheTelemetryScriptStillAgreesWithTheCoreAboutItsLimits" classname="TumbangPreso.Tests.CareerAndCloudCodeTests" runstate="Runnable" seed="1594967082" result="Passed" start-time="2026-09-13 09:57:55Z" end-time="2026-09-13 09:57:55Z" duration="0.000734" asserts="0">
              <properties>
                <property name="retryIteration" value="0" />
                <property name="repeatIteration" value="0" />
              </properties>
            </test-case>
          </test-suite>
          <test-suite type="TestFixture" id="1043" name="ChatAndLobbyChromeTests" fullname="TumbangPreso.Tests.ChatAndLobbyChromeTests" classname="TumbangPreso.Tests.ChatAndLobbyChromeTests" runstate="Runnable" testcasecount="6" result="Passed" start-time="2026-09-13 09:57:55Z" end-time="2026-09-13 09:57:55Z" duration="0.004525" total="6" passed="6" failed="0" inconclusive="0" skipped="0" asserts="0">
            <properties />
            <test-case id="1045" name="AChatLineCannotBeMadeTallWithNewlines" fullname="TumbangPreso.Tests.ChatAndLobbyChromeTests.AChatLineCannotBeMadeTallWithNewlines" methodname="AChatLineCannotBeMadeTallWithNewlines" classname="TumbangPreso.Tests.ChatAndLobbyChromeTests" runstate="Runnable" seed="875484363" result="Passed" start-time="2026-09-13 09:57:55Z" end-time="2026-09-13 09:57:55Z" duration="0.000422" asserts="0">
              <properties>
                <property name="retryIteration" value="0" />
                <property name="repeatIteration" value="0" />
              </properties>
            </test-case>
            <test-case id="1044" name="AChatLineIsCutToTheLengthTheHostWillRelay" fullname="TumbangPreso.Tests.ChatAndLobbyChromeTests.AChatLineIsCutToTheLengthTheHostWillRelay" methodname="AChatLineIsCutToTheLengthTheHostWillRelay" classname="TumbangPreso.Tests.ChatAndLobbyChromeTests" runstate="Runnable" seed="764922081" result="Passed" start-time="2026-09-13 09:57:55Z" end-time="2026-09-13 09:57:55Z" duration="0.000141" asserts="0">
              <properties>
                <property name="retryIteration" value="0" />
                <property name="repeatIteration" value="0" />
              </properties>
            </test-case>
            <test-case id="1046" name="AnEmptyOrWhitespaceChatLineIsNothing" fullname="TumbangPreso.Tests.ChatAndLobbyChromeTests.AnEmptyOrWhitespaceChatLineIsNothing" methodname="AnEmptyOrWhitespaceChatLineIsNothing" classname="TumbangPreso.Tests.ChatAndLobbyChromeTests" runstate="Runnable" seed="814144557" result="Passed" start-time="2026-09-13 09:57:55Z" end-time="2026-09-13 09:57:55Z" duration="0.000095" asserts="0">
              <properties>
                <property name="retryIteration" value="0" />
                <property name="repeatIteration" value="0" />
              </properties>
            </test-case>
            <test-case id="1048" name="NameplatesUseTheWoodSetAndNeitherRoleColour" fullname="TumbangPreso.Tests.ChatAndLobbyChromeTests.NameplatesUseTheWoodSetAndNeitherRoleColour" methodname="NameplatesUseTheWoodSetAndNeitherRoleColour" classname="TumbangPreso.Tests.ChatAndLobbyChromeTests" runstate="Runnable" seed="221011827" result="Passed" start-time="2026-09-13 09:57:55Z" end-time="2026-09-13 09:57:55Z" duration="0.002264" asserts="0">
              <properties>
                <property name="retryIteration" value="0" />
                <property name="repeatIteration" value="0" />
              </properties>
            </test-case>
            <test-case id="1047" name="TheChatRateLimitIsPositiveAndTheLengthCapFitsTheLog" fullname="TumbangPreso.Tests.ChatAndLobbyChromeTests.TheChatRateLimitIsPositiveAndTheLengthCapFitsTheLog" methodname="TheChatRateLimitIsPositiveAndTheLengthCapFitsTheLog" classname="TumbangPreso.Tests.ChatAndLobbyChromeTests" runstate="Runnable" seed="1935824679" result="Passed" start-time="2026-09-13 09:57:55Z" end-time="2026-09-13 09:57:55Z" duration="0.000269" asserts="0">
              <properties>
                <property name="retryIteration" value="0" />
                <property name="repeatIteration" value="0" />
              </properties>
            </test-case>
            <test-case id="1049" name="TheProtocolCarriesEveryRosterBump" fullname="TumbangPreso.Tests.ChatAndLobbyChromeTests.TheProtocolCarriesEveryRosterBump" methodname="TheProtocolCarriesEveryRosterBump" classname="TumbangPreso.Tests.ChatAndLobbyChromeTests" runstate="Runnable" seed="1964176918" result="Passed" start-time="2026-09-13 09:57:55Z" end-time="2026-09-13 09:57:55Z" duration="0.000193" asserts="0">
              <properties>
                <property name="retryIteration" value="0" />
                <property name="repeatIteration" value="0" />
              </properties>
            </test-case>
          </test-suite>
          <test-suite type="TestFixture" id="1050" name="ClientCueAuthorityTests" fullname="TumbangPreso.Tests.ClientCueAuthorityTests" classname="TumbangPreso.Tests.ClientCueAuthorityTests" runstate="Runnable" testcasecount="11" result="Passed" start-time="2026-09-13 09:57:55Z" end-time="2026-09-13 09:57:55Z" duration="0.004733" total="11" passed="11" failed="0" inconclusive="0" skipped="0" asserts="0">
            <properties />
            <test-suite type="ParameterizedMethod" id="1061" name="ClientsCannotUseTheAudioRequestToImpersonateAnOutcome" fullname="TumbangPreso.Tests.ClientCueAuthorityTests.ClientsCannotUseTheAudioRequestToImpersonateAnOutcome" classname="TumbangPreso.Tests.ClientCueAuthorityTests" runstate="Runnable" testcasecount="10" result="Passed" start-time="2026-09-13 09:57:55Z" end-time="2026-09-13 09:57:55Z" duration="0.001768" total="10" passed="10" failed="0" inconclusive="0" skipped="0" asserts="0">
              <properties />
              <test-case id="1051" name="ClientsCannotUseTheAudioRequestToImpersonateAnOutcome(&quot;bump_swing&quot;,True)" fullname="TumbangPreso.Tests.ClientCueAuthorityTests.ClientsCannotUseTheAudioRequestToImpersonateAnOutcome(&quot;bump_swing&quot;,True)" methodname="ClientsCannotUseTheAudioRequestToImpersonateAnOutcome" classname="TumbangPreso.Tests.ClientCueAuthorityTests" runstate="Runnable" seed="748285384" result="Passed" start-time="2026-09-13 09:57:55Z" end-time="2026-09-13 09:57:55Z" duration="0.000451" asserts="0">
                <properties>
                  <property name="retryIteration" value="0" />
                  <property name="repeatIteration" value="0" />
                </properties>
              </test-case>
              <test-case id="1052" name="ClientsCannotUseTheAudioRequestToImpersonateAnOutcome(&quot;slide_scrape&quot;,True)" fullname="TumbangPreso.Tests.ClientCueAuthorityTests.ClientsCannotUseTheAudioRequestToImpersonateAnOutcome(&quot;slide_scrape&quot;,True)" methodname="ClientsCannotUseTheAudioRequestToImpersonateAnOutcome" classname="TumbangPreso.Tests.ClientCueAuthorityTests" runstate="Runnable" seed="1981557212" result="Passed" start-time="2026-09-13 09:57:55Z" end-time="2026-09-13 09:57:55Z" duration="0.000103" asserts="0">
                <properties>
                  <property name="retryIteration" value="0" />
                  <property name="repeatIteration" value="0" />
                </properties>
              </test-case>
              <test-case id="1053" name="ClientsCannotUseTheAudioRequestToImpersonateAnOutcome(&quot;throw_charge&quot;,True)" fullname="TumbangPreso.Tests.ClientCueAuthorityTests.ClientsCannotUseTheAudioRequestToImpersonateAnOutcome(&quot;throw_charge&quot;,True)" methodname="ClientsCannotUseTheAudioRequestToImpersonateAnOutcome" classname="TumbangPreso.Tests.ClientCueAuthorityTests" runstate="Runnable" seed="886192146" result="Passed" start-time="2026-09-13 09:57:55Z" end-time="2026-09-13 09:57:55Z" duration="0.000060" asserts="0">
                <properties>
                  <property name="retryIteration" value="0" />
                  <property name="repeatIteration" value="0" />
                </properties>
              </test-case>
              <test-case id="1054" name="ClientsCannotUseTheAudioRequestToImpersonateAnOutcome(&quot;jump&quot;,True)" fullname="TumbangPreso.Tests.ClientCueAuthorityTests.ClientsCannotUseTheAudioRequestToImpersonateAnOutcome(&quot;jump&quot;,True)" methodname="ClientsCannotUseTheAudioRequestToImpersonateAnOutcome" classname="TumbangPreso.Tests.ClientCueAuthorityTests" runstate="Runnable" seed="1488512682" result="Passed" start-time="2026-09-13 09:57:55Z" end-time="2026-09-13 09:57:55Z" duration="0.000047" asserts="0">
                <properties>
                  <property name="retryIteration" value="0" />
                  <property name="repeatIteration" value="0" />
                </properties>
              </test-case>
              <test-case id="1055" name="ClientsCannotUseTheAudioRequestToImpersonateAnOutcome(&quot;land&quot;,True)" fullname="TumbangPreso.Tests.ClientCueAuthorityTests.ClientsCannotUseTheAudioRequestToImpersonateAnOutcome(&quot;land&quot;,True)" methodname="ClientsCannotUseTheAudioRequestToImpersonateAnOutcome" classname="TumbangPreso.Tests.ClientCueAuthorityTests" runstate="Runnable" seed="1234102384" result="Passed" start-time="2026-09-13 09:57:55Z" end-time="2026-09-13 09:57:55Z" duration="0.000052" asserts="0">
                <properties>
                  <property name="retryIteration" value="0" />
                  <property name="repeatIteration" value="0" />
                </properties>
              </test-case>
              <test-case id="1056" name="ClientsCannotUseTheAudioRequestToImpersonateAnOutcome(&quot;score_award&quot;,False)" fullname="TumbangPreso.Tests.ClientCueAuthorityTests.ClientsCannotUseTheAudioRequestToImpersonateAnOutcome(&quot;score_award&quot;,False)" methodname="ClientsCannotUseTheAudioRequestToImpersonateAnOutcome" classname="TumbangPreso.Tests.ClientCueAuthorityTests" runstate="Runnable" seed="422121513" result="Passed" start-time="2026-09-13 09:57:55Z" end-time="2026-09-13 09:57:55Z" duration="0.000045" asserts="0">
                <properties>
                  <property name="retryIteration" value="0" />
                  <property name="repeatIteration" value="0" />
                </properties>
              </test-case>
              <test-case id="1057" name="ClientsCannotUseTheAudioRequestToImpersonateAnOutcome(&quot;lata_knockdown&quot;,False)" fullname="TumbangPreso.Tests.ClientCueAuthorityTests.ClientsCannotUseTheAudioRequestToImpersonateAnOutcome(&quot;lata_knockdown&quot;,False)" methodname="ClientsCannotUseTheAudioRequestToImpersonateAnOutcome" classname="TumbangPreso.Tests.ClientCueAuthorityTests" runstate="Runnable" seed="336387685" result="Passed" start-time="2026-09-13 09:57:55Z" end-time="2026-09-13 09:57:55Z" duration="0.000041" asserts="0">
                <properties>
                  <property name="retryIteration" value="0" />
                  <property name="repeatIteration" value="0" />
                </properties>
              </test-case>
              <test-case id="1058" name="ClientsCannotUseTheAudioRequestToImpersonateAnOutcome(&quot;hero_sean_ult&quot;,False)" fullname="TumbangPreso.Tests.ClientCueAuthorityTests.ClientsCannotUseTheAudioRequestToImpersonateAnOutcome(&quot;hero_sean_ult&quot;,False)" methodname="ClientsCannotUseTheAudioRequestToImpersonateAnOutcome" classname="TumbangPreso.Tests.ClientCueAuthorityTests" runstate="Runnable" seed="516709843" result="Passed" start-time="2026-09-13 09:57:55Z" end-time="2026-09-13 09:57:55Z" duration="0.000040" asserts="0">
                <properties>
                  <property name="retryIteration" value="0" />
                  <property name="repeatIteration" value="0" />
                </properties>
              </test-case>
              <test-case id="1059" name="ClientsCannotUseTheAudioRequestToImpersonateAnOutcome(&quot;match_win&quot;,False)" fullname="TumbangPreso.Tests.ClientCueAuthorityTests.ClientsCannotUseTheAudioRequestToImpersonateAnOutcome(&quot;match_win&quot;,False)" methodname="ClientsCannotUseTheAudioRequestToImpersonateAnOutcome" classname="TumbangPreso.Tests.ClientCueAuthorityTests" runstate="Runnable" seed="1953043891" result="Passed" start-time="2026-09-13 09:57:55Z" end-time="2026-09-13 09:57:55Z" duration="0.000039" asserts="0">
                <properties>
                  <property name="retryIteration" value="0" />
                  <property name="repeatIteration" value="0" />
                </properties>
              </test-case>
              <test-case id="1060" name="ClientsCannotUseTheAudioRequestToImpersonateAnOutcome(&quot;ui_error&quot;,False)" fullname="TumbangPreso.Tests.ClientCueAuthorityTests.ClientsCannotUseTheAudioRequestToImpersonateAnOutcome(&quot;ui_error&quot;,False)" methodname="ClientsCannotUseTheAudioRequestToImpersonateAnOutcome" classname="TumbangPreso.Tests.ClientCueAuthorityTests" runstate="Runnable" seed="870344943" result="Passed" start-time="2026-09-13 09:57:55Z" end-time="2026-09-13 09:57:55Z" duration="0.000040" asserts="0">
                <properties>
                  <property name="retryIteration" value="0" />
                  <property name="repeatIteration" value="0" />
                </properties>
              </test-case>
            </test-suite>
            <test-case id="1062" name="TheReceivePathChecksCueOwnershipAndPositionBeforePlayingIt" fullname="TumbangPreso.Tests.ClientCueAuthorityTests.TheReceivePathChecksCueOwnershipAndPositionBeforePlayingIt" methodname="TheReceivePathChecksCueOwnershipAndPositionBeforePlayingIt" classname="TumbangPreso.Tests.ClientCueAuthorityTests" runstate="Runnable" seed="1622604975" result="Passed" start-time="2026-09-13 09:57:55Z" end-time="2026-09-13 09:57:55Z" duration="0.002152" asserts="0">
              <properties>
                <property name="retryIteration" value="0" />
                <property name="repeatIteration" value="0" />
              </properties>
            </test-case>
          </test-suite>
          <test-suite type="TestFixture" id="1063" name="ControllerSupportTests" fullname="TumbangPreso.Tests.ControllerSupportTests" classname="TumbangPreso.Tests.ControllerSupportTests" runstate="Runnable" testcasecount="11" result="Passed" start-time="2026-09-13 09:57:55Z" end-time="2026-09-13 09:57:55Z" duration="0.191839" total="11" passed="11" failed="0" inconclusive="0" skipped="0" asserts="0">
            <properties />
            <test-case id="1072" name="AnUnrecognisedJoystickIsGivenAGamepadToDrive" fullname="TumbangPreso.Tests.ControllerSupportTests.AnUnrecognisedJoystickIsGivenAGamepadToDrive" methodname="AnUnrecognisedJoystickIsGivenAGamepadToDrive" classname="TumbangPreso.Tests.ControllerSupportTests" runstate="Runnable" seed="2030212280" result="Passed" start-time="2026-09-13 09:57:55Z" end-time="2026-09-13 09:57:55Z" duration="0.041817" asserts="0">
              <properties>
                <property name="retryIteration" value="0" />
                <property name="repeatIteration" value="0" />
              </properties>
              <output><![CDATA[[Controller] 'Joystick' is being driven by the generic mapping. Open SETTINGS, CONTROLS, CONTROLLER MAP to see what each button does and to change any of it. See docs/TODO.md § 138.
]]></output>
            </test-case>
            <test-case id="1067" name="EveryCalloutCanDrawAPictureOfItsControl" fullname="TumbangPreso.Tests.ControllerSupportTests.EveryCalloutCanDrawAPictureOfItsControl" methodname="EveryCalloutCanDrawAPictureOfItsControl" classname="TumbangPreso.Tests.ControllerSupportTests" runstate="Runnable" seed="1116760637" result="Passed" start-time="2026-09-13 09:57:55Z" end-time="2026-09-13 09:57:55Z" duration="0.049290" asserts="0">
              <properties>
                <property name="retryIteration" value="0" />
                <property name="repeatIteration" value="0" />
              </properties>
            </test-case>
            <test-case id="1065" name="EveryPadControlTheGameBindsHasASlotOnTheMap" fullname="TumbangPreso.Tests.ControllerSupportTests.EveryPadControlTheGameBindsHasASlotOnTheMap" methodname="EveryPadControlTheGameBindsHasASlotOnTheMap" classname="TumbangPreso.Tests.ControllerSupportTests" runstate="Runnable" seed="643920881" result="Passed" start-time="2026-09-13 09:57:55Z" end-time="2026-09-13 09:57:55Z" duration="0.006935" asserts="0">
              <properties>
                <property name="retryIteration" value="0" />
                <property name="repeatIteration" value="0" />
              </properties>
            </test-case>
            <test-case id="1074" name="EveryScreenBacksOutThroughTheOneReaderRatherThanAKeyboardLiteral" fullname="TumbangPreso.Tests.ControllerSupportTests.EveryScreenBacksOutThroughTheOneReaderRatherThanAKeyboardLiteral" methodname="EveryScreenBacksOutThroughTheOneReaderRatherThanAKeyboardLiteral" classname="TumbangPreso.Tests.ControllerSupportTests" runstate="Runnable" seed="1612181868" result="Passed" start-time="2026-09-13 09:57:55Z" end-time="2026-09-13 09:57:55Z" duration="0.086293" asserts="0">
              <properties>
                <property name="retryIteration" value="0" />
                <property name="repeatIteration" value="0" />
              </properties>
            </test-case>
            <test-case id="1068" name="NoControlAppearsTwiceInTheRing" fullname="TumbangPreso.Tests.ControllerSupportTests.NoControlAppearsTwiceInTheRing" methodname="NoControlAppearsTwiceInTheRing" classname="TumbangPreso.Tests.ControllerSupportTests" runstate="Runnable" seed="1570629582" result="Passed" start-time="2026-09-13 09:57:55Z" end-time="2026-09-13 09:57:55Z" duration="0.000358" asserts="0">
              <properties>
                <property name="retryIteration" value="0" />
                <property name="repeatIteration" value="0" />
              </properties>
            </test-case>
            <test-case id="1071" name="NoTwoActionsShareOneControlInOneContext" fullname="TumbangPreso.Tests.ControllerSupportTests.NoTwoActionsShareOneControlInOneContext" methodname="NoTwoActionsShareOneControlInOneContext" classname="TumbangPreso.Tests.ControllerSupportTests" runstate="Runnable" seed="477591635" result="Passed" start-time="2026-09-13 09:57:55Z" end-time="2026-09-13 09:57:55Z" duration="0.001056" asserts="0">
              <properties>
                <property name="retryIteration" value="0" />
                <property name="repeatIteration" value="0" />
              </properties>
            </test-case>
            <test-case id="1069" name="PauseIsARealActionAndNotAKeyboardLiteral" fullname="TumbangPreso.Tests.ControllerSupportTests.PauseIsARealActionAndNotAKeyboardLiteral" methodname="PauseIsARealActionAndNotAKeyboardLiteral" classname="TumbangPreso.Tests.ControllerSupportTests" runstate="Runnable" seed="453522697" result="Passed" start-time="2026-09-13 09:57:55Z" end-time="2026-09-13 09:57:55Z" duration="0.000919" asserts="0">
              <properties>
                <property name="retryIteration" value="0" />
                <property name="repeatIteration" value="0" />
              </properties>
            </test-case>
            <test-case id="1073" name="SwitchingTheGenericMappingOffRemovesTheStandInPad" fullname="TumbangPreso.Tests.ControllerSupportTests.SwitchingTheGenericMappingOffRemovesTheStandInPad" methodname="SwitchingTheGenericMappingOffRemovesTheStandInPad" classname="TumbangPreso.Tests.ControllerSupportTests" runstate="Runnable" seed="847586371" result="Passed" start-time="2026-09-13 09:57:55Z" end-time="2026-09-13 09:57:55Z" duration="0.002381" asserts="0">
              <properties>
                <property name="retryIteration" value="0" />
                <property name="repeatIteration" value="0" />
              </properties>
              <output><![CDATA[[Controller] 'Joystick' is being driven by the generic mapping. Open SETTINGS, CONTROLS, CONTROLLER MAP to see what each button does and to change any of it. See docs/TODO.md § 138.
]]></output>
            </test-case>
            <test-case id="1064" name="TheDrawingHasAnAnchorForEveryControlTheMapDrawsACalloutFor" fullname="TumbangPreso.Tests.ControllerSupportTests.TheDrawingHasAnAnchorForEveryControlTheMapDrawsACalloutFor" methodname="TheDrawingHasAnAnchorForEveryControlTheMapDrawsACalloutFor" classname="TumbangPreso.Tests.ControllerSupportTests" runstate="Runnable" seed="1575218549" result="Passed" start-time="2026-09-13 09:57:55Z" end-time="2026-09-13 09:57:55Z" duration="0.000400" asserts="0">
              <properties>
                <property name="retryIteration" value="0" />
                <property name="repeatIteration" value="0" />
              </properties>
            </test-case>
            <test-case id="1070" name="TheTacticalPauseIsNotAlsoOnStart" fullname="TumbangPreso.Tests.ControllerSupportTests.TheTacticalPauseIsNotAlsoOnStart" methodname="TheTacticalPauseIsNotAlsoOnStart" classname="TumbangPreso.Tests.ControllerSupportTests" runstate="Runnable" seed="1951618590" result="Passed" start-time="2026-09-13 09:57:55Z" end-time="2026-09-13 09:57:55Z" duration="0.000195" asserts="0">
              <properties>
                <property name="retryIteration" value="0" />
                <property name="repeatIteration" value="0" />
              </properties>
            </test-case>
            <test-case id="1066" name="TheTwoSticksAreOnTheMapEvenThoughNothingCanRebindThem" fullname="TumbangPreso.Tests.ControllerSupportTests.TheTwoSticksAreOnTheMapEvenThoughNothingCanRebindThem" methodname="TheTwoSticksAreOnTheMapEvenThoughNothingCanRebindThem" classname="TumbangPreso.Tests.ControllerSupportTests" runstate="Runnable" seed="577477115" result="Passed" start-time="2026-09-13 09:57:55Z" end-time="2026-09-13 09:57:55Z" duration="0.000440" asserts="0">
              <properties>
                <property name="retryIteration" value="0" />
                <property name="repeatIteration" value="0" />
              </properties>
            </test-case>
          </test-suite>
          <test-suite type="TestFixture" id="1075" name="CosmeticsWireTests" fullname="TumbangPreso.Tests.CosmeticsWireTests" classname="TumbangPreso.Tests.CosmeticsWireTests" runstate="Runnable" testcasecount="4" result="Passed" start-time="2026-09-13 09:57:55Z" end-time="2026-09-13 09:57:55Z" duration="0.014284" total="4" passed="4" failed="0" inconclusive="0" skipped="0" asserts="0">
            <properties />
            <test-case id="1078" name="AMachineWithNoCareerStillProducesAClaimNobodyChokesOn" fullname="TumbangPreso.Tests.CosmeticsWireTests.AMachineWithNoCareerStillProducesAClaimNobodyChokesOn" methodname="AMachineWithNoCareerStillProducesAClaimNobodyChokesOn" classname="TumbangPreso.Tests.CosmeticsWireTests" runstate="Runnable" seed="1381635399" result="Passed" start-time="2026-09-13 09:57:55Z" end-time="2026-09-13 09:57:55Z" duration="0.007450" asserts="0">
              <properties>
                <property name="retryIteration" value="0" />
                <property name="repeatIteration" value="0" />
              </properties>
            </test-case>
            <test-case id="1079" name="AnEmptySeatCarriesADrawableBannerRatherThanANull" fullname="TumbangPreso.Tests.CosmeticsWireTests.AnEmptySeatCarriesADrawableBannerRatherThanANull" methodname="AnEmptySeatCarriesADrawableBannerRatherThanANull" classname="TumbangPreso.Tests.CosmeticsWireTests" runstate="Runnable" seed="754430956" result="Passed" start-time="2026-09-13 09:57:55Z" end-time="2026-09-13 09:57:55Z" duration="0.001624" asserts="0">
              <properties>
                <property name="retryIteration" value="0" />
                <property name="repeatIteration" value="0" />
              </properties>
            </test-case>
            <test-case id="1077" name="NoTrackAwardsAPaletteAndAnUnownedOneStillFallsBackToTheDefault" fullname="TumbangPreso.Tests.CosmeticsWireTests.NoTrackAwardsAPaletteAndAnUnownedOneStillFallsBackToTheDefault" methodname="NoTrackAwardsAPaletteAndAnUnownedOneStillFallsBackToTheDefault" classname="TumbangPreso.Tests.CosmeticsWireTests" runstate="Runnable" seed="812238644" result="Passed" start-time="2026-09-13 09:57:55Z" end-time="2026-09-13 09:57:55Z" duration="0.002697" asserts="0">
              <properties>
                <property name="retryIteration" value="0" />
                <property name="repeatIteration" value="0" />
              </properties>
            </test-case>
            <test-case id="1076" name="WhatTheSettingsHoldIsWhatTheHostAuthorises" fullname="TumbangPreso.Tests.CosmeticsWireTests.WhatTheSettingsHoldIsWhatTheHostAuthorises" methodname="WhatTheSettingsHoldIsWhatTheHostAuthorises" classname="TumbangPreso.Tests.CosmeticsWireTests" runstate="Runnable" seed="1787335490" result="Passed" start-time="2026-09-13 09:57:55Z" end-time="2026-09-13 09:57:55Z" duration="0.000589" asserts="0">
              <properties>
                <property name="retryIteration" value="0" />
                <property name="repeatIteration" value="0" />
              </properties>
            </test-case>
          </test-suite>
          <test-suite type="TestFixture" id="1080" name="CustomCharacterWardrobeTests" fullname="TumbangPreso.Tests.CustomCharacterWardrobeTests" classname="TumbangPreso.Tests.CustomCharacterWardrobeTests" runstate="Runnable" testcasecount="18" result="Passed" start-time="2026-09-13 09:57:55Z" end-time="2026-09-13 09:57:55Z" duration="0.136895" total="18" passed="18" failed="0" inconclusive="0" skipped="0" asserts="0">
            <properties />
            <test-case id="1088" name="EveryBottomExists" fullname="TumbangPreso.Tests.CustomCharacterWardrobeTests.EveryBottomExists" methodname="EveryBottomExists" classname="TumbangPreso.Tests.CustomCharacterWardrobeTests" runstate="Runnable" seed="83282443" result="Passed" start-time="2026-09-13 09:57:55Z" end-time="2026-09-13 09:57:55Z" duration="0.019225" asserts="0">
              <properties>
                <property name="retryIteration" value="0" />
                <property name="repeatIteration" value="0" />
              </properties>
            </test-case>
            <test-case id="1082" name="EveryExpressionHasAFace" fullname="TumbangPreso.Tests.CustomCharacterWardrobeTests.EveryExpressionHasAFace" methodname="EveryExpressionHasAFace" classname="TumbangPreso.Tests.CustomCharacterWardrobeTests" runstate="Runnable" seed="857637302" result="Passed" start-time="2026-09-13 09:57:55Z" end-time="2026-09-13 09:57:55Z" duration="0.000216" asserts="0">
              <properties>
                <property name="retryIteration" value="0" />
                <property name="repeatIteration" value="0" />
              </properties>
            </test-case>
            <test-case id="1084" name="EveryHairstyleHasHair" fullname="TumbangPreso.Tests.CustomCharacterWardrobeTests.EveryHairstyleHasHair" methodname="EveryHairstyleHasHair" classname="TumbangPreso.Tests.CustomCharacterWardrobeTests" runstate="Runnable" seed="719395477" result="Passed" start-time="2026-09-13 09:57:55Z" end-time="2026-09-13 09:57:55Z" duration="0.000120" asserts="0">
              <properties>
                <property name="retryIteration" value="0" />
                <property name="repeatIteration" value="0" />
              </properties>
            </test-case>
            <test-case id="1085" name="EveryHatExists" fullname="TumbangPreso.Tests.CustomCharacterWardrobeTests.EveryHatExists" methodname="EveryHatExists" classname="TumbangPreso.Tests.CustomCharacterWardrobeTests" runstate="Runnable" seed="297022892" result="Passed" start-time="2026-09-13 09:57:55Z" end-time="2026-09-13 09:57:55Z" duration="0.000122" asserts="0">
              <properties>
                <property name="retryIteration" value="0" />
                <property name="repeatIteration" value="0" />
              </properties>
            </test-case>
            <test-case id="1094" name="EveryLegGarmentIsSymmetricAcrossTheLeg" fullname="TumbangPreso.Tests.CustomCharacterWardrobeTests.EveryLegGarmentIsSymmetricAcrossTheLeg" methodname="EveryLegGarmentIsSymmetricAcrossTheLeg" classname="TumbangPreso.Tests.CustomCharacterWardrobeTests" runstate="Runnable" seed="335687990" result="Passed" start-time="2026-09-13 09:57:55Z" end-time="2026-09-13 09:57:55Z" duration="0.000334" asserts="0">
              <properties>
                <property name="retryIteration" value="0" />
                <property name="repeatIteration" value="0" />
              </properties>
            </test-case>
            <test-case id="1083" name="EveryMarkingHasBoxes" fullname="TumbangPreso.Tests.CustomCharacterWardrobeTests.EveryMarkingHasBoxes" methodname="EveryMarkingHasBoxes" classname="TumbangPreso.Tests.CustomCharacterWardrobeTests" runstate="Runnable" seed="2055588186" result="Passed" start-time="2026-09-13 09:57:55Z" end-time="2026-09-13 09:57:55Z" duration="0.000143" asserts="0">
              <properties>
                <property name="retryIteration" value="0" />
                <property name="repeatIteration" value="0" />
              </properties>
            </test-case>
            <test-case id="1089" name="EveryNecklaceExists" fullname="TumbangPreso.Tests.CustomCharacterWardrobeTests.EveryNecklaceExists" methodname="EveryNecklaceExists" classname="TumbangPreso.Tests.CustomCharacterWardrobeTests" runstate="Runnable" seed="1054430794" result="Passed" start-time="2026-09-13 09:57:55Z" end-time="2026-09-13 09:57:55Z" duration="0.000096" asserts="0">
              <properties>
                <property name="retryIteration" value="0" />
                <property name="repeatIteration" value="0" />
              </properties>
            </test-case>
            <test-case id="1086" name="EveryPairOfGlassesExists" fullname="TumbangPreso.Tests.CustomCharacterWardrobeTests.EveryPairOfGlassesExists" methodname="EveryPairOfGlassesExists" classname="TumbangPreso.Tests.CustomCharacterWardrobeTests" runstate="Runnable" seed="1974635986" result="Passed" start-time="2026-09-13 09:57:55Z" end-time="2026-09-13 09:57:55Z" duration="0.000093" asserts="0">
              <properties>
                <property name="retryIteration" value="0" />
                <property name="repeatIteration" value="0" />
              </properties>
            </test-case>
            <test-case id="1091" name="EveryShoeExists" fullname="TumbangPreso.Tests.CustomCharacterWardrobeTests.EveryShoeExists" methodname="EveryShoeExists" classname="TumbangPreso.Tests.CustomCharacterWardrobeTests" runstate="Runnable" seed="734737432" result="Passed" start-time="2026-09-13 09:57:55Z" end-time="2026-09-13 09:57:55Z" duration="0.000101" asserts="0">
              <properties>
                <property name="retryIteration" value="0" />
                <property name="repeatIteration" value="0" />
              </properties>
            </test-case>
            <test-case id="1095" name="EverySlotIsInsideThePalette" fullname="TumbangPreso.Tests.CustomCharacterWardrobeTests.EverySlotIsInsideThePalette" methodname="EverySlotIsInsideThePalette" classname="TumbangPreso.Tests.CustomCharacterWardrobeTests" runstate="Runnable" seed="1398834987" result="Passed" start-time="2026-09-13 09:57:55Z" end-time="2026-09-13 09:57:55Z" duration="0.000828" asserts="0">
              <properties>
                <property name="retryIteration" value="0" />
                <property name="repeatIteration" value="0" />
              </properties>
            </test-case>
            <test-case id="1087" name="EveryTopExists" fullname="TumbangPreso.Tests.CustomCharacterWardrobeTests.EveryTopExists" methodname="EveryTopExists" classname="TumbangPreso.Tests.CustomCharacterWardrobeTests" runstate="Runnable" seed="576971181" result="Passed" start-time="2026-09-13 09:57:55Z" end-time="2026-09-13 09:57:55Z" duration="0.000143" asserts="0">
              <properties>
                <property name="retryIteration" value="0" />
                <property name="repeatIteration" value="0" />
              </properties>
            </test-case>
            <test-case id="1093" name="EveryTopHasASleeveAndEveryBottomHasALeg" fullname="TumbangPreso.Tests.CustomCharacterWardrobeTests.EveryTopHasASleeveAndEveryBottomHasALeg" methodname="EveryTopHasASleeveAndEveryBottomHasALeg" classname="TumbangPreso.Tests.CustomCharacterWardrobeTests" runstate="Runnable" seed="668938029" result="Passed" start-time="2026-09-13 09:57:55Z" end-time="2026-09-13 09:57:55Z" duration="0.000138" asserts="0">
              <properties>
                <property name="retryIteration" value="0" />
                <property name="repeatIteration" value="0" />
              </properties>
            </test-case>
            <test-case id="1090" name="EveryWristbandExists" fullname="TumbangPreso.Tests.CustomCharacterWardrobeTests.EveryWristbandExists" methodname="EveryWristbandExists" classname="TumbangPreso.Tests.CustomCharacterWardrobeTests" runstate="Runnable" seed="1489002218" result="Passed" start-time="2026-09-13 09:57:55Z" end-time="2026-09-13 09:57:55Z" duration="0.000092" asserts="0">
              <properties>
                <property name="retryIteration" value="0" />
                <property name="repeatIteration" value="0" />
              </properties>
            </test-case>
            <test-case id="1096" name="NoBoxIsInsideOut" fullname="TumbangPreso.Tests.CustomCharacterWardrobeTests.NoBoxIsInsideOut" methodname="NoBoxIsInsideOut" classname="TumbangPreso.Tests.CustomCharacterWardrobeTests" runstate="Runnable" seed="1174698234" result="Passed" start-time="2026-09-13 09:57:55Z" end-time="2026-09-13 09:57:55Z" duration="0.003455" asserts="0">
              <properties>
                <property name="retryIteration" value="0" />
                <property name="repeatIteration" value="0" />
              </properties>
            </test-case>
            <test-case id="1097" name="NothingButTheCustomCharactersOwnFilesTouchTheWardrobe" fullname="TumbangPreso.Tests.CustomCharacterWardrobeTests.NothingButTheCustomCharactersOwnFilesTouchTheWardrobe" methodname="NothingButTheCustomCharactersOwnFilesTouchTheWardrobe" classname="TumbangPreso.Tests.CustomCharacterWardrobeTests" runstate="Runnable" seed="1838567405" result="Passed" start-time="2026-09-13 09:57:55Z" end-time="2026-09-13 09:57:55Z" duration="0.106437" asserts="0">
              <properties>
                <property name="retryIteration" value="0" />
                <property name="repeatIteration" value="0" />
              </properties>
            </test-case>
            <test-case id="1092" name="OnlyNoneIsAllowedToBeEmpty" fullname="TumbangPreso.Tests.CustomCharacterWardrobeTests.OnlyNoneIsAllowedToBeEmpty" methodname="OnlyNoneIsAllowedToBeEmpty" classname="TumbangPreso.Tests.CustomCharacterWardrobeTests" runstate="Runnable" seed="1168491515" result="Passed" start-time="2026-09-13 09:57:55Z" end-time="2026-09-13 09:57:55Z" duration="0.001816" asserts="0">
              <properties>
                <property name="retryIteration" value="0" />
                <property name="repeatIteration" value="0" />
              </properties>
            </test-case>
            <test-case id="1098" name="ThereIsEnoughToMakeSomethingWithAndTheCountIsWrittenDown" fullname="TumbangPreso.Tests.CustomCharacterWardrobeTests.ThereIsEnoughToMakeSomethingWithAndTheCountIsWrittenDown" methodname="ThereIsEnoughToMakeSomethingWithAndTheCountIsWrittenDown" classname="TumbangPreso.Tests.CustomCharacterWardrobeTests" runstate="Runnable" seed="40236065" result="Passed" start-time="2026-09-13 09:57:55Z" end-time="2026-09-13 09:57:55Z" duration="0.000819" asserts="0">
              <properties>
                <property name="retryIteration" value="0" />
                <property name="repeatIteration" value="0" />
              </properties>
            </test-case>
            <test-case id="1081" name="TheWardrobesOwnBaseRigIsReachableByName" fullname="TumbangPreso.Tests.CustomCharacterWardrobeTests.TheWardrobesOwnBaseRigIsReachableByName" methodname="TheWardrobesOwnBaseRigIsReachableByName" classname="TumbangPreso.Tests.CustomCharacterWardrobeTests" runstate="Runnable" seed="1396085424" result="Passed" start-time="2026-09-13 09:57:55Z" end-time="2026-09-13 09:57:55Z" duration="0.000381" asserts="0">
              <properties>
                <property name="retryIteration" value="0" />
                <property name="repeatIteration" value="0" />
              </properties>
            </test-case>
          </test-suite>
          <test-suite type="TestFixture" id="1099" name="DeadFeatureAudit" fullname="TumbangPreso.Tests.DeadFeatureAudit" classname="TumbangPreso.Tests.DeadFeatureAudit" runstate="Runnable" testcasecount="7" result="Passed" start-time="2026-09-13 09:57:55Z" end-time="2026-09-13 09:57:55Z" duration="0.318019" total="7" passed="7" failed="0" inconclusive="0" skipped="0" asserts="0">
            <properties />
            <test-case id="1100" name="EveryLiveCueHasAFileAndACaller" fullname="TumbangPreso.Tests.DeadFeatureAudit.EveryLiveCueHasAFileAndACaller" methodname="EveryLiveCueHasAFileAndACaller" classname="TumbangPreso.Tests.DeadFeatureAudit" runstate="Runnable" seed="124119997" result="Passed" start-time="2026-09-13 09:57:55Z" end-time="2026-09-13 09:57:55Z" duration="0.110532" asserts="0">
              <properties>
                <property name="retryIteration" value="0" />
                <property name="repeatIteration" value="0" />
              </properties>
            </test-case>
            <test-case id="1106" name="EveryMenuSoundGoesThroughTheOncePerFrameGuard" fullname="TumbangPreso.Tests.DeadFeatureAudit.EveryMenuSoundGoesThroughTheOncePerFrameGuard" methodname="EveryMenuSoundGoesThroughTheOncePerFrameGuard" classname="TumbangPreso.Tests.DeadFeatureAudit" runstate="Runnable" seed="1579383647" result="Passed" start-time="2026-09-13 09:57:55Z" end-time="2026-09-13 09:57:55Z" duration="0.002341" asserts="0">
              <properties>
                <property name="retryIteration" value="0" />
                <property name="repeatIteration" value="0" />
              </properties>
            </test-case>
            <test-case id="1101" name="EveryViewmodelClipIsPlayedFromSomewhere" fullname="TumbangPreso.Tests.DeadFeatureAudit.EveryViewmodelClipIsPlayedFromSomewhere" methodname="EveryViewmodelClipIsPlayedFromSomewhere" classname="TumbangPreso.Tests.DeadFeatureAudit" runstate="Runnable" seed="1909280656" result="Passed" start-time="2026-09-13 09:57:55Z" end-time="2026-09-13 09:57:55Z" duration="0.063630" asserts="0">
              <properties>
                <property name="retryIteration" value="0" />
                <property name="repeatIteration" value="0" />
              </properties>
            </test-case>
            <test-case id="1105" name="GuidedTrainingCoversTheLiveGameWithoutCallingVerbsForThePlayer" fullname="TumbangPreso.Tests.DeadFeatureAudit.GuidedTrainingCoversTheLiveGameWithoutCallingVerbsForThePlayer" methodname="GuidedTrainingCoversTheLiveGameWithoutCallingVerbsForThePlayer" classname="TumbangPreso.Tests.DeadFeatureAudit" runstate="Runnable" seed="1853490142" result="Passed" start-time="2026-09-13 09:57:55Z" end-time="2026-09-13 09:57:55Z" duration="0.009402" asserts="0">
              <properties>
                <property name="retryIteration" value="0" />
                <property name="repeatIteration" value="0" />
              </properties>
            </test-case>
            <test-case id="1104" name="ReplayIsLocalToTheSpectatorAndNeverStopsTheMatch" fullname="TumbangPreso.Tests.DeadFeatureAudit.ReplayIsLocalToTheSpectatorAndNeverStopsTheMatch" methodname="ReplayIsLocalToTheSpectatorAndNeverStopsTheMatch" classname="TumbangPreso.Tests.DeadFeatureAudit" runstate="Runnable" seed="1523744268" result="Passed" start-time="2026-09-13 09:57:55Z" end-time="2026-09-13 09:57:55Z" duration="0.003675" asserts="0">
              <properties>
                <property name="retryIteration" value="0" />
                <property name="repeatIteration" value="0" />
              </properties>
            </test-case>
            <test-case id="1103" name="TacticalPauseBelongsOnlyToSpectatorCamera" fullname="TumbangPreso.Tests.DeadFeatureAudit.TacticalPauseBelongsOnlyToSpectatorCamera" methodname="TacticalPauseBelongsOnlyToSpectatorCamera" classname="TumbangPreso.Tests.DeadFeatureAudit" runstate="Runnable" seed="1577510409" result="Passed" start-time="2026-09-13 09:57:55Z" end-time="2026-09-13 09:57:55Z" duration="0.001465" asserts="0">
              <properties>
                <property name="retryIteration" value="0" />
                <property name="repeatIteration" value="0" />
              </properties>
            </test-case>
            <test-case id="1102" name="TheViewmodelIsDrivenFromExactlyOnePlace" fullname="TumbangPreso.Tests.DeadFeatureAudit.TheViewmodelIsDrivenFromExactlyOnePlace" methodname="TheViewmodelIsDrivenFromExactlyOnePlace" classname="TumbangPreso.Tests.DeadFeatureAudit" runstate="Runnable" seed="803328140" result="Passed" start-time="2026-09-13 09:57:55Z" end-time="2026-09-13 09:57:55Z" duration="0.125410" asserts="0">
              <properties>
                <property name="retryIteration" value="0" />
                <property name="repeatIteration" value="0" />
              </properties>
            </test-case>
          </test-suite>
          <test-suite type="TestFixture" id="1107" name="DedicatedRefereeTests" fullname="TumbangPreso.Tests.DedicatedRefereeTests" classname="TumbangPreso.Tests.DedicatedRefereeTests" runstate="Runnable" testcasecount="5" result="Passed" start-time="2026-09-13 09:57:55Z" end-time="2026-09-13 09:57:55Z" duration="0.005250" total="5" passed="5" failed="0" inconclusive="0" skipped="0" asserts="0">
            <properties />
            <test-case id="1112" name="ALanListenHostIsNeverTreatedAsARefereeAndKeepsItsSeat" fullname="TumbangPreso.Tests.DedicatedRefereeTests.ALanListenHostIsNeverTreatedAsARefereeAndKeepsItsSeat" methodname="ALanListenHostIsNeverTreatedAsARefereeAndKeepsItsSeat" classname="TumbangPreso.Tests.DedicatedRefereeTests" runstate="Runnable" seed="1952353060" result="Passed" start-time="2026-09-13 09:57:55Z" end-time="2026-09-13 09:57:55Z" duration="0.002998" asserts="0">
              <properties>
                <property name="retryIteration" value="0" />
                <property name="repeatIteration" value="0" />
              </properties>
            </test-case>
            <test-case id="1110" name="ARefereeIsNeverTheLeaderAndAPlayerAlwaysIs" fullname="TumbangPreso.Tests.DedicatedRefereeTests.ARefereeIsNeverTheLeaderAndAPlayerAlwaysIs" methodname="ARefereeIsNeverTheLeaderAndAPlayerAlwaysIs" classname="TumbangPreso.Tests.DedicatedRefereeTests" runstate="Runnable" seed="392685037" result="Passed" start-time="2026-09-13 09:57:55Z" end-time="2026-09-13 09:57:55Z" duration="0.000310" asserts="0">
              <properties>
                <property name="retryIteration" value="0" />
                <property name="repeatIteration" value="0" />
              </properties>
            </test-case>
            <test-case id="1111" name="ARefereeIsNotCountedAsAPlayerByTheReadyGate" fullname="TumbangPreso.Tests.DedicatedRefereeTests.ARefereeIsNotCountedAsAPlayerByTheReadyGate" methodname="ARefereeIsNotCountedAsAPlayerByTheReadyGate" classname="TumbangPreso.Tests.DedicatedRefereeTests" runstate="Runnable" seed="530207860" result="Passed" start-time="2026-09-13 09:57:55Z" end-time="2026-09-13 09:57:55Z" duration="0.000322" asserts="0">
              <properties>
                <property name="retryIteration" value="0" />
                <property name="repeatIteration" value="0" />
              </properties>
            </test-case>
            <test-case id="1109" name="TheFirstPlayerToJoinADedicatedServerGetsASeat" fullname="TumbangPreso.Tests.DedicatedRefereeTests.TheFirstPlayerToJoinADedicatedServerGetsASeat" methodname="TheFirstPlayerToJoinADedicatedServerGetsASeat" classname="TumbangPreso.Tests.DedicatedRefereeTests" runstate="Runnable" seed="863784496" result="Passed" start-time="2026-09-13 09:57:55Z" end-time="2026-09-13 09:57:55Z" duration="0.000225" asserts="0">
              <properties>
                <property name="retryIteration" value="0" />
                <property name="repeatIteration" value="0" />
              </properties>
            </test-case>
            <test-case id="1108" name="TheRefereeIsThePeerTheTransportCallsTheServer" fullname="TumbangPreso.Tests.DedicatedRefereeTests.TheRefereeIsThePeerTheTransportCallsTheServer" methodname="TheRefereeIsThePeerTheTransportCallsTheServer" classname="TumbangPreso.Tests.DedicatedRefereeTests" runstate="Runnable" seed="1961358971" result="Passed" start-time="2026-09-13 09:57:55Z" end-time="2026-09-13 09:57:55Z" duration="0.000142" asserts="0">
              <properties>
                <property name="retryIteration" value="0" />
                <property name="repeatIteration" value="0" />
              </properties>
            </test-case>
          </test-suite>
          <test-suite type="TestFixture" id="1113" name="GeneratedAnimationTests" fullname="TumbangPreso.Tests.GeneratedAnimationTests" classname="TumbangPreso.Tests.GeneratedAnimationTests" runstate="Runnable" testcasecount="3" result="Passed" start-time="2026-09-13 09:57:55Z" end-time="2026-09-13 09:57:55Z" duration="0.067968" total="3" passed="3" failed="0" inconclusive="0" skipped="0" asserts="0">
            <properties />
            <test-case id="1115" name="EveryGeneratedBindingExistsOnEveryRosterPerson" fullname="TumbangPreso.Tests.GeneratedAnimationTests.EveryGeneratedBindingExistsOnEveryRosterPerson" methodname="EveryGeneratedBindingExistsOnEveryRosterPerson" classname="TumbangPreso.Tests.GeneratedAnimationTests" runstate="Runnable" seed="530797573" result="Passed" start-time="2026-09-13 09:57:55Z" end-time="2026-09-13 09:57:55Z" duration="0.059741" asserts="0">
              <properties>
                <property name="retryIteration" value="0" />
                <property name="repeatIteration" value="0" />
              </properties>
            </test-case>
            <test-case id="1116" name="TheBakedDanceMovesBothArmsFarFromTheBindPose" fullname="TumbangPreso.Tests.GeneratedAnimationTests.TheBakedDanceMovesBothArmsFarFromTheBindPose" methodname="TheBakedDanceMovesBothArmsFarFromTheBindPose" classname="TumbangPreso.Tests.GeneratedAnimationTests" runstate="Runnable" seed="2089168978" result="Passed" start-time="2026-09-13 09:57:55Z" end-time="2026-09-13 09:57:55Z" duration="0.005402" asserts="0">
              <properties>
                <property name="retryIteration" value="0" />
                <property name="repeatIteration" value="0" />
              </properties>
            </test-case>
            <test-case id="1114" name="ThePlayerCarriesOneBakedDancePerRig" fullname="TumbangPreso.Tests.GeneratedAnimationTests.ThePlayerCarriesOneBakedDancePerRig" methodname="ThePlayerCarriesOneBakedDancePerRig" classname="TumbangPreso.Tests.GeneratedAnimationTests" runstate="Runnable" seed="557838865" result="Passed" start-time="2026-09-13 09:57:55Z" end-time="2026-09-13 09:57:55Z" duration="0.001797" asserts="0">
              <properties>
                <property name="retryIteration" value="0" />
                <property name="repeatIteration" value="0" />
              </properties>
            </test-case>
          </test-suite>
          <test-suite type="TestFixture" id="1117" name="GraphicsProfileTests" fullname="TumbangPreso.Tests.GraphicsProfileTests" classname="TumbangPreso.Tests.GraphicsProfileTests" runstate="Runnable" testcasecount="2" result="Passed" start-time="2026-09-13 09:57:55Z" end-time="2026-09-13 09:57:55Z" duration="0.008479" total="2" passed="2" failed="0" inconclusive="0" skipped="0" asserts="0">
            <properties />
            <test-case id="1119" name="ADiscardRestoresGraphicsWithoutChangingTheChosenRenderStyle" fullname="TumbangPreso.Tests.GraphicsProfileTests.ADiscardRestoresGraphicsWithoutChangingTheChosenRenderStyle" methodname="ADiscardRestoresGraphicsWithoutChangingTheChosenRenderStyle" classname="TumbangPreso.Tests.GraphicsProfileTests" runstate="Runnable" seed="471608584" result="Passed" start-time="2026-09-13 09:57:55Z" end-time="2026-09-13 09:57:55Z" duration="0.006981" asserts="0">
              <properties>
                <property name="retryIteration" value="0" />
                <property name="repeatIteration" value="0" />
              </properties>
            </test-case>
            <test-case id="1118" name="OlderSettingsKeepAUsableDefaultAndNewPicksSurviveSaving" fullname="TumbangPreso.Tests.GraphicsProfileTests.OlderSettingsKeepAUsableDefaultAndNewPicksSurviveSaving" methodname="OlderSettingsKeepAUsableDefaultAndNewPicksSurviveSaving" classname="TumbangPreso.Tests.GraphicsProfileTests" runstate="Runnable" seed="211624276" result="Passed" start-time="2026-09-13 09:57:55Z" end-time="2026-09-13 09:57:55Z" duration="0.000293" asserts="0">
[...]
              <properties>
                <property name="retryIteration" value="0" />
                <property name="repeatIteration" value="0" />
              </properties>
            </test-case>
            <test-case id="1554" name="EveryModifierIsRefusedWhenItIsWrong" fullname="TumbangPreso.Tests.TournamentGuardTests.EveryModifierIsRefusedWhenItIsWrong" methodname="EveryModifierIsRefusedWhenItIsWrong" classname="TumbangPreso.Tests.TournamentGuardTests" runstate="Runnable" seed="2088499787" result="Passed" start-time="2026-09-13 09:58:01Z" end-time="2026-09-13 09:58:01Z" duration="0.000674" asserts="0">
              <properties>
                <property name="retryIteration" value="0" />
                <property name="repeatIteration" value="0" />
              </properties>
            </test-case>
            <test-case id="1551" name="EveryNamedModifierIsReadableByThisBuild" fullname="TumbangPreso.Tests.TournamentGuardTests.EveryNamedModifierIsReadableByThisBuild" methodname="EveryNamedModifierIsReadableByThisBuild" classname="TumbangPreso.Tests.TournamentGuardTests" runstate="Runnable" seed="82022117" result="Passed" start-time="2026-09-13 09:58:01Z" end-time="2026-09-13 09:58:01Z" duration="0.000566" asserts="0">
              <properties>
                <property name="retryIteration" value="0" />
                <property name="repeatIteration" value="0" />
              </properties>
            </test-case>
            <test-case id="1552" name="TheGuardReadsEveryModifierTheCoreNames" fullname="TumbangPreso.Tests.TournamentGuardTests.TheGuardReadsEveryModifierTheCoreNames" methodname="TheGuardReadsEveryModifierTheCoreNames" classname="TumbangPreso.Tests.TournamentGuardTests" runstate="Runnable" seed="1389879801" result="Passed" start-time="2026-09-13 09:58:01Z" end-time="2026-09-13 09:58:01Z" duration="0.000276" asserts="0">
              <properties>
                <property name="retryIteration" value="0" />
                <property name="repeatIteration" value="0" />
              </properties>
            </test-case>
            <test-case id="1562" name="ThePracticeSandboxCannotBeActiveInANetworkedMatch" fullname="TumbangPreso.Tests.TournamentGuardTests.ThePracticeSandboxCannotBeActiveInANetworkedMatch" methodname="ThePracticeSandboxCannotBeActiveInANetworkedMatch" classname="TumbangPreso.Tests.TournamentGuardTests" runstate="Runnable" seed="1267007296" result="Passed" start-time="2026-09-13 09:58:01Z" end-time="2026-09-13 09:58:01Z" duration="0.000283" asserts="0">
              <properties>
                <property name="retryIteration" value="0" />
                <property name="repeatIteration" value="0" />
              </properties>
            </test-case>
            <test-case id="1561" name="TheReportNamesEverySwitchSoAnOperatorCanReadIt" fullname="TumbangPreso.Tests.TournamentGuardTests.TheReportNamesEverySwitchSoAnOperatorCanReadIt" methodname="TheReportNamesEverySwitchSoAnOperatorCanReadIt" classname="TumbangPreso.Tests.TournamentGuardTests" runstate="Runnable" seed="1627015325" result="Passed" start-time="2026-09-13 09:58:01Z" end-time="2026-09-13 09:58:01Z" duration="0.000696" asserts="0">
              <properties>
                <property name="retryIteration" value="0" />
                <property name="repeatIteration" value="0" />
              </properties>
            </test-case>
          </test-suite>
          <test-suite type="TestFixture" id="1563" name="TransportReceiveRecoveryTests" fullname="TumbangPreso.Tests.TransportReceiveRecoveryTests" classname="TumbangPreso.Tests.TransportReceiveRecoveryTests" runstate="Runnable" testcasecount="1" result="Passed" start-time="2026-09-13 09:58:01Z" end-time="2026-09-13 09:58:02Z" duration="1.116743" total="1" passed="1" failed="0" inconclusive="0" skipped="0" asserts="0">
            <properties />
            <test-case id="1564" name="EmptyUdpPacketsDoNotRetireTheServersReceivePool" fullname="TumbangPreso.Tests.TransportReceiveRecoveryTests.EmptyUdpPacketsDoNotRetireTheServersReceivePool" methodname="EmptyUdpPacketsDoNotRetireTheServersReceivePool" classname="TumbangPreso.Tests.TransportReceiveRecoveryTests" runstate="Runnable" seed="2017938639" result="Passed" start-time="2026-09-13 09:58:01Z" end-time="2026-09-13 09:58:02Z" duration="1.115873" asserts="0">
              <properties>
                <property name="retryIteration" value="0" />
                <property name="repeatIteration" value="0" />
              </properties>
            </test-case>
          </test-suite>
          <test-suite type="TestFixture" id="1565" name="TypographyTests" fullname="TumbangPreso.Tests.TypographyTests" classname="TumbangPreso.Tests.TypographyTests" runstate="Runnable" testcasecount="2" result="Passed" start-time="2026-09-13 09:58:02Z" end-time="2026-09-13 09:58:02Z" duration="0.028072" total="2" passed="2" failed="0" inconclusive="0" skipped="0" asserts="0">
            <properties />
            <test-case id="1566" name="BriefFacesAreDynamicAndThreeDistinctRoles" fullname="TumbangPreso.Tests.TypographyTests.BriefFacesAreDynamicAndThreeDistinctRoles" methodname="BriefFacesAreDynamicAndThreeDistinctRoles" classname="TumbangPreso.Tests.TypographyTests" runstate="Runnable" seed="1491366958" result="Passed" start-time="2026-09-13 09:58:02Z" end-time="2026-09-13 09:58:02Z" duration="0.008826" asserts="0">
              <properties>
                <property name="retryIteration" value="0" />
                <property name="repeatIteration" value="0" />
              </properties>
            </test-case>
            <test-case id="1567" name="ReadingLinesHaveRoomForTheirActualLetterforms" fullname="TumbangPreso.Tests.TypographyTests.ReadingLinesHaveRoomForTheirActualLetterforms" methodname="ReadingLinesHaveRoomForTheirActualLetterforms" classname="TumbangPreso.Tests.TypographyTests" runstate="Runnable" seed="56558520" result="Passed" start-time="2026-09-13 09:58:02Z" end-time="2026-09-13 09:58:02Z" duration="0.017712" asserts="0">
              <properties>
                <property name="retryIteration" value="0" />
                <property name="repeatIteration" value="0" />
              </properties>
            </test-case>
          </test-suite>
          <test-suite type="TestFixture" id="1568" name="VfxSheetTests" fullname="TumbangPreso.Tests.VfxSheetTests" classname="TumbangPreso.Tests.VfxSheetTests" runstate="Runnable" testcasecount="7" result="Passed" start-time="2026-09-13 09:58:02Z" end-time="2026-09-13 09:58:02Z" duration="0.167856" total="7" passed="7" failed="0" inconclusive="0" skipped="0" asserts="0">
            <properties />
            <test-case id="1575" name="EachHeroSheetLooksLikeThatHerosColour" fullname="TumbangPreso.Tests.VfxSheetTests.EachHeroSheetLooksLikeThatHerosColour" methodname="EachHeroSheetLooksLikeThatHerosColour" classname="TumbangPreso.Tests.VfxSheetTests" runstate="Runnable" seed="884103161" result="Passed" start-time="2026-09-13 09:58:02Z" end-time="2026-09-13 09:58:02Z" duration="0.013644" asserts="0">
              <properties>
                <property name="retryIteration" value="0" />
                <property name="repeatIteration" value="0" />
              </properties>
            </test-case>
            <test-case id="1570" name="EverySheetIsImportedAsPixelArt" fullname="TumbangPreso.Tests.VfxSheetTests.EverySheetIsImportedAsPixelArt" methodname="EverySheetIsImportedAsPixelArt" classname="TumbangPreso.Tests.VfxSheetTests" runstate="Runnable" seed="1775401445" result="Passed" start-time="2026-09-13 09:58:02Z" end-time="2026-09-13 09:58:02Z" duration="0.074143" asserts="0">
              <properties>
                <property name="retryIteration" value="0" />
                <property name="repeatIteration" value="0" />
              </properties>
            </test-case>
            <test-case id="1569" name="EverySheetIsTheSizeTheTableWasWrittenAgainst" fullname="TumbangPreso.Tests.VfxSheetTests.EverySheetIsTheSizeTheTableWasWrittenAgainst" methodname="EverySheetIsTheSizeTheTableWasWrittenAgainst" classname="TumbangPreso.Tests.VfxSheetTests" runstate="Runnable" seed="2129814534" result="Passed" start-time="2026-09-13 09:58:02Z" end-time="2026-09-13 09:58:02Z" duration="0.000655" asserts="0">
              <properties>
                <property name="retryIteration" value="0" />
                <property name="repeatIteration" value="0" />
              </properties>
            </test-case>
            <test-case id="1573" name="EverySheetsFrameCountFitsItsGrid" fullname="TumbangPreso.Tests.VfxSheetTests.EverySheetsFrameCountFitsItsGrid" methodname="EverySheetsFrameCountFitsItsGrid" classname="TumbangPreso.Tests.VfxSheetTests" runstate="Runnable" seed="2137787787" result="Passed" start-time="2026-09-13 09:58:02Z" end-time="2026-09-13 09:58:02Z" duration="0.000443" asserts="0">
              <properties>
                <property name="retryIteration" value="0" />
                <property name="repeatIteration" value="0" />
              </properties>
            </test-case>
            <test-case id="1572" name="NoSheetContainsABlownPixel" fullname="TumbangPreso.Tests.VfxSheetTests.NoSheetContainsABlownPixel" methodname="NoSheetContainsABlownPixel" classname="TumbangPreso.Tests.VfxSheetTests" runstate="Runnable" seed="1882245641" result="Passed" start-time="2026-09-13 09:58:02Z" end-time="2026-09-13 09:58:02Z" duration="0.050457" asserts="0">
              <properties>
                <property name="retryIteration" value="0" />
                <property name="repeatIteration" value="0" />
              </properties>
            </test-case>
            <test-case id="1571" name="TheSheetsWithNoHeroStayWarm" fullname="TumbangPreso.Tests.VfxSheetTests.TheSheetsWithNoHeroStayWarm" methodname="TheSheetsWithNoHeroStayWarm" classname="TumbangPreso.Tests.VfxSheetTests" runstate="Runnable" seed="1258580049" result="Passed" start-time="2026-09-13 09:58:02Z" end-time="2026-09-13 09:58:02Z" duration="0.020013" asserts="0">
              <properties>
                <property name="retryIteration" value="0" />
                <property name="repeatIteration" value="0" />
              </properties>
            </test-case>
            <test-case id="1574" name="TheSourcesAndLicencesShipWithTheArt" fullname="TumbangPreso.Tests.VfxSheetTests.TheSourcesAndLicencesShipWithTheArt" methodname="TheSourcesAndLicencesShipWithTheArt" classname="TumbangPreso.Tests.VfxSheetTests" runstate="Runnable" seed="1604500787" result="Passed" start-time="2026-09-13 09:58:02Z" end-time="2026-09-13 09:58:02Z" duration="0.005429" asserts="0">
              <properties>
                <property name="retryIteration" value="0" />
                <property name="repeatIteration" value="0" />
              </properties>
            </test-case>
          </test-suite>
          <test-suite type="TestFixture" id="1576" name="ViewmodelAimPreparationTests" fullname="TumbangPreso.Tests.ViewmodelAimPreparationTests" classname="TumbangPreso.Tests.ViewmodelAimPreparationTests" runstate="Runnable" testcasecount="6" result="Passed" start-time="2026-09-13 09:58:02Z" end-time="2026-09-13 09:58:02Z" duration="0.016468" total="6" passed="6" failed="0" inconclusive="0" skipped="0" asserts="0">
            <properties />
            <test-suite type="ParameterizedMethod" id="1582" name="HeldPreparationAndCancellationConvergeAcrossFrameRates" fullname="TumbangPreso.Tests.ViewmodelAimPreparationTests.HeldPreparationAndCancellationConvergeAcrossFrameRates" classname="TumbangPreso.Tests.ViewmodelAimPreparationTests" runstate="Runnable" testcasecount="5" result="Passed" start-time="2026-09-13 09:58:02Z" end-time="2026-09-13 09:58:02Z" duration="0.014032" total="5" passed="5" failed="0" inconclusive="0" skipped="0" asserts="0">
              <properties />
              <test-case id="1577" name="HeldPreparationAndCancellationConvergeAcrossFrameRates(&quot;frost-sweep&quot;)" fullname="TumbangPreso.Tests.ViewmodelAimPreparationTests.HeldPreparationAndCancellationConvergeAcrossFrameRates(&quot;frost-sweep&quot;)" methodname="HeldPreparationAndCancellationConvergeAcrossFrameRates" classname="TumbangPreso.Tests.ViewmodelAimPreparationTests" runstate="Runnable" seed="54466502" result="Passed" start-time="2026-09-13 09:58:02Z" end-time="2026-09-13 09:58:02Z" duration="0.002401" asserts="0">
                <properties>
                  <property name="retryIteration" value="0" />
                  <property name="repeatIteration" value="0" />
                </properties>
              </test-case>
              <test-case id="1578" name="HeldPreparationAndCancellationConvergeAcrossFrameRates(&quot;raise-barricade&quot;)" fullname="TumbangPreso.Tests.ViewmodelAimPreparationTests.HeldPreparationAndCancellationConvergeAcrossFrameRates(&quot;raise-barricade&quot;)" methodname="HeldPreparationAndCancellationConvergeAcrossFrameRates" classname="TumbangPreso.Tests.ViewmodelAimPreparationTests" runstate="Runnable" seed="166493254" result="Passed" start-time="2026-09-13 09:58:02Z" end-time="2026-09-13 09:58:02Z" duration="0.001391" asserts="0">
                <properties>
                  <property name="retryIteration" value="0" />
                  <property name="repeatIteration" value="0" />
                </properties>
              </test-case>
              <test-case id="1579" name="HeldPreparationAndCancellationConvergeAcrossFrameRates(&quot;summon-lightning&quot;)" fullname="TumbangPreso.Tests.ViewmodelAimPreparationTests.HeldPreparationAndCancellationConvergeAcrossFrameRates(&quot;summon-lightning&quot;)" methodname="HeldPreparationAndCancellationConvergeAcrossFrameRates" classname="TumbangPreso.Tests.ViewmodelAimPreparationTests" runstate="Runnable" seed="1201738316" result="Passed" start-time="2026-09-13 09:58:02Z" end-time="2026-09-13 09:58:02Z" duration="0.001732" asserts="0">
                <properties>
                  <property name="retryIteration" value="0" />
                  <property name="repeatIteration" value="0" />
                </properties>
              </test-case>
              <test-case id="1580" name="HeldPreparationAndCancellationConvergeAcrossFrameRates(&quot;cast-hex&quot;)" fullname="TumbangPreso.Tests.ViewmodelAimPreparationTests.HeldPreparationAndCancellationConvergeAcrossFrameRates(&quot;cast-hex&quot;)" methodname="HeldPreparationAndCancellationConvergeAcrossFrameRates" classname="TumbangPreso.Tests.ViewmodelAimPreparationTests" runstate="Runnable" seed="317790894" result="Passed" start-time="2026-09-13 09:58:02Z" end-time="2026-09-13 09:58:02Z" duration="0.001702" asserts="0">
                <properties>
                  <property name="retryIteration" value="0" />
                  <property name="repeatIteration" value="0" />
                </properties>
              </test-case>
              <test-case id="1581" name="HeldPreparationAndCancellationConvergeAcrossFrameRates(&quot;blink&quot;)" fullname="TumbangPreso.Tests.ViewmodelAimPreparationTests.HeldPreparationAndCancellationConvergeAcrossFrameRates(&quot;blink&quot;)" methodname="HeldPreparationAndCancellationConvergeAcrossFrameRates" classname="TumbangPreso.Tests.ViewmodelAimPreparationTests" runstate="Runnable" seed="1779343815" result="Passed" start-time="2026-09-13 09:58:02Z" end-time="2026-09-13 09:58:02Z" duration="0.001367" asserts="0">
                <properties>
                  <property name="retryIteration" value="0" />
                  <property name="repeatIteration" value="0" />
                </properties>
              </test-case>
            </test-suite>
            <test-case id="1583" name="ThrowChargeOwnsTheGripWhileAnAimPreviewIsRequested" fullname="TumbangPreso.Tests.ViewmodelAimPreparationTests.ThrowChargeOwnsTheGripWhileAnAimPreviewIsRequested" methodname="ThrowChargeOwnsTheGripWhileAnAimPreviewIsRequested" classname="TumbangPreso.Tests.ViewmodelAimPreparationTests" runstate="Runnable" seed="1929049771" result="Passed" start-time="2026-09-13 09:58:02Z" end-time="2026-09-13 09:58:02Z" duration="0.000900" asserts="0">
              <properties>
                <property name="retryIteration" value="0" />
                <property name="repeatIteration" value="0" />
              </properties>
            </test-case>
          </test-suite>
          <test-suite type="TestFixture" id="1584" name="WorldCameraPassParityTests" fullname="TumbangPreso.Tests.WorldCameraPassParityTests" classname="TumbangPreso.Tests.WorldCameraPassParityTests" runstate="Runnable" testcasecount="4" result="Passed" start-time="2026-09-13 09:58:02Z" end-time="2026-09-13 09:58:02Z" duration="0.009952" total="4" passed="4" failed="0" inconclusive="0" skipped="0" asserts="0">
            <properties />
            <test-case id="1585" name="TheGameplayRigIsStillTheReferenceAndInstallsAllThreePasses" fullname="TumbangPreso.Tests.WorldCameraPassParityTests.TheGameplayRigIsStillTheReferenceAndInstallsAllThreePasses" methodname="TheGameplayRigIsStillTheReferenceAndInstallsAllThreePasses" classname="TumbangPreso.Tests.WorldCameraPassParityTests" runstate="Runnable" seed="1396847288" result="Passed" start-time="2026-09-13 09:58:02Z" end-time="2026-09-13 09:58:02Z" duration="0.001390" asserts="0">
              <properties>
                <property name="retryIteration" value="0" />
                <property name="repeatIteration" value="0" />
              </properties>
            </test-case>
            <test-case id="1587" name="TheLobbyAndMapSelectPreviewIsDrawnWithTheSameInkAsTheMatch" fullname="TumbangPreso.Tests.WorldCameraPassParityTests.TheLobbyAndMapSelectPreviewIsDrawnWithTheSameInkAsTheMatch" methodname="TheLobbyAndMapSelectPreviewIsDrawnWithTheSameInkAsTheMatch" classname="TumbangPreso.Tests.WorldCameraPassParityTests" runstate="Runnable" seed="746900120" result="Passed" start-time="2026-09-13 09:58:02Z" end-time="2026-09-13 09:58:02Z" duration="0.001878" asserts="0">
              <properties>
                <property name="retryIteration" value="0" />
                <property name="repeatIteration" value="0" />
              </properties>
            </test-case>
            <test-case id="1588" name="ThePreviewDeliberatelySkipsAntiAliasingBecauseItsTargetIsAlreadyMultisampled" fullname="TumbangPreso.Tests.WorldCameraPassParityTests.ThePreviewDeliberatelySkipsAntiAliasingBecauseItsTargetIsAlreadyMultisampled" methodname="ThePreviewDeliberatelySkipsAntiAliasingBecauseItsTargetIsAlreadyMultisampled" classname="TumbangPreso.Tests.WorldCameraPassParityTests" runstate="Runnable" seed="333112413" result="Passed" start-time="2026-09-13 09:58:02Z" end-time="2026-09-13 09:58:02Z" duration="0.001090" asserts="0">
              <properties>
                <property name="retryIteration" value="0" />
                <property name="repeatIteration" value="0" />
              </properties>
            </test-case>
            <test-case id="1586" name="TheSpectatorCameraInstallsTheOutlineItOnceMissed" fullname="TumbangPreso.Tests.WorldCameraPassParityTests.TheSpectatorCameraInstallsTheOutlineItOnceMissed" methodname="TheSpectatorCameraInstallsTheOutlineItOnceMissed" classname="TumbangPreso.Tests.WorldCameraPassParityTests" runstate="Runnable" seed="2075828578" result="Passed" start-time="2026-09-13 09:58:02Z" end-time="2026-09-13 09:58:02Z" duration="0.001179" asserts="0">
              <properties>
                <property name="retryIteration" value="0" />
                <property name="repeatIteration" value="0" />
              </properties>
              <output><![CDATA[Saving results to: C:/Users/Matthew/AppData/LocalLow/BH Studios/Tumbang Preso\TestResults.xml
]]></output>
            </test-case>
          </test-suite>
        </test-suite>
      </test-suite>
    </test-suite>
  </test-suite>
</test-run>