<?xml version="1.0" encoding="utf-8"?>
<test-run id="2" testcasecount="1" result="Passed" total="1" passed="1" failed="0" inconclusive="0" skipped="0" asserts="0" engine-version="3.5.0.0" clr-version="4.0.30319.42000" start-time="2026-09-13 09:51:51Z" end-time="2026-09-13 09:52:02Z" duration="11.1574703">
  <test-suite type="TestSuite" id="1396" name="Tumbang Preso" fullname="Tumbang Preso" runstate="Runnable" testcasecount="299" result="Passed" start-time="2026-09-13 09:51:51Z" end-time="2026-09-13 09:52:02Z" duration="11.157470" total="1" passed="1" failed="0" inconclusive="0" skipped="0" asserts="0">
    <properties>
      <property name="platform" value="PlayMode" />
    </properties>
    <test-suite type="Assembly" id="1390" name="TumbangPreso.PlayTests.dll" fullname="C:/Users/Matthew/Documents/Codex/2026-09-09/ok-x20/work/TumbangPreso-Unity/Library/ScriptAssemblies/TumbangPreso.PlayTests.dll" runstate="Runnable" testcasecount="299" result="Passed" start-time="2026-09-13 09:51:51Z" end-time="2026-09-13 09:52:02Z" duration="11.146373" total="1" passed="1" failed="0" inconclusive="0" skipped="0" asserts="0">
      <properties>
        <property name="_PID" value="37812" />
        <property name="_APPDOMAIN" value="Unity Child Domain" />
        <property name="platform" value="PlayMode" />
        <property name="EditorOnly" value="False" />
      </properties>
      <test-suite type="TestSuite" id="1391" name="TumbangPreso" fullname="TumbangPreso" runstate="Runnable" testcasecount="299" result="Passed" start-time="2026-09-13 09:51:51Z" end-time="2026-09-13 09:52:02Z" duration="11.142722" total="1" passed="1" failed="0" inconclusive="0" skipped="0" asserts="0">
        <properties />
        <test-suite type="TestSuite" id="1392" name="PlayTests" fullname="TumbangPreso.PlayTests" runstate="Runnable" testcasecount="299" result="Passed" start-time="2026-09-13 09:51:51Z" end-time="2026-09-13 09:52:02Z" duration="11.139778" total="1" passed="1" failed="0" inconclusive="0" skipped="0" asserts="0">
          <properties />
          <test-suite type="TestFixture" id="1301" name="RooftopRecoveryProbe" fullname="TumbangPreso.PlayTests.RooftopRecoveryProbe" classname="TumbangPreso.PlayTests.RooftopRecoveryProbe" runstate="Runnable" testcasecount="6" result="Passed" start-time="2026-09-13 09:51:51Z" end-time="2026-09-13 09:52:02Z" duration="11.132217" total="1" passed="1" failed="0" inconclusive="0" skipped="0" asserts="0">
            <properties>
              <property name="Category" value="WallClock" />
            </properties>
            <test-case id="1304" name="OrdinarySpeedFallStruggleAndReturnPresentation" fullname="TumbangPreso.PlayTests.RooftopRecoveryProbe.OrdinarySpeedFallStruggleAndReturnPresentation" methodname="OrdinarySpeedFallStruggleAndReturnPresentation" classname="TumbangPreso.PlayTests.RooftopRecoveryProbe" runstate="Runnable" seed="693857788" result="Passed" start-time="2026-09-13 09:51:51Z" end-time="2026-09-13 09:52:02Z" duration="11.121081" asserts="0">
              <properties>
                <property name="_JOINTYPE" value="UnityCombinatorial" />
                <property name="Timeout" value="120000" />
                <property name="retryIteration" value="0" />
                <property name="repeatIteration" value="0" />
              </properties>
              <output><![CDATA[[Env] repainted 0 of 158 renderers, 0 with a roof variant.
[NearFade] 742 occluder nodes matched, 157 renderers moved onto TumbangPreso/NearFade.
[Slice] round 1 begins, taya is seat 0
Saving results to: C:/Users/Matthew/AppData/LocalLow/BH Studios/Tumbang Preso\TestResults.xml
]]></output>
            </test-case>
          </test-suite>
        </test-suite>
      </test-suite>
    </test-suite>
  </test-suite>
</test-run>